[Simulation Monitor: 13]
[2026-01-10 11:16:04.461 +0530] [PROCESS] [cadence.virtuoso.ade.simulationMonitor] - Simulation Monitor has successfully started up. Trying to set up communication channels to other components ... {"hostname": "ece.nitk.edu.in", "processid": 197477, "logfile": "/home/rohit/project/logs_rohit/logs0/Job13.log"}
[2026-01-10 11:16:04.476 +0530] [PROCESS] [cadence.virtuoso.ade.simulationMonitor] - Communication channels have been successfully set up. Start processing events ... {"hostname": "ece.nitk.edu.in", "processid": 197477, "logfile": "/home/rohit/project/logs_rohit/logs0/Job13.log"}
[2026-01-10 11:16:04.477 +0530] [PROCESS] [cadence.virtuoso.ade.simulationMonitor] - Considering to start history {"hostname": "ece.nitk.edu.in", "processid": 197477, "history": "ExplorerRun.0", "logfile": "/home/rohit/project/logs_rohit/logs0/Job13.log"}
[2026-01-10 11:16:04.478 +0530] [PROCESS] [cadence.virtuoso.ade.simulationMonitor] - HostInfo:
Host name (type):	ece.nitk.edu.in (x86_64)
Operating system:	Linux 4.18.0-425.3.1.el8.x86_64 #1 SMP Fri Sep 30 11:45:06 EDT 2022 {"hostname": "ece.nitk.edu.in", "processid": 197477, "history": "ExplorerRun.0", "logfile": "/home/rohit/project/logs_rohit/logs0/Job13.log", "nodename": "ece.nitk.edu.in", "domainname": "(none)", "machine": "x86_64", "sysname": "Linux", "release": "4.18.0-425.3.1.el8.x86_64", "version": "#1 SMP Fri Sep 30 11:45:06 EDT 2022"}
[2026-01-10 11:16:04.478 +0530] [PROCESS] [cadence.virtuoso.ade.simulationMonitor] - UsageInfo:
pid=197477
totalPhysicalMemory=93.835541GB,Used=10.190990GB,totalVirtualMemory=189.835537GB,Used=10.190990GB
Cpu: Cores=16, Load average:0.080000,0.040000,0.010000 {"hostname": "ece.nitk.edu.in", "processid": 197477, "history": "ExplorerRun.0", "logfile": "/home/rohit/project/logs_rohit/logs0/Job13.log", "pid": "197477", "totalPhysicalMemory": "93.835541", "physicalMemoryUsed": "10.190990", "totalVirtualMemory": "189.835537", "virtualMemoryUsed": "10.190990", "cpuCores": "16", "processes": "553", "loadAverage1": "0.080000", "loadAverage5": "0.040000", "loadAverage15": "0.010000", "loadAverage1Percent": "0.005000"}
[2026-01-10 11:16:04.478 +0530] [EVENT] [cadence.virtuoso.ade.simulationMonitor] - NewPoint {"history": "ExplorerRun.0", "point": 1, "testname": "memristor_array_test_inverter_1", "cornername": "Nominal", "event": "NewPoint", "EventSource": "Simulation Monitor", "HistoryName": "ExplorerRun.0", "logFile": "/home/rohit/project/logs_rohit/logs0/Job13.log", "logFileSize": "2143"}
[2026-01-10 11:16:04.579 +0530] [EVENT] [cadence.virtuoso.ade.simulationMonitor] - NewPoint {"history": "ExplorerRun.0", "point": 1, "testname": "memristor_array_test_inverter_1", "cornername": "Nominal", "event": "NewPoint", "EventSource": "spectre", "HistoryName": "ExplorerRun.0", "logFile": "/home/rohit/simulation/memristor_array/test_inverter/maestro/results/maestro/ExplorerRun.0/1/memristor_array_test_inverter_1/psf/spectre.out", "logFileSize": "-1"}
[2026-01-10 11:16:04.582 +0530] [PROCESS] [cadence.virtuoso.ade.simulationMonitor] - Simulator launched {"hostname": "ece.nitk.edu.in", "processid": 197477, "history": "ExplorerRun.0", "testname": "memristor_array_test_inverter_1", "cornername": "Nominal", "point": 1, "logfile": "/home/rohit/project/logs_rohit/logs0/Job13.log", "simid": "1"}
[2026-01-10 11:16:04.583 +0530] [PROCESS] [cadence.virtuoso.ade.simulationMonitor] - Expression evaluator launched {"hostname": "ece.nitk.edu.in", "processid": 197477, "history": "ExplorerRun.0", "testname": "memristor_array_test_inverter_1", "cornername": "Nominal", "point": 1, "logfile": "/home/rohit/project/logs_rohit/logs0/Job13.log"}
[2026-01-10 11:16:04.588 +0530] [PROCESS] [cadence.virtuoso.ade.simulationMonitor] - Started Simulation {"hostname": "ece.nitk.edu.in", "processid": 197477, "history": "ExplorerRun.0", "testname": "memristor_array_test_inverter_1", "cornername": "Nominal", "point": 1, "logfile": "/home/rohit/project/logs_rohit/logs0/Job13.log", "event": "started", "task": "simulation"}
[2026-01-10 11:16:06.089 +0530] [INFO] [cadence.virtuoso.ade.simulationMonitor] - Peak resident memory used = 155 Mbytes. {"history": "ExplorerRun.0", "point": 1, "testname": "memristor_array_test_inverter_1", "cornername": "Nominal"}
[2026-01-10 11:16:06.089 +0530] [INFO] [cadence.virtuoso.ade.simulationMonitor] - Peak resident memory used = 166 Mbytes. {"history": "ExplorerRun.0", "point": 1, "testname": "memristor_array_test_inverter_1", "cornername": "Nominal"}
[2026-01-10 11:16:06.089 +0530] [INFO] [cadence.virtuoso.ade.simulationMonitor] - Notice from spectre during hierarchy flattening.
    The value 'psf' specified for the 'checklimitdest' option will no longer be supported in future releases. Use 'spectre -h' to see other recommended values for the 'checklimitdest' option. {"history": "ExplorerRun.0", "point": 1, "testname": "memristor_array_test_inverter_1", "cornername": "Nominal"}
[2026-01-10 11:16:06.089 +0530] [INFO] [cadence.virtuoso.ade.simulationMonitor] - Peak resident memory used = 167 Mbytes. {"history": "ExplorerRun.0", "point": 1, "testname": "memristor_array_test_inverter_1", "cornername": "Nominal"}
[2026-01-10 11:16:06.089 +0530] [INFO] [cadence.virtuoso.ade.simulationMonitor] - Notice from spectre during initial setup.
    Multithreading is disabled due to the size of the design being too small. {"history": "ExplorerRun.0", "point": 1, "testname": "memristor_array_test_inverter_1", "cornername": "Nominal"}
[2026-01-10 11:16:06.090 +0530] [INFO] [cadence.virtuoso.ade.simulationMonitor] -               nodes 4 {"history": "ExplorerRun.0", "point": 1, "testname": "memristor_array_test_inverter_1", "cornername": "Nominal"}
[2026-01-10 11:16:06.090 +0530] [INFO] [cadence.virtuoso.ade.simulationMonitor] - Notice from spectre during initial setup.
    APS enabled. {"history": "ExplorerRun.0", "point": 1, "testname": "memristor_array_test_inverter_1", "cornername": "Nominal"}
[2026-01-10 11:16:06.090 +0530] [INFO] [cadence.virtuoso.ade.simulationMonitor] - Peak resident memory used = 170 Mbytes. {"history": "ExplorerRun.0", "point": 1, "testname": "memristor_array_test_inverter_1", "cornername": "Nominal"}
[2026-01-10 11:16:06.090 +0530] [INFO] [cadence.virtuoso.ade.simulationMonitor] -    -   (APS) Multi-threading. The recommended number of threads is 1, consider adding +mt=1 on command line. {"history": "ExplorerRun.0", "point": 1, "testname": "memristor_array_test_inverter_1", "cornername": "Nominal"}
[2026-01-10 11:16:06.090 +0530] [INFO] [cadence.virtuoso.ade.simulationMonitor] - Notice from spectre during transient analysis `tran'.
    Multithreading is disabled due to the size of the design being too small. {"history": "ExplorerRun.0", "point": 1, "testname": "memristor_array_test_inverter_1", "cornername": "Nominal"}
[2026-01-10 11:16:06.090 +0530] [INFO] [cadence.virtuoso.ade.simulationMonitor] - Notice from spectre at time = 1.15327 ns during transient analysis `tran'.
    Found trapezoidal ringing on node V1:p. {"history": "ExplorerRun.0", "point": 1, "testname": "memristor_array_test_inverter_1", "cornername": "Nominal"}
[2026-01-10 11:16:06.090 +0530] [INFO] [cadence.virtuoso.ade.simulationMonitor] - Notice from spectre at time = 25.0322 ns during transient analysis `tran'.
    Found trapezoidal ringing on node I3.NM0.n1. {"history": "ExplorerRun.0", "point": 1, "testname": "memristor_array_test_inverter_1", "cornername": "Nominal"}
[2026-01-10 11:16:06.090 +0530] [INFO] [cadence.virtuoso.ade.simulationMonitor] - Notice from spectre at time = 25.0544 ns during transient analysis `tran'.
    Found trapezoidal ringing on node I3.NM0.n1. {"history": "ExplorerRun.0", "point": 1, "testname": "memristor_array_test_inverter_1", "cornername": "Nominal"}
[2026-01-10 11:16:06.090 +0530] [INFO] [cadence.virtuoso.ade.simulationMonitor] - Notice from spectre at time = 25.0989 ns during transient analysis `tran'.
    Found trapezoidal ringing on node I3.NM0.n1. {"history": "ExplorerRun.0", "point": 1, "testname": "memristor_array_test_inverter_1", "cornername": "Nominal"}
[2026-01-10 11:16:06.090 +0530] [INFO] [cadence.virtuoso.ade.simulationMonitor] - Notice from spectre at time = 25.1879 ns during transient analysis `tran'.
    Found trapezoidal ringing on node I3.NM0.n1.
        Further occurrences of this notice will be suppressed. {"history": "ExplorerRun.0", "point": 1, "testname": "memristor_array_test_inverter_1", "cornername": "Nominal"}
[2026-01-10 11:16:06.090 +0530] [INFO] [cadence.virtuoso.ade.simulationMonitor] - Notice from spectre during transient analysis `tran'.
    Trapezoidal ringing is detected during tran analysis.
        Please use method=trap for better results and performance. {"history": "ExplorerRun.0", "point": 1, "testname": "memristor_array_test_inverter_1", "cornername": "Nominal"}
[2026-01-10 11:16:06.090 +0530] [INFO] [cadence.virtuoso.ade.simulationMonitor] - Total time required for tran analysis `tran': CPU = 15.184 ms, elapsed = 15.027 ms, util. = 101%. {"history": "ExplorerRun.0", "point": 1, "testname": "memristor_array_test_inverter_1", "cornername": "Nominal"}
[2026-01-10 11:16:06.090 +0530] [INFO] [cadence.virtuoso.ade.simulationMonitor] - Peak resident memory used = 176 Mbytes. {"history": "ExplorerRun.0", "point": 1, "testname": "memristor_array_test_inverter_1", "cornername": "Nominal"}
[2026-01-10 11:16:06.090 +0530] [INFO] [cadence.virtuoso.ade.simulationMonitor] - Notice from spectre.
    32 notices suppressed. {"history": "ExplorerRun.0", "point": 1, "testname": "memristor_array_test_inverter_1", "cornername": "Nominal"}
[2026-01-10 11:16:06.090 +0530] [ERROR] [cadence.virtuoso.ade.simulationMonitor] -     ERROR (SPECTRE-16045): V1: Undefined parameter name `inp_'. {"history": "ExplorerRun.0", "point": 1, "testname": "memristor_array_test_inverter_1", "cornername": "Nominal"}
[2026-01-10 11:16:06.090 +0530] [ERROR] [cadence.virtuoso.ade.simulationMonitor] - Analysis `dc' was terminated prematurely due to an error. {"history": "ExplorerRun.0", "point": 1, "testname": "memristor_array_test_inverter_1", "cornername": "Nominal"}
[2026-01-10 11:16:06.090 +0530] [INFO] [cadence.virtuoso.ade.simulationMonitor] - Time used: CPU = 394 ms, elapsed = 1 s, util. = 39.2%. {"history": "ExplorerRun.0", "point": 1, "testname": "memristor_array_test_inverter_1", "cornername": "Nominal"}
[2026-01-10 11:16:06.090 +0530] [INFO] [cadence.virtuoso.ade.simulationMonitor] - Time spent in licensing: elapsed = 572 ms, percentage of total = 56.9%. {"history": "ExplorerRun.0", "point": 1, "testname": "memristor_array_test_inverter_1", "cornername": "Nominal"}
[2026-01-10 11:16:06.091 +0530] [INFO] [cadence.virtuoso.ade.simulationMonitor] - Peak memory used = 179 Mbytes. {"history": "ExplorerRun.0", "point": 1, "testname": "memristor_array_test_inverter_1", "cornername": "Nominal"}
[2026-01-10 11:16:06.091 +0530] [PROCESS] [cadence.virtuoso.ade.simulationMonitor] - Simulation started at: 11:16:04 AM, Sat Jan 10, 2026, ended at: 11:16:05 AM, Sat Jan 10, 2026, with elapsed time (wall clock): 1 s. {"history": "ExplorerRun.0", "point": 1, "testname": "memristor_array_test_inverter_1", "cornername": "Nominal"}
[2026-01-10 11:16:06.091 +0530] [PROCESS] [cadence.virtuoso.ade.simulationMonitor] - spectre completes with 1 error, 0 warnings, and 12 notices. {"history": "ExplorerRun.0", "point": 1, "testname": "memristor_array_test_inverter_1", "cornername": "Nominal"}
[2026-01-10 11:16:06.091 +0530] [PROCESS] [cadence.virtuoso.ade.simulationMonitor] - Finished simulating for one point {"hostname": "ece.nitk.edu.in", "processid": 197477, "history": "ExplorerRun.0", "testname": "memristor_array_test_inverter_1", "cornername": "Nominal", "point": 1, "logfile": "/home/rohit/project/logs_rohit/logs0/Job13.log", "simid": "1"}
[2026-01-10 11:16:06.091 +0530] [ERROR] [cadence.virtuoso.ade.simulationMonitor] - While simulating run ExplorerRun.0, point 1, test memristor_array_test_inverter_1, received error:
Simulation Error:
 The simulator process returned a non-zero exit code, indicating failure.
The simulator could have crashed or intentionally returned to indicate an error.
Check the simulator log file for more information.  Common causes:
1. Simulator may have crashed during exit even after reporting success in log file.
2. Abrupt automatic simulator termination (e.g., SIGKILL) because the simulator process ... {"history": "ExplorerRun.0", "point": 1, "testname": "memristor_array_test_inverter_1", "cornername": "Nominal"}
[2026-01-10 11:16:06.091 +0530] [PROCESS] [cadence.virtuoso.ade.simulationMonitor] - Finished Simulation {"hostname": "ece.nitk.edu.in", "processid": 197477, "history": "ExplorerRun.0", "testname": "memristor_array_test_inverter_1", "cornername": "Nominal", "point": 1, "logfile": "/home/rohit/project/logs_rohit/logs0/Job13.log", "simid": "1"}
[2026-01-10 11:16:08.097 +0530] [PROCESS] [cadence.virtuoso.ade.simulationMonitor] - Point Finished {"hostname": "ece.nitk.edu.in", "processid": 197477, "history": "ExplorerRun.0", "testname": "memristor_array_test_inverter_1", "cornername": "Nominal", "point": 1, "logfile": "/home/rohit/project/logs_rohit/logs0/Job13.log"}
[2026-01-10 11:16:09.152 +0530] [PROCESS] [cadence.virtuoso.ade.simulationMonitor] - Stay with the runId '1', Linger time '300', currentRunSyn '3', currentTestSyn '3' {"hostname": "ece.nitk.edu.in", "processid": 197477, "history": "ExplorerRun.0", "testname": "memristor_array_test_inverter_1", "cornername": "Nominal", "point": 1, "logfile": "/home/rohit/project/logs_rohit/logs0/Job13.log"}
[2026-01-10 11:16:10.153 +0530] [PROCESS] [cadence.virtuoso.ade.simulationMonitor] - Stay with the runId '1', Linger time '300', currentRunSyn '3', currentTestSyn '3' {"hostname": "ece.nitk.edu.in", "processid": 197477, "history": "ExplorerRun.0", "testname": "memristor_array_test_inverter_1", "cornername": "Nominal", "point": 1, "logfile": "/home/rohit/project/logs_rohit/logs0/Job13.log"}
[2026-01-10 11:16:11.155 +0530] [PROCESS] [cadence.virtuoso.ade.simulationMonitor] - Stay with the runId '1', Linger time '300', currentRunSyn '3', currentTestSyn '3' {"hostname": "ece.nitk.edu.in", "processid": 197477, "history": "ExplorerRun.0", "testname": "memristor_array_test_inverter_1", "cornername": "Nominal", "point": 1, "logfile": "/home/rohit/project/logs_rohit/logs0/Job13.log"}
[2026-01-10 11:16:43.142 +0530] [INFO] [cadence.virtuoso.ade.simulationMonitor] - SimulationMonitor has terminated the vds process '197565', reason: 'Force to stop the expression evalutor process because of new run' {"history": "ExplorerRun.0", "point": 1, "testname": "memristor_array_test_inverter_1", "cornername": "Nominal"}
[2026-01-10 11:16:43.142 +0530] [PROCESS] [cadence.virtuoso.ade.simulationMonitor] - HostInfo:
Host name (type):	ece.nitk.edu.in (x86_64)
Operating system:	Linux 4.18.0-425.3.1.el8.x86_64 #1 SMP Fri Sep 30 11:45:06 EDT 2022 {"hostname": "ece.nitk.edu.in", "processid": 197477, "history": "ExplorerRun.0", "testname": "memristor_array_test_inverter_1", "cornername": "Nominal", "point": 1, "logfile": "/home/rohit/project/logs_rohit/logs0/Job13.log", "nodename": "ece.nitk.edu.in", "domainname": "(none)", "machine": "x86_64", "sysname": "Linux", "release": "4.18.0-425.3.1.el8.x86_64", "version": "#1 SMP Fri Sep 30 11:45:06 EDT 2022"}
[2026-01-10 11:16:43.143 +0530] [PROCESS] [cadence.virtuoso.ade.simulationMonitor] - UsageInfo:
pid=197477
totalPhysicalMemory=93.835541GB,Used=10.205738GB,totalVirtualMemory=189.835537GB,Used=10.205738GB
Cpu: Cores=16, Load average:0.040000,0.040000,0.000000 {"hostname": "ece.nitk.edu.in", "processid": 197477, "history": "ExplorerRun.0", "testname": "memristor_array_test_inverter_1", "cornername": "Nominal", "point": 1, "logfile": "/home/rohit/project/logs_rohit/logs0/Job13.log", "pid": "197477", "totalPhysicalMemory": "93.835541", "physicalMemoryUsed": "10.205738", "totalVirtualMemory": "189.835537", "virtualMemoryUsed": "10.205738", "cpuCores": "16", "processes": "554", "loadAverage1": "0.040000", "loadAverage5": "0.040000", "loadAverage15": "0.000000", "loadAverage1Percent": "0.002500"}
[2026-01-10 11:16:43.143 +0530] [EVENT] [cadence.virtuoso.ade.simulationMonitor] - NewPoint {"history": "ExplorerRun.0", "point": 1, "testname": "memristor_array_test_inverter_1", "cornername": "Nominal", "event": "NewPoint", "EventSource": "Simulation Monitor", "HistoryName": "ExplorerRun.0", "logFile": "/home/rohit/project/logs_rohit/logs0/Job13.log", "logFileSize": "16162"}
[2026-01-10 11:16:43.243 +0530] [EVENT] [cadence.virtuoso.ade.simulationMonitor] - NewPoint {"history": "ExplorerRun.0", "point": 1, "testname": "memristor_array_test_inverter_1", "cornername": "Nominal", "event": "NewPoint", "EventSource": "spectre", "HistoryName": "ExplorerRun.0", "logFile": "/home/rohit/simulation/memristor_array/test_inverter/maestro/results/maestro/ExplorerRun.0/1/memristor_array_test_inverter_1/psf/spectre.out", "logFileSize": "-1"}
[2026-01-10 11:16:43.247 +0530] [PROCESS] [cadence.virtuoso.ade.simulationMonitor] - Simulator launched {"hostname": "ece.nitk.edu.in", "processid": 197477, "history": "ExplorerRun.0", "testname": "memristor_array_test_inverter_1", "cornername": "Nominal", "point": 1, "logfile": "/home/rohit/project/logs_rohit/logs0/Job13.log", "simid": "2"}
[2026-01-10 11:16:43.248 +0530] [PROCESS] [cadence.virtuoso.ade.simulationMonitor] - Expression evaluator launched {"hostname": "ece.nitk.edu.in", "processid": 197477, "history": "ExplorerRun.0", "testname": "memristor_array_test_inverter_1", "cornername": "Nominal", "point": 1, "logfile": "/home/rohit/project/logs_rohit/logs0/Job13.log"}
[2026-01-10 11:16:43.253 +0530] [PROCESS] [cadence.virtuoso.ade.simulationMonitor] - Started Simulation {"hostname": "ece.nitk.edu.in", "processid": 197477, "history": "ExplorerRun.0", "testname": "memristor_array_test_inverter_1", "cornername": "Nominal", "point": 1, "logfile": "/home/rohit/project/logs_rohit/logs0/Job13.log", "event": "started", "task": "simulation"}
[2026-01-10 11:16:44.754 +0530] [ERROR] [cadence.virtuoso.ade.simulationMonitor] -     ERROR (SFE-874): "input.scs" 37: Cannot run the simulation because syntax error `Unexpected operator "/"' was encountered at line 37, column 19. Correct the syntax error and rerun the simulation. {"history": "ExplorerRun.0", "point": 1, "testname": "memristor_array_test_inverter_1", "cornername": "Nominal"}
[2026-01-10 11:16:44.754 +0530] [INFO] [cadence.virtuoso.ade.simulationMonitor] - Peak resident memory used = 151 Mbytes. {"history": "ExplorerRun.0", "point": 1, "testname": "memristor_array_test_inverter_1", "cornername": "Nominal"}
[2026-01-10 11:16:44.754 +0530] [INFO] [cadence.virtuoso.ade.simulationMonitor] - Time used: CPU = 344 ms, elapsed = 1.12 s, util. = 30.7%. {"history": "ExplorerRun.0", "point": 1, "testname": "memristor_array_test_inverter_1", "cornername": "Nominal"}
[2026-01-10 11:16:44.754 +0530] [INFO] [cadence.virtuoso.ade.simulationMonitor] - Time spent in licensing: elapsed = 700 ms, percentage of total = 62.4%. {"history": "ExplorerRun.0", "point": 1, "testname": "memristor_array_test_inverter_1", "cornername": "Nominal"}
[2026-01-10 11:16:44.754 +0530] [INFO] [cadence.virtuoso.ade.simulationMonitor] - Peak memory used = 152 Mbytes. {"history": "ExplorerRun.0", "point": 1, "testname": "memristor_array_test_inverter_1", "cornername": "Nominal"}
[2026-01-10 11:16:44.754 +0530] [PROCESS] [cadence.virtuoso.ade.simulationMonitor] - Simulation started at: 11:16:43 AM, Sat Jan 10, 2026, ended at: 11:16:44 AM, Sat Jan 10, 2026, with elapsed time (wall clock): 1.12 s. {"history": "ExplorerRun.0", "point": 1, "testname": "memristor_array_test_inverter_1", "cornername": "Nominal"}
[2026-01-10 11:16:44.754 +0530] [PROCESS] [cadence.virtuoso.ade.simulationMonitor] - spectre completes with 1 error, 0 warnings, and 0 notices. {"history": "ExplorerRun.0", "point": 1, "testname": "memristor_array_test_inverter_1", "cornername": "Nominal"}
[2026-01-10 11:16:44.754 +0530] [FATAL] [cadence.virtuoso.ade.simulationMonitor] - spectre terminated prematurely due to fatal error. {"history": "ExplorerRun.0", "point": 1, "testname": "memristor_array_test_inverter_1", "cornername": "Nominal"}
[2026-01-10 11:16:44.754 +0530] [PROCESS] [cadence.virtuoso.ade.simulationMonitor] - Finished simulating for one point {"hostname": "ece.nitk.edu.in", "processid": 197477, "history": "ExplorerRun.0", "testname": "memristor_array_test_inverter_1", "cornername": "Nominal", "point": 1, "logfile": "/home/rohit/project/logs_rohit/logs0/Job13.log", "simid": "2"}
[2026-01-10 11:16:44.755 +0530] [ERROR] [cadence.virtuoso.ade.simulationMonitor] - While simulating run ExplorerRun.0, point 1, test memristor_array_test_inverter_1, received error:
Simulation Error:
 The simulator process returned a non-zero exit code, indicating failure.
The simulator could have crashed or intentionally returned to indicate an error.
Check the simulator log file for more information.  Common causes:
1. Simulator may have crashed during exit even after reporting success in log file.
2. Abrupt automatic simulator termination (e.g., SIGKILL) because the simulator process ... {"history": "ExplorerRun.0", "point": 1, "testname": "memristor_array_test_inverter_1", "cornername": "Nominal"}
[2026-01-10 11:16:44.755 +0530] [PROCESS] [cadence.virtuoso.ade.simulationMonitor] - Finished Simulation {"hostname": "ece.nitk.edu.in", "processid": 197477, "history": "ExplorerRun.0", "testname": "memristor_array_test_inverter_1", "cornername": "Nominal", "point": 1, "logfile": "/home/rohit/project/logs_rohit/logs0/Job13.log", "simid": "2"}
[2026-01-10 11:17:09.586 +0530] [INFO] [cadence.virtuoso.ade.simulationMonitor] - SimulationMonitor has terminated the vds process '198101', reason: 'Force to stop the expression evalutor process because of new run' {"history": "ExplorerRun.0", "point": 1, "testname": "memristor_array_test_inverter_1", "cornername": "Nominal"}
[2026-01-10 11:17:09.587 +0530] [PROCESS] [cadence.virtuoso.ade.simulationMonitor] - HostInfo:
Host name (type):	ece.nitk.edu.in (x86_64)
Operating system:	Linux 4.18.0-425.3.1.el8.x86_64 #1 SMP Fri Sep 30 11:45:06 EDT 2022 {"hostname": "ece.nitk.edu.in", "processid": 197477, "history": "ExplorerRun.0", "testname": "memristor_array_test_inverter_1", "cornername": "Nominal", "point": 1, "logfile": "/home/rohit/project/logs_rohit/logs0/Job13.log", "nodename": "ece.nitk.edu.in", "domainname": "(none)", "machine": "x86_64", "sysname": "Linux", "release": "4.18.0-425.3.1.el8.x86_64", "version": "#1 SMP Fri Sep 30 11:45:06 EDT 2022"}
[2026-01-10 11:17:09.587 +0530] [PROCESS] [cadence.virtuoso.ade.simulationMonitor] - UsageInfo:
pid=197477
totalPhysicalMemory=93.835541GB,Used=10.206905GB,totalVirtualMemory=189.835537GB,Used=10.206905GB
Cpu: Cores=16, Load average:0.230000,0.080000,0.020000 {"hostname": "ece.nitk.edu.in", "processid": 197477, "history": "ExplorerRun.0", "testname": "memristor_array_test_inverter_1", "cornername": "Nominal", "point": 1, "logfile": "/home/rohit/project/logs_rohit/logs0/Job13.log", "pid": "197477", "totalPhysicalMemory": "93.835541", "physicalMemoryUsed": "10.206905", "totalVirtualMemory": "189.835537", "virtualMemoryUsed": "10.206905", "cpuCores": "16", "processes": "554", "loadAverage1": "0.230000", "loadAverage5": "0.080000", "loadAverage15": "0.020000", "loadAverage1Percent": "0.014375"}
[2026-01-10 11:17:09.587 +0530] [EVENT] [cadence.virtuoso.ade.simulationMonitor] - NewPoint {"history": "ExplorerRun.0", "point": 1, "testname": "memristor_array_test_inverter_1", "cornername": "Nominal", "event": "NewPoint", "EventSource": "Simulation Monitor", "HistoryName": "ExplorerRun.0", "logFile": "/home/rohit/project/logs_rohit/logs0/Job13.log", "logFileSize": "23455"}
[2026-01-10 11:17:09.688 +0530] [EVENT] [cadence.virtuoso.ade.simulationMonitor] - NewPoint {"history": "ExplorerRun.0", "point": 1, "testname": "memristor_array_test_inverter_1", "cornername": "Nominal", "event": "NewPoint", "EventSource": "spectre", "HistoryName": "ExplorerRun.0", "logFile": "/home/rohit/simulation/memristor_array/test_inverter/maestro/results/maestro/ExplorerRun.0/1/memristor_array_test_inverter_1/psf/spectre.out", "logFileSize": "-1"}
[2026-01-10 11:17:09.692 +0530] [PROCESS] [cadence.virtuoso.ade.simulationMonitor] - Simulator launched {"hostname": "ece.nitk.edu.in", "processid": 197477, "history": "ExplorerRun.0", "testname": "memristor_array_test_inverter_1", "cornername": "Nominal", "point": 1, "logfile": "/home/rohit/project/logs_rohit/logs0/Job13.log", "simid": "3"}
[2026-01-10 11:17:09.693 +0530] [PROCESS] [cadence.virtuoso.ade.simulationMonitor] - Expression evaluator launched {"hostname": "ece.nitk.edu.in", "processid": 197477, "history": "ExplorerRun.0", "testname": "memristor_array_test_inverter_1", "cornername": "Nominal", "point": 1, "logfile": "/home/rohit/project/logs_rohit/logs0/Job13.log"}
[2026-01-10 11:17:09.697 +0530] [PROCESS] [cadence.virtuoso.ade.simulationMonitor] - Started Simulation {"hostname": "ece.nitk.edu.in", "processid": 197477, "history": "ExplorerRun.0", "testname": "memristor_array_test_inverter_1", "cornername": "Nominal", "point": 1, "logfile": "/home/rohit/project/logs_rohit/logs0/Job13.log", "event": "started", "task": "simulation"}
[2026-01-10 11:17:11.198 +0530] [ERROR] [cadence.virtuoso.ade.simulationMonitor] -     ERROR (SFE-874): "input.scs" 37: Cannot run the simulation because syntax error `Unexpected operator "/"' was encountered at line 37, column 19. Correct the syntax error and rerun the simulation. {"history": "ExplorerRun.0", "point": 1, "testname": "memristor_array_test_inverter_1", "cornername": "Nominal"}
[2026-01-10 11:17:11.198 +0530] [INFO] [cadence.virtuoso.ade.simulationMonitor] - Peak resident memory used = 152 Mbytes. {"history": "ExplorerRun.0", "point": 1, "testname": "memristor_array_test_inverter_1", "cornername": "Nominal"}
[2026-01-10 11:17:11.199 +0530] [INFO] [cadence.virtuoso.ade.simulationMonitor] - Time used: CPU = 346 ms, elapsed = 1.09 s, util. = 31.7%. {"history": "ExplorerRun.0", "point": 1, "testname": "memristor_array_test_inverter_1", "cornername": "Nominal"}
[2026-01-10 11:17:11.199 +0530] [INFO] [cadence.virtuoso.ade.simulationMonitor] - Time spent in licensing: elapsed = 733 ms, percentage of total = 67.1%. {"history": "ExplorerRun.0", "point": 1, "testname": "memristor_array_test_inverter_1", "cornername": "Nominal"}
[2026-01-10 11:17:11.199 +0530] [INFO] [cadence.virtuoso.ade.simulationMonitor] - Peak memory used = 152 Mbytes. {"history": "ExplorerRun.0", "point": 1, "testname": "memristor_array_test_inverter_1", "cornername": "Nominal"}
[2026-01-10 11:17:11.199 +0530] [PROCESS] [cadence.virtuoso.ade.simulationMonitor] - Simulation started at: 11:17:09 AM, Sat Jan 10, 2026, ended at: 11:17:10 AM, Sat Jan 10, 2026, with elapsed time (wall clock): 1.09 s. {"history": "ExplorerRun.0", "point": 1, "testname": "memristor_array_test_inverter_1", "cornername": "Nominal"}
[2026-01-10 11:17:11.199 +0530] [PROCESS] [cadence.virtuoso.ade.simulationMonitor] - spectre completes with 1 error, 0 warnings, and 0 notices. {"history": "ExplorerRun.0", "point": 1, "testname": "memristor_array_test_inverter_1", "cornername": "Nominal"}
[2026-01-10 11:17:11.199 +0530] [FATAL] [cadence.virtuoso.ade.simulationMonitor] - spectre terminated prematurely due to fatal error. {"history": "ExplorerRun.0", "point": 1, "testname": "memristor_array_test_inverter_1", "cornername": "Nominal"}
[2026-01-10 11:17:11.199 +0530] [PROCESS] [cadence.virtuoso.ade.simulationMonitor] - Finished simulating for one point {"hostname": "ece.nitk.edu.in", "processid": 197477, "history": "ExplorerRun.0", "testname": "memristor_array_test_inverter_1", "cornername": "Nominal", "point": 1, "logfile": "/home/rohit/project/logs_rohit/logs0/Job13.log", "simid": "3"}
[2026-01-10 11:17:11.199 +0530] [ERROR] [cadence.virtuoso.ade.simulationMonitor] - While simulating run ExplorerRun.0, point 1, test memristor_array_test_inverter_1, received error:
Simulation Error:
 The simulator process returned a non-zero exit code, indicating failure.
The simulator could have crashed or intentionally returned to indicate an error.
Check the simulator log file for more information.  Common causes:
1. Simulator may have crashed during exit even after reporting success in log file.
2. Abrupt automatic simulator termination (e.g., SIGKILL) because the simulator process ... {"history": "ExplorerRun.0", "point": 1, "testname": "memristor_array_test_inverter_1", "cornername": "Nominal"}
[2026-01-10 11:17:11.199 +0530] [PROCESS] [cadence.virtuoso.ade.simulationMonitor] - Finished Simulation {"hostname": "ece.nitk.edu.in", "processid": 197477, "history": "ExplorerRun.0", "testname": "memristor_array_test_inverter_1", "cornername": "Nominal", "point": 1, "logfile": "/home/rohit/project/logs_rohit/logs0/Job13.log", "simid": "3"}
[2026-01-10 11:18:58.580 +0530] [INFO] [cadence.virtuoso.ade.simulationMonitor] - SimulationMonitor has terminated the vds process '198573', reason: 'Force to stop the expression evalutor process because of new run' {"history": "ExplorerRun.0", "point": 1, "testname": "memristor_array_test_inverter_1", "cornername": "Nominal"}
[2026-01-10 11:18:58.581 +0530] [PROCESS] [cadence.virtuoso.ade.simulationMonitor] - HostInfo:
Host name (type):	ece.nitk.edu.in (x86_64)
Operating system:	Linux 4.18.0-425.3.1.el8.x86_64 #1 SMP Fri Sep 30 11:45:06 EDT 2022 {"hostname": "ece.nitk.edu.in", "processid": 197477, "history": "ExplorerRun.0", "testname": "memristor_array_test_inverter_1", "cornername": "Nominal", "point": 1, "logfile": "/home/rohit/project/logs_rohit/logs0/Job13.log", "nodename": "ece.nitk.edu.in", "domainname": "(none)", "machine": "x86_64", "sysname": "Linux", "release": "4.18.0-425.3.1.el8.x86_64", "version": "#1 SMP Fri Sep 30 11:45:06 EDT 2022"}
[2026-01-10 11:18:58.581 +0530] [PROCESS] [cadence.virtuoso.ade.simulationMonitor] - UsageInfo:
pid=197477
totalPhysicalMemory=93.835541GB,Used=10.206646GB,totalVirtualMemory=189.835537GB,Used=10.206646GB
Cpu: Cores=16, Load average:0.040000,0.050000,0.010000 {"hostname": "ece.nitk.edu.in", "processid": 197477, "history": "ExplorerRun.0", "testname": "memristor_array_test_inverter_1", "cornername": "Nominal", "point": 1, "logfile": "/home/rohit/project/logs_rohit/logs0/Job13.log", "pid": "197477", "totalPhysicalMemory": "93.835541", "physicalMemoryUsed": "10.206646", "totalVirtualMemory": "189.835537", "virtualMemoryUsed": "10.206646", "cpuCores": "16", "processes": "553", "loadAverage1": "0.040000", "loadAverage5": "0.050000", "loadAverage15": "0.010000", "loadAverage1Percent": "0.002500"}
[2026-01-10 11:18:58.581 +0530] [EVENT] [cadence.virtuoso.ade.simulationMonitor] - NewPoint {"history": "ExplorerRun.0", "point": 1, "testname": "memristor_array_test_inverter_1", "cornername": "Nominal", "event": "NewPoint", "EventSource": "Simulation Monitor", "HistoryName": "ExplorerRun.0", "logFile": "/home/rohit/project/logs_rohit/logs0/Job13.log", "logFileSize": "30748"}
[2026-01-10 11:18:58.682 +0530] [EVENT] [cadence.virtuoso.ade.simulationMonitor] - NewPoint {"history": "ExplorerRun.0", "point": 1, "testname": "memristor_array_test_inverter_1", "cornername": "Nominal", "event": "NewPoint", "EventSource": "spectre", "HistoryName": "ExplorerRun.0", "logFile": "/home/rohit/simulation/memristor_array/test_inverter/maestro/results/maestro/ExplorerRun.0/1/memristor_array_test_inverter_1/psf/spectre.out", "logFileSize": "-1"}
[2026-01-10 11:18:58.685 +0530] [PROCESS] [cadence.virtuoso.ade.simulationMonitor] - Simulator launched {"hostname": "ece.nitk.edu.in", "processid": 197477, "history": "ExplorerRun.0", "testname": "memristor_array_test_inverter_1", "cornername": "Nominal", "point": 1, "logfile": "/home/rohit/project/logs_rohit/logs0/Job13.log", "simid": "4"}
[2026-01-10 11:18:58.686 +0530] [PROCESS] [cadence.virtuoso.ade.simulationMonitor] - Expression evaluator launched {"hostname": "ece.nitk.edu.in", "processid": 197477, "history": "ExplorerRun.0", "testname": "memristor_array_test_inverter_1", "cornername": "Nominal", "point": 1, "logfile": "/home/rohit/project/logs_rohit/logs0/Job13.log"}
[2026-01-10 11:18:58.691 +0530] [PROCESS] [cadence.virtuoso.ade.simulationMonitor] - Started Simulation {"hostname": "ece.nitk.edu.in", "processid": 197477, "history": "ExplorerRun.0", "testname": "memristor_array_test_inverter_1", "cornername": "Nominal", "point": 1, "logfile": "/home/rohit/project/logs_rohit/logs0/Job13.log", "event": "started", "task": "simulation"}
[2026-01-10 11:19:00.192 +0530] [INFO] [cadence.virtuoso.ade.simulationMonitor] - Peak resident memory used = 154 Mbytes. {"history": "ExplorerRun.0", "point": 1, "testname": "memristor_array_test_inverter_1", "cornername": "Nominal"}
[2026-01-10 11:19:00.192 +0530] [INFO] [cadence.virtuoso.ade.simulationMonitor] - Peak resident memory used = 167 Mbytes. {"history": "ExplorerRun.0", "point": 1, "testname": "memristor_array_test_inverter_1", "cornername": "Nominal"}
[2026-01-10 11:19:00.193 +0530] [INFO] [cadence.virtuoso.ade.simulationMonitor] - Notice from spectre during hierarchy flattening.
    The value 'psf' specified for the 'checklimitdest' option will no longer be supported in future releases. Use 'spectre -h' to see other recommended values for the 'checklimitdest' option. {"history": "ExplorerRun.0", "point": 1, "testname": "memristor_array_test_inverter_1", "cornername": "Nominal"}
[2026-01-10 11:19:00.193 +0530] [INFO] [cadence.virtuoso.ade.simulationMonitor] - Peak resident memory used = 169 Mbytes. {"history": "ExplorerRun.0", "point": 1, "testname": "memristor_array_test_inverter_1", "cornername": "Nominal"}
[2026-01-10 11:19:00.193 +0530] [INFO] [cadence.virtuoso.ade.simulationMonitor] - Notice from spectre during initial setup.
    Multithreading is disabled due to the size of the design being too small. {"history": "ExplorerRun.0", "point": 1, "testname": "memristor_array_test_inverter_1", "cornername": "Nominal"}
[2026-01-10 11:19:00.193 +0530] [INFO] [cadence.virtuoso.ade.simulationMonitor] -               nodes 4 {"history": "ExplorerRun.0", "point": 1, "testname": "memristor_array_test_inverter_1", "cornername": "Nominal"}
[2026-01-10 11:19:00.193 +0530] [INFO] [cadence.virtuoso.ade.simulationMonitor] - Notice from spectre during initial setup.
    APS enabled. {"history": "ExplorerRun.0", "point": 1, "testname": "memristor_array_test_inverter_1", "cornername": "Nominal"}
[2026-01-10 11:19:00.193 +0530] [INFO] [cadence.virtuoso.ade.simulationMonitor] - Peak resident memory used = 172 Mbytes. {"history": "ExplorerRun.0", "point": 1, "testname": "memristor_array_test_inverter_1", "cornername": "Nominal"}
[2026-01-10 11:19:00.193 +0530] [INFO] [cadence.virtuoso.ade.simulationMonitor] -    -   (APS) Multi-threading. The recommended number of threads is 1, consider adding +mt=1 on command line. {"history": "ExplorerRun.0", "point": 1, "testname": "memristor_array_test_inverter_1", "cornername": "Nominal"}
[2026-01-10 11:19:00.193 +0530] [INFO] [cadence.virtuoso.ade.simulationMonitor] - Notice from spectre during transient analysis `tran'.
    Multithreading is disabled due to the size of the design being too small. {"history": "ExplorerRun.0", "point": 1, "testname": "memristor_array_test_inverter_1", "cornername": "Nominal"}
[2026-01-10 11:19:00.193 +0530] [INFO] [cadence.virtuoso.ade.simulationMonitor] - Notice from spectre at time = 1.15327 ns during transient analysis `tran'.
    Found trapezoidal ringing on node V1:p. {"history": "ExplorerRun.0", "point": 1, "testname": "memristor_array_test_inverter_1", "cornername": "Nominal"}
[2026-01-10 11:19:00.193 +0530] [INFO] [cadence.virtuoso.ade.simulationMonitor] - Notice from spectre at time = 25.0322 ns during transient analysis `tran'.
    Found trapezoidal ringing on node I3.NM0.n1. {"history": "ExplorerRun.0", "point": 1, "testname": "memristor_array_test_inverter_1", "cornername": "Nominal"}
[2026-01-10 11:19:00.193 +0530] [INFO] [cadence.virtuoso.ade.simulationMonitor] - Notice from spectre at time = 25.0544 ns during transient analysis `tran'.
    Found trapezoidal ringing on node I3.NM0.n1. {"history": "ExplorerRun.0", "point": 1, "testname": "memristor_array_test_inverter_1", "cornername": "Nominal"}
[2026-01-10 11:19:00.193 +0530] [INFO] [cadence.virtuoso.ade.simulationMonitor] - Notice from spectre at time = 25.0989 ns during transient analysis `tran'.
    Found trapezoidal ringing on node I3.NM0.n1. {"history": "ExplorerRun.0", "point": 1, "testname": "memristor_array_test_inverter_1", "cornername": "Nominal"}
[2026-01-10 11:19:00.194 +0530] [INFO] [cadence.virtuoso.ade.simulationMonitor] - Notice from spectre at time = 25.1879 ns during transient analysis `tran'.
    Found trapezoidal ringing on node I3.NM0.n1.
        Further occurrences of this notice will be suppressed. {"history": "ExplorerRun.0", "point": 1, "testname": "memristor_array_test_inverter_1", "cornername": "Nominal"}
[2026-01-10 11:19:00.194 +0530] [INFO] [cadence.virtuoso.ade.simulationMonitor] - Notice from spectre during transient analysis `tran'.
    Trapezoidal ringing is detected during tran analysis.
        Please use method=trap for better results and performance. {"history": "ExplorerRun.0", "point": 1, "testname": "memristor_array_test_inverter_1", "cornername": "Nominal"}
[2026-01-10 11:19:00.194 +0530] [INFO] [cadence.virtuoso.ade.simulationMonitor] - Total time required for tran analysis `tran': CPU = 15.279 ms, elapsed = 15.058 ms, util. = 101%. {"history": "ExplorerRun.0", "point": 1, "testname": "memristor_array_test_inverter_1", "cornername": "Nominal"}
[2026-01-10 11:19:00.194 +0530] [INFO] [cadence.virtuoso.ade.simulationMonitor] - Peak resident memory used = 177 Mbytes. {"history": "ExplorerRun.0", "point": 1, "testname": "memristor_array_test_inverter_1", "cornername": "Nominal"}
[2026-01-10 11:19:00.194 +0530] [INFO] [cadence.virtuoso.ade.simulationMonitor] - Notice from spectre.
    32 notices suppressed. {"history": "ExplorerRun.0", "point": 1, "testname": "memristor_array_test_inverter_1", "cornername": "Nominal"}
[2026-01-10 11:19:00.194 +0530] [ERROR] [cadence.virtuoso.ade.simulationMonitor] -     ERROR (SPECTRE-16045): V1: Undefined parameter name `net2'. {"history": "ExplorerRun.0", "point": 1, "testname": "memristor_array_test_inverter_1", "cornername": "Nominal"}
[2026-01-10 11:19:00.194 +0530] [ERROR] [cadence.virtuoso.ade.simulationMonitor] - Analysis `dc' was terminated prematurely due to an error. {"history": "ExplorerRun.0", "point": 1, "testname": "memristor_array_test_inverter_1", "cornername": "Nominal"}
[2026-01-10 11:19:00.194 +0530] [INFO] [cadence.virtuoso.ade.simulationMonitor] - Time used: CPU = 394 ms, elapsed = 1.2 s, util. = 32.9%. {"history": "ExplorerRun.0", "point": 1, "testname": "memristor_array_test_inverter_1", "cornername": "Nominal"}
[2026-01-10 11:19:00.194 +0530] [INFO] [cadence.virtuoso.ade.simulationMonitor] - Time spent in licensing: elapsed = 795 ms, percentage of total = 66.4%. {"history": "ExplorerRun.0", "point": 1, "testname": "memristor_array_test_inverter_1", "cornername": "Nominal"}
[2026-01-10 11:19:00.194 +0530] [INFO] [cadence.virtuoso.ade.simulationMonitor] - Peak memory used = 181 Mbytes. {"history": "ExplorerRun.0", "point": 1, "testname": "memristor_array_test_inverter_1", "cornername": "Nominal"}
[2026-01-10 11:19:00.194 +0530] [PROCESS] [cadence.virtuoso.ade.simulationMonitor] - Simulation started at: 11:18:58 AM, Sat Jan 10, 2026, ended at: 11:19:00 AM, Sat Jan 10, 2026, with elapsed time (wall clock): 1.2 s. {"history": "ExplorerRun.0", "point": 1, "testname": "memristor_array_test_inverter_1", "cornername": "Nominal"}
[2026-01-10 11:19:00.194 +0530] [PROCESS] [cadence.virtuoso.ade.simulationMonitor] - spectre completes with 1 error, 0 warnings, and 12 notices. {"history": "ExplorerRun.0", "point": 1, "testname": "memristor_array_test_inverter_1", "cornername": "Nominal"}
[2026-01-10 11:19:00.194 +0530] [PROCESS] [cadence.virtuoso.ade.simulationMonitor] - Finished simulating for one point {"hostname": "ece.nitk.edu.in", "processid": 197477, "history": "ExplorerRun.0", "testname": "memristor_array_test_inverter_1", "cornername": "Nominal", "point": 1, "logfile": "/home/rohit/project/logs_rohit/logs0/Job13.log", "simid": "4"}
[2026-01-10 11:19:00.194 +0530] [ERROR] [cadence.virtuoso.ade.simulationMonitor] - While simulating run ExplorerRun.0, point 1, test memristor_array_test_inverter_1, received error:
Simulation Error:
 The simulator process returned a non-zero exit code, indicating failure.
The simulator could have crashed or intentionally returned to indicate an error.
Check the simulator log file for more information.  Common causes:
1. Simulator may have crashed during exit even after reporting success in log file.
2. Abrupt automatic simulator termination (e.g., SIGKILL) because the simulator process ... {"history": "ExplorerRun.0", "point": 1, "testname": "memristor_array_test_inverter_1", "cornername": "Nominal"}
[2026-01-10 11:19:00.194 +0530] [PROCESS] [cadence.virtuoso.ade.simulationMonitor] - Finished Simulation {"hostname": "ece.nitk.edu.in", "processid": 197477, "history": "ExplorerRun.0", "testname": "memristor_array_test_inverter_1", "cornername": "Nominal", "point": 1, "logfile": "/home/rohit/project/logs_rohit/logs0/Job13.log", "simid": "4"}
[2026-01-10 11:19:02.700 +0530] [PROCESS] [cadence.virtuoso.ade.simulationMonitor] - Point Finished {"hostname": "ece.nitk.edu.in", "processid": 197477, "history": "ExplorerRun.0", "testname": "memristor_array_test_inverter_1", "cornername": "Nominal", "point": 1, "logfile": "/home/rohit/project/logs_rohit/logs0/Job13.log"}
[2026-01-10 11:19:03.752 +0530] [PROCESS] [cadence.virtuoso.ade.simulationMonitor] - Stay with the runId '4', Linger time '300', currentRunSyn '9', currentTestSyn '9' {"hostname": "ece.nitk.edu.in", "processid": 197477, "history": "ExplorerRun.0", "testname": "memristor_array_test_inverter_1", "cornername": "Nominal", "point": 1, "logfile": "/home/rohit/project/logs_rohit/logs0/Job13.log"}
[2026-01-10 11:19:04.754 +0530] [PROCESS] [cadence.virtuoso.ade.simulationMonitor] - Stay with the runId '4', Linger time '300', currentRunSyn '9', currentTestSyn '9' {"hostname": "ece.nitk.edu.in", "processid": 197477, "history": "ExplorerRun.0", "testname": "memristor_array_test_inverter_1", "cornername": "Nominal", "point": 1, "logfile": "/home/rohit/project/logs_rohit/logs0/Job13.log"}
[2026-01-10 11:19:05.756 +0530] [PROCESS] [cadence.virtuoso.ade.simulationMonitor] - Stay with the runId '4', Linger time '300', currentRunSyn '9', currentTestSyn '9' {"hostname": "ece.nitk.edu.in", "processid": 197477, "history": "ExplorerRun.0", "testname": "memristor_array_test_inverter_1", "cornername": "Nominal", "point": 1, "logfile": "/home/rohit/project/logs_rohit/logs0/Job13.log"}
[2026-01-10 11:19:06.758 +0530] [PROCESS] [cadence.virtuoso.ade.simulationMonitor] - Stay with the runId '4', Linger time '300', currentRunSyn '9', currentTestSyn '9' {"hostname": "ece.nitk.edu.in", "processid": 197477, "history": "ExplorerRun.0", "testname": "memristor_array_test_inverter_1", "cornername": "Nominal", "point": 1, "logfile": "/home/rohit/project/logs_rohit/logs0/Job13.log"}
[2026-01-10 11:21:39.554 +0530] [INFO] [cadence.virtuoso.ade.simulationMonitor] - SimulationMonitor has terminated the vds process '199213', reason: 'Force to stop the expression evalutor process because of new run' {"history": "ExplorerRun.0", "point": 1, "testname": "memristor_array_test_inverter_1", "cornername": "Nominal"}
[2026-01-10 11:21:39.555 +0530] [PROCESS] [cadence.virtuoso.ade.simulationMonitor] - HostInfo:
Host name (type):	ece.nitk.edu.in (x86_64)
Operating system:	Linux 4.18.0-425.3.1.el8.x86_64 #1 SMP Fri Sep 30 11:45:06 EDT 2022 {"hostname": "ece.nitk.edu.in", "processid": 197477, "history": "ExplorerRun.0", "testname": "memristor_array_test_inverter_1", "cornername": "Nominal", "point": 1, "logfile": "/home/rohit/project/logs_rohit/logs0/Job13.log", "nodename": "ece.nitk.edu.in", "domainname": "(none)", "machine": "x86_64", "sysname": "Linux", "release": "4.18.0-425.3.1.el8.x86_64", "version": "#1 SMP Fri Sep 30 11:45:06 EDT 2022"}
[2026-01-10 11:21:39.555 +0530] [PROCESS] [cadence.virtuoso.ade.simulationMonitor] - UsageInfo:
pid=197477
totalPhysicalMemory=93.835541GB,Used=10.215752GB,totalVirtualMemory=189.835537GB,Used=10.215752GB
Cpu: Cores=16, Load average:0.100000,0.050000,0.010000 {"hostname": "ece.nitk.edu.in", "processid": 197477, "history": "ExplorerRun.0", "testname": "memristor_array_test_inverter_1", "cornername": "Nominal", "point": 1, "logfile": "/home/rohit/project/logs_rohit/logs0/Job13.log", "pid": "197477", "totalPhysicalMemory": "93.835541", "physicalMemoryUsed": "10.215752", "totalVirtualMemory": "189.835537", "virtualMemoryUsed": "10.215752", "cpuCores": "16", "processes": "553", "loadAverage1": "0.100000", "loadAverage5": "0.050000", "loadAverage15": "0.010000", "loadAverage1Percent": "0.006250"}
[2026-01-10 11:21:39.555 +0530] [EVENT] [cadence.virtuoso.ade.simulationMonitor] - NewPoint {"history": "ExplorerRun.0", "point": 1, "testname": "memristor_array_test_inverter_1", "cornername": "Nominal", "event": "NewPoint", "EventSource": "Simulation Monitor", "HistoryName": "ExplorerRun.0", "logFile": "/home/rohit/project/logs_rohit/logs0/Job13.log", "logFileSize": "45165"}
[2026-01-10 11:21:39.656 +0530] [EVENT] [cadence.virtuoso.ade.simulationMonitor] - NewPoint {"history": "ExplorerRun.0", "point": 1, "testname": "memristor_array_test_inverter_1", "cornername": "Nominal", "event": "NewPoint", "EventSource": "spectre", "HistoryName": "ExplorerRun.0", "logFile": "/home/rohit/simulation/memristor_array/test_inverter/maestro/results/maestro/ExplorerRun.0/1/memristor_array_test_inverter_1/psf/spectre.out", "logFileSize": "-1"}
[2026-01-10 11:21:39.659 +0530] [PROCESS] [cadence.virtuoso.ade.simulationMonitor] - Simulator launched {"hostname": "ece.nitk.edu.in", "processid": 197477, "history": "ExplorerRun.0", "testname": "memristor_array_test_inverter_1", "cornername": "Nominal", "point": 1, "logfile": "/home/rohit/project/logs_rohit/logs0/Job13.log", "simid": "5"}
[2026-01-10 11:21:39.660 +0530] [PROCESS] [cadence.virtuoso.ade.simulationMonitor] - Expression evaluator launched {"hostname": "ece.nitk.edu.in", "processid": 197477, "history": "ExplorerRun.0", "testname": "memristor_array_test_inverter_1", "cornername": "Nominal", "point": 1, "logfile": "/home/rohit/project/logs_rohit/logs0/Job13.log"}
[2026-01-10 11:21:39.665 +0530] [PROCESS] [cadence.virtuoso.ade.simulationMonitor] - Started Simulation {"hostname": "ece.nitk.edu.in", "processid": 197477, "history": "ExplorerRun.0", "testname": "memristor_array_test_inverter_1", "cornername": "Nominal", "point": 1, "logfile": "/home/rohit/project/logs_rohit/logs0/Job13.log", "event": "started", "task": "simulation"}
[2026-01-10 11:21:41.166 +0530] [INFO] [cadence.virtuoso.ade.simulationMonitor] - Peak resident memory used = 152 Mbytes. {"history": "ExplorerRun.0", "point": 1, "testname": "memristor_array_test_inverter_1", "cornername": "Nominal"}
[2026-01-10 11:21:41.166 +0530] [INFO] [cadence.virtuoso.ade.simulationMonitor] - Peak resident memory used = 165 Mbytes. {"history": "ExplorerRun.0", "point": 1, "testname": "memristor_array_test_inverter_1", "cornername": "Nominal"}
[2026-01-10 11:21:41.166 +0530] [INFO] [cadence.virtuoso.ade.simulationMonitor] - Notice from spectre during hierarchy flattening.
    The value 'psf' specified for the 'checklimitdest' option will no longer be supported in future releases. Use 'spectre -h' to see other recommended values for the 'checklimitdest' option. {"history": "ExplorerRun.0", "point": 1, "testname": "memristor_array_test_inverter_1", "cornername": "Nominal"}
[2026-01-10 11:21:41.166 +0530] [INFO] [cadence.virtuoso.ade.simulationMonitor] - Peak resident memory used = 167 Mbytes. {"history": "ExplorerRun.0", "point": 1, "testname": "memristor_array_test_inverter_1", "cornername": "Nominal"}
[2026-01-10 11:21:41.166 +0530] [INFO] [cadence.virtuoso.ade.simulationMonitor] - Notice from spectre during initial setup.
    Multithreading is disabled due to the size of the design being too small. {"history": "ExplorerRun.0", "point": 1, "testname": "memristor_array_test_inverter_1", "cornername": "Nominal"}
[2026-01-10 11:21:41.167 +0530] [INFO] [cadence.virtuoso.ade.simulationMonitor] -               nodes 4 {"history": "ExplorerRun.0", "point": 1, "testname": "memristor_array_test_inverter_1", "cornername": "Nominal"}
[2026-01-10 11:21:41.167 +0530] [INFO] [cadence.virtuoso.ade.simulationMonitor] - Notice from spectre during initial setup.
    APS enabled. {"history": "ExplorerRun.0", "point": 1, "testname": "memristor_array_test_inverter_1", "cornername": "Nominal"}
[2026-01-10 11:21:41.167 +0530] [INFO] [cadence.virtuoso.ade.simulationMonitor] - Peak resident memory used = 170 Mbytes. {"history": "ExplorerRun.0", "point": 1, "testname": "memristor_array_test_inverter_1", "cornername": "Nominal"}
[2026-01-10 11:21:41.167 +0530] [INFO] [cadence.virtuoso.ade.simulationMonitor] -    -   (APS) Multi-threading. The recommended number of threads is 1, consider adding +mt=1 on command line. {"history": "ExplorerRun.0", "point": 1, "testname": "memristor_array_test_inverter_1", "cornername": "Nominal"}
[2026-01-10 11:21:41.167 +0530] [INFO] [cadence.virtuoso.ade.simulationMonitor] - Notice from spectre during transient analysis `tran'.
    Multithreading is disabled due to the size of the design being too small. {"history": "ExplorerRun.0", "point": 1, "testname": "memristor_array_test_inverter_1", "cornername": "Nominal"}
[2026-01-10 11:21:41.167 +0530] [INFO] [cadence.virtuoso.ade.simulationMonitor] - Notice from spectre at time = 1.15327 ns during transient analysis `tran'.
    Found trapezoidal ringing on node V1:p. {"history": "ExplorerRun.0", "point": 1, "testname": "memristor_array_test_inverter_1", "cornername": "Nominal"}
[2026-01-10 11:21:41.167 +0530] [INFO] [cadence.virtuoso.ade.simulationMonitor] - Notice from spectre at time = 25.0322 ns during transient analysis `tran'.
    Found trapezoidal ringing on node I3.NM0.n1. {"history": "ExplorerRun.0", "point": 1, "testname": "memristor_array_test_inverter_1", "cornername": "Nominal"}
[2026-01-10 11:21:41.167 +0530] [INFO] [cadence.virtuoso.ade.simulationMonitor] - Notice from spectre at time = 25.0544 ns during transient analysis `tran'.
    Found trapezoidal ringing on node I3.NM0.n1. {"history": "ExplorerRun.0", "point": 1, "testname": "memristor_array_test_inverter_1", "cornername": "Nominal"}
[2026-01-10 11:21:41.167 +0530] [INFO] [cadence.virtuoso.ade.simulationMonitor] - Notice from spectre at time = 25.0989 ns during transient analysis `tran'.
    Found trapezoidal ringing on node I3.NM0.n1. {"history": "ExplorerRun.0", "point": 1, "testname": "memristor_array_test_inverter_1", "cornername": "Nominal"}
[2026-01-10 11:21:41.167 +0530] [INFO] [cadence.virtuoso.ade.simulationMonitor] - Notice from spectre at time = 25.1879 ns during transient analysis `tran'.
    Found trapezoidal ringing on node I3.NM0.n1.
        Further occurrences of this notice will be suppressed. {"history": "ExplorerRun.0", "point": 1, "testname": "memristor_array_test_inverter_1", "cornername": "Nominal"}
[2026-01-10 11:21:41.167 +0530] [INFO] [cadence.virtuoso.ade.simulationMonitor] - Notice from spectre during transient analysis `tran'.
    Trapezoidal ringing is detected during tran analysis.
        Please use method=trap for better results and performance. {"history": "ExplorerRun.0", "point": 1, "testname": "memristor_array_test_inverter_1", "cornername": "Nominal"}
[2026-01-10 11:21:41.167 +0530] [INFO] [cadence.virtuoso.ade.simulationMonitor] - Total time required for tran analysis `tran': CPU = 15.034 ms, elapsed = 15.008 ms, util. = 100%. {"history": "ExplorerRun.0", "point": 1, "testname": "memristor_array_test_inverter_1", "cornername": "Nominal"}
[2026-01-10 11:21:41.167 +0530] [INFO] [cadence.virtuoso.ade.simulationMonitor] - Peak resident memory used = 175 Mbytes. {"history": "ExplorerRun.0", "point": 1, "testname": "memristor_array_test_inverter_1", "cornername": "Nominal"}
[2026-01-10 11:21:41.167 +0530] [INFO] [cadence.virtuoso.ade.simulationMonitor] - Notice from spectre.
    32 notices suppressed. {"history": "ExplorerRun.0", "point": 1, "testname": "memristor_array_test_inverter_1", "cornername": "Nominal"}
[2026-01-10 11:21:41.167 +0530] [INFO] [cadence.virtuoso.ade.simulationMonitor] - Notice from spectre at val1 = 1.3 V during DC analysis `dc'.
    The value of parameter 'val1' has been reset to the original value 1.3. {"history": "ExplorerRun.0", "point": 1, "testname": "memristor_array_test_inverter_1", "cornername": "Nominal"}
[2026-01-10 11:21:41.167 +0530] [INFO] [cadence.virtuoso.ade.simulationMonitor] - Total time required for dc analysis `dc': CPU = 2.185 ms, elapsed = 3.06892 ms, util. = 71.2%. {"history": "ExplorerRun.0", "point": 1, "testname": "memristor_array_test_inverter_1", "cornername": "Nominal"}
[2026-01-10 11:21:41.167 +0530] [INFO] [cadence.virtuoso.ade.simulationMonitor] - Peak resident memory used = 177 Mbytes. {"history": "ExplorerRun.0", "point": 1, "testname": "memristor_array_test_inverter_1", "cornername": "Nominal"}
[2026-01-10 11:21:41.167 +0530] [INFO] [cadence.virtuoso.ade.simulationMonitor] - Time used: CPU = 393 ms, elapsed = 1.2 s, util. = 32.9%. {"history": "ExplorerRun.0", "point": 1, "testname": "memristor_array_test_inverter_1", "cornername": "Nominal"}
[2026-01-10 11:21:41.167 +0530] [INFO] [cadence.virtuoso.ade.simulationMonitor] - Time spent in licensing: elapsed = 742 ms, percentage of total = 62%. {"history": "ExplorerRun.0", "point": 1, "testname": "memristor_array_test_inverter_1", "cornername": "Nominal"}
[2026-01-10 11:21:41.168 +0530] [INFO] [cadence.virtuoso.ade.simulationMonitor] - Peak memory used = 179 Mbytes. {"history": "ExplorerRun.0", "point": 1, "testname": "memristor_array_test_inverter_1", "cornername": "Nominal"}
[2026-01-10 11:21:41.168 +0530] [PROCESS] [cadence.virtuoso.ade.simulationMonitor] - Simulation started at: 11:21:39 AM, Sat Jan 10, 2026, ended at: 11:21:40 AM, Sat Jan 10, 2026, with elapsed time (wall clock): 1.2 s. {"history": "ExplorerRun.0", "point": 1, "testname": "memristor_array_test_inverter_1", "cornername": "Nominal"}
[2026-01-10 11:21:41.168 +0530] [PROCESS] [cadence.virtuoso.ade.simulationMonitor] - spectre completes with 0 errors, 0 warnings, and 13 notices. {"history": "ExplorerRun.0", "point": 1, "testname": "memristor_array_test_inverter_1", "cornername": "Nominal"}
[2026-01-10 11:21:41.168 +0530] [PROCESS] [cadence.virtuoso.ade.simulationMonitor] - Finished simulating for one point {"hostname": "ece.nitk.edu.in", "processid": 197477, "history": "ExplorerRun.0", "testname": "memristor_array_test_inverter_1", "cornername": "Nominal", "point": 1, "logfile": "/home/rohit/project/logs_rohit/logs0/Job13.log", "simid": "5"}
[2026-01-10 11:21:41.168 +0530] [PROCESS] [cadence.virtuoso.ade.simulationMonitor] - Simulator exited {"hostname": "ece.nitk.edu.in", "processid": 197477, "history": "ExplorerRun.0", "testname": "memristor_array_test_inverter_1", "cornername": "Nominal", "point": 1, "logfile": "/home/rohit/project/logs_rohit/logs0/Job13.log", "exitStatus": "0"}
[2026-01-10 11:21:41.168 +0530] [PROCESS] [cadence.virtuoso.ade.simulationMonitor] - Finished Simulation {"hostname": "ece.nitk.edu.in", "processid": 197477, "history": "ExplorerRun.0", "testname": "memristor_array_test_inverter_1", "cornername": "Nominal", "point": 1, "logfile": "/home/rohit/project/logs_rohit/logs0/Job13.log", "simid": "5"}
[2026-01-10 11:21:43.173 +0530] [PROCESS] [cadence.virtuoso.ade.simulationMonitor] - Point Finished {"hostname": "ece.nitk.edu.in", "processid": 197477, "history": "ExplorerRun.0", "testname": "memristor_array_test_inverter_1", "cornername": "Nominal", "point": 1, "logfile": "/home/rohit/project/logs_rohit/logs0/Job13.log"}
[2026-01-10 11:21:44.228 +0530] [PROCESS] [cadence.virtuoso.ade.simulationMonitor] - Stay with the runId '5', Linger time '300', currentRunSyn '11', currentTestSyn '11' {"hostname": "ece.nitk.edu.in", "processid": 197477, "history": "ExplorerRun.0", "testname": "memristor_array_test_inverter_1", "cornername": "Nominal", "point": 1, "logfile": "/home/rohit/project/logs_rohit/logs0/Job13.log"}
[2026-01-10 11:21:45.230 +0530] [PROCESS] [cadence.virtuoso.ade.simulationMonitor] - Stay with the runId '5', Linger time '300', currentRunSyn '11', currentTestSyn '11' {"hostname": "ece.nitk.edu.in", "processid": 197477, "history": "ExplorerRun.0", "testname": "memristor_array_test_inverter_1", "cornername": "Nominal", "point": 1, "logfile": "/home/rohit/project/logs_rohit/logs0/Job13.log"}
[2026-01-10 11:21:46.232 +0530] [PROCESS] [cadence.virtuoso.ade.simulationMonitor] - Stay with the runId '5', Linger time '300', currentRunSyn '11', currentTestSyn '11' {"hostname": "ece.nitk.edu.in", "processid": 197477, "history": "ExplorerRun.0", "testname": "memristor_array_test_inverter_1", "cornername": "Nominal", "point": 1, "logfile": "/home/rohit/project/logs_rohit/logs0/Job13.log"}
[2026-01-10 11:21:47.233 +0530] [PROCESS] [cadence.virtuoso.ade.simulationMonitor] - Stay with the runId '5', Linger time '300', currentRunSyn '11', currentTestSyn '11' {"hostname": "ece.nitk.edu.in", "processid": 197477, "history": "ExplorerRun.0", "testname": "memristor_array_test_inverter_1", "cornername": "Nominal", "point": 1, "logfile": "/home/rohit/project/logs_rohit/logs0/Job13.log"}
[2026-01-10 11:23:12.585 +0530] [INFO] [cadence.virtuoso.ade.simulationMonitor] - SimulationMonitor has terminated the vds process '200027', reason: 'Force to stop the expression evalutor process because of new run' {"history": "ExplorerRun.0", "point": 1, "testname": "memristor_array_test_inverter_1", "cornername": "Nominal"}
[2026-01-10 11:23:12.586 +0530] [PROCESS] [cadence.virtuoso.ade.simulationMonitor] - HostInfo:
Host name (type):	ece.nitk.edu.in (x86_64)
Operating system:	Linux 4.18.0-425.3.1.el8.x86_64 #1 SMP Fri Sep 30 11:45:06 EDT 2022 {"hostname": "ece.nitk.edu.in", "processid": 197477, "history": "ExplorerRun.0", "testname": "memristor_array_test_inverter_1", "cornername": "Nominal", "point": 1, "logfile": "/home/rohit/project/logs_rohit/logs0/Job13.log", "nodename": "ece.nitk.edu.in", "domainname": "(none)", "machine": "x86_64", "sysname": "Linux", "release": "4.18.0-425.3.1.el8.x86_64", "version": "#1 SMP Fri Sep 30 11:45:06 EDT 2022"}
[2026-01-10 11:23:12.586 +0530] [PROCESS] [cadence.virtuoso.ade.simulationMonitor] - UsageInfo:
pid=197477
totalPhysicalMemory=93.835541GB,Used=10.228867GB,totalVirtualMemory=189.835537GB,Used=10.228867GB
Cpu: Cores=16, Load average:0.020000,0.040000,0.000000 {"hostname": "ece.nitk.edu.in", "processid": 197477, "history": "ExplorerRun.0", "testname": "memristor_array_test_inverter_1", "cornername": "Nominal", "point": 1, "logfile": "/home/rohit/project/logs_rohit/logs0/Job13.log", "pid": "197477", "totalPhysicalMemory": "93.835541", "physicalMemoryUsed": "10.228867", "totalVirtualMemory": "189.835537", "virtualMemoryUsed": "10.228867", "cpuCores": "16", "processes": "553", "loadAverage1": "0.020000", "loadAverage5": "0.040000", "loadAverage15": "0.000000", "loadAverage1Percent": "0.001250"}
[2026-01-10 11:23:12.586 +0530] [EVENT] [cadence.virtuoso.ade.simulationMonitor] - NewPoint {"history": "ExplorerRun.0", "point": 1, "testname": "memristor_array_test_inverter_1", "cornername": "Nominal", "event": "NewPoint", "EventSource": "Simulation Monitor", "HistoryName": "ExplorerRun.0", "logFile": "/home/rohit/project/logs_rohit/logs0/Job13.log", "logFileSize": "59568"}
[2026-01-10 11:23:12.687 +0530] [EVENT] [cadence.virtuoso.ade.simulationMonitor] - NewPoint {"history": "ExplorerRun.0", "point": 1, "testname": "memristor_array_test_inverter_1", "cornername": "Nominal", "event": "NewPoint", "EventSource": "spectre", "HistoryName": "ExplorerRun.0", "logFile": "/home/rohit/simulation/memristor_array/test_inverter/maestro/results/maestro/ExplorerRun.0/1/memristor_array_test_inverter_1/psf/spectre.out", "logFileSize": "-1"}
[2026-01-10 11:23:12.690 +0530] [PROCESS] [cadence.virtuoso.ade.simulationMonitor] - Simulator launched {"hostname": "ece.nitk.edu.in", "processid": 197477, "history": "ExplorerRun.0", "testname": "memristor_array_test_inverter_1", "cornername": "Nominal", "point": 1, "logfile": "/home/rohit/project/logs_rohit/logs0/Job13.log", "simid": "6"}
[2026-01-10 11:23:12.691 +0530] [PROCESS] [cadence.virtuoso.ade.simulationMonitor] - Expression evaluator launched {"hostname": "ece.nitk.edu.in", "processid": 197477, "history": "ExplorerRun.0", "testname": "memristor_array_test_inverter_1", "cornername": "Nominal", "point": 1, "logfile": "/home/rohit/project/logs_rohit/logs0/Job13.log"}
[2026-01-10 11:23:12.696 +0530] [PROCESS] [cadence.virtuoso.ade.simulationMonitor] - Started Simulation {"hostname": "ece.nitk.edu.in", "processid": 197477, "history": "ExplorerRun.0", "testname": "memristor_array_test_inverter_1", "cornername": "Nominal", "point": 1, "logfile": "/home/rohit/project/logs_rohit/logs0/Job13.log", "event": "started", "task": "simulation"}
[2026-01-10 11:23:14.197 +0530] [INFO] [cadence.virtuoso.ade.simulationMonitor] - Peak resident memory used = 156 Mbytes. {"history": "ExplorerRun.0", "point": 1, "testname": "memristor_array_test_inverter_1", "cornername": "Nominal"}
[2026-01-10 11:23:14.197 +0530] [INFO] [cadence.virtuoso.ade.simulationMonitor] - Peak resident memory used = 168 Mbytes. {"history": "ExplorerRun.0", "point": 1, "testname": "memristor_array_test_inverter_1", "cornername": "Nominal"}
[2026-01-10 11:23:14.197 +0530] [INFO] [cadence.virtuoso.ade.simulationMonitor] - Notice from spectre during hierarchy flattening.
    The value 'psf' specified for the 'checklimitdest' option will no longer be supported in future releases. Use 'spectre -h' to see other recommended values for the 'checklimitdest' option. {"history": "ExplorerRun.0", "point": 1, "testname": "memristor_array_test_inverter_1", "cornername": "Nominal"}
[2026-01-10 11:23:14.197 +0530] [INFO] [cadence.virtuoso.ade.simulationMonitor] - Peak resident memory used = 170 Mbytes. {"history": "ExplorerRun.0", "point": 1, "testname": "memristor_array_test_inverter_1", "cornername": "Nominal"}
[2026-01-10 11:23:14.198 +0530] [INFO] [cadence.virtuoso.ade.simulationMonitor] - Notice from spectre during initial setup.
    Multithreading is disabled due to the size of the design being too small. {"history": "ExplorerRun.0", "point": 1, "testname": "memristor_array_test_inverter_1", "cornername": "Nominal"}
[2026-01-10 11:23:14.198 +0530] [INFO] [cadence.virtuoso.ade.simulationMonitor] -               nodes 4 {"history": "ExplorerRun.0", "point": 1, "testname": "memristor_array_test_inverter_1", "cornername": "Nominal"}
[2026-01-10 11:23:14.198 +0530] [INFO] [cadence.virtuoso.ade.simulationMonitor] - Notice from spectre during initial setup.
    APS enabled. {"history": "ExplorerRun.0", "point": 1, "testname": "memristor_array_test_inverter_1", "cornername": "Nominal"}
[2026-01-10 11:23:14.198 +0530] [INFO] [cadence.virtuoso.ade.simulationMonitor] - Peak resident memory used = 173 Mbytes. {"history": "ExplorerRun.0", "point": 1, "testname": "memristor_array_test_inverter_1", "cornername": "Nominal"}
[2026-01-10 11:23:14.198 +0530] [INFO] [cadence.virtuoso.ade.simulationMonitor] -    -   (APS) Multi-threading. The recommended number of threads is 1, consider adding +mt=1 on command line. {"history": "ExplorerRun.0", "point": 1, "testname": "memristor_array_test_inverter_1", "cornername": "Nominal"}
[2026-01-10 11:23:14.198 +0530] [INFO] [cadence.virtuoso.ade.simulationMonitor] - Notice from spectre during transient analysis `tran'.
    Multithreading is disabled due to the size of the design being too small. {"history": "ExplorerRun.0", "point": 1, "testname": "memristor_array_test_inverter_1", "cornername": "Nominal"}
[2026-01-10 11:23:14.198 +0530] [INFO] [cadence.virtuoso.ade.simulationMonitor] - Notice from spectre at time = 1.15327 ns during transient analysis `tran'.
    Found trapezoidal ringing on node V1:p. {"history": "ExplorerRun.0", "point": 1, "testname": "memristor_array_test_inverter_1", "cornername": "Nominal"}
[2026-01-10 11:23:14.198 +0530] [INFO] [cadence.virtuoso.ade.simulationMonitor] - Notice from spectre at time = 25.0322 ns during transient analysis `tran'.
    Found trapezoidal ringing on node I3.NM0.n1. {"history": "ExplorerRun.0", "point": 1, "testname": "memristor_array_test_inverter_1", "cornername": "Nominal"}
[2026-01-10 11:23:14.198 +0530] [INFO] [cadence.virtuoso.ade.simulationMonitor] - Notice from spectre at time = 25.0544 ns during transient analysis `tran'.
    Found trapezoidal ringing on node I3.NM0.n1. {"history": "ExplorerRun.0", "point": 1, "testname": "memristor_array_test_inverter_1", "cornername": "Nominal"}
[2026-01-10 11:23:14.198 +0530] [INFO] [cadence.virtuoso.ade.simulationMonitor] - Notice from spectre at time = 25.0989 ns during transient analysis `tran'.
    Found trapezoidal ringing on node I3.NM0.n1. {"history": "ExplorerRun.0", "point": 1, "testname": "memristor_array_test_inverter_1", "cornername": "Nominal"}
[2026-01-10 11:23:14.198 +0530] [INFO] [cadence.virtuoso.ade.simulationMonitor] - Notice from spectre at time = 25.1879 ns during transient analysis `tran'.
    Found trapezoidal ringing on node I3.NM0.n1.
        Further occurrences of this notice will be suppressed. {"history": "ExplorerRun.0", "point": 1, "testname": "memristor_array_test_inverter_1", "cornername": "Nominal"}
[2026-01-10 11:23:14.198 +0530] [INFO] [cadence.virtuoso.ade.simulationMonitor] - Notice from spectre during transient analysis `tran'.
    Trapezoidal ringing is detected during tran analysis.
        Please use method=trap for better results and performance. {"history": "ExplorerRun.0", "point": 1, "testname": "memristor_array_test_inverter_1", "cornername": "Nominal"}
[2026-01-10 11:23:14.198 +0530] [INFO] [cadence.virtuoso.ade.simulationMonitor] - Total time required for tran analysis `tran': CPU = 15.453 ms, elapsed = 15.3482 ms, util. = 101%. {"history": "ExplorerRun.0", "point": 1, "testname": "memristor_array_test_inverter_1", "cornername": "Nominal"}
[2026-01-10 11:23:14.198 +0530] [INFO] [cadence.virtuoso.ade.simulationMonitor] - Peak resident memory used = 179 Mbytes. {"history": "ExplorerRun.0", "point": 1, "testname": "memristor_array_test_inverter_1", "cornername": "Nominal"}
[2026-01-10 11:23:14.198 +0530] [INFO] [cadence.virtuoso.ade.simulationMonitor] - Notice from spectre.
    32 notices suppressed. {"history": "ExplorerRun.0", "point": 1, "testname": "memristor_array_test_inverter_1", "cornername": "Nominal"}
[2026-01-10 11:23:14.198 +0530] [ERROR] [cadence.virtuoso.ade.simulationMonitor] -     ERROR (SPECTRE-16045): V1: Undefined parameter name `val2'. {"history": "ExplorerRun.0", "point": 1, "testname": "memristor_array_test_inverter_1", "cornername": "Nominal"}
[2026-01-10 11:23:14.198 +0530] [ERROR] [cadence.virtuoso.ade.simulationMonitor] - Analysis `dc' was terminated prematurely due to an error. {"history": "ExplorerRun.0", "point": 1, "testname": "memristor_array_test_inverter_1", "cornername": "Nominal"}
[2026-01-10 11:23:14.199 +0530] [INFO] [cadence.virtuoso.ade.simulationMonitor] - Time used: CPU = 399 ms, elapsed = 1.13 s, util. = 35.3%. {"history": "ExplorerRun.0", "point": 1, "testname": "memristor_array_test_inverter_1", "cornername": "Nominal"}
[2026-01-10 11:23:14.199 +0530] [INFO] [cadence.virtuoso.ade.simulationMonitor] - Time spent in licensing: elapsed = 711 ms, percentage of total = 63%. {"history": "ExplorerRun.0", "point": 1, "testname": "memristor_array_test_inverter_1", "cornername": "Nominal"}
[2026-01-10 11:23:14.199 +0530] [INFO] [cadence.virtuoso.ade.simulationMonitor] - Peak memory used = 182 Mbytes. {"history": "ExplorerRun.0", "point": 1, "testname": "memristor_array_test_inverter_1", "cornername": "Nominal"}
[2026-01-10 11:23:14.199 +0530] [PROCESS] [cadence.virtuoso.ade.simulationMonitor] - Simulation started at: 11:23:12 AM, Sat Jan 10, 2026, ended at: 11:23:13 AM, Sat Jan 10, 2026, with elapsed time (wall clock): 1.13 s. {"history": "ExplorerRun.0", "point": 1, "testname": "memristor_array_test_inverter_1", "cornername": "Nominal"}
[2026-01-10 11:23:14.199 +0530] [PROCESS] [cadence.virtuoso.ade.simulationMonitor] - spectre completes with 1 error, 0 warnings, and 12 notices. {"history": "ExplorerRun.0", "point": 1, "testname": "memristor_array_test_inverter_1", "cornername": "Nominal"}
[2026-01-10 11:23:14.199 +0530] [PROCESS] [cadence.virtuoso.ade.simulationMonitor] - Finished simulating for one point {"hostname": "ece.nitk.edu.in", "processid": 197477, "history": "ExplorerRun.0", "testname": "memristor_array_test_inverter_1", "cornername": "Nominal", "point": 1, "logfile": "/home/rohit/project/logs_rohit/logs0/Job13.log", "simid": "6"}
[2026-01-10 11:23:14.199 +0530] [ERROR] [cadence.virtuoso.ade.simulationMonitor] - While simulating run ExplorerRun.0, point 1, test memristor_array_test_inverter_1, received error:
Simulation Error:
 The simulator process returned a non-zero exit code, indicating failure.
The simulator could have crashed or intentionally returned to indicate an error.
Check the simulator log file for more information.  Common causes:
1. Simulator may have crashed during exit even after reporting success in log file.
2. Abrupt automatic simulator termination (e.g., SIGKILL) because the simulator process ... {"history": "ExplorerRun.0", "point": 1, "testname": "memristor_array_test_inverter_1", "cornername": "Nominal"}
[2026-01-10 11:23:14.199 +0530] [PROCESS] [cadence.virtuoso.ade.simulationMonitor] - Finished Simulation {"hostname": "ece.nitk.edu.in", "processid": 197477, "history": "ExplorerRun.0", "testname": "memristor_array_test_inverter_1", "cornername": "Nominal", "point": 1, "logfile": "/home/rohit/project/logs_rohit/logs0/Job13.log", "simid": "6"}
[2026-01-10 11:23:16.705 +0530] [PROCESS] [cadence.virtuoso.ade.simulationMonitor] - Point Finished {"hostname": "ece.nitk.edu.in", "processid": 197477, "history": "ExplorerRun.0", "testname": "memristor_array_test_inverter_1", "cornername": "Nominal", "point": 1, "logfile": "/home/rohit/project/logs_rohit/logs0/Job13.log"}
[2026-01-10 11:23:17.758 +0530] [PROCESS] [cadence.virtuoso.ade.simulationMonitor] - Stay with the runId '6', Linger time '300', currentRunSyn '13', currentTestSyn '13' {"hostname": "ece.nitk.edu.in", "processid": 197477, "history": "ExplorerRun.0", "testname": "memristor_array_test_inverter_1", "cornername": "Nominal", "point": 1, "logfile": "/home/rohit/project/logs_rohit/logs0/Job13.log"}
[2026-01-10 11:23:18.760 +0530] [PROCESS] [cadence.virtuoso.ade.simulationMonitor] - Stay with the runId '6', Linger time '300', currentRunSyn '13', currentTestSyn '13' {"hostname": "ece.nitk.edu.in", "processid": 197477, "history": "ExplorerRun.0", "testname": "memristor_array_test_inverter_1", "cornername": "Nominal", "point": 1, "logfile": "/home/rohit/project/logs_rohit/logs0/Job13.log"}
[2026-01-10 11:23:19.762 +0530] [PROCESS] [cadence.virtuoso.ade.simulationMonitor] - Stay with the runId '6', Linger time '300', currentRunSyn '13', currentTestSyn '13' {"hostname": "ece.nitk.edu.in", "processid": 197477, "history": "ExplorerRun.0", "testname": "memristor_array_test_inverter_1", "cornername": "Nominal", "point": 1, "logfile": "/home/rohit/project/logs_rohit/logs0/Job13.log"}
[2026-01-10 11:23:20.765 +0530] [PROCESS] [cadence.virtuoso.ade.simulationMonitor] - Stay with the runId '6', Linger time '300', currentRunSyn '13', currentTestSyn '13' {"hostname": "ece.nitk.edu.in", "processid": 197477, "history": "ExplorerRun.0", "testname": "memristor_array_test_inverter_1", "cornername": "Nominal", "point": 1, "logfile": "/home/rohit/project/logs_rohit/logs0/Job13.log"}
[2026-01-10 11:25:14.312 +0530] [PROCESS] [cadence.virtuoso.ade.simulationMonitor] - get signal Terminated<15> from user:rohit, which pid:197475:/home/install/IC618/tools/bin/64bit/cdsServIpc {"hostname": "ece.nitk.edu.in", "processid": 197477, "history": "ExplorerRun.0", "testname": "memristor_array_test_inverter_1", "cornername": "Nominal", "point": 1, "logfile": "/home/rohit/project/logs_rohit/logs0/Job13.log", "signal": "15", "signalName": "Terminated", "which": "/home/install/IC618/tools/bin/64bit/cdsServIpc", "pid": "197475", "user": "rohit", "uid": "1107"}
[2026-01-10 11:25:14.312 +0530] [INFO] [cadence.virtuoso.ade.simulationMonitor] - SimulationMonitor has terminated the spectre process '200687', reason: 'simulationMonitor is handling signal 15' {"history": "ExplorerRun.0", "point": 1, "testname": "memristor_array_test_inverter_1", "cornername": "Nominal"}
[2026-01-10 11:25:14.813 +0530] [PROCESS] [cadence.virtuoso.ade.simulationMonitor] - Current memory used: 54.6523 MBytes, peak memory used: 54.6523 MBytes {"hostname": "ece.nitk.edu.in", "processid": 197477, "history": "ExplorerRun.0", "testname": "memristor_array_test_inverter_1", "cornername": "Nominal", "point": 1, "logfile": "/home/rohit/project/logs_rohit/logs0/Job13.log"}
[2026-01-10 11:25:14.813 +0530] [PROCESS] [cadence.virtuoso.ade.simulationMonitor] - Simulation Monitor process exit. {"hostname": "ece.nitk.edu.in", "processid": 197477, "history": "ExplorerRun.0", "testname": "memristor_array_test_inverter_1", "cornername": "Nominal", "point": 1, "logfile": "/home/rohit/project/logs_rohit/logs0/Job13.log"}
