[Simulation Monitor: 10]
[2026-01-17 12:03:00.671 +0530] [PROCESS] [cadence.virtuoso.ade.simulationMonitor] - Simulation Monitor has successfully started up. Trying to set up communication channels to other components ... {"hostname": "ece.nitk.edu.in", "processid": 1055757, "logfile": "/home/rohit/project/logs_rohit/logs0/Job10.log"}
[2026-01-17 12:03:00.672 +0530] [PROCESS] [cadence.virtuoso.ade.simulationMonitor] - Communication channels have been successfully set up. Start processing events ... {"hostname": "ece.nitk.edu.in", "processid": 1055757, "logfile": "/home/rohit/project/logs_rohit/logs0/Job10.log"}
[2026-01-17 12:03:00.672 +0530] [PROCESS] [cadence.virtuoso.ade.simulationMonitor] - Considering to start history {"hostname": "ece.nitk.edu.in", "processid": 1055757, "history": "ExplorerRun.0", "logfile": "/home/rohit/project/logs_rohit/logs0/Job10.log"}
[2026-01-17 12:03:00.673 +0530] [PROCESS] [cadence.virtuoso.ade.simulationMonitor] - HostInfo:
Host name (type):	ece.nitk.edu.in (x86_64)
Operating system:	Linux 4.18.0-425.3.1.el8.x86_64 #1 SMP Fri Sep 30 11:45:06 EDT 2022 {"hostname": "ece.nitk.edu.in", "processid": 1055757, "history": "ExplorerRun.0", "logfile": "/home/rohit/project/logs_rohit/logs0/Job10.log", "nodename": "ece.nitk.edu.in", "domainname": "(none)", "machine": "x86_64", "sysname": "Linux", "release": "4.18.0-425.3.1.el8.x86_64", "version": "#1 SMP Fri Sep 30 11:45:06 EDT 2022"}
[2026-01-17 12:03:00.673 +0530] [PROCESS] [cadence.virtuoso.ade.simulationMonitor] - UsageInfo:
pid=1055757
totalPhysicalMemory=93.835541GB,Used=15.716824GB,totalVirtualMemory=189.835537GB,Used=15.716824GB
Cpu: Cores=16, Load average:0.070000,0.040000,0.000000 {"hostname": "ece.nitk.edu.in", "processid": 1055757, "history": "ExplorerRun.0", "logfile": "/home/rohit/project/logs_rohit/logs0/Job10.log", "pid": "1055757", "totalPhysicalMemory": "93.835541", "physicalMemoryUsed": "15.716824", "totalVirtualMemory": "189.835537", "virtualMemoryUsed": "15.716824", "cpuCores": "16", "processes": "612", "loadAverage1": "0.070000", "loadAverage5": "0.040000", "loadAverage15": "0.000000", "loadAverage1Percent": "0.004375"}
[2026-01-17 12:03:00.674 +0530] [EVENT] [cadence.virtuoso.ade.simulationMonitor] - NewPoint {"history": "ExplorerRun.0", "point": 1, "testname": "mem_lib_m_array_v1_1", "cornername": "Nominal", "event": "NewPoint", "EventSource": "Simulation Monitor", "HistoryName": "ExplorerRun.0", "logFile": "/home/rohit/project/logs_rohit/logs0/Job10.log", "logFileSize": "2150"}
[2026-01-17 12:03:00.774 +0530] [EVENT] [cadence.virtuoso.ade.simulationMonitor] - NewPoint {"history": "ExplorerRun.0", "point": 1, "testname": "mem_lib_m_array_v1_1", "cornername": "Nominal", "event": "NewPoint", "EventSource": "spectre", "HistoryName": "ExplorerRun.0", "logFile": "/home/rohit/simulation/mem_lib/m_array_v1_maestro/maestro/results/maestro/ExplorerRun.0/1/mem_lib_m_array_v1_1/psf/spectre.out", "logFileSize": "-1"}
[2026-01-17 12:03:00.778 +0530] [PROCESS] [cadence.virtuoso.ade.simulationMonitor] - Simulator launched {"hostname": "ece.nitk.edu.in", "processid": 1055757, "history": "ExplorerRun.0", "testname": "mem_lib_m_array_v1_1", "cornername": "Nominal", "point": 1, "logfile": "/home/rohit/project/logs_rohit/logs0/Job10.log", "simid": "1"}
[2026-01-17 12:03:00.779 +0530] [PROCESS] [cadence.virtuoso.ade.simulationMonitor] - Expression evaluator launched {"hostname": "ece.nitk.edu.in", "processid": 1055757, "history": "ExplorerRun.0", "testname": "mem_lib_m_array_v1_1", "cornername": "Nominal", "point": 1, "logfile": "/home/rohit/project/logs_rohit/logs0/Job10.log"}
[2026-01-17 12:03:00.784 +0530] [PROCESS] [cadence.virtuoso.ade.simulationMonitor] - Started Simulation {"hostname": "ece.nitk.edu.in", "processid": 1055757, "history": "ExplorerRun.0", "testname": "mem_lib_m_array_v1_1", "cornername": "Nominal", "point": 1, "logfile": "/home/rohit/project/logs_rohit/logs0/Job10.log", "event": "started", "task": "simulation"}
[2026-01-17 12:03:16.885 +0530] [INFO] [cadence.virtuoso.ade.simulationMonitor] - Peak resident memory used = 158 Mbytes. {"history": "ExplorerRun.0", "point": 1, "testname": "mem_lib_m_array_v1_1", "cornername": "Nominal"}
[2026-01-17 12:03:16.886 +0530] [INFO] [cadence.virtuoso.ade.simulationMonitor] - Peak resident memory used = 169 Mbytes. {"history": "ExplorerRun.0", "point": 1, "testname": "mem_lib_m_array_v1_1", "cornername": "Nominal"}
[2026-01-17 12:03:16.886 +0530] [INFO] [cadence.virtuoso.ade.simulationMonitor] - Notice from spectre during hierarchy flattening.
    The value 'psf' specified for the 'checklimitdest' option will no longer be supported in future releases. Use 'spectre -h' to see other recommended values for the 'checklimitdest' option. {"history": "ExplorerRun.0", "point": 1, "testname": "mem_lib_m_array_v1_1", "cornername": "Nominal"}
[2026-01-17 12:03:16.886 +0530] [INFO] [cadence.virtuoso.ade.simulationMonitor] - Peak resident memory used = 170 Mbytes. {"history": "ExplorerRun.0", "point": 1, "testname": "mem_lib_m_array_v1_1", "cornername": "Nominal"}
[2026-01-17 12:03:16.886 +0530] [INFO] [cadence.virtuoso.ade.simulationMonitor] - Notice from spectre during initial setup.
    Multithreading is disabled due to the size of the design being too small. {"history": "ExplorerRun.0", "point": 1, "testname": "mem_lib_m_array_v1_1", "cornername": "Nominal"}
[2026-01-17 12:03:16.886 +0530] [INFO] [cadence.virtuoso.ade.simulationMonitor] -               nodes 41 {"history": "ExplorerRun.0", "point": 1, "testname": "mem_lib_m_array_v1_1", "cornername": "Nominal"}
[2026-01-17 12:03:16.886 +0530] [INFO] [cadence.virtuoso.ade.simulationMonitor] - Notice from spectre during initial setup.
    APS enabled. {"history": "ExplorerRun.0", "point": 1, "testname": "mem_lib_m_array_v1_1", "cornername": "Nominal"}
[2026-01-17 12:03:16.886 +0530] [INFO] [cadence.virtuoso.ade.simulationMonitor] - Peak resident memory used = 170 Mbytes. {"history": "ExplorerRun.0", "point": 1, "testname": "mem_lib_m_array_v1_1", "cornername": "Nominal"}
[2026-01-17 12:03:16.886 +0530] [INFO] [cadence.virtuoso.ade.simulationMonitor] -    -   (APS) Multi-threading. The recommended number of threads is 1, consider adding +mt=1 on command line. {"history": "ExplorerRun.0", "point": 1, "testname": "mem_lib_m_array_v1_1", "cornername": "Nominal"}
[2026-01-17 12:03:16.886 +0530] [INFO] [cadence.virtuoso.ade.simulationMonitor] - Notice from spectre during IC analysis, during transient analysis `tran'.
    GminDC = 1 pS is large enough to noticeably affect the DC solution.
        dV(net10) = -98.0711 mV
        Use the `gmin_check' option to eliminate or expand this report.
    Bad pivoting is found during DC analysis. Option dc_pivot_check=yes is recommended for possible improvement of convergence. {"history": "ExplorerRun.0", "point": 1, "testname": "mem_lib_m_array_v1_1", "cornername": "Nominal"}
[2026-01-17 12:03:16.886 +0530] [INFO] [cadence.virtuoso.ade.simulationMonitor] - Notice from spectre during transient analysis `tran'.
    Multithreading is disabled due to the size of the design being too small. {"history": "ExplorerRun.0", "point": 1, "testname": "mem_lib_m_array_v1_1", "cornername": "Nominal"}
[2026-01-17 12:03:16.886 +0530] [INFO] [cadence.virtuoso.ade.simulationMonitor] - Notice from spectre at time = 6.01113 ns during transient analysis `tran'.
    Found trapezoidal ringing on node M3.n1. {"history": "ExplorerRun.0", "point": 1, "testname": "mem_lib_m_array_v1_1", "cornername": "Nominal"}
[2026-01-17 12:03:16.886 +0530] [INFO] [cadence.virtuoso.ade.simulationMonitor] - Notice from spectre at time = 6.02129 ns during transient analysis `tran'.
    Found trapezoidal ringing on node M1.n1. {"history": "ExplorerRun.0", "point": 1, "testname": "mem_lib_m_array_v1_1", "cornername": "Nominal"}
[2026-01-17 12:03:16.886 +0530] [INFO] [cadence.virtuoso.ade.simulationMonitor] - Notice from spectre at time = 6.02172 ns during transient analysis `tran'.
    Found trapezoidal ringing on node M1.n1. {"history": "ExplorerRun.0", "point": 1, "testname": "mem_lib_m_array_v1_1", "cornername": "Nominal"}
[2026-01-17 12:03:16.886 +0530] [INFO] [cadence.virtuoso.ade.simulationMonitor] - Notice from spectre at time = 6.0226 ns during transient analysis `tran'.
    Found trapezoidal ringing on node M1.n1. {"history": "ExplorerRun.0", "point": 1, "testname": "mem_lib_m_array_v1_1", "cornername": "Nominal"}
[2026-01-17 12:03:16.886 +0530] [INFO] [cadence.virtuoso.ade.simulationMonitor] - Notice from spectre at time = 6.02435 ns during transient analysis `tran'.
    Found trapezoidal ringing on node M1.n1.
        Further occurrences of this notice will be suppressed. {"history": "ExplorerRun.0", "point": 1, "testname": "mem_lib_m_array_v1_1", "cornername": "Nominal"}
[2026-01-17 12:03:18.887 +0530] [INFO] [cadence.virtuoso.ade.simulationMonitor] - Notice from spectre during transient analysis `tran'.
    Trapezoidal ringing is detected during tran analysis.
        Please use method=trap for better results and performance. {"history": "ExplorerRun.0", "point": 1, "testname": "mem_lib_m_array_v1_1", "cornername": "Nominal"}
[2026-01-17 12:03:18.888 +0530] [INFO] [cadence.virtuoso.ade.simulationMonitor] - Total time required for tran analysis `tran': CPU = 2.04484 s, elapsed = 2.04992 s, util. = 99.8%. {"history": "ExplorerRun.0", "point": 1, "testname": "mem_lib_m_array_v1_1", "cornername": "Nominal"}
[2026-01-17 12:03:18.888 +0530] [INFO] [cadence.virtuoso.ade.simulationMonitor] - Peak resident memory used = 211 Mbytes. {"history": "ExplorerRun.0", "point": 1, "testname": "mem_lib_m_array_v1_1", "cornername": "Nominal"}
[2026-01-17 12:03:18.888 +0530] [INFO] [cadence.virtuoso.ade.simulationMonitor] - Notice from spectre.
    299 notices suppressed. {"history": "ExplorerRun.0", "point": 1, "testname": "mem_lib_m_array_v1_1", "cornername": "Nominal"}
[2026-01-17 12:03:18.888 +0530] [INFO] [cadence.virtuoso.ade.simulationMonitor] - Time used: CPU = 2.45 s, elapsed = 17.5 s, util. = 14%. {"history": "ExplorerRun.0", "point": 1, "testname": "mem_lib_m_array_v1_1", "cornername": "Nominal"}
[2026-01-17 12:03:18.888 +0530] [INFO] [cadence.virtuoso.ade.simulationMonitor] - Time spent in licensing: elapsed = 15.3 s, percentage of total = 87.5%. {"history": "ExplorerRun.0", "point": 1, "testname": "mem_lib_m_array_v1_1", "cornername": "Nominal"}
[2026-01-17 12:03:18.888 +0530] [INFO] [cadence.virtuoso.ade.simulationMonitor] - Peak memory used = 212 Mbytes. {"history": "ExplorerRun.0", "point": 1, "testname": "mem_lib_m_array_v1_1", "cornername": "Nominal"}
[2026-01-17 12:03:18.888 +0530] [PROCESS] [cadence.virtuoso.ade.simulationMonitor] - Simulation started at: 12:03:00 PM, Sat Jan 17, 2026, ended at: 12:03:18 PM, Sat Jan 17, 2026, with elapsed time (wall clock): 17.5 s. {"history": "ExplorerRun.0", "point": 1, "testname": "mem_lib_m_array_v1_1", "cornername": "Nominal"}
[2026-01-17 12:03:18.888 +0530] [PROCESS] [cadence.virtuoso.ade.simulationMonitor] - spectre completes with 0 errors, 0 warnings, and 14 notices. {"history": "ExplorerRun.0", "point": 1, "testname": "mem_lib_m_array_v1_1", "cornername": "Nominal"}
[2026-01-17 12:03:18.888 +0530] [PROCESS] [cadence.virtuoso.ade.simulationMonitor] - Finished simulating for one point {"hostname": "ece.nitk.edu.in", "processid": 1055757, "history": "ExplorerRun.0", "testname": "mem_lib_m_array_v1_1", "cornername": "Nominal", "point": 1, "logfile": "/home/rohit/project/logs_rohit/logs0/Job10.log", "simid": "1"}
[2026-01-17 12:03:18.888 +0530] [PROCESS] [cadence.virtuoso.ade.simulationMonitor] - Simulator exited {"hostname": "ece.nitk.edu.in", "processid": 1055757, "history": "ExplorerRun.0", "testname": "mem_lib_m_array_v1_1", "cornername": "Nominal", "point": 1, "logfile": "/home/rohit/project/logs_rohit/logs0/Job10.log", "exitStatus": "0"}
[2026-01-17 12:03:18.888 +0530] [PROCESS] [cadence.virtuoso.ade.simulationMonitor] - Finished Simulation {"hostname": "ece.nitk.edu.in", "processid": 1055757, "history": "ExplorerRun.0", "testname": "mem_lib_m_array_v1_1", "cornername": "Nominal", "point": 1, "logfile": "/home/rohit/project/logs_rohit/logs0/Job10.log", "simid": "1"}
[2026-01-17 12:03:19.894 +0530] [PROCESS] [cadence.virtuoso.ade.simulationMonitor] - Point Finished {"hostname": "ece.nitk.edu.in", "processid": 1055757, "history": "ExplorerRun.0", "testname": "mem_lib_m_array_v1_1", "cornername": "Nominal", "point": 1, "logfile": "/home/rohit/project/logs_rohit/logs0/Job10.log"}
[2026-01-17 12:03:19.944 +0530] [PROCESS] [cadence.virtuoso.ade.simulationMonitor] - Padding test token found for runId '16', Linger time '300', currentRunSyn '31', currentTestSyn '31' {"hostname": "ece.nitk.edu.in", "processid": 1055757, "history": "ExplorerRun.0", "testname": "mem_lib_m_array_v1_1", "cornername": "Nominal", "point": 1, "logfile": "/home/rohit/project/logs_rohit/logs0/Job10.log"}
[2026-01-17 12:03:20.947 +0530] [PROCESS] [cadence.virtuoso.ade.simulationMonitor] - Padding test token found for runId '16', Linger time '300', currentRunSyn '31', currentTestSyn '31' {"hostname": "ece.nitk.edu.in", "processid": 1055757, "history": "ExplorerRun.0", "testname": "mem_lib_m_array_v1_1", "cornername": "Nominal", "point": 1, "logfile": "/home/rohit/project/logs_rohit/logs0/Job10.log"}
[2026-01-17 12:03:20.947 +0530] [PROCESS] [cadence.virtuoso.ade.simulationMonitor] - Stay with the runId '16', Linger time '300', currentRunSyn '31', currentTestSyn '31' {"hostname": "ece.nitk.edu.in", "processid": 1055757, "history": "ExplorerRun.0", "testname": "mem_lib_m_array_v1_1", "cornername": "Nominal", "point": 1, "logfile": "/home/rohit/project/logs_rohit/logs0/Job10.log"}
[2026-01-17 12:03:21.950 +0530] [PROCESS] [cadence.virtuoso.ade.simulationMonitor] - Padding test token found for runId '16', Linger time '300', currentRunSyn '31', currentTestSyn '31' {"hostname": "ece.nitk.edu.in", "processid": 1055757, "history": "ExplorerRun.0", "testname": "mem_lib_m_array_v1_1", "cornername": "Nominal", "point": 1, "logfile": "/home/rohit/project/logs_rohit/logs0/Job10.log"}
[2026-01-17 12:03:21.950 +0530] [PROCESS] [cadence.virtuoso.ade.simulationMonitor] - Stay with the runId '16', Linger time '300', currentRunSyn '31', currentTestSyn '31' {"hostname": "ece.nitk.edu.in", "processid": 1055757, "history": "ExplorerRun.0", "testname": "mem_lib_m_array_v1_1", "cornername": "Nominal", "point": 1, "logfile": "/home/rohit/project/logs_rohit/logs0/Job10.log"}
[2026-01-17 12:03:22.952 +0530] [PROCESS] [cadence.virtuoso.ade.simulationMonitor] - Padding test token found for runId '16', Linger time '300', currentRunSyn '31', currentTestSyn '31' {"hostname": "ece.nitk.edu.in", "processid": 1055757, "history": "ExplorerRun.0", "testname": "mem_lib_m_array_v1_1", "cornername": "Nominal", "point": 1, "logfile": "/home/rohit/project/logs_rohit/logs0/Job10.log"}
[2026-01-17 12:03:22.953 +0530] [PROCESS] [cadence.virtuoso.ade.simulationMonitor] - Stay with the runId '16', Linger time '300', currentRunSyn '31', currentTestSyn '31' {"hostname": "ece.nitk.edu.in", "processid": 1055757, "history": "ExplorerRun.0", "testname": "mem_lib_m_array_v1_1", "cornername": "Nominal", "point": 1, "logfile": "/home/rohit/project/logs_rohit/logs0/Job10.log"}
[2026-01-17 12:08:20.091 +0530] [PROCESS] [cadence.virtuoso.ade.simulationMonitor] - Current memory used: 54.1172 MBytes, peak memory used: 54.1172 MBytes {"hostname": "ece.nitk.edu.in", "processid": 1055757, "history": "ExplorerRun.0", "testname": "mem_lib_m_array_v1_1", "cornername": "Nominal", "point": 1, "logfile": "/home/rohit/project/logs_rohit/logs0/Job10.log"}
[2026-01-17 12:08:20.091 +0530] [PROCESS] [cadence.virtuoso.ade.simulationMonitor] - Simulation Monitor process exit. {"hostname": "ece.nitk.edu.in", "processid": 1055757, "history": "ExplorerRun.0", "testname": "mem_lib_m_array_v1_1", "cornername": "Nominal", "point": 1, "logfile": "/home/rohit/project/logs_rohit/logs0/Job10.log"}
