[Simulation Monitor: 11]
[2026-01-17 12:12:00.561 +0530] [PROCESS] [cadence.virtuoso.ade.simulationMonitor] - Simulation Monitor has successfully started up. Trying to set up communication channels to other components ... {"hostname": "ece.nitk.edu.in", "processid": 1057388, "logfile": "/home/rohit/project/logs_rohit/logs0/Job11.log"}
[2026-01-17 12:12:00.562 +0530] [PROCESS] [cadence.virtuoso.ade.simulationMonitor] - Communication channels have been successfully set up. Start processing events ... {"hostname": "ece.nitk.edu.in", "processid": 1057388, "logfile": "/home/rohit/project/logs_rohit/logs0/Job11.log"}
[2026-01-17 12:12:00.562 +0530] [PROCESS] [cadence.virtuoso.ade.simulationMonitor] - Considering to start history {"hostname": "ece.nitk.edu.in", "processid": 1057388, "history": "ExplorerRun.0", "logfile": "/home/rohit/project/logs_rohit/logs0/Job11.log"}
[2026-01-17 12:12:00.563 +0530] [PROCESS] [cadence.virtuoso.ade.simulationMonitor] - HostInfo:
Host name (type):	ece.nitk.edu.in (x86_64)
Operating system:	Linux 4.18.0-425.3.1.el8.x86_64 #1 SMP Fri Sep 30 11:45:06 EDT 2022 {"hostname": "ece.nitk.edu.in", "processid": 1057388, "history": "ExplorerRun.0", "logfile": "/home/rohit/project/logs_rohit/logs0/Job11.log", "nodename": "ece.nitk.edu.in", "domainname": "(none)", "machine": "x86_64", "sysname": "Linux", "release": "4.18.0-425.3.1.el8.x86_64", "version": "#1 SMP Fri Sep 30 11:45:06 EDT 2022"}
[2026-01-17 12:12:00.563 +0530] [PROCESS] [cadence.virtuoso.ade.simulationMonitor] - UsageInfo:
pid=1057388
totalPhysicalMemory=93.835541GB,Used=15.723286GB,totalVirtualMemory=189.835537GB,Used=15.723286GB
Cpu: Cores=16, Load average:0.150000,0.080000,0.030000 {"hostname": "ece.nitk.edu.in", "processid": 1057388, "history": "ExplorerRun.0", "logfile": "/home/rohit/project/logs_rohit/logs0/Job11.log", "pid": "1057388", "totalPhysicalMemory": "93.835541", "physicalMemoryUsed": "15.723286", "totalVirtualMemory": "189.835537", "virtualMemoryUsed": "15.723286", "cpuCores": "16", "processes": "595", "loadAverage1": "0.150000", "loadAverage5": "0.080000", "loadAverage15": "0.030000", "loadAverage1Percent": "0.009375"}
[2026-01-17 12:12:00.564 +0530] [EVENT] [cadence.virtuoso.ade.simulationMonitor] - NewPoint {"history": "ExplorerRun.0", "point": 1, "testname": "mem_lib_m_array_v1_1", "cornername": "Nominal", "event": "NewPoint", "EventSource": "Simulation Monitor", "HistoryName": "ExplorerRun.0", "logFile": "/home/rohit/project/logs_rohit/logs0/Job11.log", "logFileSize": "2150"}
[2026-01-17 12:12:00.664 +0530] [EVENT] [cadence.virtuoso.ade.simulationMonitor] - NewPoint {"history": "ExplorerRun.0", "point": 1, "testname": "mem_lib_m_array_v1_1", "cornername": "Nominal", "event": "NewPoint", "EventSource": "spectre", "HistoryName": "ExplorerRun.0", "logFile": "/home/rohit/simulation/mem_lib/m_array_v1_maestro/maestro/results/maestro/ExplorerRun.0/1/mem_lib_m_array_v1_1/psf/spectre.out", "logFileSize": "-1"}
[2026-01-17 12:12:00.668 +0530] [PROCESS] [cadence.virtuoso.ade.simulationMonitor] - Simulator launched {"hostname": "ece.nitk.edu.in", "processid": 1057388, "history": "ExplorerRun.0", "testname": "mem_lib_m_array_v1_1", "cornername": "Nominal", "point": 1, "logfile": "/home/rohit/project/logs_rohit/logs0/Job11.log", "simid": "1"}
[2026-01-17 12:12:00.669 +0530] [PROCESS] [cadence.virtuoso.ade.simulationMonitor] - Expression evaluator launched {"hostname": "ece.nitk.edu.in", "processid": 1057388, "history": "ExplorerRun.0", "testname": "mem_lib_m_array_v1_1", "cornername": "Nominal", "point": 1, "logfile": "/home/rohit/project/logs_rohit/logs0/Job11.log"}
[2026-01-17 12:12:00.674 +0530] [PROCESS] [cadence.virtuoso.ade.simulationMonitor] - Started Simulation {"hostname": "ece.nitk.edu.in", "processid": 1057388, "history": "ExplorerRun.0", "testname": "mem_lib_m_array_v1_1", "cornername": "Nominal", "point": 1, "logfile": "/home/rohit/project/logs_rohit/logs0/Job11.log", "event": "started", "task": "simulation"}
[2026-01-17 12:12:57.506 +0530] [INFO] [cadence.virtuoso.ade.simulationMonitor] - Peak resident memory used = 154 Mbytes. {"history": "ExplorerRun.0", "point": 1, "testname": "mem_lib_m_array_v1_1", "cornername": "Nominal"}
[2026-01-17 12:12:57.507 +0530] [INFO] [cadence.virtuoso.ade.simulationMonitor] - Peak resident memory used = 165 Mbytes. {"history": "ExplorerRun.0", "point": 1, "testname": "mem_lib_m_array_v1_1", "cornername": "Nominal"}
[2026-01-17 12:12:57.507 +0530] [INFO] [cadence.virtuoso.ade.simulationMonitor] - Notice from spectre during hierarchy flattening.
    The value 'psf' specified for the 'checklimitdest' option will no longer be supported in future releases. Use 'spectre -h' to see other recommended values for the 'checklimitdest' option. {"history": "ExplorerRun.0", "point": 1, "testname": "mem_lib_m_array_v1_1", "cornername": "Nominal"}
[2026-01-17 12:12:57.507 +0530] [INFO] [cadence.virtuoso.ade.simulationMonitor] - Peak resident memory used = 166 Mbytes. {"history": "ExplorerRun.0", "point": 1, "testname": "mem_lib_m_array_v1_1", "cornername": "Nominal"}
[2026-01-17 12:12:57.507 +0530] [INFO] [cadence.virtuoso.ade.simulationMonitor] - Notice from spectre during initial setup.
    Multithreading is disabled due to the size of the design being too small. {"history": "ExplorerRun.0", "point": 1, "testname": "mem_lib_m_array_v1_1", "cornername": "Nominal"}
[2026-01-17 12:12:57.507 +0530] [INFO] [cadence.virtuoso.ade.simulationMonitor] -               nodes 41 {"history": "ExplorerRun.0", "point": 1, "testname": "mem_lib_m_array_v1_1", "cornername": "Nominal"}
[2026-01-17 12:12:57.507 +0530] [INFO] [cadence.virtuoso.ade.simulationMonitor] - Notice from spectre during initial setup.
    APS enabled. {"history": "ExplorerRun.0", "point": 1, "testname": "mem_lib_m_array_v1_1", "cornername": "Nominal"}
[2026-01-17 12:12:57.507 +0530] [INFO] [cadence.virtuoso.ade.simulationMonitor] - Peak resident memory used = 166 Mbytes. {"history": "ExplorerRun.0", "point": 1, "testname": "mem_lib_m_array_v1_1", "cornername": "Nominal"}
[2026-01-17 12:12:57.507 +0530] [INFO] [cadence.virtuoso.ade.simulationMonitor] -    -   (APS) Multi-threading. The recommended number of threads is 1, consider adding +mt=1 on command line. {"history": "ExplorerRun.0", "point": 1, "testname": "mem_lib_m_array_v1_1", "cornername": "Nominal"}
[2026-01-17 12:12:57.507 +0530] [INFO] [cadence.virtuoso.ade.simulationMonitor] - Notice from spectre during IC analysis, during transient analysis `tran'.
    GminDC = 1 pS is large enough to noticeably affect the DC solution.
        dV(net10) = -98.0711 mV
        Use the `gmin_check' option to eliminate or expand this report.
    Bad pivoting is found during DC analysis. Option dc_pivot_check=yes is recommended for possible improvement of convergence. {"history": "ExplorerRun.0", "point": 1, "testname": "mem_lib_m_array_v1_1", "cornername": "Nominal"}
[2026-01-17 12:12:57.507 +0530] [INFO] [cadence.virtuoso.ade.simulationMonitor] - Notice from spectre during transient analysis `tran'.
    Multithreading is disabled due to the size of the design being too small. {"history": "ExplorerRun.0", "point": 1, "testname": "mem_lib_m_array_v1_1", "cornername": "Nominal"}
[2026-01-17 12:12:57.507 +0530] [INFO] [cadence.virtuoso.ade.simulationMonitor] - Notice from spectre at time = 8.01186 ns during transient analysis `tran'.
    Found trapezoidal ringing on node M5.n1. {"history": "ExplorerRun.0", "point": 1, "testname": "mem_lib_m_array_v1_1", "cornername": "Nominal"}
[2026-01-17 12:12:57.507 +0530] [INFO] [cadence.virtuoso.ade.simulationMonitor] - Notice from spectre at time = 8.01239 ns during transient analysis `tran'.
    Found trapezoidal ringing on node M5.n1. {"history": "ExplorerRun.0", "point": 1, "testname": "mem_lib_m_array_v1_1", "cornername": "Nominal"}
[2026-01-17 12:12:57.507 +0530] [INFO] [cadence.virtuoso.ade.simulationMonitor] - Notice from spectre at time = 8.41409 ns during transient analysis `tran'.
    Found trapezoidal ringing on node I8.M4.n1. {"history": "ExplorerRun.0", "point": 1, "testname": "mem_lib_m_array_v1_1", "cornername": "Nominal"}
[2026-01-17 12:12:57.507 +0530] [INFO] [cadence.virtuoso.ade.simulationMonitor] - Notice from spectre at time = 8.41603 ns during transient analysis `tran'.
    Found trapezoidal ringing on node I8.M4.n1. {"history": "ExplorerRun.0", "point": 1, "testname": "mem_lib_m_array_v1_1", "cornername": "Nominal"}
[2026-01-17 12:12:57.507 +0530] [INFO] [cadence.virtuoso.ade.simulationMonitor] - Notice from spectre at time = 18.012 ns during transient analysis `tran'.
    Found trapezoidal ringing on node M5.n1.
        Further occurrences of this notice will be suppressed. {"history": "ExplorerRun.0", "point": 1, "testname": "mem_lib_m_array_v1_1", "cornername": "Nominal"}
[2026-01-17 12:12:59.508 +0530] [INFO] [cadence.virtuoso.ade.simulationMonitor] - Notice from spectre during transient analysis `tran'.
    Trapezoidal ringing is detected during tran analysis.
        Please use method=trap for better results and performance. {"history": "ExplorerRun.0", "point": 1, "testname": "mem_lib_m_array_v1_1", "cornername": "Nominal"}
[2026-01-17 12:12:59.508 +0530] [INFO] [cadence.virtuoso.ade.simulationMonitor] - Total time required for tran analysis `tran': CPU = 2.03079 s, elapsed = 2.03583 s, util. = 99.8%. {"history": "ExplorerRun.0", "point": 1, "testname": "mem_lib_m_array_v1_1", "cornername": "Nominal"}
[2026-01-17 12:12:59.508 +0530] [INFO] [cadence.virtuoso.ade.simulationMonitor] - Peak resident memory used = 205 Mbytes. {"history": "ExplorerRun.0", "point": 1, "testname": "mem_lib_m_array_v1_1", "cornername": "Nominal"}
[2026-01-17 12:12:59.509 +0530] [INFO] [cadence.virtuoso.ade.simulationMonitor] - Notice from spectre.
    151 notices suppressed. {"history": "ExplorerRun.0", "point": 1, "testname": "mem_lib_m_array_v1_1", "cornername": "Nominal"}
[2026-01-17 12:12:59.509 +0530] [INFO] [cadence.virtuoso.ade.simulationMonitor] - Time used: CPU = 2.45 s, elapsed = 58.4 s, util. = 4.19%. {"history": "ExplorerRun.0", "point": 1, "testname": "mem_lib_m_array_v1_1", "cornername": "Nominal"}
[2026-01-17 12:12:59.509 +0530] [INFO] [cadence.virtuoso.ade.simulationMonitor] - Time spent in licensing: elapsed = 55.9 s, percentage of total = 95.7%. {"history": "ExplorerRun.0", "point": 1, "testname": "mem_lib_m_array_v1_1", "cornername": "Nominal"}
[2026-01-17 12:12:59.509 +0530] [INFO] [cadence.virtuoso.ade.simulationMonitor] - Peak memory used = 207 Mbytes. {"history": "ExplorerRun.0", "point": 1, "testname": "mem_lib_m_array_v1_1", "cornername": "Nominal"}
[2026-01-17 12:12:59.509 +0530] [PROCESS] [cadence.virtuoso.ade.simulationMonitor] - Simulation started at: 12:12:00 PM, Sat Jan 17, 2026, ended at: 12:12:59 PM, Sat Jan 17, 2026, with elapsed time (wall clock): 58.4 s. {"history": "ExplorerRun.0", "point": 1, "testname": "mem_lib_m_array_v1_1", "cornername": "Nominal"}
[2026-01-17 12:12:59.509 +0530] [PROCESS] [cadence.virtuoso.ade.simulationMonitor] - spectre completes with 0 errors, 0 warnings, and 14 notices. {"history": "ExplorerRun.0", "point": 1, "testname": "mem_lib_m_array_v1_1", "cornername": "Nominal"}
[2026-01-17 12:13:07.072 +0530] [PROCESS] [cadence.virtuoso.ade.simulationMonitor] - Finished simulating for one point {"hostname": "ece.nitk.edu.in", "processid": 1057388, "history": "ExplorerRun.0", "testname": "mem_lib_m_array_v1_1", "cornername": "Nominal", "point": 1, "logfile": "/home/rohit/project/logs_rohit/logs0/Job11.log", "simid": "1"}
[2026-01-17 12:13:07.072 +0530] [PROCESS] [cadence.virtuoso.ade.simulationMonitor] - Simulator exited {"hostname": "ece.nitk.edu.in", "processid": 1057388, "history": "ExplorerRun.0", "testname": "mem_lib_m_array_v1_1", "cornername": "Nominal", "point": 1, "logfile": "/home/rohit/project/logs_rohit/logs0/Job11.log", "exitStatus": "0"}
[2026-01-17 12:13:07.073 +0530] [PROCESS] [cadence.virtuoso.ade.simulationMonitor] - Finished Simulation {"hostname": "ece.nitk.edu.in", "processid": 1057388, "history": "ExplorerRun.0", "testname": "mem_lib_m_array_v1_1", "cornername": "Nominal", "point": 1, "logfile": "/home/rohit/project/logs_rohit/logs0/Job11.log", "simid": "1"}
[2026-01-17 12:13:08.079 +0530] [PROCESS] [cadence.virtuoso.ade.simulationMonitor] - Point Finished {"hostname": "ece.nitk.edu.in", "processid": 1057388, "history": "ExplorerRun.0", "testname": "mem_lib_m_array_v1_1", "cornername": "Nominal", "point": 1, "logfile": "/home/rohit/project/logs_rohit/logs0/Job11.log"}
[2026-01-17 12:13:08.130 +0530] [PROCESS] [cadence.virtuoso.ade.simulationMonitor] - Padding test token found for runId '17', Linger time '300', currentRunSyn '33', currentTestSyn '33' {"hostname": "ece.nitk.edu.in", "processid": 1057388, "history": "ExplorerRun.0", "testname": "mem_lib_m_array_v1_1", "cornername": "Nominal", "point": 1, "logfile": "/home/rohit/project/logs_rohit/logs0/Job11.log"}
[2026-01-17 12:13:09.133 +0530] [PROCESS] [cadence.virtuoso.ade.simulationMonitor] - Padding test token found for runId '17', Linger time '300', currentRunSyn '33', currentTestSyn '33' {"hostname": "ece.nitk.edu.in", "processid": 1057388, "history": "ExplorerRun.0", "testname": "mem_lib_m_array_v1_1", "cornername": "Nominal", "point": 1, "logfile": "/home/rohit/project/logs_rohit/logs0/Job11.log"}
[2026-01-17 12:13:09.134 +0530] [PROCESS] [cadence.virtuoso.ade.simulationMonitor] - Stay with the runId '17', Linger time '300', currentRunSyn '33', currentTestSyn '33' {"hostname": "ece.nitk.edu.in", "processid": 1057388, "history": "ExplorerRun.0", "testname": "mem_lib_m_array_v1_1", "cornername": "Nominal", "point": 1, "logfile": "/home/rohit/project/logs_rohit/logs0/Job11.log"}
[2026-01-17 12:13:10.136 +0530] [PROCESS] [cadence.virtuoso.ade.simulationMonitor] - Padding test token found for runId '17', Linger time '300', currentRunSyn '33', currentTestSyn '33' {"hostname": "ece.nitk.edu.in", "processid": 1057388, "history": "ExplorerRun.0", "testname": "mem_lib_m_array_v1_1", "cornername": "Nominal", "point": 1, "logfile": "/home/rohit/project/logs_rohit/logs0/Job11.log"}
[2026-01-17 12:13:10.137 +0530] [PROCESS] [cadence.virtuoso.ade.simulationMonitor] - Stay with the runId '17', Linger time '300', currentRunSyn '33', currentTestSyn '33' {"hostname": "ece.nitk.edu.in", "processid": 1057388, "history": "ExplorerRun.0", "testname": "mem_lib_m_array_v1_1", "cornername": "Nominal", "point": 1, "logfile": "/home/rohit/project/logs_rohit/logs0/Job11.log"}
[2026-01-17 12:13:11.139 +0530] [PROCESS] [cadence.virtuoso.ade.simulationMonitor] - Padding test token found for runId '17', Linger time '300', currentRunSyn '33', currentTestSyn '33' {"hostname": "ece.nitk.edu.in", "processid": 1057388, "history": "ExplorerRun.0", "testname": "mem_lib_m_array_v1_1", "cornername": "Nominal", "point": 1, "logfile": "/home/rohit/project/logs_rohit/logs0/Job11.log"}
[2026-01-17 12:13:11.139 +0530] [PROCESS] [cadence.virtuoso.ade.simulationMonitor] - Stay with the runId '17', Linger time '300', currentRunSyn '33', currentTestSyn '33' {"hostname": "ece.nitk.edu.in", "processid": 1057388, "history": "ExplorerRun.0", "testname": "mem_lib_m_array_v1_1", "cornername": "Nominal", "point": 1, "logfile": "/home/rohit/project/logs_rohit/logs0/Job11.log"}
[2026-01-17 12:15:32.258 +0530] [INFO] [cadence.virtuoso.ade.simulationMonitor] - SimulationMonitor has terminated the vds process '1057475', reason: 'Force to stop the expression evalutor process because of new run' {"history": "ExplorerRun.0", "point": 1, "testname": "mem_lib_m_array_v1_1", "cornername": "Nominal"}
[2026-01-17 12:15:32.259 +0530] [PROCESS] [cadence.virtuoso.ade.simulationMonitor] - HostInfo:
Host name (type):	ece.nitk.edu.in (x86_64)
Operating system:	Linux 4.18.0-425.3.1.el8.x86_64 #1 SMP Fri Sep 30 11:45:06 EDT 2022 {"hostname": "ece.nitk.edu.in", "processid": 1057388, "history": "ExplorerRun.0", "testname": "mem_lib_m_array_v1_1", "cornername": "Nominal", "point": 1, "logfile": "/home/rohit/project/logs_rohit/logs0/Job11.log", "nodename": "ece.nitk.edu.in", "domainname": "(none)", "machine": "x86_64", "sysname": "Linux", "release": "4.18.0-425.3.1.el8.x86_64", "version": "#1 SMP Fri Sep 30 11:45:06 EDT 2022"}
[2026-01-17 12:15:32.259 +0530] [PROCESS] [cadence.virtuoso.ade.simulationMonitor] - UsageInfo:
pid=1057388
totalPhysicalMemory=93.835541GB,Used=15.721443GB,totalVirtualMemory=189.835537GB,Used=15.721443GB
Cpu: Cores=16, Load average:0.070000,0.110000,0.050000 {"hostname": "ece.nitk.edu.in", "processid": 1057388, "history": "ExplorerRun.0", "testname": "mem_lib_m_array_v1_1", "cornername": "Nominal", "point": 1, "logfile": "/home/rohit/project/logs_rohit/logs0/Job11.log", "pid": "1057388", "totalPhysicalMemory": "93.835541", "physicalMemoryUsed": "15.721443", "totalVirtualMemory": "189.835537", "virtualMemoryUsed": "15.721443", "cpuCores": "16", "processes": "592", "loadAverage1": "0.070000", "loadAverage5": "0.110000", "loadAverage15": "0.050000", "loadAverage1Percent": "0.004375"}
[2026-01-17 12:15:32.259 +0530] [EVENT] [cadence.virtuoso.ade.simulationMonitor] - NewPoint {"history": "ExplorerRun.0", "point": 1, "testname": "mem_lib_m_array_v1_1", "cornername": "Nominal", "event": "NewPoint", "EventSource": "Simulation Monitor", "HistoryName": "ExplorerRun.0", "logFile": "/home/rohit/project/logs_rohit/logs0/Job11.log", "logFileSize": "17038"}
[2026-01-17 12:15:32.359 +0530] [EVENT] [cadence.virtuoso.ade.simulationMonitor] - NewPoint {"history": "ExplorerRun.0", "point": 1, "testname": "mem_lib_m_array_v1_1", "cornername": "Nominal", "event": "NewPoint", "EventSource": "spectre", "HistoryName": "ExplorerRun.0", "logFile": "/home/rohit/simulation/mem_lib/m_array_v1_maestro/maestro/results/maestro/ExplorerRun.0/1/mem_lib_m_array_v1_1/psf/spectre.out", "logFileSize": "-1"}
[2026-01-17 12:15:32.363 +0530] [PROCESS] [cadence.virtuoso.ade.simulationMonitor] - Simulator launched {"hostname": "ece.nitk.edu.in", "processid": 1057388, "history": "ExplorerRun.0", "testname": "mem_lib_m_array_v1_1", "cornername": "Nominal", "point": 1, "logfile": "/home/rohit/project/logs_rohit/logs0/Job11.log", "simid": "2"}
[2026-01-17 12:15:32.364 +0530] [PROCESS] [cadence.virtuoso.ade.simulationMonitor] - Expression evaluator launched {"hostname": "ece.nitk.edu.in", "processid": 1057388, "history": "ExplorerRun.0", "testname": "mem_lib_m_array_v1_1", "cornername": "Nominal", "point": 1, "logfile": "/home/rohit/project/logs_rohit/logs0/Job11.log"}
[2026-01-17 12:15:32.369 +0530] [PROCESS] [cadence.virtuoso.ade.simulationMonitor] - Started Simulation {"hostname": "ece.nitk.edu.in", "processid": 1057388, "history": "ExplorerRun.0", "testname": "mem_lib_m_array_v1_1", "cornername": "Nominal", "point": 1, "logfile": "/home/rohit/project/logs_rohit/logs0/Job11.log", "event": "started", "task": "simulation"}
[2026-01-17 12:15:42.437 +0530] [INFO] [cadence.virtuoso.ade.simulationMonitor] - Peak resident memory used = 158 Mbytes. {"history": "ExplorerRun.0", "point": 1, "testname": "mem_lib_m_array_v1_1", "cornername": "Nominal"}
[2026-01-17 12:15:42.438 +0530] [INFO] [cadence.virtuoso.ade.simulationMonitor] - Peak resident memory used = 169 Mbytes. {"history": "ExplorerRun.0", "point": 1, "testname": "mem_lib_m_array_v1_1", "cornername": "Nominal"}
[2026-01-17 12:15:42.438 +0530] [INFO] [cadence.virtuoso.ade.simulationMonitor] - Notice from spectre during hierarchy flattening.
    The value 'psf' specified for the 'checklimitdest' option will no longer be supported in future releases. Use 'spectre -h' to see other recommended values for the 'checklimitdest' option. {"history": "ExplorerRun.0", "point": 1, "testname": "mem_lib_m_array_v1_1", "cornername": "Nominal"}
[2026-01-17 12:15:42.438 +0530] [INFO] [cadence.virtuoso.ade.simulationMonitor] - Peak resident memory used = 170 Mbytes. {"history": "ExplorerRun.0", "point": 1, "testname": "mem_lib_m_array_v1_1", "cornername": "Nominal"}
[2026-01-17 12:15:42.438 +0530] [INFO] [cadence.virtuoso.ade.simulationMonitor] - Notice from spectre during initial setup.
    Multithreading is disabled due to the size of the design being too small. {"history": "ExplorerRun.0", "point": 1, "testname": "mem_lib_m_array_v1_1", "cornername": "Nominal"}
[2026-01-17 12:15:42.438 +0530] [INFO] [cadence.virtuoso.ade.simulationMonitor] -               nodes 41 {"history": "ExplorerRun.0", "point": 1, "testname": "mem_lib_m_array_v1_1", "cornername": "Nominal"}
[2026-01-17 12:15:42.438 +0530] [INFO] [cadence.virtuoso.ade.simulationMonitor] - Notice from spectre during initial setup.
    APS enabled. {"history": "ExplorerRun.0", "point": 1, "testname": "mem_lib_m_array_v1_1", "cornername": "Nominal"}
[2026-01-17 12:15:42.438 +0530] [INFO] [cadence.virtuoso.ade.simulationMonitor] - Peak resident memory used = 170 Mbytes. {"history": "ExplorerRun.0", "point": 1, "testname": "mem_lib_m_array_v1_1", "cornername": "Nominal"}
[2026-01-17 12:15:42.438 +0530] [INFO] [cadence.virtuoso.ade.simulationMonitor] -    -   (APS) Multi-threading. The recommended number of threads is 1, consider adding +mt=1 on command line. {"history": "ExplorerRun.0", "point": 1, "testname": "mem_lib_m_array_v1_1", "cornername": "Nominal"}
[2026-01-17 12:15:42.438 +0530] [INFO] [cadence.virtuoso.ade.simulationMonitor] - Notice from spectre during IC analysis, during transient analysis `tran'.
    GminDC = 1 pS is large enough to noticeably affect the DC solution.
        dV(net10) = -98.0711 mV
        Use the `gmin_check' option to eliminate or expand this report.
    Bad pivoting is found during DC analysis. Option dc_pivot_check=yes is recommended for possible improvement of convergence. {"history": "ExplorerRun.0", "point": 1, "testname": "mem_lib_m_array_v1_1", "cornername": "Nominal"}
[2026-01-17 12:15:42.438 +0530] [INFO] [cadence.virtuoso.ade.simulationMonitor] - Notice from spectre during transient analysis `tran'.
    Multithreading is disabled due to the size of the design being too small. {"history": "ExplorerRun.0", "point": 1, "testname": "mem_lib_m_array_v1_1", "cornername": "Nominal"}
[2026-01-17 12:15:42.438 +0530] [INFO] [cadence.virtuoso.ade.simulationMonitor] - Notice from spectre at time = 2.01129 ns during transient analysis `tran'.
    Found trapezoidal ringing on node M5.n1. {"history": "ExplorerRun.0", "point": 1, "testname": "mem_lib_m_array_v1_1", "cornername": "Nominal"}
[2026-01-17 12:15:42.438 +0530] [INFO] [cadence.virtuoso.ade.simulationMonitor] - Notice from spectre at time = 4.0113 ns during transient analysis `tran'.
    Found trapezoidal ringing on node M5.n1. {"history": "ExplorerRun.0", "point": 1, "testname": "mem_lib_m_array_v1_1", "cornername": "Nominal"}
[2026-01-17 12:15:42.438 +0530] [INFO] [cadence.virtuoso.ade.simulationMonitor] - Notice from spectre at time = 8.4144 ns during transient analysis `tran'.
    Found trapezoidal ringing on node I8.M4.n1. {"history": "ExplorerRun.0", "point": 1, "testname": "mem_lib_m_array_v1_1", "cornername": "Nominal"}
[2026-01-17 12:15:42.438 +0530] [INFO] [cadence.virtuoso.ade.simulationMonitor] - Notice from spectre at time = 8.41631 ns during transient analysis `tran'.
    Found trapezoidal ringing on node I8.M4.n1. {"history": "ExplorerRun.0", "point": 1, "testname": "mem_lib_m_array_v1_1", "cornername": "Nominal"}
[2026-01-17 12:15:42.438 +0530] [INFO] [cadence.virtuoso.ade.simulationMonitor] - Notice from spectre at time = 10.0109 ns during transient analysis `tran'.
    Found trapezoidal ringing on node M5.n1.
        Further occurrences of this notice will be suppressed. {"history": "ExplorerRun.0", "point": 1, "testname": "mem_lib_m_array_v1_1", "cornername": "Nominal"}
[2026-01-17 12:15:44.439 +0530] [INFO] [cadence.virtuoso.ade.simulationMonitor] - Notice from spectre during transient analysis `tran'.
    Trapezoidal ringing is detected during tran analysis.
        Please use method=trap for better results and performance. {"history": "ExplorerRun.0", "point": 1, "testname": "mem_lib_m_array_v1_1", "cornername": "Nominal"}
[2026-01-17 12:15:44.939 +0530] [INFO] [cadence.virtuoso.ade.simulationMonitor] - Total time required for tran analysis `tran': CPU = 2.36233 s, elapsed = 2.36824 s, util. = 99.8%. {"history": "ExplorerRun.0", "point": 1, "testname": "mem_lib_m_array_v1_1", "cornername": "Nominal"}
[2026-01-17 12:15:44.940 +0530] [INFO] [cadence.virtuoso.ade.simulationMonitor] - Peak resident memory used = 214 Mbytes. {"history": "ExplorerRun.0", "point": 1, "testname": "mem_lib_m_array_v1_1", "cornername": "Nominal"}
[2026-01-17 12:15:44.940 +0530] [INFO] [cadence.virtuoso.ade.simulationMonitor] - Notice from spectre.
    176 notices suppressed. {"history": "ExplorerRun.0", "point": 1, "testname": "mem_lib_m_array_v1_1", "cornername": "Nominal"}
[2026-01-17 12:15:44.940 +0530] [INFO] [cadence.virtuoso.ade.simulationMonitor] - Time used: CPU = 2.78 s, elapsed = 11.9 s, util. = 23.3%. {"history": "ExplorerRun.0", "point": 1, "testname": "mem_lib_m_array_v1_1", "cornername": "Nominal"}
[2026-01-17 12:15:44.940 +0530] [INFO] [cadence.virtuoso.ade.simulationMonitor] - Time spent in licensing: elapsed = 9.11 s, percentage of total = 76.4%. {"history": "ExplorerRun.0", "point": 1, "testname": "mem_lib_m_array_v1_1", "cornername": "Nominal"}
[2026-01-17 12:15:44.940 +0530] [INFO] [cadence.virtuoso.ade.simulationMonitor] - Peak memory used = 215 Mbytes. {"history": "ExplorerRun.0", "point": 1, "testname": "mem_lib_m_array_v1_1", "cornername": "Nominal"}
[2026-01-17 12:15:44.940 +0530] [PROCESS] [cadence.virtuoso.ade.simulationMonitor] - Simulation started at: 12:15:32 PM, Sat Jan 17, 2026, ended at: 12:15:44 PM, Sat Jan 17, 2026, with elapsed time (wall clock): 11.9 s. {"history": "ExplorerRun.0", "point": 1, "testname": "mem_lib_m_array_v1_1", "cornername": "Nominal"}
[2026-01-17 12:15:44.940 +0530] [PROCESS] [cadence.virtuoso.ade.simulationMonitor] - spectre completes with 0 errors, 0 warnings, and 14 notices. {"history": "ExplorerRun.0", "point": 1, "testname": "mem_lib_m_array_v1_1", "cornername": "Nominal"}
[2026-01-17 12:15:52.491 +0530] [PROCESS] [cadence.virtuoso.ade.simulationMonitor] - Finished simulating for one point {"hostname": "ece.nitk.edu.in", "processid": 1057388, "history": "ExplorerRun.0", "testname": "mem_lib_m_array_v1_1", "cornername": "Nominal", "point": 1, "logfile": "/home/rohit/project/logs_rohit/logs0/Job11.log", "simid": "2"}
[2026-01-17 12:15:52.492 +0530] [PROCESS] [cadence.virtuoso.ade.simulationMonitor] - Simulator exited {"hostname": "ece.nitk.edu.in", "processid": 1057388, "history": "ExplorerRun.0", "testname": "mem_lib_m_array_v1_1", "cornername": "Nominal", "point": 1, "logfile": "/home/rohit/project/logs_rohit/logs0/Job11.log", "exitStatus": "0"}
[2026-01-17 12:15:52.492 +0530] [PROCESS] [cadence.virtuoso.ade.simulationMonitor] - Finished Simulation {"hostname": "ece.nitk.edu.in", "processid": 1057388, "history": "ExplorerRun.0", "testname": "mem_lib_m_array_v1_1", "cornername": "Nominal", "point": 1, "logfile": "/home/rohit/project/logs_rohit/logs0/Job11.log", "simid": "2"}
[2026-01-17 12:15:52.997 +0530] [PROCESS] [cadence.virtuoso.ade.simulationMonitor] - Point Finished {"hostname": "ece.nitk.edu.in", "processid": 1057388, "history": "ExplorerRun.0", "testname": "mem_lib_m_array_v1_1", "cornername": "Nominal", "point": 1, "logfile": "/home/rohit/project/logs_rohit/logs0/Job11.log"}
[2026-01-17 12:15:53.043 +0530] [PROCESS] [cadence.virtuoso.ade.simulationMonitor] - Padding test token found for runId '18', Linger time '300', currentRunSyn '35', currentTestSyn '35' {"hostname": "ece.nitk.edu.in", "processid": 1057388, "history": "ExplorerRun.0", "testname": "mem_lib_m_array_v1_1", "cornername": "Nominal", "point": 1, "logfile": "/home/rohit/project/logs_rohit/logs0/Job11.log"}
[2026-01-17 12:15:54.046 +0530] [PROCESS] [cadence.virtuoso.ade.simulationMonitor] - Padding test token found for runId '18', Linger time '300', currentRunSyn '35', currentTestSyn '35' {"hostname": "ece.nitk.edu.in", "processid": 1057388, "history": "ExplorerRun.0", "testname": "mem_lib_m_array_v1_1", "cornername": "Nominal", "point": 1, "logfile": "/home/rohit/project/logs_rohit/logs0/Job11.log"}
[2026-01-17 12:15:54.047 +0530] [PROCESS] [cadence.virtuoso.ade.simulationMonitor] - Stay with the runId '18', Linger time '300', currentRunSyn '35', currentTestSyn '35' {"hostname": "ece.nitk.edu.in", "processid": 1057388, "history": "ExplorerRun.0", "testname": "mem_lib_m_array_v1_1", "cornername": "Nominal", "point": 1, "logfile": "/home/rohit/project/logs_rohit/logs0/Job11.log"}
[2026-01-17 12:15:55.049 +0530] [PROCESS] [cadence.virtuoso.ade.simulationMonitor] - Padding test token found for runId '18', Linger time '300', currentRunSyn '35', currentTestSyn '35' {"hostname": "ece.nitk.edu.in", "processid": 1057388, "history": "ExplorerRun.0", "testname": "mem_lib_m_array_v1_1", "cornername": "Nominal", "point": 1, "logfile": "/home/rohit/project/logs_rohit/logs0/Job11.log"}
[2026-01-17 12:15:55.050 +0530] [PROCESS] [cadence.virtuoso.ade.simulationMonitor] - Stay with the runId '18', Linger time '300', currentRunSyn '35', currentTestSyn '35' {"hostname": "ece.nitk.edu.in", "processid": 1057388, "history": "ExplorerRun.0", "testname": "mem_lib_m_array_v1_1", "cornername": "Nominal", "point": 1, "logfile": "/home/rohit/project/logs_rohit/logs0/Job11.log"}
[2026-01-17 12:15:56.051 +0530] [PROCESS] [cadence.virtuoso.ade.simulationMonitor] - Padding test token found for runId '18', Linger time '300', currentRunSyn '35', currentTestSyn '35' {"hostname": "ece.nitk.edu.in", "processid": 1057388, "history": "ExplorerRun.0", "testname": "mem_lib_m_array_v1_1", "cornername": "Nominal", "point": 1, "logfile": "/home/rohit/project/logs_rohit/logs0/Job11.log"}
[2026-01-17 12:15:56.052 +0530] [PROCESS] [cadence.virtuoso.ade.simulationMonitor] - Stay with the runId '18', Linger time '300', currentRunSyn '35', currentTestSyn '35' {"hostname": "ece.nitk.edu.in", "processid": 1057388, "history": "ExplorerRun.0", "testname": "mem_lib_m_array_v1_1", "cornername": "Nominal", "point": 1, "logfile": "/home/rohit/project/logs_rohit/logs0/Job11.log"}
[2026-01-17 12:15:57.053 +0530] [PROCESS] [cadence.virtuoso.ade.simulationMonitor] - Padding test token found for runId '18', Linger time '300', currentRunSyn '35', currentTestSyn '35' {"hostname": "ece.nitk.edu.in", "processid": 1057388, "history": "ExplorerRun.0", "testname": "mem_lib_m_array_v1_1", "cornername": "Nominal", "point": 1, "logfile": "/home/rohit/project/logs_rohit/logs0/Job11.log"}
[2026-01-17 12:15:57.054 +0530] [PROCESS] [cadence.virtuoso.ade.simulationMonitor] - Stay with the runId '18', Linger time '300', currentRunSyn '35', currentTestSyn '35' {"hostname": "ece.nitk.edu.in", "processid": 1057388, "history": "ExplorerRun.0", "testname": "mem_lib_m_array_v1_1", "cornername": "Nominal", "point": 1, "logfile": "/home/rohit/project/logs_rohit/logs0/Job11.log"}
[2026-01-17 12:18:07.124 +0530] [INFO] [cadence.virtuoso.ade.simulationMonitor] - SimulationMonitor has terminated the vds process '1058504', reason: 'Force to stop the expression evalutor process because of new run' {"history": "ExplorerRun.0", "point": 1, "testname": "mem_lib_m_array_v1_1", "cornername": "Nominal"}
[2026-01-17 12:18:07.125 +0530] [PROCESS] [cadence.virtuoso.ade.simulationMonitor] - HostInfo:
Host name (type):	ece.nitk.edu.in (x86_64)
Operating system:	Linux 4.18.0-425.3.1.el8.x86_64 #1 SMP Fri Sep 30 11:45:06 EDT 2022 {"hostname": "ece.nitk.edu.in", "processid": 1057388, "history": "ExplorerRun.0", "testname": "mem_lib_m_array_v1_1", "cornername": "Nominal", "point": 1, "logfile": "/home/rohit/project/logs_rohit/logs0/Job11.log", "nodename": "ece.nitk.edu.in", "domainname": "(none)", "machine": "x86_64", "sysname": "Linux", "release": "4.18.0-425.3.1.el8.x86_64", "version": "#1 SMP Fri Sep 30 11:45:06 EDT 2022"}
[2026-01-17 12:18:07.125 +0530] [PROCESS] [cadence.virtuoso.ade.simulationMonitor] - UsageInfo:
pid=1057388
totalPhysicalMemory=93.835541GB,Used=15.693764GB,totalVirtualMemory=189.835537GB,Used=15.693764GB
Cpu: Cores=16, Load average:0.070000,0.110000,0.050000 {"hostname": "ece.nitk.edu.in", "processid": 1057388, "history": "ExplorerRun.0", "testname": "mem_lib_m_array_v1_1", "cornername": "Nominal", "point": 1, "logfile": "/home/rohit/project/logs_rohit/logs0/Job11.log", "pid": "1057388", "totalPhysicalMemory": "93.835541", "physicalMemoryUsed": "15.693764", "totalVirtualMemory": "189.835537", "virtualMemoryUsed": "15.693764", "cpuCores": "16", "processes": "579", "loadAverage1": "0.070000", "loadAverage5": "0.110000", "loadAverage15": "0.050000", "loadAverage1Percent": "0.004375"}
[2026-01-17 12:18:07.125 +0530] [EVENT] [cadence.virtuoso.ade.simulationMonitor] - NewPoint {"history": "ExplorerRun.0", "point": 1, "testname": "mem_lib_m_array_v1_1", "cornername": "Nominal", "event": "NewPoint", "EventSource": "Simulation Monitor", "HistoryName": "ExplorerRun.0", "logFile": "/home/rohit/project/logs_rohit/logs0/Job11.log", "logFileSize": "32713"}
[2026-01-17 12:18:07.226 +0530] [EVENT] [cadence.virtuoso.ade.simulationMonitor] - NewPoint {"history": "ExplorerRun.0", "point": 1, "testname": "mem_lib_m_array_v1_1", "cornername": "Nominal", "event": "NewPoint", "EventSource": "spectre", "HistoryName": "ExplorerRun.0", "logFile": "/home/rohit/simulation/mem_lib/m_array_v1_maestro/maestro/results/maestro/ExplorerRun.0/1/mem_lib_m_array_v1_1/psf/spectre.out", "logFileSize": "-1"}
[2026-01-17 12:18:07.230 +0530] [PROCESS] [cadence.virtuoso.ade.simulationMonitor] - Simulator launched {"hostname": "ece.nitk.edu.in", "processid": 1057388, "history": "ExplorerRun.0", "testname": "mem_lib_m_array_v1_1", "cornername": "Nominal", "point": 1, "logfile": "/home/rohit/project/logs_rohit/logs0/Job11.log", "simid": "3"}
[2026-01-17 12:18:07.231 +0530] [PROCESS] [cadence.virtuoso.ade.simulationMonitor] - Expression evaluator launched {"hostname": "ece.nitk.edu.in", "processid": 1057388, "history": "ExplorerRun.0", "testname": "mem_lib_m_array_v1_1", "cornername": "Nominal", "point": 1, "logfile": "/home/rohit/project/logs_rohit/logs0/Job11.log"}
[2026-01-17 12:18:07.236 +0530] [PROCESS] [cadence.virtuoso.ade.simulationMonitor] - Started Simulation {"hostname": "ece.nitk.edu.in", "processid": 1057388, "history": "ExplorerRun.0", "testname": "mem_lib_m_array_v1_1", "cornername": "Nominal", "point": 1, "logfile": "/home/rohit/project/logs_rohit/logs0/Job11.log", "event": "started", "task": "simulation"}
[2026-01-17 12:18:35.901 +0530] [INFO] [cadence.virtuoso.ade.simulationMonitor] - Peak resident memory used = 161 Mbytes. {"history": "ExplorerRun.0", "point": 1, "testname": "mem_lib_m_array_v1_1", "cornername": "Nominal"}
[2026-01-17 12:18:35.901 +0530] [INFO] [cadence.virtuoso.ade.simulationMonitor] - Peak resident memory used = 171 Mbytes. {"history": "ExplorerRun.0", "point": 1, "testname": "mem_lib_m_array_v1_1", "cornername": "Nominal"}
[2026-01-17 12:18:35.901 +0530] [INFO] [cadence.virtuoso.ade.simulationMonitor] - Notice from spectre during hierarchy flattening.
    The value 'psf' specified for the 'checklimitdest' option will no longer be supported in future releases. Use 'spectre -h' to see other recommended values for the 'checklimitdest' option. {"history": "ExplorerRun.0", "point": 1, "testname": "mem_lib_m_array_v1_1", "cornername": "Nominal"}
[2026-01-17 12:18:35.901 +0530] [INFO] [cadence.virtuoso.ade.simulationMonitor] - Peak resident memory used = 173 Mbytes. {"history": "ExplorerRun.0", "point": 1, "testname": "mem_lib_m_array_v1_1", "cornername": "Nominal"}
[2026-01-17 12:18:35.901 +0530] [INFO] [cadence.virtuoso.ade.simulationMonitor] - Notice from spectre during initial setup.
    Multithreading is disabled due to the size of the design being too small. {"history": "ExplorerRun.0", "point": 1, "testname": "mem_lib_m_array_v1_1", "cornername": "Nominal"}
[2026-01-17 12:18:35.901 +0530] [INFO] [cadence.virtuoso.ade.simulationMonitor] -               nodes 41 {"history": "ExplorerRun.0", "point": 1, "testname": "mem_lib_m_array_v1_1", "cornername": "Nominal"}
[2026-01-17 12:18:35.901 +0530] [INFO] [cadence.virtuoso.ade.simulationMonitor] - Notice from spectre during initial setup.
    APS enabled. {"history": "ExplorerRun.0", "point": 1, "testname": "mem_lib_m_array_v1_1", "cornername": "Nominal"}
[2026-01-17 12:18:35.901 +0530] [INFO] [cadence.virtuoso.ade.simulationMonitor] - Peak resident memory used = 173 Mbytes. {"history": "ExplorerRun.0", "point": 1, "testname": "mem_lib_m_array_v1_1", "cornername": "Nominal"}
[2026-01-17 12:18:35.902 +0530] [INFO] [cadence.virtuoso.ade.simulationMonitor] -    -   (APS) Multi-threading. The recommended number of threads is 1, consider adding +mt=1 on command line. {"history": "ExplorerRun.0", "point": 1, "testname": "mem_lib_m_array_v1_1", "cornername": "Nominal"}
[2026-01-17 12:18:35.902 +0530] [INFO] [cadence.virtuoso.ade.simulationMonitor] - Notice from spectre during IC analysis, during transient analysis `tran'.
    GminDC = 1 pS is large enough to noticeably affect the DC solution.
        dV(net10) = -98.0711 mV
        Use the `gmin_check' option to eliminate or expand this report.
    Bad pivoting is found during DC analysis. Option dc_pivot_check=yes is recommended for possible improvement of convergence. {"history": "ExplorerRun.0", "point": 1, "testname": "mem_lib_m_array_v1_1", "cornername": "Nominal"}
[2026-01-17 12:18:35.902 +0530] [INFO] [cadence.virtuoso.ade.simulationMonitor] - Notice from spectre during transient analysis `tran'.
    Multithreading is disabled due to the size of the design being too small. {"history": "ExplorerRun.0", "point": 1, "testname": "mem_lib_m_array_v1_1", "cornername": "Nominal"}
[2026-01-17 12:18:35.902 +0530] [INFO] [cadence.virtuoso.ade.simulationMonitor] - Notice from spectre at time = 8.01284 ns during transient analysis `tran'.
    Found trapezoidal ringing on node M5.n1. {"history": "ExplorerRun.0", "point": 1, "testname": "mem_lib_m_array_v1_1", "cornername": "Nominal"}
[2026-01-17 12:18:35.902 +0530] [INFO] [cadence.virtuoso.ade.simulationMonitor] - Notice from spectre at time = 8.41431 ns during transient analysis `tran'.
    Found trapezoidal ringing on node I8.M4.n1. {"history": "ExplorerRun.0", "point": 1, "testname": "mem_lib_m_array_v1_1", "cornername": "Nominal"}
[2026-01-17 12:18:35.902 +0530] [INFO] [cadence.virtuoso.ade.simulationMonitor] - Notice from spectre at time = 10.0128 ns during transient analysis `tran'.
    Found trapezoidal ringing on node M5.n1. {"history": "ExplorerRun.0", "point": 1, "testname": "mem_lib_m_array_v1_1", "cornername": "Nominal"}
[2026-01-17 12:18:35.902 +0530] [INFO] [cadence.virtuoso.ade.simulationMonitor] - Notice from spectre at time = 19.2142 ns during transient analysis `tran'.
    Found trapezoidal ringing on node I8.M4.n1. {"history": "ExplorerRun.0", "point": 1, "testname": "mem_lib_m_array_v1_1", "cornername": "Nominal"}
[2026-01-17 12:18:35.902 +0530] [INFO] [cadence.virtuoso.ade.simulationMonitor] - Notice from spectre at time = 19.2162 ns during transient analysis `tran'.
    Found trapezoidal ringing on node I8.M4.n1.
        Further occurrences of this notice will be suppressed. {"history": "ExplorerRun.0", "point": 1, "testname": "mem_lib_m_array_v1_1", "cornername": "Nominal"}
[2026-01-17 12:18:37.932 +0530] [INFO] [cadence.virtuoso.ade.simulationMonitor] - Notice from spectre during transient analysis `tran'.
    Trapezoidal ringing is detected during tran analysis.
        Please use method=trap for better results and performance. {"history": "ExplorerRun.0", "point": 1, "testname": "mem_lib_m_array_v1_1", "cornername": "Nominal"}
[2026-01-17 12:18:38.433 +0530] [INFO] [cadence.virtuoso.ade.simulationMonitor] - Total time required for tran analysis `tran': CPU = 2.34315 s, elapsed = 2.34903 s, util. = 99.7%. {"history": "ExplorerRun.0", "point": 1, "testname": "mem_lib_m_array_v1_1", "cornername": "Nominal"}
[2026-01-17 12:18:38.433 +0530] [INFO] [cadence.virtuoso.ade.simulationMonitor] - Peak resident memory used = 214 Mbytes. {"history": "ExplorerRun.0", "point": 1, "testname": "mem_lib_m_array_v1_1", "cornername": "Nominal"}
[2026-01-17 12:18:38.433 +0530] [INFO] [cadence.virtuoso.ade.simulationMonitor] - Notice from spectre.
    128 notices suppressed. {"history": "ExplorerRun.0", "point": 1, "testname": "mem_lib_m_array_v1_1", "cornername": "Nominal"}
[2026-01-17 12:18:38.433 +0530] [INFO] [cadence.virtuoso.ade.simulationMonitor] - Time used: CPU = 2.76 s, elapsed = 30.5 s, util. = 9.03%. {"history": "ExplorerRun.0", "point": 1, "testname": "mem_lib_m_array_v1_1", "cornername": "Nominal"}
[2026-01-17 12:18:38.433 +0530] [INFO] [cadence.virtuoso.ade.simulationMonitor] - Time spent in licensing: elapsed = 27.8 s, percentage of total = 90.9%. {"history": "ExplorerRun.0", "point": 1, "testname": "mem_lib_m_array_v1_1", "cornername": "Nominal"}
[2026-01-17 12:18:38.433 +0530] [INFO] [cadence.virtuoso.ade.simulationMonitor] - Peak memory used = 216 Mbytes. {"history": "ExplorerRun.0", "point": 1, "testname": "mem_lib_m_array_v1_1", "cornername": "Nominal"}
[2026-01-17 12:18:38.434 +0530] [PROCESS] [cadence.virtuoso.ade.simulationMonitor] - Simulation started at: 12:18:07 PM, Sat Jan 17, 2026, ended at: 12:18:37 PM, Sat Jan 17, 2026, with elapsed time (wall clock): 30.5 s. {"history": "ExplorerRun.0", "point": 1, "testname": "mem_lib_m_array_v1_1", "cornername": "Nominal"}
[2026-01-17 12:18:38.434 +0530] [PROCESS] [cadence.virtuoso.ade.simulationMonitor] - spectre completes with 0 errors, 0 warnings, and 14 notices. {"history": "ExplorerRun.0", "point": 1, "testname": "mem_lib_m_array_v1_1", "cornername": "Nominal"}
[2026-01-17 12:18:46.466 +0530] [PROCESS] [cadence.virtuoso.ade.simulationMonitor] - Finished simulating for one point {"hostname": "ece.nitk.edu.in", "processid": 1057388, "history": "ExplorerRun.0", "testname": "mem_lib_m_array_v1_1", "cornername": "Nominal", "point": 1, "logfile": "/home/rohit/project/logs_rohit/logs0/Job11.log", "simid": "3"}
[2026-01-17 12:18:46.466 +0530] [PROCESS] [cadence.virtuoso.ade.simulationMonitor] - Simulator exited {"hostname": "ece.nitk.edu.in", "processid": 1057388, "history": "ExplorerRun.0", "testname": "mem_lib_m_array_v1_1", "cornername": "Nominal", "point": 1, "logfile": "/home/rohit/project/logs_rohit/logs0/Job11.log", "exitStatus": "0"}
[2026-01-17 12:18:46.466 +0530] [PROCESS] [cadence.virtuoso.ade.simulationMonitor] - Finished Simulation {"hostname": "ece.nitk.edu.in", "processid": 1057388, "history": "ExplorerRun.0", "testname": "mem_lib_m_array_v1_1", "cornername": "Nominal", "point": 1, "logfile": "/home/rohit/project/logs_rohit/logs0/Job11.log", "simid": "3"}
[2026-01-17 12:18:46.971 +0530] [PROCESS] [cadence.virtuoso.ade.simulationMonitor] - Point Finished {"hostname": "ece.nitk.edu.in", "processid": 1057388, "history": "ExplorerRun.0", "testname": "mem_lib_m_array_v1_1", "cornername": "Nominal", "point": 1, "logfile": "/home/rohit/project/logs_rohit/logs0/Job11.log"}
[2026-01-17 12:18:47.020 +0530] [PROCESS] [cadence.virtuoso.ade.simulationMonitor] - Padding test token found for runId '19', Linger time '300', currentRunSyn '37', currentTestSyn '37' {"hostname": "ece.nitk.edu.in", "processid": 1057388, "history": "ExplorerRun.0", "testname": "mem_lib_m_array_v1_1", "cornername": "Nominal", "point": 1, "logfile": "/home/rohit/project/logs_rohit/logs0/Job11.log"}
[2026-01-17 12:18:48.023 +0530] [PROCESS] [cadence.virtuoso.ade.simulationMonitor] - Padding test token found for runId '19', Linger time '300', currentRunSyn '37', currentTestSyn '37' {"hostname": "ece.nitk.edu.in", "processid": 1057388, "history": "ExplorerRun.0", "testname": "mem_lib_m_array_v1_1", "cornername": "Nominal", "point": 1, "logfile": "/home/rohit/project/logs_rohit/logs0/Job11.log"}
[2026-01-17 12:18:48.024 +0530] [PROCESS] [cadence.virtuoso.ade.simulationMonitor] - Stay with the runId '19', Linger time '300', currentRunSyn '37', currentTestSyn '37' {"hostname": "ece.nitk.edu.in", "processid": 1057388, "history": "ExplorerRun.0", "testname": "mem_lib_m_array_v1_1", "cornername": "Nominal", "point": 1, "logfile": "/home/rohit/project/logs_rohit/logs0/Job11.log"}
[2026-01-17 12:18:49.026 +0530] [PROCESS] [cadence.virtuoso.ade.simulationMonitor] - Padding test token found for runId '19', Linger time '300', currentRunSyn '37', currentTestSyn '37' {"hostname": "ece.nitk.edu.in", "processid": 1057388, "history": "ExplorerRun.0", "testname": "mem_lib_m_array_v1_1", "cornername": "Nominal", "point": 1, "logfile": "/home/rohit/project/logs_rohit/logs0/Job11.log"}
[2026-01-17 12:18:49.027 +0530] [PROCESS] [cadence.virtuoso.ade.simulationMonitor] - Stay with the runId '19', Linger time '300', currentRunSyn '37', currentTestSyn '37' {"hostname": "ece.nitk.edu.in", "processid": 1057388, "history": "ExplorerRun.0", "testname": "mem_lib_m_array_v1_1", "cornername": "Nominal", "point": 1, "logfile": "/home/rohit/project/logs_rohit/logs0/Job11.log"}
[2026-01-17 12:18:50.028 +0530] [PROCESS] [cadence.virtuoso.ade.simulationMonitor] - Padding test token found for runId '19', Linger time '300', currentRunSyn '37', currentTestSyn '37' {"hostname": "ece.nitk.edu.in", "processid": 1057388, "history": "ExplorerRun.0", "testname": "mem_lib_m_array_v1_1", "cornername": "Nominal", "point": 1, "logfile": "/home/rohit/project/logs_rohit/logs0/Job11.log"}
[2026-01-17 12:18:50.029 +0530] [PROCESS] [cadence.virtuoso.ade.simulationMonitor] - Stay with the runId '19', Linger time '300', currentRunSyn '37', currentTestSyn '37' {"hostname": "ece.nitk.edu.in", "processid": 1057388, "history": "ExplorerRun.0", "testname": "mem_lib_m_array_v1_1", "cornername": "Nominal", "point": 1, "logfile": "/home/rohit/project/logs_rohit/logs0/Job11.log"}
[2026-01-17 12:23:47.682 +0530] [PROCESS] [cadence.virtuoso.ade.simulationMonitor] - Current memory used: 54.1289 MBytes, peak memory used: 54.1289 MBytes {"hostname": "ece.nitk.edu.in", "processid": 1057388, "history": "ExplorerRun.0", "testname": "mem_lib_m_array_v1_1", "cornername": "Nominal", "point": 1, "logfile": "/home/rohit/project/logs_rohit/logs0/Job11.log"}
[2026-01-17 12:23:47.683 +0530] [PROCESS] [cadence.virtuoso.ade.simulationMonitor] - Simulation Monitor process exit. {"hostname": "ece.nitk.edu.in", "processid": 1057388, "history": "ExplorerRun.0", "testname": "mem_lib_m_array_v1_1", "cornername": "Nominal", "point": 1, "logfile": "/home/rohit/project/logs_rohit/logs0/Job11.log"}
