[Simulation Monitor: 2]
[2026-01-25 11:36:05.628 +0530] [PROCESS] [cadence.virtuoso.ade.simulationMonitor] - Simulation Monitor has successfully started up. Trying to set up communication channels to other components ... {"hostname": "ece.nitk.edu.in", "processid": 2000180, "logfile": "/home/rohit/project/logs_rohit/logs0/Job2.log"}
[2026-01-25 11:36:05.629 +0530] [PROCESS] [cadence.virtuoso.ade.simulationMonitor] - Communication channels have been successfully set up. Start processing events ... {"hostname": "ece.nitk.edu.in", "processid": 2000180, "logfile": "/home/rohit/project/logs_rohit/logs0/Job2.log"}
[2026-01-25 11:36:05.629 +0530] [PROCESS] [cadence.virtuoso.ade.simulationMonitor] - Considering to start history {"hostname": "ece.nitk.edu.in", "processid": 2000180, "history": "ExplorerRun.0", "logfile": "/home/rohit/project/logs_rohit/logs0/Job2.log"}
[2026-01-25 11:36:05.631 +0530] [PROCESS] [cadence.virtuoso.ade.simulationMonitor] - HostInfo:
Host name (type):	ece.nitk.edu.in (x86_64)
Operating system:	Linux 4.18.0-425.3.1.el8.x86_64 #1 SMP Fri Sep 30 11:45:06 EDT 2022 {"hostname": "ece.nitk.edu.in", "processid": 2000180, "history": "ExplorerRun.0", "logfile": "/home/rohit/project/logs_rohit/logs0/Job2.log", "nodename": "ece.nitk.edu.in", "domainname": "(none)", "machine": "x86_64", "sysname": "Linux", "release": "4.18.0-425.3.1.el8.x86_64", "version": "#1 SMP Fri Sep 30 11:45:06 EDT 2022"}
[2026-01-25 11:36:05.631 +0530] [PROCESS] [cadence.virtuoso.ade.simulationMonitor] - UsageInfo:
pid=2000180
totalPhysicalMemory=93.835541GB,Used=14.287086GB,totalVirtualMemory=189.835537GB,Used=14.287086GB
Cpu: Cores=16, Load average:0.060000,0.020000,0.000000 {"hostname": "ece.nitk.edu.in", "processid": 2000180, "history": "ExplorerRun.0", "logfile": "/home/rohit/project/logs_rohit/logs0/Job2.log", "pid": "2000180", "totalPhysicalMemory": "93.835541", "physicalMemoryUsed": "14.287086", "totalVirtualMemory": "189.835537", "virtualMemoryUsed": "14.287086", "cpuCores": "16", "processes": "726", "loadAverage1": "0.060000", "loadAverage5": "0.020000", "loadAverage15": "0.000000", "loadAverage1Percent": "0.003750"}
[2026-01-25 11:36:05.631 +0530] [EVENT] [cadence.virtuoso.ade.simulationMonitor] - NewPoint {"history": "ExplorerRun.0", "point": 1, "testname": "mem_lib_m_test2_1", "cornername": "Nominal", "event": "NewPoint", "EventSource": "Simulation Monitor", "HistoryName": "ExplorerRun.0", "logFile": "/home/rohit/project/logs_rohit/logs0/Job2.log", "logFileSize": "2144"}
[2026-01-25 11:36:05.732 +0530] [EVENT] [cadence.virtuoso.ade.simulationMonitor] - NewPoint {"history": "ExplorerRun.0", "point": 1, "testname": "mem_lib_m_test2_1", "cornername": "Nominal", "event": "NewPoint", "EventSource": "spectre", "HistoryName": "ExplorerRun.0", "logFile": "/home/rohit/simulation/mem_lib/m_test2_ma/maestro/results/maestro/ExplorerRun.0/1/mem_lib_m_test2_1/psf/spectre.out", "logFileSize": "-1"}
[2026-01-25 11:36:05.735 +0530] [PROCESS] [cadence.virtuoso.ade.simulationMonitor] - Simulator launched {"hostname": "ece.nitk.edu.in", "processid": 2000180, "history": "ExplorerRun.0", "testname": "mem_lib_m_test2_1", "cornername": "Nominal", "point": 1, "logfile": "/home/rohit/project/logs_rohit/logs0/Job2.log", "simid": "1"}
[2026-01-25 11:36:05.736 +0530] [PROCESS] [cadence.virtuoso.ade.simulationMonitor] - Expression evaluator launched {"hostname": "ece.nitk.edu.in", "processid": 2000180, "history": "ExplorerRun.0", "testname": "mem_lib_m_test2_1", "cornername": "Nominal", "point": 1, "logfile": "/home/rohit/project/logs_rohit/logs0/Job2.log"}
[2026-01-25 11:36:05.741 +0530] [PROCESS] [cadence.virtuoso.ade.simulationMonitor] - Started Simulation {"hostname": "ece.nitk.edu.in", "processid": 2000180, "history": "ExplorerRun.0", "testname": "mem_lib_m_test2_1", "cornername": "Nominal", "point": 1, "logfile": "/home/rohit/project/logs_rohit/logs0/Job2.log", "event": "started", "task": "simulation"}
[2026-01-25 11:36:07.742 +0530] [INFO] [cadence.virtuoso.ade.simulationMonitor] - Peak resident memory used = 156 Mbytes. {"history": "ExplorerRun.0", "point": 1, "testname": "mem_lib_m_test2_1", "cornername": "Nominal"}
[2026-01-25 11:36:07.742 +0530] [INFO] [cadence.virtuoso.ade.simulationMonitor] - Peak resident memory used = 166 Mbytes. {"history": "ExplorerRun.0", "point": 1, "testname": "mem_lib_m_test2_1", "cornername": "Nominal"}
[2026-01-25 11:36:07.742 +0530] [INFO] [cadence.virtuoso.ade.simulationMonitor] - Notice from spectre during hierarchy flattening.
    The value 'psf' specified for the 'checklimitdest' option will no longer be supported in future releases. Use 'spectre -h' to see other recommended values for the 'checklimitdest' option. {"history": "ExplorerRun.0", "point": 1, "testname": "mem_lib_m_test2_1", "cornername": "Nominal"}
[2026-01-25 11:36:07.742 +0530] [INFO] [cadence.virtuoso.ade.simulationMonitor] - Peak resident memory used = 168 Mbytes. {"history": "ExplorerRun.0", "point": 1, "testname": "mem_lib_m_test2_1", "cornername": "Nominal"}
[2026-01-25 11:36:07.742 +0530] [ERROR] [cadence.virtuoso.ade.simulationMonitor] - Fatal error found by spectre during topology check.
    FATAL: The following branches form a loop of rigid branches (shorts) when added to the circuit:
        I14:gap_debug_flow (from gap_d to 0) {"history": "ExplorerRun.0", "point": 1, "testname": "mem_lib_m_test2_1", "cornername": "Nominal"}
[2026-01-25 11:36:07.743 +0530] [INFO] [cadence.virtuoso.ade.simulationMonitor] - Time used: CPU = 367 ms, elapsed = 1.35 s, util. = 27.2%. {"history": "ExplorerRun.0", "point": 1, "testname": "mem_lib_m_test2_1", "cornername": "Nominal"}
[2026-01-25 11:36:07.743 +0530] [INFO] [cadence.virtuoso.ade.simulationMonitor] - Time spent in licensing: elapsed = 929 ms, percentage of total = 68.7%. {"history": "ExplorerRun.0", "point": 1, "testname": "mem_lib_m_test2_1", "cornername": "Nominal"}
[2026-01-25 11:36:07.743 +0530] [INFO] [cadence.virtuoso.ade.simulationMonitor] - Peak memory used = 169 Mbytes. {"history": "ExplorerRun.0", "point": 1, "testname": "mem_lib_m_test2_1", "cornername": "Nominal"}
[2026-01-25 11:36:07.743 +0530] [PROCESS] [cadence.virtuoso.ade.simulationMonitor] - Simulation started at: 11:36:05 AM, Sun Jan 25, 2026, ended at: 11:36:07 AM, Sun Jan 25, 2026, with elapsed time (wall clock): 1.35 s. {"history": "ExplorerRun.0", "point": 1, "testname": "mem_lib_m_test2_1", "cornername": "Nominal"}
[2026-01-25 11:36:07.743 +0530] [PROCESS] [cadence.virtuoso.ade.simulationMonitor] - spectre completes with 1 error, 0 warnings, and 1 notice. {"history": "ExplorerRun.0", "point": 1, "testname": "mem_lib_m_test2_1", "cornername": "Nominal"}
[2026-01-25 11:36:07.743 +0530] [FATAL] [cadence.virtuoso.ade.simulationMonitor] - spectre terminated prematurely due to fatal error. {"history": "ExplorerRun.0", "point": 1, "testname": "mem_lib_m_test2_1", "cornername": "Nominal"}
[2026-01-25 11:36:07.743 +0530] [PROCESS] [cadence.virtuoso.ade.simulationMonitor] - Finished simulating for one point {"hostname": "ece.nitk.edu.in", "processid": 2000180, "history": "ExplorerRun.0", "testname": "mem_lib_m_test2_1", "cornername": "Nominal", "point": 1, "logfile": "/home/rohit/project/logs_rohit/logs0/Job2.log", "simid": "1"}
[2026-01-25 11:36:07.743 +0530] [ERROR] [cadence.virtuoso.ade.simulationMonitor] - While simulating run ExplorerRun.0, point 1, test mem_lib_m_test2_1, received error:
Simulation Error:
 The simulator process returned a non-zero exit code, indicating failure.
The simulator could have crashed or intentionally returned to indicate an error.
Check the simulator log file for more information.  Common causes:
1. Simulator may have crashed during exit even after reporting success in log file.
2. Abrupt automatic simulator termination (e.g., SIGKILL) because the simulator process has
   exceede... {"history": "ExplorerRun.0", "point": 1, "testname": "mem_lib_m_test2_1", "cornername": "Nominal"}
[2026-01-25 11:36:07.743 +0530] [PROCESS] [cadence.virtuoso.ade.simulationMonitor] - Finished Simulation {"hostname": "ece.nitk.edu.in", "processid": 2000180, "history": "ExplorerRun.0", "testname": "mem_lib_m_test2_1", "cornername": "Nominal", "point": 1, "logfile": "/home/rohit/project/logs_rohit/logs0/Job2.log", "simid": "1"}
[2026-01-25 11:37:30.116 +0530] [INFO] [cadence.virtuoso.ade.simulationMonitor] - SimulationMonitor has terminated the vds process '2000267', reason: 'Force to stop the expression evalutor process because of new run' {"history": "ExplorerRun.0", "point": 1, "testname": "mem_lib_m_test2_1", "cornername": "Nominal"}
[2026-01-25 11:37:30.116 +0530] [PROCESS] [cadence.virtuoso.ade.simulationMonitor] - HostInfo:
Host name (type):	ece.nitk.edu.in (x86_64)
Operating system:	Linux 4.18.0-425.3.1.el8.x86_64 #1 SMP Fri Sep 30 11:45:06 EDT 2022 {"hostname": "ece.nitk.edu.in", "processid": 2000180, "history": "ExplorerRun.0", "testname": "mem_lib_m_test2_1", "cornername": "Nominal", "point": 1, "logfile": "/home/rohit/project/logs_rohit/logs0/Job2.log", "nodename": "ece.nitk.edu.in", "domainname": "(none)", "machine": "x86_64", "sysname": "Linux", "release": "4.18.0-425.3.1.el8.x86_64", "version": "#1 SMP Fri Sep 30 11:45:06 EDT 2022"}
[2026-01-25 11:37:30.116 +0530] [PROCESS] [cadence.virtuoso.ade.simulationMonitor] - UsageInfo:
pid=2000180
totalPhysicalMemory=93.835541GB,Used=14.299854GB,totalVirtualMemory=189.835537GB,Used=14.299854GB
Cpu: Cores=16, Load average:0.030000,0.030000,0.000000 {"hostname": "ece.nitk.edu.in", "processid": 2000180, "history": "ExplorerRun.0", "testname": "mem_lib_m_test2_1", "cornername": "Nominal", "point": 1, "logfile": "/home/rohit/project/logs_rohit/logs0/Job2.log", "pid": "2000180", "totalPhysicalMemory": "93.835541", "physicalMemoryUsed": "14.299854", "totalVirtualMemory": "189.835537", "virtualMemoryUsed": "14.299854", "cpuCores": "16", "processes": "728", "loadAverage1": "0.030000", "loadAverage5": "0.030000", "loadAverage15": "0.000000", "loadAverage1Percent": "0.001875"}
[2026-01-25 11:37:30.116 +0530] [EVENT] [cadence.virtuoso.ade.simulationMonitor] - NewPoint {"history": "ExplorerRun.0", "point": 1, "testname": "mem_lib_m_test2_1", "cornername": "Nominal", "event": "NewPoint", "EventSource": "Simulation Monitor", "HistoryName": "ExplorerRun.0", "logFile": "/home/rohit/project/logs_rohit/logs0/Job2.log", "logFileSize": "10007"}
[2026-01-25 11:37:30.217 +0530] [EVENT] [cadence.virtuoso.ade.simulationMonitor] - NewPoint {"history": "ExplorerRun.0", "point": 1, "testname": "mem_lib_m_test2_1", "cornername": "Nominal", "event": "NewPoint", "EventSource": "spectre", "HistoryName": "ExplorerRun.0", "logFile": "/home/rohit/simulation/mem_lib/m_test2_ma/maestro/results/maestro/ExplorerRun.0/1/mem_lib_m_test2_1/psf/spectre.out", "logFileSize": "-1"}
[2026-01-25 11:37:30.220 +0530] [PROCESS] [cadence.virtuoso.ade.simulationMonitor] - Simulator launched {"hostname": "ece.nitk.edu.in", "processid": 2000180, "history": "ExplorerRun.0", "testname": "mem_lib_m_test2_1", "cornername": "Nominal", "point": 1, "logfile": "/home/rohit/project/logs_rohit/logs0/Job2.log", "simid": "2"}
[2026-01-25 11:37:30.221 +0530] [PROCESS] [cadence.virtuoso.ade.simulationMonitor] - Expression evaluator launched {"hostname": "ece.nitk.edu.in", "processid": 2000180, "history": "ExplorerRun.0", "testname": "mem_lib_m_test2_1", "cornername": "Nominal", "point": 1, "logfile": "/home/rohit/project/logs_rohit/logs0/Job2.log"}
[2026-01-25 11:37:30.226 +0530] [PROCESS] [cadence.virtuoso.ade.simulationMonitor] - Started Simulation {"hostname": "ece.nitk.edu.in", "processid": 2000180, "history": "ExplorerRun.0", "testname": "mem_lib_m_test2_1", "cornername": "Nominal", "point": 1, "logfile": "/home/rohit/project/logs_rohit/logs0/Job2.log", "event": "started", "task": "simulation"}
[2026-01-25 11:37:32.227 +0530] [INFO] [cadence.virtuoso.ade.simulationMonitor] - Peak resident memory used = 158 Mbytes. {"history": "ExplorerRun.0", "point": 1, "testname": "mem_lib_m_test2_1", "cornername": "Nominal"}
[2026-01-25 11:37:32.227 +0530] [INFO] [cadence.virtuoso.ade.simulationMonitor] - Peak resident memory used = 167 Mbytes. {"history": "ExplorerRun.0", "point": 1, "testname": "mem_lib_m_test2_1", "cornername": "Nominal"}
[2026-01-25 11:37:32.227 +0530] [INFO] [cadence.virtuoso.ade.simulationMonitor] - Notice from spectre during hierarchy flattening.
    The value 'psf' specified for the 'checklimitdest' option will no longer be supported in future releases. Use 'spectre -h' to see other recommended values for the 'checklimitdest' option. {"history": "ExplorerRun.0", "point": 1, "testname": "mem_lib_m_test2_1", "cornername": "Nominal"}
[2026-01-25 11:37:32.227 +0530] [INFO] [cadence.virtuoso.ade.simulationMonitor] - Peak resident memory used = 169 Mbytes. {"history": "ExplorerRun.0", "point": 1, "testname": "mem_lib_m_test2_1", "cornername": "Nominal"}
[2026-01-25 11:37:32.227 +0530] [INFO] [cadence.virtuoso.ade.simulationMonitor] - Notice from spectre during topology check.
    Only one connection to node `gap_d'. {"history": "ExplorerRun.0", "point": 1, "testname": "mem_lib_m_test2_1", "cornername": "Nominal"}
[2026-01-25 11:37:32.227 +0530] [INFO] [cadence.virtuoso.ade.simulationMonitor] - Notice from spectre during initial setup.
    Multithreading is disabled due to the size of the design being too small. {"history": "ExplorerRun.0", "point": 1, "testname": "mem_lib_m_test2_1", "cornername": "Nominal"}
[2026-01-25 11:37:32.227 +0530] [INFO] [cadence.virtuoso.ade.simulationMonitor] -               nodes 12 {"history": "ExplorerRun.0", "point": 1, "testname": "mem_lib_m_test2_1", "cornername": "Nominal"}
[2026-01-25 11:37:32.227 +0530] [INFO] [cadence.virtuoso.ade.simulationMonitor] - Notice from spectre during initial setup.
    APS enabled. {"history": "ExplorerRun.0", "point": 1, "testname": "mem_lib_m_test2_1", "cornername": "Nominal"}
[2026-01-25 11:37:32.227 +0530] [INFO] [cadence.virtuoso.ade.simulationMonitor] - Peak resident memory used = 172 Mbytes. {"history": "ExplorerRun.0", "point": 1, "testname": "mem_lib_m_test2_1", "cornername": "Nominal"}
[2026-01-25 11:37:32.228 +0530] [INFO] [cadence.virtuoso.ade.simulationMonitor] -    -   (APS) Multi-threading. The recommended number of threads is 1, consider adding +mt=1 on command line. {"history": "ExplorerRun.0", "point": 1, "testname": "mem_lib_m_test2_1", "cornername": "Nominal"}
[2026-01-25 11:37:32.228 +0530] [INFO] [cadence.virtuoso.ade.simulationMonitor] - Notice from spectre during transient analysis `tran'.
    Multithreading is disabled due to the size of the design being too small. {"history": "ExplorerRun.0", "point": 1, "testname": "mem_lib_m_test2_1", "cornername": "Nominal"}
[2026-01-25 11:37:32.728 +0530] [INFO] [cadence.virtuoso.ade.simulationMonitor] - Notice from spectre at time = 250.001 ns during transient analysis `tran'.
    Found trapezoidal ringing on node M0.n1. {"history": "ExplorerRun.0", "point": 1, "testname": "mem_lib_m_test2_1", "cornername": "Nominal"}
[2026-01-25 11:37:32.728 +0530] [INFO] [cadence.virtuoso.ade.simulationMonitor] - Notice from spectre at time = 250.002 ns during transient analysis `tran'.
    Found trapezoidal ringing on node M0.n1. {"history": "ExplorerRun.0", "point": 1, "testname": "mem_lib_m_test2_1", "cornername": "Nominal"}
[2026-01-25 11:37:32.728 +0530] [INFO] [cadence.virtuoso.ade.simulationMonitor] - Notice from spectre at time = 250.002 ns during transient analysis `tran'.
    Found trapezoidal ringing on node M0.n1. {"history": "ExplorerRun.0", "point": 1, "testname": "mem_lib_m_test2_1", "cornername": "Nominal"}
[2026-01-25 11:37:32.728 +0530] [INFO] [cadence.virtuoso.ade.simulationMonitor] - Notice from spectre at time = 250.004 ns during transient analysis `tran'.
    Found trapezoidal ringing on node M0.n1. {"history": "ExplorerRun.0", "point": 1, "testname": "mem_lib_m_test2_1", "cornername": "Nominal"}
[2026-01-25 11:37:32.728 +0530] [INFO] [cadence.virtuoso.ade.simulationMonitor] - Notice from spectre at time = 250.004 ns during transient analysis `tran'.
    Found trapezoidal ringing on node M0.n1.
        Further occurrences of this notice will be suppressed. {"history": "ExplorerRun.0", "point": 1, "testname": "mem_lib_m_test2_1", "cornername": "Nominal"}
[2026-01-25 11:37:32.728 +0530] [INFO] [cadence.virtuoso.ade.simulationMonitor] - Notice from spectre during transient analysis `tran'.
    Trapezoidal ringing is detected during tran analysis.
        Please use method=trap for better results and performance. {"history": "ExplorerRun.0", "point": 1, "testname": "mem_lib_m_test2_1", "cornername": "Nominal"}
[2026-01-25 11:37:32.728 +0530] [INFO] [cadence.virtuoso.ade.simulationMonitor] - Total time required for tran analysis `tran': CPU = 493.461 ms, elapsed = 494.211 ms, util. = 99.8%. {"history": "ExplorerRun.0", "point": 1, "testname": "mem_lib_m_test2_1", "cornername": "Nominal"}
[2026-01-25 11:37:32.729 +0530] [INFO] [cadence.virtuoso.ade.simulationMonitor] - Peak resident memory used = 187 Mbytes. {"history": "ExplorerRun.0", "point": 1, "testname": "mem_lib_m_test2_1", "cornername": "Nominal"}
[2026-01-25 11:37:32.729 +0530] [INFO] [cadence.virtuoso.ade.simulationMonitor] - Notice from spectre.
    2942 notices suppressed. {"history": "ExplorerRun.0", "point": 1, "testname": "mem_lib_m_test2_1", "cornername": "Nominal"}
[2026-01-25 11:37:32.729 +0530] [INFO] [cadence.virtuoso.ade.simulationMonitor] - Time used: CPU = 881 ms, elapsed = 2.19 s, util. = 40.2%. {"history": "ExplorerRun.0", "point": 1, "testname": "mem_lib_m_test2_1", "cornername": "Nominal"}
[2026-01-25 11:37:32.729 +0530] [INFO] [cadence.virtuoso.ade.simulationMonitor] - Time spent in licensing: elapsed = 1.14 s, percentage of total = 52.2%. {"history": "ExplorerRun.0", "point": 1, "testname": "mem_lib_m_test2_1", "cornername": "Nominal"}
[2026-01-25 11:37:32.729 +0530] [INFO] [cadence.virtuoso.ade.simulationMonitor] - Peak memory used = 189 Mbytes. {"history": "ExplorerRun.0", "point": 1, "testname": "mem_lib_m_test2_1", "cornername": "Nominal"}
[2026-01-25 11:37:32.729 +0530] [PROCESS] [cadence.virtuoso.ade.simulationMonitor] - Simulation started at: 11:37:30 AM, Sun Jan 25, 2026, ended at: 11:37:32 AM, Sun Jan 25, 2026, with elapsed time (wall clock): 2.19 s. {"history": "ExplorerRun.0", "point": 1, "testname": "mem_lib_m_test2_1", "cornername": "Nominal"}
[2026-01-25 11:37:32.729 +0530] [PROCESS] [cadence.virtuoso.ade.simulationMonitor] - spectre completes with 0 errors, 0 warnings, and 13 notices. {"history": "ExplorerRun.0", "point": 1, "testname": "mem_lib_m_test2_1", "cornername": "Nominal"}
[2026-01-25 11:37:32.729 +0530] [PROCESS] [cadence.virtuoso.ade.simulationMonitor] - Finished simulating for one point {"hostname": "ece.nitk.edu.in", "processid": 2000180, "history": "ExplorerRun.0", "testname": "mem_lib_m_test2_1", "cornername": "Nominal", "point": 1, "logfile": "/home/rohit/project/logs_rohit/logs0/Job2.log", "simid": "2"}
[2026-01-25 11:37:32.729 +0530] [PROCESS] [cadence.virtuoso.ade.simulationMonitor] - Simulator exited {"hostname": "ece.nitk.edu.in", "processid": 2000180, "history": "ExplorerRun.0", "testname": "mem_lib_m_test2_1", "cornername": "Nominal", "point": 1, "logfile": "/home/rohit/project/logs_rohit/logs0/Job2.log", "exitStatus": "0"}
[2026-01-25 11:37:32.729 +0530] [PROCESS] [cadence.virtuoso.ade.simulationMonitor] - Finished Simulation {"hostname": "ece.nitk.edu.in", "processid": 2000180, "history": "ExplorerRun.0", "testname": "mem_lib_m_test2_1", "cornername": "Nominal", "point": 1, "logfile": "/home/rohit/project/logs_rohit/logs0/Job2.log", "simid": "2"}
[2026-01-25 11:37:34.735 +0530] [PROCESS] [cadence.virtuoso.ade.simulationMonitor] - Point Finished {"hostname": "ece.nitk.edu.in", "processid": 2000180, "history": "ExplorerRun.0", "testname": "mem_lib_m_test2_1", "cornername": "Nominal", "point": 1, "logfile": "/home/rohit/project/logs_rohit/logs0/Job2.log"}
[2026-01-25 11:37:35.796 +0530] [PROCESS] [cadence.virtuoso.ade.simulationMonitor] - Stay with the runId '1', Linger time '300', currentRunSyn '3', currentTestSyn '3' {"hostname": "ece.nitk.edu.in", "processid": 2000180, "history": "ExplorerRun.0", "testname": "mem_lib_m_test2_1", "cornername": "Nominal", "point": 1, "logfile": "/home/rohit/project/logs_rohit/logs0/Job2.log"}
[2026-01-25 11:37:36.799 +0530] [PROCESS] [cadence.virtuoso.ade.simulationMonitor] - Stay with the runId '1', Linger time '300', currentRunSyn '3', currentTestSyn '3' {"hostname": "ece.nitk.edu.in", "processid": 2000180, "history": "ExplorerRun.0", "testname": "mem_lib_m_test2_1", "cornername": "Nominal", "point": 1, "logfile": "/home/rohit/project/logs_rohit/logs0/Job2.log"}
[2026-01-25 11:37:37.801 +0530] [PROCESS] [cadence.virtuoso.ade.simulationMonitor] - Stay with the runId '1', Linger time '300', currentRunSyn '3', currentTestSyn '3' {"hostname": "ece.nitk.edu.in", "processid": 2000180, "history": "ExplorerRun.0", "testname": "mem_lib_m_test2_1", "cornername": "Nominal", "point": 1, "logfile": "/home/rohit/project/logs_rohit/logs0/Job2.log"}
[2026-01-25 11:37:38.803 +0530] [PROCESS] [cadence.virtuoso.ade.simulationMonitor] - Stay with the runId '1', Linger time '300', currentRunSyn '3', currentTestSyn '3' {"hostname": "ece.nitk.edu.in", "processid": 2000180, "history": "ExplorerRun.0", "testname": "mem_lib_m_test2_1", "cornername": "Nominal", "point": 1, "logfile": "/home/rohit/project/logs_rohit/logs0/Job2.log"}
[2026-01-25 11:42:35.482 +0530] [PROCESS] [cadence.virtuoso.ade.simulationMonitor] - Current memory used: 54.3750 MBytes, peak memory used: 54.3750 MBytes {"hostname": "ece.nitk.edu.in", "processid": 2000180, "history": "ExplorerRun.0", "testname": "mem_lib_m_test2_1", "cornername": "Nominal", "point": 1, "logfile": "/home/rohit/project/logs_rohit/logs0/Job2.log"}
[2026-01-25 11:42:35.482 +0530] [PROCESS] [cadence.virtuoso.ade.simulationMonitor] - Simulation Monitor process exit. {"hostname": "ece.nitk.edu.in", "processid": 2000180, "history": "ExplorerRun.0", "testname": "mem_lib_m_test2_1", "cornername": "Nominal", "point": 1, "logfile": "/home/rohit/project/logs_rohit/logs0/Job2.log"}
