[Simulation Monitor: 3]
[2026-01-21 17:51:38.560 +0530] [PROCESS] [cadence.virtuoso.ade.simulationMonitor] - Simulation Monitor has successfully started up. Trying to set up communication channels to other components ... {"hostname": "ece.nitk.edu.in", "processid": 1610574, "logfile": "/home/rohit/project/logs_rohit/logs0/Job3.log"}
[2026-01-21 17:51:38.561 +0530] [PROCESS] [cadence.virtuoso.ade.simulationMonitor] - Communication channels have been successfully set up. Start processing events ... {"hostname": "ece.nitk.edu.in", "processid": 1610574, "logfile": "/home/rohit/project/logs_rohit/logs0/Job3.log"}
[2026-01-21 17:51:38.562 +0530] [PROCESS] [cadence.virtuoso.ade.simulationMonitor] - Considering to start history {"hostname": "ece.nitk.edu.in", "processid": 1610574, "history": "ExplorerRun.0", "logfile": "/home/rohit/project/logs_rohit/logs0/Job3.log"}
[2026-01-21 17:51:38.563 +0530] [PROCESS] [cadence.virtuoso.ade.simulationMonitor] - HostInfo:
Host name (type):	ece.nitk.edu.in (x86_64)
Operating system:	Linux 4.18.0-425.3.1.el8.x86_64 #1 SMP Fri Sep 30 11:45:06 EDT 2022 {"hostname": "ece.nitk.edu.in", "processid": 1610574, "history": "ExplorerRun.0", "logfile": "/home/rohit/project/logs_rohit/logs0/Job3.log", "nodename": "ece.nitk.edu.in", "domainname": "(none)", "machine": "x86_64", "sysname": "Linux", "release": "4.18.0-425.3.1.el8.x86_64", "version": "#1 SMP Fri Sep 30 11:45:06 EDT 2022"}
[2026-01-21 17:51:38.563 +0530] [PROCESS] [cadence.virtuoso.ade.simulationMonitor] - UsageInfo:
pid=1610574
totalPhysicalMemory=93.835541GB,Used=13.638599GB,totalVirtualMemory=189.835537GB,Used=13.638599GB
Cpu: Cores=16, Load average:0.080000,0.040000,0.010000 {"hostname": "ece.nitk.edu.in", "processid": 1610574, "history": "ExplorerRun.0", "logfile": "/home/rohit/project/logs_rohit/logs0/Job3.log", "pid": "1610574", "totalPhysicalMemory": "93.835541", "physicalMemoryUsed": "13.638599", "totalVirtualMemory": "189.835537", "virtualMemoryUsed": "13.638599", "cpuCores": "16", "processes": "698", "loadAverage1": "0.080000", "loadAverage5": "0.040000", "loadAverage15": "0.010000", "loadAverage1Percent": "0.005000"}
[2026-01-21 17:51:38.563 +0530] [EVENT] [cadence.virtuoso.ade.simulationMonitor] - NewPoint {"history": "ExplorerRun.0", "point": 1, "testname": "mem_lib_m_array_v1_1", "cornername": "Nominal", "event": "NewPoint", "EventSource": "Simulation Monitor", "HistoryName": "ExplorerRun.0", "logFile": "/home/rohit/project/logs_rohit/logs0/Job3.log", "logFileSize": "2144"}
[2026-01-21 17:51:38.664 +0530] [EVENT] [cadence.virtuoso.ade.simulationMonitor] - NewPoint {"history": "ExplorerRun.0", "point": 1, "testname": "mem_lib_m_array_v1_1", "cornername": "Nominal", "event": "NewPoint", "EventSource": "spectre", "HistoryName": "ExplorerRun.0", "logFile": "/home/rohit/simulation/mem_lib/m_array_v1_maestro/maestro/results/maestro/ExplorerRun.0/1/mem_lib_m_array_v1_1/psf/spectre.out", "logFileSize": "-1"}
[2026-01-21 17:51:38.668 +0530] [PROCESS] [cadence.virtuoso.ade.simulationMonitor] - Simulator launched {"hostname": "ece.nitk.edu.in", "processid": 1610574, "history": "ExplorerRun.0", "testname": "mem_lib_m_array_v1_1", "cornername": "Nominal", "point": 1, "logfile": "/home/rohit/project/logs_rohit/logs0/Job3.log", "simid": "1"}
[2026-01-21 17:51:38.669 +0530] [PROCESS] [cadence.virtuoso.ade.simulationMonitor] - Expression evaluator launched {"hostname": "ece.nitk.edu.in", "processid": 1610574, "history": "ExplorerRun.0", "testname": "mem_lib_m_array_v1_1", "cornername": "Nominal", "point": 1, "logfile": "/home/rohit/project/logs_rohit/logs0/Job3.log"}
[2026-01-21 17:51:38.674 +0530] [PROCESS] [cadence.virtuoso.ade.simulationMonitor] - Started Simulation {"hostname": "ece.nitk.edu.in", "processid": 1610574, "history": "ExplorerRun.0", "testname": "mem_lib_m_array_v1_1", "cornername": "Nominal", "point": 1, "logfile": "/home/rohit/project/logs_rohit/logs0/Job3.log", "event": "started", "task": "simulation"}
[2026-01-21 17:51:40.174 +0530] [INFO] [cadence.virtuoso.ade.simulationMonitor] - Peak resident memory used = 158 Mbytes. {"history": "ExplorerRun.0", "point": 1, "testname": "mem_lib_m_array_v1_1", "cornername": "Nominal"}
[2026-01-21 17:51:40.175 +0530] [INFO] [cadence.virtuoso.ade.simulationMonitor] - Peak resident memory used = 169 Mbytes. {"history": "ExplorerRun.0", "point": 1, "testname": "mem_lib_m_array_v1_1", "cornername": "Nominal"}
[2026-01-21 17:51:40.175 +0530] [INFO] [cadence.virtuoso.ade.simulationMonitor] - Notice from spectre during hierarchy flattening.
    The value 'psf' specified for the 'checklimitdest' option will no longer be supported in future releases. Use 'spectre -h' to see other recommended values for the 'checklimitdest' option. {"history": "ExplorerRun.0", "point": 1, "testname": "mem_lib_m_array_v1_1", "cornername": "Nominal"}
[2026-01-21 17:51:40.175 +0530] [INFO] [cadence.virtuoso.ade.simulationMonitor] - Peak resident memory used = 170 Mbytes. {"history": "ExplorerRun.0", "point": 1, "testname": "mem_lib_m_array_v1_1", "cornername": "Nominal"}
[2026-01-21 17:51:40.175 +0530] [WARN] [cadence.virtuoso.ade.simulationMonitor] -     WARNING (SPECTRE-8281): `I0.I0.gap' is not a node nor an instance name. {"history": "ExplorerRun.0", "point": 1, "testname": "mem_lib_m_array_v1_1", "cornername": "Nominal"}
[2026-01-21 17:51:40.175 +0530] [WARN] [cadence.virtuoso.ade.simulationMonitor] -     WARNING (SPECTRE-8286): Ignoring invalid item `I0.I0.gap' in save statement. {"history": "ExplorerRun.0", "point": 1, "testname": "mem_lib_m_array_v1_1", "cornername": "Nominal"}
[2026-01-21 17:51:40.175 +0530] [INFO] [cadence.virtuoso.ade.simulationMonitor] - Notice from spectre during topology check.
    Only one connection to node `gap_d'. {"history": "ExplorerRun.0", "point": 1, "testname": "mem_lib_m_array_v1_1", "cornername": "Nominal"}
[2026-01-21 17:51:40.175 +0530] [INFO] [cadence.virtuoso.ade.simulationMonitor] - Notice from spectre during initial setup.
    Multithreading is disabled due to the size of the design being too small. {"history": "ExplorerRun.0", "point": 1, "testname": "mem_lib_m_array_v1_1", "cornername": "Nominal"}
[2026-01-21 17:51:40.175 +0530] [INFO] [cadence.virtuoso.ade.simulationMonitor] -               nodes 49 {"history": "ExplorerRun.0", "point": 1, "testname": "mem_lib_m_array_v1_1", "cornername": "Nominal"}
[2026-01-21 17:51:40.175 +0530] [INFO] [cadence.virtuoso.ade.simulationMonitor] - Notice from spectre during initial setup.
    APS enabled. {"history": "ExplorerRun.0", "point": 1, "testname": "mem_lib_m_array_v1_1", "cornername": "Nominal"}
[2026-01-21 17:51:40.175 +0530] [INFO] [cadence.virtuoso.ade.simulationMonitor] - Peak resident memory used = 170 Mbytes. {"history": "ExplorerRun.0", "point": 1, "testname": "mem_lib_m_array_v1_1", "cornername": "Nominal"}
[2026-01-21 17:51:40.175 +0530] [INFO] [cadence.virtuoso.ade.simulationMonitor] -    -   (APS) Multi-threading. The recommended number of threads is 1, consider adding +mt=1 on command line. {"history": "ExplorerRun.0", "point": 1, "testname": "mem_lib_m_array_v1_1", "cornername": "Nominal"}
[2026-01-21 17:51:40.175 +0530] [INFO] [cadence.virtuoso.ade.simulationMonitor] - Notice from spectre during IC analysis, during transient analysis `tran'.
    GminDC = 1 pS is large enough to noticeably affect the DC solution.
        dV(net6) = 145.107 mV
        Use the `gmin_check' option to eliminate or expand this report.
    Bad pivoting is found during DC analysis. Option dc_pivot_check=yes is recommended for possible improvement of convergence. {"history": "ExplorerRun.0", "point": 1, "testname": "mem_lib_m_array_v1_1", "cornername": "Nominal"}
[2026-01-21 17:51:40.175 +0530] [INFO] [cadence.virtuoso.ade.simulationMonitor] - Notice from spectre during transient analysis `tran'.
    Multithreading is disabled due to the size of the design being too small. {"history": "ExplorerRun.0", "point": 1, "testname": "mem_lib_m_array_v1_1", "cornername": "Nominal"}
[2026-01-21 17:51:40.175 +0530] [INFO] [cadence.virtuoso.ade.simulationMonitor] - Notice from spectre at time = 2.16167 ns during transient analysis `tran'.
    Found trapezoidal ringing on node M8.n1. {"history": "ExplorerRun.0", "point": 1, "testname": "mem_lib_m_array_v1_1", "cornername": "Nominal"}
[2026-01-21 17:51:40.176 +0530] [INFO] [cadence.virtuoso.ade.simulationMonitor] - Notice from spectre at time = 2.66167 ns during transient analysis `tran'.
    Found trapezoidal ringing on node M8.n1. {"history": "ExplorerRun.0", "point": 1, "testname": "mem_lib_m_array_v1_1", "cornername": "Nominal"}
[2026-01-21 17:51:40.176 +0530] [INFO] [cadence.virtuoso.ade.simulationMonitor] - Notice from spectre at time = 3.28583 ns during transient analysis `tran'.
    Found trapezoidal ringing on node M8.n1. {"history": "ExplorerRun.0", "point": 1, "testname": "mem_lib_m_array_v1_1", "cornername": "Nominal"}
[2026-01-21 17:51:40.176 +0530] [INFO] [cadence.virtuoso.ade.simulationMonitor] - Notice from spectre at time = 3.91469 ns during transient analysis `tran'.
    Found trapezoidal ringing on node M8.n1. {"history": "ExplorerRun.0", "point": 1, "testname": "mem_lib_m_array_v1_1", "cornername": "Nominal"}
[2026-01-21 17:51:40.176 +0530] [INFO] [cadence.virtuoso.ade.simulationMonitor] - Notice from spectre at time = 3.91719 ns during transient analysis `tran'.
    Found trapezoidal ringing on node M8.n1.
        Further occurrences of this notice will be suppressed. {"history": "ExplorerRun.0", "point": 1, "testname": "mem_lib_m_array_v1_1", "cornername": "Nominal"}
[2026-01-21 17:51:40.176 +0530] [INFO] [cadence.virtuoso.ade.simulationMonitor] - Notice from spectre during transient analysis `tran'.
    Trapezoidal ringing is detected during tran analysis.
        Please use method=trap for better results and performance. {"history": "ExplorerRun.0", "point": 1, "testname": "mem_lib_m_array_v1_1", "cornername": "Nominal"}
[2026-01-21 17:51:40.176 +0530] [INFO] [cadence.virtuoso.ade.simulationMonitor] - Total time required for tran analysis `tran': CPU = 136.357 ms, elapsed = 136.521 ms, util. = 99.9%. {"history": "ExplorerRun.0", "point": 1, "testname": "mem_lib_m_array_v1_1", "cornername": "Nominal"}
[2026-01-21 17:51:40.176 +0530] [INFO] [cadence.virtuoso.ade.simulationMonitor] - Peak resident memory used = 182 Mbytes. {"history": "ExplorerRun.0", "point": 1, "testname": "mem_lib_m_array_v1_1", "cornername": "Nominal"}
[2026-01-21 17:51:40.176 +0530] [INFO] [cadence.virtuoso.ade.simulationMonitor] - Notice from spectre.
    189 notices suppressed. {"history": "ExplorerRun.0", "point": 1, "testname": "mem_lib_m_array_v1_1", "cornername": "Nominal"}
[2026-01-21 17:51:40.176 +0530] [INFO] [cadence.virtuoso.ade.simulationMonitor] - Time used: CPU = 530 ms, elapsed = 1.2 s, util. = 44.3%. {"history": "ExplorerRun.0", "point": 1, "testname": "mem_lib_m_array_v1_1", "cornername": "Nominal"}
[2026-01-21 17:51:40.176 +0530] [INFO] [cadence.virtuoso.ade.simulationMonitor] - Time spent in licensing: elapsed = 621 ms, percentage of total = 51.9%. {"history": "ExplorerRun.0", "point": 1, "testname": "mem_lib_m_array_v1_1", "cornername": "Nominal"}
[2026-01-21 17:51:40.176 +0530] [INFO] [cadence.virtuoso.ade.simulationMonitor] - Peak memory used = 184 Mbytes. {"history": "ExplorerRun.0", "point": 1, "testname": "mem_lib_m_array_v1_1", "cornername": "Nominal"}
[2026-01-21 17:51:40.176 +0530] [PROCESS] [cadence.virtuoso.ade.simulationMonitor] - Simulation started at: 5:51:38 PM, Wed Jan 21, 2026, ended at: 5:51:39 PM, Wed Jan 21, 2026, with elapsed time (wall clock): 1.2 s. {"history": "ExplorerRun.0", "point": 1, "testname": "mem_lib_m_array_v1_1", "cornername": "Nominal"}
[2026-01-21 17:51:40.176 +0530] [PROCESS] [cadence.virtuoso.ade.simulationMonitor] - spectre completes with 0 errors, 2 warnings, and 15 notices. {"history": "ExplorerRun.0", "point": 1, "testname": "mem_lib_m_array_v1_1", "cornername": "Nominal"}
[2026-01-21 17:51:40.176 +0530] [PROCESS] [cadence.virtuoso.ade.simulationMonitor] - Finished simulating for one point {"hostname": "ece.nitk.edu.in", "processid": 1610574, "history": "ExplorerRun.0", "testname": "mem_lib_m_array_v1_1", "cornername": "Nominal", "point": 1, "logfile": "/home/rohit/project/logs_rohit/logs0/Job3.log", "simid": "1"}
[2026-01-21 17:51:40.176 +0530] [PROCESS] [cadence.virtuoso.ade.simulationMonitor] - Simulator exited {"hostname": "ece.nitk.edu.in", "processid": 1610574, "history": "ExplorerRun.0", "testname": "mem_lib_m_array_v1_1", "cornername": "Nominal", "point": 1, "logfile": "/home/rohit/project/logs_rohit/logs0/Job3.log", "exitStatus": "0"}
[2026-01-21 17:51:40.176 +0530] [PROCESS] [cadence.virtuoso.ade.simulationMonitor] - Finished Simulation {"hostname": "ece.nitk.edu.in", "processid": 1610574, "history": "ExplorerRun.0", "testname": "mem_lib_m_array_v1_1", "cornername": "Nominal", "point": 1, "logfile": "/home/rohit/project/logs_rohit/logs0/Job3.log", "simid": "1"}
[2026-01-21 17:51:42.683 +0530] [PROCESS] [cadence.virtuoso.ade.simulationMonitor] - Point Finished {"hostname": "ece.nitk.edu.in", "processid": 1610574, "history": "ExplorerRun.0", "testname": "mem_lib_m_array_v1_1", "cornername": "Nominal", "point": 1, "logfile": "/home/rohit/project/logs_rohit/logs0/Job3.log"}
[2026-01-21 17:51:43.742 +0530] [PROCESS] [cadence.virtuoso.ade.simulationMonitor] - Stay with the runId '2', Linger time '300', currentRunSyn '5', currentTestSyn '5' {"hostname": "ece.nitk.edu.in", "processid": 1610574, "history": "ExplorerRun.0", "testname": "mem_lib_m_array_v1_1", "cornername": "Nominal", "point": 1, "logfile": "/home/rohit/project/logs_rohit/logs0/Job3.log"}
[2026-01-21 17:51:44.745 +0530] [PROCESS] [cadence.virtuoso.ade.simulationMonitor] - Stay with the runId '2', Linger time '300', currentRunSyn '5', currentTestSyn '5' {"hostname": "ece.nitk.edu.in", "processid": 1610574, "history": "ExplorerRun.0", "testname": "mem_lib_m_array_v1_1", "cornername": "Nominal", "point": 1, "logfile": "/home/rohit/project/logs_rohit/logs0/Job3.log"}
[2026-01-21 17:51:45.747 +0530] [PROCESS] [cadence.virtuoso.ade.simulationMonitor] - Stay with the runId '2', Linger time '300', currentRunSyn '5', currentTestSyn '5' {"hostname": "ece.nitk.edu.in", "processid": 1610574, "history": "ExplorerRun.0", "testname": "mem_lib_m_array_v1_1", "cornername": "Nominal", "point": 1, "logfile": "/home/rohit/project/logs_rohit/logs0/Job3.log"}
[2026-01-21 17:51:46.749 +0530] [PROCESS] [cadence.virtuoso.ade.simulationMonitor] - Stay with the runId '2', Linger time '300', currentRunSyn '5', currentTestSyn '5' {"hostname": "ece.nitk.edu.in", "processid": 1610574, "history": "ExplorerRun.0", "testname": "mem_lib_m_array_v1_1", "cornername": "Nominal", "point": 1, "logfile": "/home/rohit/project/logs_rohit/logs0/Job3.log"}
[2026-01-21 17:53:26.404 +0530] [INFO] [cadence.virtuoso.ade.simulationMonitor] - SimulationMonitor has terminated the vds process '1610661', reason: 'Force to stop the expression evalutor process because of new run' {"history": "ExplorerRun.0", "point": 1, "testname": "mem_lib_m_array_v1_1", "cornername": "Nominal"}
[2026-01-21 17:53:26.405 +0530] [PROCESS] [cadence.virtuoso.ade.simulationMonitor] - HostInfo:
Host name (type):	ece.nitk.edu.in (x86_64)
Operating system:	Linux 4.18.0-425.3.1.el8.x86_64 #1 SMP Fri Sep 30 11:45:06 EDT 2022 {"hostname": "ece.nitk.edu.in", "processid": 1610574, "history": "ExplorerRun.0", "testname": "mem_lib_m_array_v1_1", "cornername": "Nominal", "point": 1, "logfile": "/home/rohit/project/logs_rohit/logs0/Job3.log", "nodename": "ece.nitk.edu.in", "domainname": "(none)", "machine": "x86_64", "sysname": "Linux", "release": "4.18.0-425.3.1.el8.x86_64", "version": "#1 SMP Fri Sep 30 11:45:06 EDT 2022"}
[2026-01-21 17:53:26.405 +0530] [PROCESS] [cadence.virtuoso.ade.simulationMonitor] - UsageInfo:
pid=1610574
totalPhysicalMemory=93.835541GB,Used=13.648655GB,totalVirtualMemory=189.835537GB,Used=13.648655GB
Cpu: Cores=16, Load average:0.020000,0.040000,0.000000 {"hostname": "ece.nitk.edu.in", "processid": 1610574, "history": "ExplorerRun.0", "testname": "mem_lib_m_array_v1_1", "cornername": "Nominal", "point": 1, "logfile": "/home/rohit/project/logs_rohit/logs0/Job3.log", "pid": "1610574", "totalPhysicalMemory": "93.835541", "physicalMemoryUsed": "13.648655", "totalVirtualMemory": "189.835537", "virtualMemoryUsed": "13.648655", "cpuCores": "16", "processes": "699", "loadAverage1": "0.020000", "loadAverage5": "0.040000", "loadAverage15": "0.000000", "loadAverage1Percent": "0.001250"}
[2026-01-21 17:53:26.405 +0530] [EVENT] [cadence.virtuoso.ade.simulationMonitor] - NewPoint {"history": "ExplorerRun.0", "point": 1, "testname": "mem_lib_m_array_v1_1", "cornername": "Nominal", "event": "NewPoint", "EventSource": "Simulation Monitor", "HistoryName": "ExplorerRun.0", "logFile": "/home/rohit/project/logs_rohit/logs0/Job3.log", "logFileSize": "16572"}
[2026-01-21 17:53:26.505 +0530] [EVENT] [cadence.virtuoso.ade.simulationMonitor] - NewPoint {"history": "ExplorerRun.0", "point": 1, "testname": "mem_lib_m_array_v1_1", "cornername": "Nominal", "event": "NewPoint", "EventSource": "spectre", "HistoryName": "ExplorerRun.0", "logFile": "/home/rohit/simulation/mem_lib/m_array_v1_maestro/maestro/results/maestro/ExplorerRun.0/1/mem_lib_m_array_v1_1/psf/spectre.out", "logFileSize": "-1"}
[2026-01-21 17:53:26.509 +0530] [PROCESS] [cadence.virtuoso.ade.simulationMonitor] - Simulator launched {"hostname": "ece.nitk.edu.in", "processid": 1610574, "history": "ExplorerRun.0", "testname": "mem_lib_m_array_v1_1", "cornername": "Nominal", "point": 1, "logfile": "/home/rohit/project/logs_rohit/logs0/Job3.log", "simid": "2"}
[2026-01-21 17:53:26.510 +0530] [PROCESS] [cadence.virtuoso.ade.simulationMonitor] - Expression evaluator launched {"hostname": "ece.nitk.edu.in", "processid": 1610574, "history": "ExplorerRun.0", "testname": "mem_lib_m_array_v1_1", "cornername": "Nominal", "point": 1, "logfile": "/home/rohit/project/logs_rohit/logs0/Job3.log"}
[2026-01-21 17:53:26.515 +0530] [PROCESS] [cadence.virtuoso.ade.simulationMonitor] - Started Simulation {"hostname": "ece.nitk.edu.in", "processid": 1610574, "history": "ExplorerRun.0", "testname": "mem_lib_m_array_v1_1", "cornername": "Nominal", "point": 1, "logfile": "/home/rohit/project/logs_rohit/logs0/Job3.log", "event": "started", "task": "simulation"}
[2026-01-21 17:53:28.016 +0530] [INFO] [cadence.virtuoso.ade.simulationMonitor] - Peak resident memory used = 158 Mbytes. {"history": "ExplorerRun.0", "point": 1, "testname": "mem_lib_m_array_v1_1", "cornername": "Nominal"}
[2026-01-21 17:53:28.016 +0530] [INFO] [cadence.virtuoso.ade.simulationMonitor] - Peak resident memory used = 168 Mbytes. {"history": "ExplorerRun.0", "point": 1, "testname": "mem_lib_m_array_v1_1", "cornername": "Nominal"}
[2026-01-21 17:53:28.016 +0530] [INFO] [cadence.virtuoso.ade.simulationMonitor] - Notice from spectre during hierarchy flattening.
    The value 'psf' specified for the 'checklimitdest' option will no longer be supported in future releases. Use 'spectre -h' to see other recommended values for the 'checklimitdest' option. {"history": "ExplorerRun.0", "point": 1, "testname": "mem_lib_m_array_v1_1", "cornername": "Nominal"}
[2026-01-21 17:53:28.016 +0530] [INFO] [cadence.virtuoso.ade.simulationMonitor] - Peak resident memory used = 170 Mbytes. {"history": "ExplorerRun.0", "point": 1, "testname": "mem_lib_m_array_v1_1", "cornername": "Nominal"}
[2026-01-21 17:53:28.016 +0530] [WARN] [cadence.virtuoso.ade.simulationMonitor] -     WARNING (SPECTRE-8281): `I0.I0.gap' is not a node nor an instance name. {"history": "ExplorerRun.0", "point": 1, "testname": "mem_lib_m_array_v1_1", "cornername": "Nominal"}
[2026-01-21 17:53:28.016 +0530] [WARN] [cadence.virtuoso.ade.simulationMonitor] -     WARNING (SPECTRE-8286): Ignoring invalid item `I0.I0.gap' in save statement. {"history": "ExplorerRun.0", "point": 1, "testname": "mem_lib_m_array_v1_1", "cornername": "Nominal"}
[2026-01-21 17:53:28.016 +0530] [INFO] [cadence.virtuoso.ade.simulationMonitor] - Notice from spectre during topology check.
    Only one connection to node `gap_d'. {"history": "ExplorerRun.0", "point": 1, "testname": "mem_lib_m_array_v1_1", "cornername": "Nominal"}
[2026-01-21 17:53:28.017 +0530] [INFO] [cadence.virtuoso.ade.simulationMonitor] - Notice from spectre during initial setup.
    Multithreading is disabled due to the size of the design being too small. {"history": "ExplorerRun.0", "point": 1, "testname": "mem_lib_m_array_v1_1", "cornername": "Nominal"}
[2026-01-21 17:53:28.017 +0530] [INFO] [cadence.virtuoso.ade.simulationMonitor] -               nodes 49 {"history": "ExplorerRun.0", "point": 1, "testname": "mem_lib_m_array_v1_1", "cornername": "Nominal"}
[2026-01-21 17:53:28.017 +0530] [INFO] [cadence.virtuoso.ade.simulationMonitor] - Notice from spectre during initial setup.
    APS enabled. {"history": "ExplorerRun.0", "point": 1, "testname": "mem_lib_m_array_v1_1", "cornername": "Nominal"}
[2026-01-21 17:53:28.017 +0530] [INFO] [cadence.virtuoso.ade.simulationMonitor] - Peak resident memory used = 170 Mbytes. {"history": "ExplorerRun.0", "point": 1, "testname": "mem_lib_m_array_v1_1", "cornername": "Nominal"}
[2026-01-21 17:53:28.017 +0530] [INFO] [cadence.virtuoso.ade.simulationMonitor] -    -   (APS) Multi-threading. The recommended number of threads is 1, consider adding +mt=1 on command line. {"history": "ExplorerRun.0", "point": 1, "testname": "mem_lib_m_array_v1_1", "cornername": "Nominal"}
[2026-01-21 17:53:28.017 +0530] [INFO] [cadence.virtuoso.ade.simulationMonitor] - Notice from spectre during IC analysis, during transient analysis `tran'.
    GminDC = 1 pS is large enough to noticeably affect the DC solution.
        dV(net6) = 145.107 mV
        Use the `gmin_check' option to eliminate or expand this report.
    Bad pivoting is found during DC analysis. Option dc_pivot_check=yes is recommended for possible improvement of convergence. {"history": "ExplorerRun.0", "point": 1, "testname": "mem_lib_m_array_v1_1", "cornername": "Nominal"}
[2026-01-21 17:53:28.017 +0530] [INFO] [cadence.virtuoso.ade.simulationMonitor] - Notice from spectre during transient analysis `tran'.
    Multithreading is disabled due to the size of the design being too small. {"history": "ExplorerRun.0", "point": 1, "testname": "mem_lib_m_array_v1_1", "cornername": "Nominal"}
[2026-01-21 17:53:28.017 +0530] [INFO] [cadence.virtuoso.ade.simulationMonitor] - Notice from spectre at time = 2.49399 ns during transient analysis `tran'.
    Found trapezoidal ringing on node V2:p. {"history": "ExplorerRun.0", "point": 1, "testname": "mem_lib_m_array_v1_1", "cornername": "Nominal"}
[2026-01-21 17:53:28.017 +0530] [INFO] [cadence.virtuoso.ade.simulationMonitor] - Notice from spectre at time = 3.20199 ns during transient analysis `tran'.
    Found trapezoidal ringing on node V2:p. {"history": "ExplorerRun.0", "point": 1, "testname": "mem_lib_m_array_v1_1", "cornername": "Nominal"}
[2026-01-21 17:53:28.017 +0530] [INFO] [cadence.virtuoso.ade.simulationMonitor] - Notice from spectre at time = 3.91 ns during transient analysis `tran'.
    Found trapezoidal ringing on node V2:p. {"history": "ExplorerRun.0", "point": 1, "testname": "mem_lib_m_array_v1_1", "cornername": "Nominal"}
[2026-01-21 17:53:28.017 +0530] [INFO] [cadence.virtuoso.ade.simulationMonitor] - Notice from spectre at time = 3.95804 ns during transient analysis `tran'.
    Found trapezoidal ringing on node M2.n1. {"history": "ExplorerRun.0", "point": 1, "testname": "mem_lib_m_array_v1_1", "cornername": "Nominal"}
[2026-01-21 17:53:28.017 +0530] [INFO] [cadence.virtuoso.ade.simulationMonitor] - Notice from spectre at time = 3.97902 ns during transient analysis `tran'.
    Found trapezoidal ringing on node M2.n1.
        Further occurrences of this notice will be suppressed. {"history": "ExplorerRun.0", "point": 1, "testname": "mem_lib_m_array_v1_1", "cornername": "Nominal"}
[2026-01-21 17:53:28.017 +0530] [INFO] [cadence.virtuoso.ade.simulationMonitor] - Notice from spectre during transient analysis `tran'.
    Trapezoidal ringing is detected during tran analysis.
        Please use method=trap for better results and performance. {"history": "ExplorerRun.0", "point": 1, "testname": "mem_lib_m_array_v1_1", "cornername": "Nominal"}
[2026-01-21 17:53:28.017 +0530] [INFO] [cadence.virtuoso.ade.simulationMonitor] - Total time required for tran analysis `tran': CPU = 130.034 ms, elapsed = 130.272 ms, util. = 99.8%. {"history": "ExplorerRun.0", "point": 1, "testname": "mem_lib_m_array_v1_1", "cornername": "Nominal"}
[2026-01-21 17:53:28.017 +0530] [INFO] [cadence.virtuoso.ade.simulationMonitor] - Peak resident memory used = 181 Mbytes. {"history": "ExplorerRun.0", "point": 1, "testname": "mem_lib_m_array_v1_1", "cornername": "Nominal"}
[2026-01-21 17:53:28.017 +0530] [INFO] [cadence.virtuoso.ade.simulationMonitor] - Notice from spectre.
    215 notices suppressed. {"history": "ExplorerRun.0", "point": 1, "testname": "mem_lib_m_array_v1_1", "cornername": "Nominal"}
[2026-01-21 17:53:28.018 +0530] [INFO] [cadence.virtuoso.ade.simulationMonitor] - Time used: CPU = 523 ms, elapsed = 1.21 s, util. = 43.1%. {"history": "ExplorerRun.0", "point": 1, "testname": "mem_lib_m_array_v1_1", "cornername": "Nominal"}
[2026-01-21 17:53:28.018 +0530] [INFO] [cadence.virtuoso.ade.simulationMonitor] - Time spent in licensing: elapsed = 679 ms, percentage of total = 55.9%. {"history": "ExplorerRun.0", "point": 1, "testname": "mem_lib_m_array_v1_1", "cornername": "Nominal"}
[2026-01-21 17:53:28.018 +0530] [INFO] [cadence.virtuoso.ade.simulationMonitor] - Peak memory used = 184 Mbytes. {"history": "ExplorerRun.0", "point": 1, "testname": "mem_lib_m_array_v1_1", "cornername": "Nominal"}
[2026-01-21 17:53:28.018 +0530] [PROCESS] [cadence.virtuoso.ade.simulationMonitor] - Simulation started at: 5:53:26 PM, Wed Jan 21, 2026, ended at: 5:53:27 PM, Wed Jan 21, 2026, with elapsed time (wall clock): 1.21 s. {"history": "ExplorerRun.0", "point": 1, "testname": "mem_lib_m_array_v1_1", "cornername": "Nominal"}
[2026-01-21 17:53:28.018 +0530] [PROCESS] [cadence.virtuoso.ade.simulationMonitor] - spectre completes with 0 errors, 2 warnings, and 15 notices. {"history": "ExplorerRun.0", "point": 1, "testname": "mem_lib_m_array_v1_1", "cornername": "Nominal"}
[2026-01-21 17:53:28.018 +0530] [PROCESS] [cadence.virtuoso.ade.simulationMonitor] - Finished simulating for one point {"hostname": "ece.nitk.edu.in", "processid": 1610574, "history": "ExplorerRun.0", "testname": "mem_lib_m_array_v1_1", "cornername": "Nominal", "point": 1, "logfile": "/home/rohit/project/logs_rohit/logs0/Job3.log", "simid": "2"}
[2026-01-21 17:53:28.018 +0530] [PROCESS] [cadence.virtuoso.ade.simulationMonitor] - Simulator exited {"hostname": "ece.nitk.edu.in", "processid": 1610574, "history": "ExplorerRun.0", "testname": "mem_lib_m_array_v1_1", "cornername": "Nominal", "point": 1, "logfile": "/home/rohit/project/logs_rohit/logs0/Job3.log", "exitStatus": "0"}
[2026-01-21 17:53:28.018 +0530] [PROCESS] [cadence.virtuoso.ade.simulationMonitor] - Finished Simulation {"hostname": "ece.nitk.edu.in", "processid": 1610574, "history": "ExplorerRun.0", "testname": "mem_lib_m_array_v1_1", "cornername": "Nominal", "point": 1, "logfile": "/home/rohit/project/logs_rohit/logs0/Job3.log", "simid": "2"}
[2026-01-21 17:53:30.524 +0530] [PROCESS] [cadence.virtuoso.ade.simulationMonitor] - Point Finished {"hostname": "ece.nitk.edu.in", "processid": 1610574, "history": "ExplorerRun.0", "testname": "mem_lib_m_array_v1_1", "cornername": "Nominal", "point": 1, "logfile": "/home/rohit/project/logs_rohit/logs0/Job3.log"}
[2026-01-21 17:53:31.583 +0530] [PROCESS] [cadence.virtuoso.ade.simulationMonitor] - Stay with the runId '3', Linger time '300', currentRunSyn '7', currentTestSyn '7' {"hostname": "ece.nitk.edu.in", "processid": 1610574, "history": "ExplorerRun.0", "testname": "mem_lib_m_array_v1_1", "cornername": "Nominal", "point": 1, "logfile": "/home/rohit/project/logs_rohit/logs0/Job3.log"}
[2026-01-21 17:53:32.585 +0530] [PROCESS] [cadence.virtuoso.ade.simulationMonitor] - Stay with the runId '3', Linger time '300', currentRunSyn '7', currentTestSyn '7' {"hostname": "ece.nitk.edu.in", "processid": 1610574, "history": "ExplorerRun.0", "testname": "mem_lib_m_array_v1_1", "cornername": "Nominal", "point": 1, "logfile": "/home/rohit/project/logs_rohit/logs0/Job3.log"}
[2026-01-21 17:53:33.586 +0530] [PROCESS] [cadence.virtuoso.ade.simulationMonitor] - Stay with the runId '3', Linger time '300', currentRunSyn '7', currentTestSyn '7' {"hostname": "ece.nitk.edu.in", "processid": 1610574, "history": "ExplorerRun.0", "testname": "mem_lib_m_array_v1_1", "cornername": "Nominal", "point": 1, "logfile": "/home/rohit/project/logs_rohit/logs0/Job3.log"}
[2026-01-21 17:53:34.588 +0530] [PROCESS] [cadence.virtuoso.ade.simulationMonitor] - Stay with the runId '3', Linger time '300', currentRunSyn '7', currentTestSyn '7' {"hostname": "ece.nitk.edu.in", "processid": 1610574, "history": "ExplorerRun.0", "testname": "mem_lib_m_array_v1_1", "cornername": "Nominal", "point": 1, "logfile": "/home/rohit/project/logs_rohit/logs0/Job3.log"}
[2026-01-21 17:53:35.590 +0530] [PROCESS] [cadence.virtuoso.ade.simulationMonitor] - Stay with the runId '3', Linger time '300', currentRunSyn '7', currentTestSyn '7' {"hostname": "ece.nitk.edu.in", "processid": 1610574, "history": "ExplorerRun.0", "testname": "mem_lib_m_array_v1_1", "cornername": "Nominal", "point": 1, "logfile": "/home/rohit/project/logs_rohit/logs0/Job3.log"}
[2026-01-21 17:58:31.235 +0530] [PROCESS] [cadence.virtuoso.ade.simulationMonitor] - Current memory used: 53.7070 MBytes, peak memory used: 53.7070 MBytes {"hostname": "ece.nitk.edu.in", "processid": 1610574, "history": "ExplorerRun.0", "testname": "mem_lib_m_array_v1_1", "cornername": "Nominal", "point": 1, "logfile": "/home/rohit/project/logs_rohit/logs0/Job3.log"}
[2026-01-21 17:58:31.235 +0530] [PROCESS] [cadence.virtuoso.ade.simulationMonitor] - Simulation Monitor process exit. {"hostname": "ece.nitk.edu.in", "processid": 1610574, "history": "ExplorerRun.0", "testname": "mem_lib_m_array_v1_1", "cornername": "Nominal", "point": 1, "logfile": "/home/rohit/project/logs_rohit/logs0/Job3.log"}
