[Simulation Monitor: 5]
[2026-01-18 15:13:41.560 +0530] [PROCESS] [cadence.virtuoso.ade.simulationMonitor] - Simulation Monitor has successfully started up. Trying to set up communication channels to other components ... {"hostname": "ece.nitk.edu.in", "processid": 1212433, "logfile": "/home/rohit/project/logs_rohit/logs0/Job5.log"}
[2026-01-18 15:13:41.561 +0530] [PROCESS] [cadence.virtuoso.ade.simulationMonitor] - Communication channels have been successfully set up. Start processing events ... {"hostname": "ece.nitk.edu.in", "processid": 1212433, "logfile": "/home/rohit/project/logs_rohit/logs0/Job5.log"}
[2026-01-18 15:13:41.561 +0530] [PROCESS] [cadence.virtuoso.ade.simulationMonitor] - Considering to start history {"hostname": "ece.nitk.edu.in", "processid": 1212433, "history": "ExplorerRun.0", "logfile": "/home/rohit/project/logs_rohit/logs0/Job5.log"}
[2026-01-18 15:13:41.562 +0530] [PROCESS] [cadence.virtuoso.ade.simulationMonitor] - HostInfo:
Host name (type):	ece.nitk.edu.in (x86_64)
Operating system:	Linux 4.18.0-425.3.1.el8.x86_64 #1 SMP Fri Sep 30 11:45:06 EDT 2022 {"hostname": "ece.nitk.edu.in", "processid": 1212433, "history": "ExplorerRun.0", "logfile": "/home/rohit/project/logs_rohit/logs0/Job5.log", "nodename": "ece.nitk.edu.in", "domainname": "(none)", "machine": "x86_64", "sysname": "Linux", "release": "4.18.0-425.3.1.el8.x86_64", "version": "#1 SMP Fri Sep 30 11:45:06 EDT 2022"}
[2026-01-18 15:13:41.562 +0530] [PROCESS] [cadence.virtuoso.ade.simulationMonitor] - UsageInfo:
pid=1212433
totalPhysicalMemory=93.835541GB,Used=16.331985GB,totalVirtualMemory=189.835537GB,Used=16.331985GB
Cpu: Cores=16, Load average:0.110000,0.100000,0.090000 {"hostname": "ece.nitk.edu.in", "processid": 1212433, "history": "ExplorerRun.0", "logfile": "/home/rohit/project/logs_rohit/logs0/Job5.log", "pid": "1212433", "totalPhysicalMemory": "93.835541", "physicalMemoryUsed": "16.331985", "totalVirtualMemory": "189.835537", "virtualMemoryUsed": "16.331985", "cpuCores": "16", "processes": "597", "loadAverage1": "0.110000", "loadAverage5": "0.100000", "loadAverage15": "0.090000", "loadAverage1Percent": "0.006875"}
[2026-01-18 15:13:41.562 +0530] [EVENT] [cadence.virtuoso.ade.simulationMonitor] - NewPoint {"history": "ExplorerRun.0", "point": 1, "testname": "mem_lib_m_array_v1_1", "cornername": "Nominal", "event": "NewPoint", "EventSource": "Simulation Monitor", "HistoryName": "ExplorerRun.0", "logFile": "/home/rohit/project/logs_rohit/logs0/Job5.log", "logFileSize": "2144"}
[2026-01-18 15:13:41.663 +0530] [EVENT] [cadence.virtuoso.ade.simulationMonitor] - NewPoint {"history": "ExplorerRun.0", "point": 1, "testname": "mem_lib_m_array_v1_1", "cornername": "Nominal", "event": "NewPoint", "EventSource": "spectre", "HistoryName": "ExplorerRun.0", "logFile": "/home/rohit/simulation/mem_lib/m_array_v1_maestro/maestro/results/maestro/ExplorerRun.0/1/mem_lib_m_array_v1_1/psf/spectre.out", "logFileSize": "-1"}
[2026-01-18 15:13:41.666 +0530] [PROCESS] [cadence.virtuoso.ade.simulationMonitor] - Simulator launched {"hostname": "ece.nitk.edu.in", "processid": 1212433, "history": "ExplorerRun.0", "testname": "mem_lib_m_array_v1_1", "cornername": "Nominal", "point": 1, "logfile": "/home/rohit/project/logs_rohit/logs0/Job5.log", "simid": "1"}
[2026-01-18 15:13:41.667 +0530] [PROCESS] [cadence.virtuoso.ade.simulationMonitor] - Expression evaluator launched {"hostname": "ece.nitk.edu.in", "processid": 1212433, "history": "ExplorerRun.0", "testname": "mem_lib_m_array_v1_1", "cornername": "Nominal", "point": 1, "logfile": "/home/rohit/project/logs_rohit/logs0/Job5.log"}
[2026-01-18 15:13:41.672 +0530] [PROCESS] [cadence.virtuoso.ade.simulationMonitor] - Started Simulation {"hostname": "ece.nitk.edu.in", "processid": 1212433, "history": "ExplorerRun.0", "testname": "mem_lib_m_array_v1_1", "cornername": "Nominal", "point": 1, "logfile": "/home/rohit/project/logs_rohit/logs0/Job5.log", "event": "started", "task": "simulation"}
[2026-01-18 15:13:43.172 +0530] [INFO] [cadence.virtuoso.ade.simulationMonitor] - Peak resident memory used = 155 Mbytes. {"history": "ExplorerRun.0", "point": 1, "testname": "mem_lib_m_array_v1_1", "cornername": "Nominal"}
[2026-01-18 15:13:43.173 +0530] [INFO] [cadence.virtuoso.ade.simulationMonitor] - Peak resident memory used = 166 Mbytes. {"history": "ExplorerRun.0", "point": 1, "testname": "mem_lib_m_array_v1_1", "cornername": "Nominal"}
[2026-01-18 15:13:43.173 +0530] [INFO] [cadence.virtuoso.ade.simulationMonitor] - Notice from spectre during hierarchy flattening.
    The value 'psf' specified for the 'checklimitdest' option will no longer be supported in future releases. Use 'spectre -h' to see other recommended values for the 'checklimitdest' option. {"history": "ExplorerRun.0", "point": 1, "testname": "mem_lib_m_array_v1_1", "cornername": "Nominal"}
[2026-01-18 15:13:43.173 +0530] [INFO] [cadence.virtuoso.ade.simulationMonitor] - Peak resident memory used = 168 Mbytes. {"history": "ExplorerRun.0", "point": 1, "testname": "mem_lib_m_array_v1_1", "cornername": "Nominal"}
[2026-01-18 15:13:43.173 +0530] [INFO] [cadence.virtuoso.ade.simulationMonitor] - Notice from spectre during initial setup.
    Multithreading is disabled due to the size of the design being too small. {"history": "ExplorerRun.0", "point": 1, "testname": "mem_lib_m_array_v1_1", "cornername": "Nominal"}
[2026-01-18 15:13:43.173 +0530] [INFO] [cadence.virtuoso.ade.simulationMonitor] -               nodes 44 {"history": "ExplorerRun.0", "point": 1, "testname": "mem_lib_m_array_v1_1", "cornername": "Nominal"}
[2026-01-18 15:13:43.173 +0530] [INFO] [cadence.virtuoso.ade.simulationMonitor] - Notice from spectre during initial setup.
    APS enabled. {"history": "ExplorerRun.0", "point": 1, "testname": "mem_lib_m_array_v1_1", "cornername": "Nominal"}
[2026-01-18 15:13:43.173 +0530] [INFO] [cadence.virtuoso.ade.simulationMonitor] - Peak resident memory used = 168 Mbytes. {"history": "ExplorerRun.0", "point": 1, "testname": "mem_lib_m_array_v1_1", "cornername": "Nominal"}
[2026-01-18 15:13:43.173 +0530] [INFO] [cadence.virtuoso.ade.simulationMonitor] -    -   (APS) Multi-threading. The recommended number of threads is 1, consider adding +mt=1 on command line. {"history": "ExplorerRun.0", "point": 1, "testname": "mem_lib_m_array_v1_1", "cornername": "Nominal"}
[2026-01-18 15:13:43.173 +0530] [INFO] [cadence.virtuoso.ade.simulationMonitor] - Notice from spectre during IC analysis, during transient analysis `tran'.
    GminDC = 1 pS is large enough to noticeably affect the DC solution.
        dV(net6) = 145.109 mV
        Use the `gmin_check' option to eliminate or expand this report.
    Bad pivoting is found during DC analysis. Option dc_pivot_check=yes is recommended for possible improvement of convergence. {"history": "ExplorerRun.0", "point": 1, "testname": "mem_lib_m_array_v1_1", "cornername": "Nominal"}
[2026-01-18 15:13:43.173 +0530] [INFO] [cadence.virtuoso.ade.simulationMonitor] - Notice from spectre during transient analysis `tran'.
    Multithreading is disabled due to the size of the design being too small. {"history": "ExplorerRun.0", "point": 1, "testname": "mem_lib_m_array_v1_1", "cornername": "Nominal"}
[2026-01-18 15:13:43.173 +0530] [INFO] [cadence.virtuoso.ade.simulationMonitor] - Notice from spectre at time = 668.511 ps during transient analysis `tran'.
    Found trapezoidal ringing on node M8.n1. {"history": "ExplorerRun.0", "point": 1, "testname": "mem_lib_m_array_v1_1", "cornername": "Nominal"}
[2026-01-18 15:13:43.173 +0530] [INFO] [cadence.virtuoso.ade.simulationMonitor] - Notice from spectre at time = 804.391 ps during transient analysis `tran'.
    Found trapezoidal ringing on node M8.n1. {"history": "ExplorerRun.0", "point": 1, "testname": "mem_lib_m_array_v1_1", "cornername": "Nominal"}
[2026-01-18 15:13:43.173 +0530] [INFO] [cadence.virtuoso.ade.simulationMonitor] - Notice from spectre at time = 872.331 ps during transient analysis `tran'.
    Found trapezoidal ringing on node M8.n1. {"history": "ExplorerRun.0", "point": 1, "testname": "mem_lib_m_array_v1_1", "cornername": "Nominal"}
[2026-01-18 15:13:43.173 +0530] [INFO] [cadence.virtuoso.ade.simulationMonitor] - Notice from spectre at time = 1.00821 ns during transient analysis `tran'.
    Found trapezoidal ringing on node M8.n1. {"history": "ExplorerRun.0", "point": 1, "testname": "mem_lib_m_array_v1_1", "cornername": "Nominal"}
[2026-01-18 15:13:43.173 +0530] [INFO] [cadence.virtuoso.ade.simulationMonitor] - Notice from spectre at time = 1.07615 ns during transient analysis `tran'.
    Found trapezoidal ringing on node M8.n1.
        Further occurrences of this notice will be suppressed. {"history": "ExplorerRun.0", "point": 1, "testname": "mem_lib_m_array_v1_1", "cornername": "Nominal"}
[2026-01-18 15:13:43.674 +0530] [INFO] [cadence.virtuoso.ade.simulationMonitor] - Notice from spectre during transient analysis `tran'.
    Trapezoidal ringing is detected during tran analysis.
        Please use method=trap for better results and performance. {"history": "ExplorerRun.0", "point": 1, "testname": "mem_lib_m_array_v1_1", "cornername": "Nominal"}
[2026-01-18 15:13:43.674 +0530] [INFO] [cadence.virtuoso.ade.simulationMonitor] - Total time required for tran analysis `tran': CPU = 508.683 ms, elapsed = 509.941 ms, util. = 99.8%. {"history": "ExplorerRun.0", "point": 1, "testname": "mem_lib_m_array_v1_1", "cornername": "Nominal"}
[2026-01-18 15:13:43.674 +0530] [INFO] [cadence.virtuoso.ade.simulationMonitor] - Peak resident memory used = 187 Mbytes. {"history": "ExplorerRun.0", "point": 1, "testname": "mem_lib_m_array_v1_1", "cornername": "Nominal"}
[2026-01-18 15:13:43.674 +0530] [INFO] [cadence.virtuoso.ade.simulationMonitor] - Notice from spectre.
    1019 notices suppressed. {"history": "ExplorerRun.0", "point": 1, "testname": "mem_lib_m_array_v1_1", "cornername": "Nominal"}
[2026-01-18 15:13:43.674 +0530] [INFO] [cadence.virtuoso.ade.simulationMonitor] - Time used: CPU = 903 ms, elapsed = 1.48 s, util. = 61%. {"history": "ExplorerRun.0", "point": 1, "testname": "mem_lib_m_array_v1_1", "cornername": "Nominal"}
[2026-01-18 15:13:43.674 +0530] [INFO] [cadence.virtuoso.ade.simulationMonitor] - Time spent in licensing: elapsed = 532 ms, percentage of total = 36%. {"history": "ExplorerRun.0", "point": 1, "testname": "mem_lib_m_array_v1_1", "cornername": "Nominal"}
[2026-01-18 15:13:43.674 +0530] [INFO] [cadence.virtuoso.ade.simulationMonitor] - Peak memory used = 189 Mbytes. {"history": "ExplorerRun.0", "point": 1, "testname": "mem_lib_m_array_v1_1", "cornername": "Nominal"}
[2026-01-18 15:13:43.674 +0530] [PROCESS] [cadence.virtuoso.ade.simulationMonitor] - Simulation started at: 3:13:41 PM, Sun Jan 18, 2026, ended at: 3:13:43 PM, Sun Jan 18, 2026, with elapsed time (wall clock): 1.48 s. {"history": "ExplorerRun.0", "point": 1, "testname": "mem_lib_m_array_v1_1", "cornername": "Nominal"}
[2026-01-18 15:13:43.674 +0530] [PROCESS] [cadence.virtuoso.ade.simulationMonitor] - spectre completes with 0 errors, 0 warnings, and 14 notices. {"history": "ExplorerRun.0", "point": 1, "testname": "mem_lib_m_array_v1_1", "cornername": "Nominal"}
[2026-01-18 15:13:43.674 +0530] [PROCESS] [cadence.virtuoso.ade.simulationMonitor] - Finished simulating for one point {"hostname": "ece.nitk.edu.in", "processid": 1212433, "history": "ExplorerRun.0", "testname": "mem_lib_m_array_v1_1", "cornername": "Nominal", "point": 1, "logfile": "/home/rohit/project/logs_rohit/logs0/Job5.log", "simid": "1"}
[2026-01-18 15:13:43.674 +0530] [PROCESS] [cadence.virtuoso.ade.simulationMonitor] - Simulator exited {"hostname": "ece.nitk.edu.in", "processid": 1212433, "history": "ExplorerRun.0", "testname": "mem_lib_m_array_v1_1", "cornername": "Nominal", "point": 1, "logfile": "/home/rohit/project/logs_rohit/logs0/Job5.log", "exitStatus": "0"}
[2026-01-18 15:13:43.675 +0530] [PROCESS] [cadence.virtuoso.ade.simulationMonitor] - Finished Simulation {"hostname": "ece.nitk.edu.in", "processid": 1212433, "history": "ExplorerRun.0", "testname": "mem_lib_m_array_v1_1", "cornername": "Nominal", "point": 1, "logfile": "/home/rohit/project/logs_rohit/logs0/Job5.log", "simid": "1"}
[2026-01-18 15:13:45.180 +0530] [PROCESS] [cadence.virtuoso.ade.simulationMonitor] - Point Finished {"hostname": "ece.nitk.edu.in", "processid": 1212433, "history": "ExplorerRun.0", "testname": "mem_lib_m_array_v1_1", "cornername": "Nominal", "point": 1, "logfile": "/home/rohit/project/logs_rohit/logs0/Job5.log"}
[2026-01-18 15:13:46.237 +0530] [PROCESS] [cadence.virtuoso.ade.simulationMonitor] - Stay with the runId '13', Linger time '300', currentRunSyn '27', currentTestSyn '27' {"hostname": "ece.nitk.edu.in", "processid": 1212433, "history": "ExplorerRun.0", "testname": "mem_lib_m_array_v1_1", "cornername": "Nominal", "point": 1, "logfile": "/home/rohit/project/logs_rohit/logs0/Job5.log"}
[2026-01-18 15:13:47.239 +0530] [PROCESS] [cadence.virtuoso.ade.simulationMonitor] - Stay with the runId '13', Linger time '300', currentRunSyn '27', currentTestSyn '27' {"hostname": "ece.nitk.edu.in", "processid": 1212433, "history": "ExplorerRun.0", "testname": "mem_lib_m_array_v1_1", "cornername": "Nominal", "point": 1, "logfile": "/home/rohit/project/logs_rohit/logs0/Job5.log"}
[2026-01-18 15:13:48.241 +0530] [PROCESS] [cadence.virtuoso.ade.simulationMonitor] - Stay with the runId '13', Linger time '300', currentRunSyn '27', currentTestSyn '27' {"hostname": "ece.nitk.edu.in", "processid": 1212433, "history": "ExplorerRun.0", "testname": "mem_lib_m_array_v1_1", "cornername": "Nominal", "point": 1, "logfile": "/home/rohit/project/logs_rohit/logs0/Job5.log"}
[2026-01-18 15:13:49.243 +0530] [PROCESS] [cadence.virtuoso.ade.simulationMonitor] - Stay with the runId '13', Linger time '300', currentRunSyn '27', currentTestSyn '27' {"hostname": "ece.nitk.edu.in", "processid": 1212433, "history": "ExplorerRun.0", "testname": "mem_lib_m_array_v1_1", "cornername": "Nominal", "point": 1, "logfile": "/home/rohit/project/logs_rohit/logs0/Job5.log"}
[2026-01-18 15:15:44.980 +0530] [INFO] [cadence.virtuoso.ade.simulationMonitor] - SimulationMonitor has terminated the vds process '1212521', reason: 'Force to stop the expression evalutor process because of new run' {"history": "ExplorerRun.0", "point": 1, "testname": "mem_lib_m_array_v1_1", "cornername": "Nominal"}
[2026-01-18 15:15:44.980 +0530] [PROCESS] [cadence.virtuoso.ade.simulationMonitor] - HostInfo:
Host name (type):	ece.nitk.edu.in (x86_64)
Operating system:	Linux 4.18.0-425.3.1.el8.x86_64 #1 SMP Fri Sep 30 11:45:06 EDT 2022 {"hostname": "ece.nitk.edu.in", "processid": 1212433, "history": "ExplorerRun.0", "testname": "mem_lib_m_array_v1_1", "cornername": "Nominal", "point": 1, "logfile": "/home/rohit/project/logs_rohit/logs0/Job5.log", "nodename": "ece.nitk.edu.in", "domainname": "(none)", "machine": "x86_64", "sysname": "Linux", "release": "4.18.0-425.3.1.el8.x86_64", "version": "#1 SMP Fri Sep 30 11:45:06 EDT 2022"}
[2026-01-18 15:15:44.980 +0530] [PROCESS] [cadence.virtuoso.ade.simulationMonitor] - UsageInfo:
pid=1212433
totalPhysicalMemory=93.835541GB,Used=16.337906GB,totalVirtualMemory=189.835537GB,Used=16.337906GB
Cpu: Cores=16, Load average:0.200000,0.130000,0.100000 {"hostname": "ece.nitk.edu.in", "processid": 1212433, "history": "ExplorerRun.0", "testname": "mem_lib_m_array_v1_1", "cornername": "Nominal", "point": 1, "logfile": "/home/rohit/project/logs_rohit/logs0/Job5.log", "pid": "1212433", "totalPhysicalMemory": "93.835541", "physicalMemoryUsed": "16.337906", "totalVirtualMemory": "189.835537", "virtualMemoryUsed": "16.337906", "cpuCores": "16", "processes": "596", "loadAverage1": "0.200000", "loadAverage5": "0.130000", "loadAverage15": "0.100000", "loadAverage1Percent": "0.012500"}
[2026-01-18 15:15:44.980 +0530] [EVENT] [cadence.virtuoso.ade.simulationMonitor] - NewPoint {"history": "ExplorerRun.0", "point": 1, "testname": "mem_lib_m_array_v1_1", "cornername": "Nominal", "event": "NewPoint", "EventSource": "Simulation Monitor", "HistoryName": "ExplorerRun.0", "logFile": "/home/rohit/project/logs_rohit/logs0/Job5.log", "logFileSize": "15790"}
[2026-01-18 15:15:45.081 +0530] [EVENT] [cadence.virtuoso.ade.simulationMonitor] - NewPoint {"history": "ExplorerRun.0", "point": 1, "testname": "mem_lib_m_array_v1_1", "cornername": "Nominal", "event": "NewPoint", "EventSource": "spectre", "HistoryName": "ExplorerRun.0", "logFile": "/home/rohit/simulation/mem_lib/m_array_v1_maestro/maestro/results/maestro/ExplorerRun.0/1/mem_lib_m_array_v1_1/psf/spectre.out", "logFileSize": "-1"}
[2026-01-18 15:15:45.085 +0530] [PROCESS] [cadence.virtuoso.ade.simulationMonitor] - Simulator launched {"hostname": "ece.nitk.edu.in", "processid": 1212433, "history": "ExplorerRun.0", "testname": "mem_lib_m_array_v1_1", "cornername": "Nominal", "point": 1, "logfile": "/home/rohit/project/logs_rohit/logs0/Job5.log", "simid": "2"}
[2026-01-18 15:15:45.086 +0530] [PROCESS] [cadence.virtuoso.ade.simulationMonitor] - Expression evaluator launched {"hostname": "ece.nitk.edu.in", "processid": 1212433, "history": "ExplorerRun.0", "testname": "mem_lib_m_array_v1_1", "cornername": "Nominal", "point": 1, "logfile": "/home/rohit/project/logs_rohit/logs0/Job5.log"}
[2026-01-18 15:15:45.091 +0530] [PROCESS] [cadence.virtuoso.ade.simulationMonitor] - Started Simulation {"hostname": "ece.nitk.edu.in", "processid": 1212433, "history": "ExplorerRun.0", "testname": "mem_lib_m_array_v1_1", "cornername": "Nominal", "point": 1, "logfile": "/home/rohit/project/logs_rohit/logs0/Job5.log", "event": "started", "task": "simulation"}
[2026-01-18 15:16:05.722 +0530] [INFO] [cadence.virtuoso.ade.simulationMonitor] - Peak resident memory used = 156 Mbytes. {"history": "ExplorerRun.0", "point": 1, "testname": "mem_lib_m_array_v1_1", "cornername": "Nominal"}
[2026-01-18 15:16:05.722 +0530] [INFO] [cadence.virtuoso.ade.simulationMonitor] - Peak resident memory used = 167 Mbytes. {"history": "ExplorerRun.0", "point": 1, "testname": "mem_lib_m_array_v1_1", "cornername": "Nominal"}
[2026-01-18 15:16:05.722 +0530] [INFO] [cadence.virtuoso.ade.simulationMonitor] - Notice from spectre during hierarchy flattening.
    The value 'psf' specified for the 'checklimitdest' option will no longer be supported in future releases. Use 'spectre -h' to see other recommended values for the 'checklimitdest' option. {"history": "ExplorerRun.0", "point": 1, "testname": "mem_lib_m_array_v1_1", "cornername": "Nominal"}
[2026-01-18 15:16:05.722 +0530] [INFO] [cadence.virtuoso.ade.simulationMonitor] - Peak resident memory used = 168 Mbytes. {"history": "ExplorerRun.0", "point": 1, "testname": "mem_lib_m_array_v1_1", "cornername": "Nominal"}
[2026-01-18 15:16:05.722 +0530] [INFO] [cadence.virtuoso.ade.simulationMonitor] - Notice from spectre during initial setup.
    Multithreading is disabled due to the size of the design being too small. {"history": "ExplorerRun.0", "point": 1, "testname": "mem_lib_m_array_v1_1", "cornername": "Nominal"}
[2026-01-18 15:16:05.722 +0530] [INFO] [cadence.virtuoso.ade.simulationMonitor] -               nodes 44 {"history": "ExplorerRun.0", "point": 1, "testname": "mem_lib_m_array_v1_1", "cornername": "Nominal"}
[2026-01-18 15:16:05.722 +0530] [INFO] [cadence.virtuoso.ade.simulationMonitor] - Notice from spectre during initial setup.
    APS enabled. {"history": "ExplorerRun.0", "point": 1, "testname": "mem_lib_m_array_v1_1", "cornername": "Nominal"}
[2026-01-18 15:16:05.723 +0530] [INFO] [cadence.virtuoso.ade.simulationMonitor] - Peak resident memory used = 168 Mbytes. {"history": "ExplorerRun.0", "point": 1, "testname": "mem_lib_m_array_v1_1", "cornername": "Nominal"}
[2026-01-18 15:16:05.723 +0530] [INFO] [cadence.virtuoso.ade.simulationMonitor] -    -   (APS) Multi-threading. The recommended number of threads is 1, consider adding +mt=1 on command line. {"history": "ExplorerRun.0", "point": 1, "testname": "mem_lib_m_array_v1_1", "cornername": "Nominal"}
[2026-01-18 15:16:05.723 +0530] [INFO] [cadence.virtuoso.ade.simulationMonitor] - Notice from spectre during IC analysis, during transient analysis `tran'.
    GminDC = 1 pS is large enough to noticeably affect the DC solution.
        dV(net6) = 145.109 mV
        Use the `gmin_check' option to eliminate or expand this report.
    Bad pivoting is found during DC analysis. Option dc_pivot_check=yes is recommended for possible improvement of convergence. {"history": "ExplorerRun.0", "point": 1, "testname": "mem_lib_m_array_v1_1", "cornername": "Nominal"}
[2026-01-18 15:16:05.723 +0530] [INFO] [cadence.virtuoso.ade.simulationMonitor] - Notice from spectre during transient analysis `tran'.
    Multithreading is disabled due to the size of the design being too small. {"history": "ExplorerRun.0", "point": 1, "testname": "mem_lib_m_array_v1_1", "cornername": "Nominal"}
[2026-01-18 15:16:05.723 +0530] [INFO] [cadence.virtuoso.ade.simulationMonitor] - Notice from spectre at time = 892.869 ps during transient analysis `tran'.
    Found trapezoidal ringing on node M8.n1. {"history": "ExplorerRun.0", "point": 1, "testname": "mem_lib_m_array_v1_1", "cornername": "Nominal"}
[2026-01-18 15:16:05.723 +0530] [INFO] [cadence.virtuoso.ade.simulationMonitor] - Notice from spectre at time = 997.988 ps during transient analysis `tran'.
    Found trapezoidal ringing on node M8.n1. {"history": "ExplorerRun.0", "point": 1, "testname": "mem_lib_m_array_v1_1", "cornername": "Nominal"}
[2026-01-18 15:16:05.723 +0530] [INFO] [cadence.virtuoso.ade.simulationMonitor] - Notice from spectre at time = 1.05055 ns during transient analysis `tran'.
    Found trapezoidal ringing on node M8.n1. {"history": "ExplorerRun.0", "point": 1, "testname": "mem_lib_m_array_v1_1", "cornername": "Nominal"}
[2026-01-18 15:16:05.723 +0530] [INFO] [cadence.virtuoso.ade.simulationMonitor] - Notice from spectre at time = 1.15567 ns during transient analysis `tran'.
    Found trapezoidal ringing on node M8.n1. {"history": "ExplorerRun.0", "point": 1, "testname": "mem_lib_m_array_v1_1", "cornername": "Nominal"}
[2026-01-18 15:16:05.723 +0530] [INFO] [cadence.virtuoso.ade.simulationMonitor] - Notice from spectre at time = 1.20822 ns during transient analysis `tran'.
    Found trapezoidal ringing on node M8.n1.
        Further occurrences of this notice will be suppressed. {"history": "ExplorerRun.0", "point": 1, "testname": "mem_lib_m_array_v1_1", "cornername": "Nominal"}
[2026-01-18 15:16:06.224 +0530] [INFO] [cadence.virtuoso.ade.simulationMonitor] - Notice from spectre during transient analysis `tran'.
    Trapezoidal ringing is detected during tran analysis.
        Please use method=trap for better results and performance. {"history": "ExplorerRun.0", "point": 1, "testname": "mem_lib_m_array_v1_1", "cornername": "Nominal"}
[2026-01-18 15:16:06.224 +0530] [INFO] [cadence.virtuoso.ade.simulationMonitor] - Total time required for tran analysis `tran': CPU = 493.112 ms, elapsed = 494.333 ms, util. = 99.8%. {"history": "ExplorerRun.0", "point": 1, "testname": "mem_lib_m_array_v1_1", "cornername": "Nominal"}
[2026-01-18 15:16:06.224 +0530] [INFO] [cadence.virtuoso.ade.simulationMonitor] - Peak resident memory used = 187 Mbytes. {"history": "ExplorerRun.0", "point": 1, "testname": "mem_lib_m_array_v1_1", "cornername": "Nominal"}
[2026-01-18 15:16:06.224 +0530] [INFO] [cadence.virtuoso.ade.simulationMonitor] - Notice from spectre.
    792 notices suppressed. {"history": "ExplorerRun.0", "point": 1, "testname": "mem_lib_m_array_v1_1", "cornername": "Nominal"}
[2026-01-18 15:16:06.224 +0530] [INFO] [cadence.virtuoso.ade.simulationMonitor] - Time used: CPU = 883 ms, elapsed = 20.6 s, util. = 4.29%. {"history": "ExplorerRun.0", "point": 1, "testname": "mem_lib_m_array_v1_1", "cornername": "Nominal"}
[2026-01-18 15:16:06.224 +0530] [INFO] [cadence.virtuoso.ade.simulationMonitor] - Time spent in licensing: elapsed = 19.7 s, percentage of total = 95.7%. {"history": "ExplorerRun.0", "point": 1, "testname": "mem_lib_m_array_v1_1", "cornername": "Nominal"}
[2026-01-18 15:16:06.224 +0530] [INFO] [cadence.virtuoso.ade.simulationMonitor] - Peak memory used = 189 Mbytes. {"history": "ExplorerRun.0", "point": 1, "testname": "mem_lib_m_array_v1_1", "cornername": "Nominal"}
[2026-01-18 15:16:06.224 +0530] [PROCESS] [cadence.virtuoso.ade.simulationMonitor] - Simulation started at: 3:15:45 PM, Sun Jan 18, 2026, ended at: 3:16:05 PM, Sun Jan 18, 2026, with elapsed time (wall clock): 20.6 s. {"history": "ExplorerRun.0", "point": 1, "testname": "mem_lib_m_array_v1_1", "cornername": "Nominal"}
[2026-01-18 15:16:06.224 +0530] [PROCESS] [cadence.virtuoso.ade.simulationMonitor] - spectre completes with 0 errors, 0 warnings, and 14 notices. {"history": "ExplorerRun.0", "point": 1, "testname": "mem_lib_m_array_v1_1", "cornername": "Nominal"}
[2026-01-18 15:16:06.224 +0530] [PROCESS] [cadence.virtuoso.ade.simulationMonitor] - Finished simulating for one point {"hostname": "ece.nitk.edu.in", "processid": 1212433, "history": "ExplorerRun.0", "testname": "mem_lib_m_array_v1_1", "cornername": "Nominal", "point": 1, "logfile": "/home/rohit/project/logs_rohit/logs0/Job5.log", "simid": "2"}
[2026-01-18 15:16:06.225 +0530] [PROCESS] [cadence.virtuoso.ade.simulationMonitor] - Simulator exited {"hostname": "ece.nitk.edu.in", "processid": 1212433, "history": "ExplorerRun.0", "testname": "mem_lib_m_array_v1_1", "cornername": "Nominal", "point": 1, "logfile": "/home/rohit/project/logs_rohit/logs0/Job5.log", "exitStatus": "0"}
[2026-01-18 15:16:06.225 +0530] [PROCESS] [cadence.virtuoso.ade.simulationMonitor] - Finished Simulation {"hostname": "ece.nitk.edu.in", "processid": 1212433, "history": "ExplorerRun.0", "testname": "mem_lib_m_array_v1_1", "cornername": "Nominal", "point": 1, "logfile": "/home/rohit/project/logs_rohit/logs0/Job5.log", "simid": "2"}
[2026-01-18 15:16:07.230 +0530] [PROCESS] [cadence.virtuoso.ade.simulationMonitor] - Point Finished {"hostname": "ece.nitk.edu.in", "processid": 1212433, "history": "ExplorerRun.0", "testname": "mem_lib_m_array_v1_1", "cornername": "Nominal", "point": 1, "logfile": "/home/rohit/project/logs_rohit/logs0/Job5.log"}
[2026-01-18 15:16:08.279 +0530] [PROCESS] [cadence.virtuoso.ade.simulationMonitor] - Stay with the runId '14', Linger time '300', currentRunSyn '29', currentTestSyn '29' {"hostname": "ece.nitk.edu.in", "processid": 1212433, "history": "ExplorerRun.0", "testname": "mem_lib_m_array_v1_1", "cornername": "Nominal", "point": 1, "logfile": "/home/rohit/project/logs_rohit/logs0/Job5.log"}
[2026-01-18 15:16:09.281 +0530] [PROCESS] [cadence.virtuoso.ade.simulationMonitor] - Stay with the runId '14', Linger time '300', currentRunSyn '29', currentTestSyn '29' {"hostname": "ece.nitk.edu.in", "processid": 1212433, "history": "ExplorerRun.0", "testname": "mem_lib_m_array_v1_1", "cornername": "Nominal", "point": 1, "logfile": "/home/rohit/project/logs_rohit/logs0/Job5.log"}
[2026-01-18 15:16:10.283 +0530] [PROCESS] [cadence.virtuoso.ade.simulationMonitor] - Stay with the runId '14', Linger time '300', currentRunSyn '29', currentTestSyn '29' {"hostname": "ece.nitk.edu.in", "processid": 1212433, "history": "ExplorerRun.0", "testname": "mem_lib_m_array_v1_1", "cornername": "Nominal", "point": 1, "logfile": "/home/rohit/project/logs_rohit/logs0/Job5.log"}
[2026-01-18 15:16:11.285 +0530] [PROCESS] [cadence.virtuoso.ade.simulationMonitor] - Stay with the runId '14', Linger time '300', currentRunSyn '29', currentTestSyn '29' {"hostname": "ece.nitk.edu.in", "processid": 1212433, "history": "ExplorerRun.0", "testname": "mem_lib_m_array_v1_1", "cornername": "Nominal", "point": 1, "logfile": "/home/rohit/project/logs_rohit/logs0/Job5.log"}
[2026-01-18 15:20:49.783 +0530] [PROCESS] [cadence.virtuoso.ade.simulationMonitor] - get signal Terminated<15> from user:rohit, which pid:1212431:/home/install/IC618/tools/bin/64bit/cdsServIpc {"hostname": "ece.nitk.edu.in", "processid": 1212433, "history": "ExplorerRun.0", "testname": "mem_lib_m_array_v1_1", "cornername": "Nominal", "point": 1, "logfile": "/home/rohit/project/logs_rohit/logs0/Job5.log", "signal": "15", "signalName": "Terminated", "which": "/home/install/IC618/tools/bin/64bit/cdsServIpc", "pid": "1212431", "user": "rohit", "uid": "1107"}
[2026-01-18 15:20:49.783 +0530] [INFO] [cadence.virtuoso.ade.simulationMonitor] - SimulationMonitor has terminated the spectre process '1213245', reason: 'simulationMonitor is handling signal 15' {"history": "ExplorerRun.0", "point": 1, "testname": "mem_lib_m_array_v1_1", "cornername": "Nominal"}
[2026-01-18 15:20:50.284 +0530] [PROCESS] [cadence.virtuoso.ade.simulationMonitor] - Current memory used: 54.5820 MBytes, peak memory used: 54.5820 MBytes {"hostname": "ece.nitk.edu.in", "processid": 1212433, "history": "ExplorerRun.0", "testname": "mem_lib_m_array_v1_1", "cornername": "Nominal", "point": 1, "logfile": "/home/rohit/project/logs_rohit/logs0/Job5.log"}
[2026-01-18 15:20:50.284 +0530] [PROCESS] [cadence.virtuoso.ade.simulationMonitor] - Simulation Monitor process exit. {"hostname": "ece.nitk.edu.in", "processid": 1212433, "history": "ExplorerRun.0", "testname": "mem_lib_m_array_v1_1", "cornername": "Nominal", "point": 1, "logfile": "/home/rohit/project/logs_rohit/logs0/Job5.log"}
