[Simulation Monitor: 6]
[2026-01-15 23:37:01.660 +0530] [PROCESS] [cadence.virtuoso.ade.simulationMonitor] - Simulation Monitor has successfully started up. Trying to set up communication channels to other components ... {"hostname": "ece.nitk.edu.in", "processid": 793370, "logfile": "/home/rohit/project/logs_rohit/logs0/Job6.log"}
[2026-01-15 23:37:01.666 +0530] [PROCESS] [cadence.virtuoso.ade.simulationMonitor] - Communication channels have been successfully set up. Start processing events ... {"hostname": "ece.nitk.edu.in", "processid": 793370, "logfile": "/home/rohit/project/logs_rohit/logs0/Job6.log"}
[2026-01-15 23:37:01.667 +0530] [PROCESS] [cadence.virtuoso.ade.simulationMonitor] - Considering to start history {"hostname": "ece.nitk.edu.in", "processid": 793370, "history": "ExplorerRun.0", "logfile": "/home/rohit/project/logs_rohit/logs0/Job6.log"}
[2026-01-15 23:37:01.668 +0530] [PROCESS] [cadence.virtuoso.ade.simulationMonitor] - HostInfo:
Host name (type):	ece.nitk.edu.in (x86_64)
Operating system:	Linux 4.18.0-425.3.1.el8.x86_64 #1 SMP Fri Sep 30 11:45:06 EDT 2022 {"hostname": "ece.nitk.edu.in", "processid": 793370, "history": "ExplorerRun.0", "logfile": "/home/rohit/project/logs_rohit/logs0/Job6.log", "nodename": "ece.nitk.edu.in", "domainname": "(none)", "machine": "x86_64", "sysname": "Linux", "release": "4.18.0-425.3.1.el8.x86_64", "version": "#1 SMP Fri Sep 30 11:45:06 EDT 2022"}
[2026-01-15 23:37:01.668 +0530] [PROCESS] [cadence.virtuoso.ade.simulationMonitor] - UsageInfo:
pid=793370
totalPhysicalMemory=93.835541GB,Used=11.738953GB,totalVirtualMemory=189.835537GB,Used=11.738953GB
Cpu: Cores=16, Load average:0.000000,0.040000,0.140000 {"hostname": "ece.nitk.edu.in", "processid": 793370, "history": "ExplorerRun.0", "logfile": "/home/rohit/project/logs_rohit/logs0/Job6.log", "pid": "793370", "totalPhysicalMemory": "93.835541", "physicalMemoryUsed": "11.738953", "totalVirtualMemory": "189.835537", "virtualMemoryUsed": "11.738953", "cpuCores": "16", "processes": "691", "loadAverage1": "0.000000", "loadAverage5": "0.040000", "loadAverage15": "0.140000", "loadAverage1Percent": "0.000000"}
[2026-01-15 23:37:01.668 +0530] [EVENT] [cadence.virtuoso.ade.simulationMonitor] - NewPoint {"history": "ExplorerRun.0", "point": 1, "testname": "mem_lib_m_array_v1_1", "cornername": "Nominal", "event": "NewPoint", "EventSource": "Simulation Monitor", "HistoryName": "ExplorerRun.0", "logFile": "/home/rohit/project/logs_rohit/logs0/Job6.log", "logFileSize": "2137"}
[2026-01-15 23:37:01.769 +0530] [EVENT] [cadence.virtuoso.ade.simulationMonitor] - NewPoint {"history": "ExplorerRun.0", "point": 1, "testname": "mem_lib_m_array_v1_1", "cornername": "Nominal", "event": "NewPoint", "EventSource": "spectre", "HistoryName": "ExplorerRun.0", "logFile": "/home/rohit/simulation/mem_lib/m_array_v1_maestro/maestro/results/maestro/ExplorerRun.0/1/mem_lib_m_array_v1_1/psf/spectre.out", "logFileSize": "-1"}
[2026-01-15 23:37:01.773 +0530] [PROCESS] [cadence.virtuoso.ade.simulationMonitor] - Simulator launched {"hostname": "ece.nitk.edu.in", "processid": 793370, "history": "ExplorerRun.0", "testname": "mem_lib_m_array_v1_1", "cornername": "Nominal", "point": 1, "logfile": "/home/rohit/project/logs_rohit/logs0/Job6.log", "simid": "1"}
[2026-01-15 23:37:01.774 +0530] [PROCESS] [cadence.virtuoso.ade.simulationMonitor] - Expression evaluator launched {"hostname": "ece.nitk.edu.in", "processid": 793370, "history": "ExplorerRun.0", "testname": "mem_lib_m_array_v1_1", "cornername": "Nominal", "point": 1, "logfile": "/home/rohit/project/logs_rohit/logs0/Job6.log"}
[2026-01-15 23:37:01.778 +0530] [PROCESS] [cadence.virtuoso.ade.simulationMonitor] - Started Simulation {"hostname": "ece.nitk.edu.in", "processid": 793370, "history": "ExplorerRun.0", "testname": "mem_lib_m_array_v1_1", "cornername": "Nominal", "point": 1, "logfile": "/home/rohit/project/logs_rohit/logs0/Job6.log", "event": "started", "task": "simulation"}
[2026-01-15 23:37:03.779 +0530] [INFO] [cadence.virtuoso.ade.simulationMonitor] - Peak resident memory used = 158 Mbytes. {"history": "ExplorerRun.0", "point": 1, "testname": "mem_lib_m_array_v1_1", "cornername": "Nominal"}
[2026-01-15 23:37:03.779 +0530] [INFO] [cadence.virtuoso.ade.simulationMonitor] - Peak resident memory used = 169 Mbytes. {"history": "ExplorerRun.0", "point": 1, "testname": "mem_lib_m_array_v1_1", "cornername": "Nominal"}
[2026-01-15 23:37:03.779 +0530] [INFO] [cadence.virtuoso.ade.simulationMonitor] - Notice from spectre during hierarchy flattening.
    The value 'psf' specified for the 'checklimitdest' option will no longer be supported in future releases. Use 'spectre -h' to see other recommended values for the 'checklimitdest' option. {"history": "ExplorerRun.0", "point": 1, "testname": "mem_lib_m_array_v1_1", "cornername": "Nominal"}
[2026-01-15 23:37:03.779 +0530] [INFO] [cadence.virtuoso.ade.simulationMonitor] - Peak resident memory used = 170 Mbytes. {"history": "ExplorerRun.0", "point": 1, "testname": "mem_lib_m_array_v1_1", "cornername": "Nominal"}
[2026-01-15 23:37:03.779 +0530] [INFO] [cadence.virtuoso.ade.simulationMonitor] - Notice from spectre during topology check.
    No DC path from node `I8.M2.n1' to ground, Gmin installed to provide path. {"history": "ExplorerRun.0", "point": 1, "testname": "mem_lib_m_array_v1_1", "cornername": "Nominal"}
[2026-01-15 23:37:03.780 +0530] [WARN] [cadence.virtuoso.ade.simulationMonitor] -     WARNING (SPECTRE-7): No DC path from node `gndd' to ground. {"history": "ExplorerRun.0", "point": 1, "testname": "mem_lib_m_array_v1_1", "cornername": "Nominal"}
[2026-01-15 23:37:03.780 +0530] [INFO] [cadence.virtuoso.ade.simulationMonitor] - Notice from spectre during initial setup.
    Multithreading is disabled due to the size of the design being too small. {"history": "ExplorerRun.0", "point": 1, "testname": "mem_lib_m_array_v1_1", "cornername": "Nominal"}
[2026-01-15 23:37:03.780 +0530] [INFO] [cadence.virtuoso.ade.simulationMonitor] -               nodes 40 {"history": "ExplorerRun.0", "point": 1, "testname": "mem_lib_m_array_v1_1", "cornername": "Nominal"}
[2026-01-15 23:37:03.780 +0530] [INFO] [cadence.virtuoso.ade.simulationMonitor] - Notice from spectre during initial setup.
    APS enabled. {"history": "ExplorerRun.0", "point": 1, "testname": "mem_lib_m_array_v1_1", "cornername": "Nominal"}
[2026-01-15 23:37:03.780 +0530] [INFO] [cadence.virtuoso.ade.simulationMonitor] - Peak resident memory used = 174 Mbytes. {"history": "ExplorerRun.0", "point": 1, "testname": "mem_lib_m_array_v1_1", "cornername": "Nominal"}
[2026-01-15 23:37:03.780 +0530] [INFO] [cadence.virtuoso.ade.simulationMonitor] -    -   (APS) Multi-threading. The recommended number of threads is 1, consider adding +mt=1 on command line. {"history": "ExplorerRun.0", "point": 1, "testname": "mem_lib_m_array_v1_1", "cornername": "Nominal"}
[2026-01-15 23:37:03.780 +0530] [INFO] [cadence.virtuoso.ade.simulationMonitor] - Notice from spectre during IC analysis, during transient analysis `tran'.
    GminDC = 1 pS is large enough to noticeably affect the DC solution.
        dV(I7.net1) = -26.2565 mV
        Use the `gmin_check' option to eliminate or expand this report. {"history": "ExplorerRun.0", "point": 1, "testname": "mem_lib_m_array_v1_1", "cornername": "Nominal"}
[2026-01-15 23:37:03.780 +0530] [INFO] [cadence.virtuoso.ade.simulationMonitor] - Notice from spectre during transient analysis `tran'.
    Multithreading is disabled due to the size of the design being too small. {"history": "ExplorerRun.0", "point": 1, "testname": "mem_lib_m_array_v1_1", "cornername": "Nominal"}
[2026-01-15 23:37:03.780 +0530] [INFO] [cadence.virtuoso.ade.simulationMonitor] - Notice from spectre at time = 18.8152 ps during transient analysis `tran'.
    Found trapezoidal ringing on node I8.C0.l1:1. {"history": "ExplorerRun.0", "point": 1, "testname": "mem_lib_m_array_v1_1", "cornername": "Nominal"}
[2026-01-15 23:37:03.780 +0530] [INFO] [cadence.virtuoso.ade.simulationMonitor] - Notice from spectre at time = 19.6816 ps during transient analysis `tran'.
    Found trapezoidal ringing on node I8.C0.l1:1. {"history": "ExplorerRun.0", "point": 1, "testname": "mem_lib_m_array_v1_1", "cornername": "Nominal"}
[2026-01-15 23:37:03.780 +0530] [INFO] [cadence.virtuoso.ade.simulationMonitor] - Notice from spectre at time = 20.5654 ps during transient analysis `tran'.
    Found trapezoidal ringing on node I8.C0.l1:1. {"history": "ExplorerRun.0", "point": 1, "testname": "mem_lib_m_array_v1_1", "cornername": "Nominal"}
[2026-01-15 23:37:03.780 +0530] [INFO] [cadence.virtuoso.ade.simulationMonitor] - Notice from spectre at time = 32.486 ps during transient analysis `tran'.
    Found trapezoidal ringing on node I8.C0.l1:1. {"history": "ExplorerRun.0", "point": 1, "testname": "mem_lib_m_array_v1_1", "cornername": "Nominal"}
[2026-01-15 23:37:03.780 +0530] [INFO] [cadence.virtuoso.ade.simulationMonitor] - Notice from spectre at time = 34.2678 ps during transient analysis `tran'.
    Found trapezoidal ringing on node I8.C0.l1:1.
        Further occurrences of this notice will be suppressed. {"history": "ExplorerRun.0", "point": 1, "testname": "mem_lib_m_array_v1_1", "cornername": "Nominal"}
[2026-01-15 23:37:10.820 +0530] [WARN] [cadence.virtuoso.ade.simulationMonitor] -     WARNING (SPECTRE-16780): LTE tolerance was temporarily relaxed to step over a discontinuity in the signal: I8.C0.l2:1. Check the design or use '+diagnose' to get more information. {"history": "ExplorerRun.0", "point": 1, "testname": "mem_lib_m_array_v1_1", "cornername": "Nominal"}
[2026-01-15 23:37:11.854 +0530] [INFO] [cadence.virtuoso.ade.simulationMonitor] - Notice from spectre during transient analysis `tran'.
    Trapezoidal ringing is detected during tran analysis.
        Please use method=trap for better results and performance. {"history": "ExplorerRun.0", "point": 1, "testname": "mem_lib_m_array_v1_1", "cornername": "Nominal"}
[2026-01-15 23:37:11.854 +0530] [INFO] [cadence.virtuoso.ade.simulationMonitor] - Total time required for tran analysis `tran': CPU = 7.99146 s, elapsed = 8.00936 s, util. = 99.8%. {"history": "ExplorerRun.0", "point": 1, "testname": "mem_lib_m_array_v1_1", "cornername": "Nominal"}
[2026-01-15 23:37:11.854 +0530] [INFO] [cadence.virtuoso.ade.simulationMonitor] - Peak resident memory used = 418 Mbytes. {"history": "ExplorerRun.0", "point": 1, "testname": "mem_lib_m_array_v1_1", "cornername": "Nominal"}
[2026-01-15 23:37:11.854 +0530] [INFO] [cadence.virtuoso.ade.simulationMonitor] - Notice from spectre.
    101395 notices suppressed. {"history": "ExplorerRun.0", "point": 1, "testname": "mem_lib_m_array_v1_1", "cornername": "Nominal"}
[2026-01-15 23:37:11.854 +0530] [INFO] [cadence.virtuoso.ade.simulationMonitor] - Time used: CPU = 8.57 s, elapsed = 9.52 s, util. = 90%. {"history": "ExplorerRun.0", "point": 1, "testname": "mem_lib_m_array_v1_1", "cornername": "Nominal"}
[2026-01-15 23:37:11.854 +0530] [INFO] [cadence.virtuoso.ade.simulationMonitor] - Time spent in licensing: elapsed = 1.21 s, percentage of total = 12.7%. {"history": "ExplorerRun.0", "point": 1, "testname": "mem_lib_m_array_v1_1", "cornername": "Nominal"}
[2026-01-15 23:37:11.855 +0530] [INFO] [cadence.virtuoso.ade.simulationMonitor] - Peak memory used = 419 Mbytes. {"history": "ExplorerRun.0", "point": 1, "testname": "mem_lib_m_array_v1_1", "cornername": "Nominal"}
[2026-01-15 23:37:11.855 +0530] [PROCESS] [cadence.virtuoso.ade.simulationMonitor] - Simulation started at: 11:37:01 PM, Thur Jan 15, 2026, ended at: 11:37:11 PM, Thur Jan 15, 2026, with elapsed time (wall clock): 9.52 s. {"history": "ExplorerRun.0", "point": 1, "testname": "mem_lib_m_array_v1_1", "cornername": "Nominal"}
[2026-01-15 23:37:11.855 +0530] [PROCESS] [cadence.virtuoso.ade.simulationMonitor] - spectre completes with 0 errors, 2 warnings, and 14 notices. {"history": "ExplorerRun.0", "point": 1, "testname": "mem_lib_m_array_v1_1", "cornername": "Nominal"}
[2026-01-15 23:37:11.855 +0530] [PROCESS] [cadence.virtuoso.ade.simulationMonitor] - Finished simulating for one point {"hostname": "ece.nitk.edu.in", "processid": 793370, "history": "ExplorerRun.0", "testname": "mem_lib_m_array_v1_1", "cornername": "Nominal", "point": 1, "logfile": "/home/rohit/project/logs_rohit/logs0/Job6.log", "simid": "1"}
[2026-01-15 23:37:11.855 +0530] [PROCESS] [cadence.virtuoso.ade.simulationMonitor] - Simulator exited {"hostname": "ece.nitk.edu.in", "processid": 793370, "history": "ExplorerRun.0", "testname": "mem_lib_m_array_v1_1", "cornername": "Nominal", "point": 1, "logfile": "/home/rohit/project/logs_rohit/logs0/Job6.log", "exitStatus": "0"}
[2026-01-15 23:37:11.855 +0530] [PROCESS] [cadence.virtuoso.ade.simulationMonitor] - Finished Simulation {"hostname": "ece.nitk.edu.in", "processid": 793370, "history": "ExplorerRun.0", "testname": "mem_lib_m_array_v1_1", "cornername": "Nominal", "point": 1, "logfile": "/home/rohit/project/logs_rohit/logs0/Job6.log", "simid": "1"}
[2026-01-15 23:37:12.860 +0530] [PROCESS] [cadence.virtuoso.ade.simulationMonitor] - Point Finished {"hostname": "ece.nitk.edu.in", "processid": 793370, "history": "ExplorerRun.0", "testname": "mem_lib_m_array_v1_1", "cornername": "Nominal", "point": 1, "logfile": "/home/rohit/project/logs_rohit/logs0/Job6.log"}
[2026-01-15 23:37:13.913 +0530] [PROCESS] [cadence.virtuoso.ade.simulationMonitor] - Stay with the runId '8', Linger time '300', currentRunSyn '17', currentTestSyn '17' {"hostname": "ece.nitk.edu.in", "processid": 793370, "history": "ExplorerRun.0", "testname": "mem_lib_m_array_v1_1", "cornername": "Nominal", "point": 1, "logfile": "/home/rohit/project/logs_rohit/logs0/Job6.log"}
[2026-01-15 23:37:14.915 +0530] [PROCESS] [cadence.virtuoso.ade.simulationMonitor] - Stay with the runId '8', Linger time '300', currentRunSyn '17', currentTestSyn '17' {"hostname": "ece.nitk.edu.in", "processid": 793370, "history": "ExplorerRun.0", "testname": "mem_lib_m_array_v1_1", "cornername": "Nominal", "point": 1, "logfile": "/home/rohit/project/logs_rohit/logs0/Job6.log"}
[2026-01-15 23:37:15.917 +0530] [PROCESS] [cadence.virtuoso.ade.simulationMonitor] - Stay with the runId '8', Linger time '300', currentRunSyn '17', currentTestSyn '17' {"hostname": "ece.nitk.edu.in", "processid": 793370, "history": "ExplorerRun.0", "testname": "mem_lib_m_array_v1_1", "cornername": "Nominal", "point": 1, "logfile": "/home/rohit/project/logs_rohit/logs0/Job6.log"}
[2026-01-15 23:40:53.558 +0530] [INFO] [cadence.virtuoso.ade.simulationMonitor] - SimulationMonitor has terminated the vds process '793464', reason: 'Force to stop the expression evalutor process because of new run' {"history": "ExplorerRun.0", "point": 1, "testname": "mem_lib_m_array_v1_1", "cornername": "Nominal"}
[2026-01-15 23:40:53.558 +0530] [PROCESS] [cadence.virtuoso.ade.simulationMonitor] - HostInfo:
Host name (type):	ece.nitk.edu.in (x86_64)
Operating system:	Linux 4.18.0-425.3.1.el8.x86_64 #1 SMP Fri Sep 30 11:45:06 EDT 2022 {"hostname": "ece.nitk.edu.in", "processid": 793370, "history": "ExplorerRun.0", "testname": "mem_lib_m_array_v1_1", "cornername": "Nominal", "point": 1, "logfile": "/home/rohit/project/logs_rohit/logs0/Job6.log", "nodename": "ece.nitk.edu.in", "domainname": "(none)", "machine": "x86_64", "sysname": "Linux", "release": "4.18.0-425.3.1.el8.x86_64", "version": "#1 SMP Fri Sep 30 11:45:06 EDT 2022"}
[2026-01-15 23:40:53.558 +0530] [PROCESS] [cadence.virtuoso.ade.simulationMonitor] - UsageInfo:
pid=793370
totalPhysicalMemory=93.835541GB,Used=11.744755GB,totalVirtualMemory=189.835537GB,Used=11.744755GB
Cpu: Cores=16, Load average:0.030000,0.050000,0.120000 {"hostname": "ece.nitk.edu.in", "processid": 793370, "history": "ExplorerRun.0", "testname": "mem_lib_m_array_v1_1", "cornername": "Nominal", "point": 1, "logfile": "/home/rohit/project/logs_rohit/logs0/Job6.log", "pid": "793370", "totalPhysicalMemory": "93.835541", "physicalMemoryUsed": "11.744755", "totalVirtualMemory": "189.835537", "virtualMemoryUsed": "11.744755", "cpuCores": "16", "processes": "692", "loadAverage1": "0.030000", "loadAverage5": "0.050000", "loadAverage15": "0.120000", "loadAverage1Percent": "0.001875"}
[2026-01-15 23:40:53.558 +0530] [EVENT] [cadence.virtuoso.ade.simulationMonitor] - NewPoint {"history": "ExplorerRun.0", "point": 1, "testname": "mem_lib_m_array_v1_1", "cornername": "Nominal", "event": "NewPoint", "EventSource": "Simulation Monitor", "HistoryName": "ExplorerRun.0", "logFile": "/home/rohit/project/logs_rohit/logs0/Job6.log", "logFileSize": "16208"}
[2026-01-15 23:40:53.659 +0530] [EVENT] [cadence.virtuoso.ade.simulationMonitor] - NewPoint {"history": "ExplorerRun.0", "point": 1, "testname": "mem_lib_m_array_v1_1", "cornername": "Nominal", "event": "NewPoint", "EventSource": "spectre", "HistoryName": "ExplorerRun.0", "logFile": "/home/rohit/simulation/mem_lib/m_array_v1_maestro/maestro/results/maestro/ExplorerRun.0/1/mem_lib_m_array_v1_1/psf/spectre.out", "logFileSize": "-1"}
[2026-01-15 23:40:53.662 +0530] [PROCESS] [cadence.virtuoso.ade.simulationMonitor] - Simulator launched {"hostname": "ece.nitk.edu.in", "processid": 793370, "history": "ExplorerRun.0", "testname": "mem_lib_m_array_v1_1", "cornername": "Nominal", "point": 1, "logfile": "/home/rohit/project/logs_rohit/logs0/Job6.log", "simid": "2"}
[2026-01-15 23:40:53.663 +0530] [PROCESS] [cadence.virtuoso.ade.simulationMonitor] - Expression evaluator launched {"hostname": "ece.nitk.edu.in", "processid": 793370, "history": "ExplorerRun.0", "testname": "mem_lib_m_array_v1_1", "cornername": "Nominal", "point": 1, "logfile": "/home/rohit/project/logs_rohit/logs0/Job6.log"}
[2026-01-15 23:40:53.668 +0530] [PROCESS] [cadence.virtuoso.ade.simulationMonitor] - Started Simulation {"hostname": "ece.nitk.edu.in", "processid": 793370, "history": "ExplorerRun.0", "testname": "mem_lib_m_array_v1_1", "cornername": "Nominal", "point": 1, "logfile": "/home/rohit/project/logs_rohit/logs0/Job6.log", "event": "started", "task": "simulation"}
[2026-01-15 23:40:55.169 +0530] [INFO] [cadence.virtuoso.ade.simulationMonitor] - Peak resident memory used = 159 Mbytes. {"history": "ExplorerRun.0", "point": 1, "testname": "mem_lib_m_array_v1_1", "cornername": "Nominal"}
[2026-01-15 23:40:55.669 +0530] [INFO] [cadence.virtuoso.ade.simulationMonitor] - Peak resident memory used = 169 Mbytes. {"history": "ExplorerRun.0", "point": 1, "testname": "mem_lib_m_array_v1_1", "cornername": "Nominal"}
[2026-01-15 23:40:55.669 +0530] [INFO] [cadence.virtuoso.ade.simulationMonitor] - Notice from spectre during hierarchy flattening.
    The value 'psf' specified for the 'checklimitdest' option will no longer be supported in future releases. Use 'spectre -h' to see other recommended values for the 'checklimitdest' option. {"history": "ExplorerRun.0", "point": 1, "testname": "mem_lib_m_array_v1_1", "cornername": "Nominal"}
[2026-01-15 23:40:55.669 +0530] [INFO] [cadence.virtuoso.ade.simulationMonitor] - Peak resident memory used = 171 Mbytes. {"history": "ExplorerRun.0", "point": 1, "testname": "mem_lib_m_array_v1_1", "cornername": "Nominal"}
[2026-01-15 23:40:55.669 +0530] [INFO] [cadence.virtuoso.ade.simulationMonitor] - Notice from spectre during topology check.
    No DC path from node `I8.M2.n1' to ground, Gmin installed to provide path. {"history": "ExplorerRun.0", "point": 1, "testname": "mem_lib_m_array_v1_1", "cornername": "Nominal"}
[2026-01-15 23:40:55.670 +0530] [WARN] [cadence.virtuoso.ade.simulationMonitor] -     WARNING (SPECTRE-7): No DC path from node `gndd' to ground. {"history": "ExplorerRun.0", "point": 1, "testname": "mem_lib_m_array_v1_1", "cornername": "Nominal"}
[2026-01-15 23:40:55.670 +0530] [INFO] [cadence.virtuoso.ade.simulationMonitor] - Notice from spectre during initial setup.
    Multithreading is disabled due to the size of the design being too small. {"history": "ExplorerRun.0", "point": 1, "testname": "mem_lib_m_array_v1_1", "cornername": "Nominal"}
[2026-01-15 23:40:55.670 +0530] [INFO] [cadence.virtuoso.ade.simulationMonitor] -               nodes 41 {"history": "ExplorerRun.0", "point": 1, "testname": "mem_lib_m_array_v1_1", "cornername": "Nominal"}
[2026-01-15 23:40:55.670 +0530] [INFO] [cadence.virtuoso.ade.simulationMonitor] - Notice from spectre during initial setup.
    APS enabled. {"history": "ExplorerRun.0", "point": 1, "testname": "mem_lib_m_array_v1_1", "cornername": "Nominal"}
[2026-01-15 23:40:55.670 +0530] [INFO] [cadence.virtuoso.ade.simulationMonitor] - Peak resident memory used = 174 Mbytes. {"history": "ExplorerRun.0", "point": 1, "testname": "mem_lib_m_array_v1_1", "cornername": "Nominal"}
[2026-01-15 23:40:55.670 +0530] [INFO] [cadence.virtuoso.ade.simulationMonitor] -    -   (APS) Multi-threading. The recommended number of threads is 1, consider adding +mt=1 on command line. {"history": "ExplorerRun.0", "point": 1, "testname": "mem_lib_m_array_v1_1", "cornername": "Nominal"}
[2026-01-15 23:40:55.670 +0530] [INFO] [cadence.virtuoso.ade.simulationMonitor] - Notice from spectre during IC analysis, during transient analysis `tran'.
    GminDC = 1 pS is large enough to noticeably affect the DC solution.
        dV(I7.net1) = -23.1396 mV
        Use the `gmin_check' option to eliminate or expand this report. {"history": "ExplorerRun.0", "point": 1, "testname": "mem_lib_m_array_v1_1", "cornername": "Nominal"}
[2026-01-15 23:40:55.670 +0530] [INFO] [cadence.virtuoso.ade.simulationMonitor] - Notice from spectre during transient analysis `tran'.
    Multithreading is disabled due to the size of the design being too small. {"history": "ExplorerRun.0", "point": 1, "testname": "mem_lib_m_array_v1_1", "cornername": "Nominal"}
[2026-01-15 23:40:55.670 +0530] [INFO] [cadence.virtuoso.ade.simulationMonitor] - Notice from spectre at time = 16.3566 ps during transient analysis `tran'.
    Found trapezoidal ringing on node I8.C0.l1:1. {"history": "ExplorerRun.0", "point": 1, "testname": "mem_lib_m_array_v1_1", "cornername": "Nominal"}
[2026-01-15 23:40:55.670 +0530] [INFO] [cadence.virtuoso.ade.simulationMonitor] - Notice from spectre at time = 28.5462 ps during transient analysis `tran'.
    Found trapezoidal ringing on node I8.C0.l1:1. {"history": "ExplorerRun.0", "point": 1, "testname": "mem_lib_m_array_v1_1", "cornername": "Nominal"}
[2026-01-15 23:40:55.670 +0530] [INFO] [cadence.virtuoso.ade.simulationMonitor] - Notice from spectre at time = 29.4654 ps during transient analysis `tran'.
    Found trapezoidal ringing on node I8.C0.l1:1. {"history": "ExplorerRun.0", "point": 1, "testname": "mem_lib_m_array_v1_1", "cornername": "Nominal"}
[2026-01-15 23:40:55.670 +0530] [INFO] [cadence.virtuoso.ade.simulationMonitor] - Notice from spectre at time = 30.3657 ps during transient analysis `tran'.
    Found trapezoidal ringing on node I8.C0.l1:1. {"history": "ExplorerRun.0", "point": 1, "testname": "mem_lib_m_array_v1_1", "cornername": "Nominal"}
[2026-01-15 23:40:55.670 +0530] [INFO] [cadence.virtuoso.ade.simulationMonitor] - Notice from spectre at time = 33.1966 ps during transient analysis `tran'.
    Found trapezoidal ringing on node I8.C0.l1:1.
        Further occurrences of this notice will be suppressed. {"history": "ExplorerRun.0", "point": 1, "testname": "mem_lib_m_array_v1_1", "cornername": "Nominal"}
[2026-01-15 23:41:03.742 +0530] [INFO] [cadence.virtuoso.ade.simulationMonitor] - Notice from spectre during transient analysis `tran'.
    Trapezoidal ringing is detected during tran analysis.
        Please use method=trap for better results and performance. {"history": "ExplorerRun.0", "point": 1, "testname": "mem_lib_m_array_v1_1", "cornername": "Nominal"}
[2026-01-15 23:41:03.743 +0530] [INFO] [cadence.virtuoso.ade.simulationMonitor] - Total time required for tran analysis `tran': CPU = 8.24333 s, elapsed = 8.26501 s, util. = 99.7%. {"history": "ExplorerRun.0", "point": 1, "testname": "mem_lib_m_array_v1_1", "cornername": "Nominal"}
[2026-01-15 23:41:03.743 +0530] [INFO] [cadence.virtuoso.ade.simulationMonitor] - Peak resident memory used = 378 Mbytes. {"history": "ExplorerRun.0", "point": 1, "testname": "mem_lib_m_array_v1_1", "cornername": "Nominal"}
[2026-01-15 23:41:03.743 +0530] [INFO] [cadence.virtuoso.ade.simulationMonitor] - Notice from spectre.
    100715 notices suppressed. {"history": "ExplorerRun.0", "point": 1, "testname": "mem_lib_m_array_v1_1", "cornername": "Nominal"}
[2026-01-15 23:41:03.743 +0530] [INFO] [cadence.virtuoso.ade.simulationMonitor] - Time used: CPU = 8.82 s, elapsed = 9.77 s, util. = 90.3%. {"history": "ExplorerRun.0", "point": 1, "testname": "mem_lib_m_array_v1_1", "cornername": "Nominal"}
[2026-01-15 23:41:03.743 +0530] [INFO] [cadence.virtuoso.ade.simulationMonitor] - Time spent in licensing: elapsed = 830 ms, percentage of total = 8.5%. {"history": "ExplorerRun.0", "point": 1, "testname": "mem_lib_m_array_v1_1", "cornername": "Nominal"}
[2026-01-15 23:41:03.743 +0530] [INFO] [cadence.virtuoso.ade.simulationMonitor] - Peak memory used = 380 Mbytes. {"history": "ExplorerRun.0", "point": 1, "testname": "mem_lib_m_array_v1_1", "cornername": "Nominal"}
[2026-01-15 23:41:03.743 +0530] [PROCESS] [cadence.virtuoso.ade.simulationMonitor] - Simulation started at: 11:40:53 PM, Thur Jan 15, 2026, ended at: 11:41:03 PM, Thur Jan 15, 2026, with elapsed time (wall clock): 9.77 s. {"history": "ExplorerRun.0", "point": 1, "testname": "mem_lib_m_array_v1_1", "cornername": "Nominal"}
[2026-01-15 23:41:03.743 +0530] [PROCESS] [cadence.virtuoso.ade.simulationMonitor] - spectre completes with 0 errors, 1 warning, and 14 notices. {"history": "ExplorerRun.0", "point": 1, "testname": "mem_lib_m_array_v1_1", "cornername": "Nominal"}
[2026-01-15 23:41:03.743 +0530] [PROCESS] [cadence.virtuoso.ade.simulationMonitor] - Finished simulating for one point {"hostname": "ece.nitk.edu.in", "processid": 793370, "history": "ExplorerRun.0", "testname": "mem_lib_m_array_v1_1", "cornername": "Nominal", "point": 1, "logfile": "/home/rohit/project/logs_rohit/logs0/Job6.log", "simid": "2"}
[2026-01-15 23:41:03.743 +0530] [PROCESS] [cadence.virtuoso.ade.simulationMonitor] - Simulator exited {"hostname": "ece.nitk.edu.in", "processid": 793370, "history": "ExplorerRun.0", "testname": "mem_lib_m_array_v1_1", "cornername": "Nominal", "point": 1, "logfile": "/home/rohit/project/logs_rohit/logs0/Job6.log", "exitStatus": "0"}
[2026-01-15 23:41:03.743 +0530] [PROCESS] [cadence.virtuoso.ade.simulationMonitor] - Finished Simulation {"hostname": "ece.nitk.edu.in", "processid": 793370, "history": "ExplorerRun.0", "testname": "mem_lib_m_array_v1_1", "cornername": "Nominal", "point": 1, "logfile": "/home/rohit/project/logs_rohit/logs0/Job6.log", "simid": "2"}
[2026-01-15 23:41:04.249 +0530] [PROCESS] [cadence.virtuoso.ade.simulationMonitor] - Point Finished {"hostname": "ece.nitk.edu.in", "processid": 793370, "history": "ExplorerRun.0", "testname": "mem_lib_m_array_v1_1", "cornername": "Nominal", "point": 1, "logfile": "/home/rohit/project/logs_rohit/logs0/Job6.log"}
[2026-01-15 23:41:05.300 +0530] [PROCESS] [cadence.virtuoso.ade.simulationMonitor] - Stay with the runId '9', Linger time '300', currentRunSyn '19', currentTestSyn '19' {"hostname": "ece.nitk.edu.in", "processid": 793370, "history": "ExplorerRun.0", "testname": "mem_lib_m_array_v1_1", "cornername": "Nominal", "point": 1, "logfile": "/home/rohit/project/logs_rohit/logs0/Job6.log"}
[2026-01-15 23:41:06.302 +0530] [PROCESS] [cadence.virtuoso.ade.simulationMonitor] - Stay with the runId '9', Linger time '300', currentRunSyn '19', currentTestSyn '19' {"hostname": "ece.nitk.edu.in", "processid": 793370, "history": "ExplorerRun.0", "testname": "mem_lib_m_array_v1_1", "cornername": "Nominal", "point": 1, "logfile": "/home/rohit/project/logs_rohit/logs0/Job6.log"}
[2026-01-15 23:41:07.304 +0530] [PROCESS] [cadence.virtuoso.ade.simulationMonitor] - Stay with the runId '9', Linger time '300', currentRunSyn '19', currentTestSyn '19' {"hostname": "ece.nitk.edu.in", "processid": 793370, "history": "ExplorerRun.0", "testname": "mem_lib_m_array_v1_1", "cornername": "Nominal", "point": 1, "logfile": "/home/rohit/project/logs_rohit/logs0/Job6.log"}
[2026-01-15 23:41:08.306 +0530] [PROCESS] [cadence.virtuoso.ade.simulationMonitor] - Stay with the runId '9', Linger time '300', currentRunSyn '19', currentTestSyn '19' {"hostname": "ece.nitk.edu.in", "processid": 793370, "history": "ExplorerRun.0", "testname": "mem_lib_m_array_v1_1", "cornername": "Nominal", "point": 1, "logfile": "/home/rohit/project/logs_rohit/logs0/Job6.log"}
[2026-01-15 23:41:58.938 +0530] [INFO] [cadence.virtuoso.ade.simulationMonitor] - SimulationMonitor has terminated the vds process '794459', reason: 'Force to stop the expression evalutor process because of new run' {"history": "ExplorerRun.0", "point": 1, "testname": "mem_lib_m_array_v1_1", "cornername": "Nominal"}
[2026-01-15 23:41:58.938 +0530] [PROCESS] [cadence.virtuoso.ade.simulationMonitor] - HostInfo:
Host name (type):	ece.nitk.edu.in (x86_64)
Operating system:	Linux 4.18.0-425.3.1.el8.x86_64 #1 SMP Fri Sep 30 11:45:06 EDT 2022 {"hostname": "ece.nitk.edu.in", "processid": 793370, "history": "ExplorerRun.0", "testname": "mem_lib_m_array_v1_1", "cornername": "Nominal", "point": 1, "logfile": "/home/rohit/project/logs_rohit/logs0/Job6.log", "nodename": "ece.nitk.edu.in", "domainname": "(none)", "machine": "x86_64", "sysname": "Linux", "release": "4.18.0-425.3.1.el8.x86_64", "version": "#1 SMP Fri Sep 30 11:45:06 EDT 2022"}
[2026-01-15 23:41:58.938 +0530] [PROCESS] [cadence.virtuoso.ade.simulationMonitor] - UsageInfo:
pid=793370
totalPhysicalMemory=93.835541GB,Used=11.752441GB,totalVirtualMemory=189.835537GB,Used=11.752441GB
Cpu: Cores=16, Load average:0.150000,0.090000,0.130000 {"hostname": "ece.nitk.edu.in", "processid": 793370, "history": "ExplorerRun.0", "testname": "mem_lib_m_array_v1_1", "cornername": "Nominal", "point": 1, "logfile": "/home/rohit/project/logs_rohit/logs0/Job6.log", "pid": "793370", "totalPhysicalMemory": "93.835541", "physicalMemoryUsed": "11.752441", "totalVirtualMemory": "189.835537", "virtualMemoryUsed": "11.752441", "cpuCores": "16", "processes": "691", "loadAverage1": "0.150000", "loadAverage5": "0.090000", "loadAverage15": "0.130000", "loadAverage1Percent": "0.009375"}
[2026-01-15 23:41:58.938 +0530] [EVENT] [cadence.virtuoso.ade.simulationMonitor] - NewPoint {"history": "ExplorerRun.0", "point": 1, "testname": "mem_lib_m_array_v1_1", "cornername": "Nominal", "event": "NewPoint", "EventSource": "Simulation Monitor", "HistoryName": "ExplorerRun.0", "logFile": "/home/rohit/project/logs_rohit/logs0/Job6.log", "logFileSize": "30296"}
[2026-01-15 23:41:59.039 +0530] [EVENT] [cadence.virtuoso.ade.simulationMonitor] - NewPoint {"history": "ExplorerRun.0", "point": 1, "testname": "mem_lib_m_array_v1_1", "cornername": "Nominal", "event": "NewPoint", "EventSource": "spectre", "HistoryName": "ExplorerRun.0", "logFile": "/home/rohit/simulation/mem_lib/m_array_v1_maestro/maestro/results/maestro/ExplorerRun.0/1/mem_lib_m_array_v1_1/psf/spectre.out", "logFileSize": "-1"}
[2026-01-15 23:41:59.042 +0530] [PROCESS] [cadence.virtuoso.ade.simulationMonitor] - Simulator launched {"hostname": "ece.nitk.edu.in", "processid": 793370, "history": "ExplorerRun.0", "testname": "mem_lib_m_array_v1_1", "cornername": "Nominal", "point": 1, "logfile": "/home/rohit/project/logs_rohit/logs0/Job6.log", "simid": "3"}
[2026-01-15 23:41:59.043 +0530] [PROCESS] [cadence.virtuoso.ade.simulationMonitor] - Expression evaluator launched {"hostname": "ece.nitk.edu.in", "processid": 793370, "history": "ExplorerRun.0", "testname": "mem_lib_m_array_v1_1", "cornername": "Nominal", "point": 1, "logfile": "/home/rohit/project/logs_rohit/logs0/Job6.log"}
[2026-01-15 23:41:59.048 +0530] [PROCESS] [cadence.virtuoso.ade.simulationMonitor] - Started Simulation {"hostname": "ece.nitk.edu.in", "processid": 793370, "history": "ExplorerRun.0", "testname": "mem_lib_m_array_v1_1", "cornername": "Nominal", "point": 1, "logfile": "/home/rohit/project/logs_rohit/logs0/Job6.log", "event": "started", "task": "simulation"}
[2026-01-15 23:42:00.549 +0530] [INFO] [cadence.virtuoso.ade.simulationMonitor] - Peak resident memory used = 158 Mbytes. {"history": "ExplorerRun.0", "point": 1, "testname": "mem_lib_m_array_v1_1", "cornername": "Nominal"}
[2026-01-15 23:42:00.549 +0530] [INFO] [cadence.virtuoso.ade.simulationMonitor] - Peak resident memory used = 169 Mbytes. {"history": "ExplorerRun.0", "point": 1, "testname": "mem_lib_m_array_v1_1", "cornername": "Nominal"}
[2026-01-15 23:42:00.549 +0530] [INFO] [cadence.virtuoso.ade.simulationMonitor] - Notice from spectre during hierarchy flattening.
    The value 'psf' specified for the 'checklimitdest' option will no longer be supported in future releases. Use 'spectre -h' to see other recommended values for the 'checklimitdest' option. {"history": "ExplorerRun.0", "point": 1, "testname": "mem_lib_m_array_v1_1", "cornername": "Nominal"}
[2026-01-15 23:42:00.549 +0530] [INFO] [cadence.virtuoso.ade.simulationMonitor] - Peak resident memory used = 170 Mbytes. {"history": "ExplorerRun.0", "point": 1, "testname": "mem_lib_m_array_v1_1", "cornername": "Nominal"}
[2026-01-15 23:42:00.549 +0530] [INFO] [cadence.virtuoso.ade.simulationMonitor] - Notice from spectre during topology check.
    No DC path from node `I8.M2.n1' to ground, Gmin installed to provide path. {"history": "ExplorerRun.0", "point": 1, "testname": "mem_lib_m_array_v1_1", "cornername": "Nominal"}
[2026-01-15 23:42:00.549 +0530] [WARN] [cadence.virtuoso.ade.simulationMonitor] -     WARNING (SPECTRE-7): No DC path from node `gndd' to ground. {"history": "ExplorerRun.0", "point": 1, "testname": "mem_lib_m_array_v1_1", "cornername": "Nominal"}
[2026-01-15 23:42:00.549 +0530] [INFO] [cadence.virtuoso.ade.simulationMonitor] - Notice from spectre during initial setup.
    Multithreading is disabled due to the size of the design being too small. {"history": "ExplorerRun.0", "point": 1, "testname": "mem_lib_m_array_v1_1", "cornername": "Nominal"}
[2026-01-15 23:42:00.549 +0530] [INFO] [cadence.virtuoso.ade.simulationMonitor] -               nodes 41 {"history": "ExplorerRun.0", "point": 1, "testname": "mem_lib_m_array_v1_1", "cornername": "Nominal"}
[2026-01-15 23:42:00.549 +0530] [INFO] [cadence.virtuoso.ade.simulationMonitor] - Notice from spectre during initial setup.
    APS enabled. {"history": "ExplorerRun.0", "point": 1, "testname": "mem_lib_m_array_v1_1", "cornername": "Nominal"}
[2026-01-15 23:42:00.549 +0530] [INFO] [cadence.virtuoso.ade.simulationMonitor] - Peak resident memory used = 173 Mbytes. {"history": "ExplorerRun.0", "point": 1, "testname": "mem_lib_m_array_v1_1", "cornername": "Nominal"}
[2026-01-15 23:42:00.550 +0530] [INFO] [cadence.virtuoso.ade.simulationMonitor] -    -   (APS) Multi-threading. The recommended number of threads is 1, consider adding +mt=1 on command line. {"history": "ExplorerRun.0", "point": 1, "testname": "mem_lib_m_array_v1_1", "cornername": "Nominal"}
[2026-01-15 23:42:00.550 +0530] [INFO] [cadence.virtuoso.ade.simulationMonitor] - Notice from spectre during IC analysis, during transient analysis `tran'.
    GminDC = 1 pS is large enough to noticeably affect the DC solution.
        dV(I7.net1) = -23.1396 mV
        Use the `gmin_check' option to eliminate or expand this report. {"history": "ExplorerRun.0", "point": 1, "testname": "mem_lib_m_array_v1_1", "cornername": "Nominal"}
[2026-01-15 23:42:00.550 +0530] [INFO] [cadence.virtuoso.ade.simulationMonitor] - Notice from spectre during transient analysis `tran'.
    Multithreading is disabled due to the size of the design being too small. {"history": "ExplorerRun.0", "point": 1, "testname": "mem_lib_m_array_v1_1", "cornername": "Nominal"}
[2026-01-15 23:42:00.550 +0530] [INFO] [cadence.virtuoso.ade.simulationMonitor] - Notice from spectre at time = 16.3566 ps during transient analysis `tran'.
    Found trapezoidal ringing on node I8.C0.l1:1. {"history": "ExplorerRun.0", "point": 1, "testname": "mem_lib_m_array_v1_1", "cornername": "Nominal"}
[2026-01-15 23:42:00.550 +0530] [INFO] [cadence.virtuoso.ade.simulationMonitor] - Notice from spectre at time = 28.5462 ps during transient analysis `tran'.
    Found trapezoidal ringing on node I8.C0.l1:1. {"history": "ExplorerRun.0", "point": 1, "testname": "mem_lib_m_array_v1_1", "cornername": "Nominal"}
[2026-01-15 23:42:00.550 +0530] [INFO] [cadence.virtuoso.ade.simulationMonitor] - Notice from spectre at time = 29.4654 ps during transient analysis `tran'.
    Found trapezoidal ringing on node I8.C0.l1:1. {"history": "ExplorerRun.0", "point": 1, "testname": "mem_lib_m_array_v1_1", "cornername": "Nominal"}
[2026-01-15 23:42:00.550 +0530] [INFO] [cadence.virtuoso.ade.simulationMonitor] - Notice from spectre at time = 30.3657 ps during transient analysis `tran'.
    Found trapezoidal ringing on node I8.C0.l1:1. {"history": "ExplorerRun.0", "point": 1, "testname": "mem_lib_m_array_v1_1", "cornername": "Nominal"}
[2026-01-15 23:42:00.550 +0530] [INFO] [cadence.virtuoso.ade.simulationMonitor] - Notice from spectre at time = 33.1966 ps during transient analysis `tran'.
    Found trapezoidal ringing on node I8.C0.l1:1.
        Further occurrences of this notice will be suppressed. {"history": "ExplorerRun.0", "point": 1, "testname": "mem_lib_m_array_v1_1", "cornername": "Nominal"}
[2026-01-15 23:42:09.121 +0530] [INFO] [cadence.virtuoso.ade.simulationMonitor] - Notice from spectre during transient analysis `tran'.
    Trapezoidal ringing is detected during tran analysis.
        Please use method=trap for better results and performance. {"history": "ExplorerRun.0", "point": 1, "testname": "mem_lib_m_array_v1_1", "cornername": "Nominal"}
[2026-01-15 23:42:09.121 +0530] [INFO] [cadence.virtuoso.ade.simulationMonitor] - Total time required for tran analysis `tran': CPU = 8.26741 s, elapsed = 8.2874 s, util. = 99.8%. {"history": "ExplorerRun.0", "point": 1, "testname": "mem_lib_m_array_v1_1", "cornername": "Nominal"}
[2026-01-15 23:42:09.121 +0530] [INFO] [cadence.virtuoso.ade.simulationMonitor] - Peak resident memory used = 420 Mbytes. {"history": "ExplorerRun.0", "point": 1, "testname": "mem_lib_m_array_v1_1", "cornername": "Nominal"}
[2026-01-15 23:42:09.121 +0530] [INFO] [cadence.virtuoso.ade.simulationMonitor] - Notice from spectre.
    100715 notices suppressed. {"history": "ExplorerRun.0", "point": 1, "testname": "mem_lib_m_array_v1_1", "cornername": "Nominal"}
[2026-01-15 23:42:09.122 +0530] [INFO] [cadence.virtuoso.ade.simulationMonitor] - Time used: CPU = 8.84 s, elapsed = 9.76 s, util. = 90.6%. {"history": "ExplorerRun.0", "point": 1, "testname": "mem_lib_m_array_v1_1", "cornername": "Nominal"}
[2026-01-15 23:42:09.122 +0530] [INFO] [cadence.virtuoso.ade.simulationMonitor] - Time spent in licensing: elapsed = 813 ms, percentage of total = 8.33%. {"history": "ExplorerRun.0", "point": 1, "testname": "mem_lib_m_array_v1_1", "cornername": "Nominal"}
[2026-01-15 23:42:09.122 +0530] [INFO] [cadence.virtuoso.ade.simulationMonitor] - Peak memory used = 422 Mbytes. {"history": "ExplorerRun.0", "point": 1, "testname": "mem_lib_m_array_v1_1", "cornername": "Nominal"}
[2026-01-15 23:42:09.122 +0530] [PROCESS] [cadence.virtuoso.ade.simulationMonitor] - Simulation started at: 11:41:59 PM, Thur Jan 15, 2026, ended at: 11:42:08 PM, Thur Jan 15, 2026, with elapsed time (wall clock): 9.76 s. {"history": "ExplorerRun.0", "point": 1, "testname": "mem_lib_m_array_v1_1", "cornername": "Nominal"}
[2026-01-15 23:42:09.122 +0530] [PROCESS] [cadence.virtuoso.ade.simulationMonitor] - spectre completes with 0 errors, 1 warning, and 14 notices. {"history": "ExplorerRun.0", "point": 1, "testname": "mem_lib_m_array_v1_1", "cornername": "Nominal"}
[2026-01-15 23:42:09.122 +0530] [PROCESS] [cadence.virtuoso.ade.simulationMonitor] - Finished simulating for one point {"hostname": "ece.nitk.edu.in", "processid": 793370, "history": "ExplorerRun.0", "testname": "mem_lib_m_array_v1_1", "cornername": "Nominal", "point": 1, "logfile": "/home/rohit/project/logs_rohit/logs0/Job6.log", "simid": "3"}
[2026-01-15 23:42:09.122 +0530] [PROCESS] [cadence.virtuoso.ade.simulationMonitor] - Simulator exited {"hostname": "ece.nitk.edu.in", "processid": 793370, "history": "ExplorerRun.0", "testname": "mem_lib_m_array_v1_1", "cornername": "Nominal", "point": 1, "logfile": "/home/rohit/project/logs_rohit/logs0/Job6.log", "exitStatus": "0"}
[2026-01-15 23:42:09.122 +0530] [PROCESS] [cadence.virtuoso.ade.simulationMonitor] - Finished Simulation {"hostname": "ece.nitk.edu.in", "processid": 793370, "history": "ExplorerRun.0", "testname": "mem_lib_m_array_v1_1", "cornername": "Nominal", "point": 1, "logfile": "/home/rohit/project/logs_rohit/logs0/Job6.log", "simid": "3"}
[2026-01-15 23:42:09.627 +0530] [PROCESS] [cadence.virtuoso.ade.simulationMonitor] - Point Finished {"hostname": "ece.nitk.edu.in", "processid": 793370, "history": "ExplorerRun.0", "testname": "mem_lib_m_array_v1_1", "cornername": "Nominal", "point": 1, "logfile": "/home/rohit/project/logs_rohit/logs0/Job6.log"}
[2026-01-15 23:42:10.679 +0530] [PROCESS] [cadence.virtuoso.ade.simulationMonitor] - Stay with the runId '10', Linger time '300', currentRunSyn '21', currentTestSyn '21' {"hostname": "ece.nitk.edu.in", "processid": 793370, "history": "ExplorerRun.0", "testname": "mem_lib_m_array_v1_1", "cornername": "Nominal", "point": 1, "logfile": "/home/rohit/project/logs_rohit/logs0/Job6.log"}
[2026-01-15 23:42:11.681 +0530] [PROCESS] [cadence.virtuoso.ade.simulationMonitor] - Stay with the runId '10', Linger time '300', currentRunSyn '21', currentTestSyn '21' {"hostname": "ece.nitk.edu.in", "processid": 793370, "history": "ExplorerRun.0", "testname": "mem_lib_m_array_v1_1", "cornername": "Nominal", "point": 1, "logfile": "/home/rohit/project/logs_rohit/logs0/Job6.log"}
[2026-01-15 23:42:12.683 +0530] [PROCESS] [cadence.virtuoso.ade.simulationMonitor] - Stay with the runId '10', Linger time '300', currentRunSyn '21', currentTestSyn '21' {"hostname": "ece.nitk.edu.in", "processid": 793370, "history": "ExplorerRun.0", "testname": "mem_lib_m_array_v1_1", "cornername": "Nominal", "point": 1, "logfile": "/home/rohit/project/logs_rohit/logs0/Job6.log"}
[2026-01-15 23:42:13.685 +0530] [PROCESS] [cadence.virtuoso.ade.simulationMonitor] - Stay with the runId '10', Linger time '300', currentRunSyn '21', currentTestSyn '21' {"hostname": "ece.nitk.edu.in", "processid": 793370, "history": "ExplorerRun.0", "testname": "mem_lib_m_array_v1_1", "cornername": "Nominal", "point": 1, "logfile": "/home/rohit/project/logs_rohit/logs0/Job6.log"}
[2026-01-15 23:43:58.337 +0530] [INFO] [cadence.virtuoso.ade.simulationMonitor] - SimulationMonitor has terminated the vds process '795074', reason: 'Force to stop the expression evalutor process because of new run' {"history": "ExplorerRun.0", "point": 1, "testname": "mem_lib_m_array_v1_1", "cornername": "Nominal"}
[2026-01-15 23:43:58.337 +0530] [PROCESS] [cadence.virtuoso.ade.simulationMonitor] - HostInfo:
Host name (type):	ece.nitk.edu.in (x86_64)
Operating system:	Linux 4.18.0-425.3.1.el8.x86_64 #1 SMP Fri Sep 30 11:45:06 EDT 2022 {"hostname": "ece.nitk.edu.in", "processid": 793370, "history": "ExplorerRun.0", "testname": "mem_lib_m_array_v1_1", "cornername": "Nominal", "point": 1, "logfile": "/home/rohit/project/logs_rohit/logs0/Job6.log", "nodename": "ece.nitk.edu.in", "domainname": "(none)", "machine": "x86_64", "sysname": "Linux", "release": "4.18.0-425.3.1.el8.x86_64", "version": "#1 SMP Fri Sep 30 11:45:06 EDT 2022"}
[2026-01-15 23:43:58.338 +0530] [PROCESS] [cadence.virtuoso.ade.simulationMonitor] - UsageInfo:
pid=793370
totalPhysicalMemory=93.835541GB,Used=11.755798GB,totalVirtualMemory=189.835537GB,Used=11.755798GB
Cpu: Cores=16, Load average:0.140000,0.130000,0.140000 {"hostname": "ece.nitk.edu.in", "processid": 793370, "history": "ExplorerRun.0", "testname": "mem_lib_m_array_v1_1", "cornername": "Nominal", "point": 1, "logfile": "/home/rohit/project/logs_rohit/logs0/Job6.log", "pid": "793370", "totalPhysicalMemory": "93.835541", "physicalMemoryUsed": "11.755798", "totalVirtualMemory": "189.835537", "virtualMemoryUsed": "11.755798", "cpuCores": "16", "processes": "692", "loadAverage1": "0.140000", "loadAverage5": "0.130000", "loadAverage15": "0.140000", "loadAverage1Percent": "0.008750"}
[2026-01-15 23:43:58.338 +0530] [EVENT] [cadence.virtuoso.ade.simulationMonitor] - NewPoint {"history": "ExplorerRun.0", "point": 1, "testname": "mem_lib_m_array_v1_1", "cornername": "Nominal", "event": "NewPoint", "EventSource": "Simulation Monitor", "HistoryName": "ExplorerRun.0", "logFile": "/home/rohit/project/logs_rohit/logs0/Job6.log", "logFileSize": "44388"}
[2026-01-15 23:43:58.438 +0530] [EVENT] [cadence.virtuoso.ade.simulationMonitor] - NewPoint {"history": "ExplorerRun.0", "point": 1, "testname": "mem_lib_m_array_v1_1", "cornername": "Nominal", "event": "NewPoint", "EventSource": "spectre", "HistoryName": "ExplorerRun.0", "logFile": "/home/rohit/simulation/mem_lib/m_array_v1_maestro/maestro/results/maestro/ExplorerRun.0/1/mem_lib_m_array_v1_1/psf/spectre.out", "logFileSize": "-1"}
[2026-01-15 23:43:58.443 +0530] [PROCESS] [cadence.virtuoso.ade.simulationMonitor] - Simulator launched {"hostname": "ece.nitk.edu.in", "processid": 793370, "history": "ExplorerRun.0", "testname": "mem_lib_m_array_v1_1", "cornername": "Nominal", "point": 1, "logfile": "/home/rohit/project/logs_rohit/logs0/Job6.log", "simid": "4"}
[2026-01-15 23:43:58.444 +0530] [PROCESS] [cadence.virtuoso.ade.simulationMonitor] - Expression evaluator launched {"hostname": "ece.nitk.edu.in", "processid": 793370, "history": "ExplorerRun.0", "testname": "mem_lib_m_array_v1_1", "cornername": "Nominal", "point": 1, "logfile": "/home/rohit/project/logs_rohit/logs0/Job6.log"}
[2026-01-15 23:43:58.449 +0530] [PROCESS] [cadence.virtuoso.ade.simulationMonitor] - Started Simulation {"hostname": "ece.nitk.edu.in", "processid": 793370, "history": "ExplorerRun.0", "testname": "mem_lib_m_array_v1_1", "cornername": "Nominal", "point": 1, "logfile": "/home/rohit/project/logs_rohit/logs0/Job6.log", "event": "started", "task": "simulation"}
[2026-01-15 23:44:00.449 +0530] [INFO] [cadence.virtuoso.ade.simulationMonitor] - Peak resident memory used = 158 Mbytes. {"history": "ExplorerRun.0", "point": 1, "testname": "mem_lib_m_array_v1_1", "cornername": "Nominal"}
[2026-01-15 23:44:00.450 +0530] [INFO] [cadence.virtuoso.ade.simulationMonitor] - Peak resident memory used = 169 Mbytes. {"history": "ExplorerRun.0", "point": 1, "testname": "mem_lib_m_array_v1_1", "cornername": "Nominal"}
[2026-01-15 23:44:00.450 +0530] [INFO] [cadence.virtuoso.ade.simulationMonitor] - Notice from spectre during hierarchy flattening.
    The value 'psf' specified for the 'checklimitdest' option will no longer be supported in future releases. Use 'spectre -h' to see other recommended values for the 'checklimitdest' option. {"history": "ExplorerRun.0", "point": 1, "testname": "mem_lib_m_array_v1_1", "cornername": "Nominal"}
[2026-01-15 23:44:00.450 +0530] [INFO] [cadence.virtuoso.ade.simulationMonitor] - Peak resident memory used = 170 Mbytes. {"history": "ExplorerRun.0", "point": 1, "testname": "mem_lib_m_array_v1_1", "cornername": "Nominal"}
[2026-01-15 23:44:00.450 +0530] [INFO] [cadence.virtuoso.ade.simulationMonitor] - Notice from spectre during topology check.
    No DC path from node `I8.M2.n1' to ground, Gmin installed to provide path. {"history": "ExplorerRun.0", "point": 1, "testname": "mem_lib_m_array_v1_1", "cornername": "Nominal"}
[2026-01-15 23:44:00.450 +0530] [WARN] [cadence.virtuoso.ade.simulationMonitor] -     WARNING (SPECTRE-7): No DC path from node `gndd' to ground. {"history": "ExplorerRun.0", "point": 1, "testname": "mem_lib_m_array_v1_1", "cornername": "Nominal"}
[2026-01-15 23:44:00.450 +0530] [INFO] [cadence.virtuoso.ade.simulationMonitor] - Notice from spectre during initial setup.
    Multithreading is disabled due to the size of the design being too small. {"history": "ExplorerRun.0", "point": 1, "testname": "mem_lib_m_array_v1_1", "cornername": "Nominal"}
[2026-01-15 23:44:00.450 +0530] [INFO] [cadence.virtuoso.ade.simulationMonitor] -               nodes 41 {"history": "ExplorerRun.0", "point": 1, "testname": "mem_lib_m_array_v1_1", "cornername": "Nominal"}
[2026-01-15 23:44:00.450 +0530] [INFO] [cadence.virtuoso.ade.simulationMonitor] - Notice from spectre during initial setup.
    APS enabled. {"history": "ExplorerRun.0", "point": 1, "testname": "mem_lib_m_array_v1_1", "cornername": "Nominal"}
[2026-01-15 23:44:00.450 +0530] [INFO] [cadence.virtuoso.ade.simulationMonitor] - Peak resident memory used = 174 Mbytes. {"history": "ExplorerRun.0", "point": 1, "testname": "mem_lib_m_array_v1_1", "cornername": "Nominal"}
[2026-01-15 23:44:00.450 +0530] [INFO] [cadence.virtuoso.ade.simulationMonitor] -    -   (APS) Multi-threading. The recommended number of threads is 1, consider adding +mt=1 on command line. {"history": "ExplorerRun.0", "point": 1, "testname": "mem_lib_m_array_v1_1", "cornername": "Nominal"}
[2026-01-15 23:44:00.450 +0530] [INFO] [cadence.virtuoso.ade.simulationMonitor] - Notice from spectre during IC analysis, during transient analysis `tran'.
    GminDC = 1 pS is large enough to noticeably affect the DC solution.
        dV(I7.net1) = -23.1396 mV
        Use the `gmin_check' option to eliminate or expand this report. {"history": "ExplorerRun.0", "point": 1, "testname": "mem_lib_m_array_v1_1", "cornername": "Nominal"}
[2026-01-15 23:44:00.450 +0530] [INFO] [cadence.virtuoso.ade.simulationMonitor] - Notice from spectre during transient analysis `tran'.
    Multithreading is disabled due to the size of the design being too small. {"history": "ExplorerRun.0", "point": 1, "testname": "mem_lib_m_array_v1_1", "cornername": "Nominal"}
[2026-01-15 23:44:00.450 +0530] [INFO] [cadence.virtuoso.ade.simulationMonitor] - Notice from spectre at time = 16.3566 ps during transient analysis `tran'.
    Found trapezoidal ringing on node I8.C0.l1:1. {"history": "ExplorerRun.0", "point": 1, "testname": "mem_lib_m_array_v1_1", "cornername": "Nominal"}
[2026-01-15 23:44:00.450 +0530] [INFO] [cadence.virtuoso.ade.simulationMonitor] - Notice from spectre at time = 28.5462 ps during transient analysis `tran'.
    Found trapezoidal ringing on node I8.C0.l1:1. {"history": "ExplorerRun.0", "point": 1, "testname": "mem_lib_m_array_v1_1", "cornername": "Nominal"}
[2026-01-15 23:44:00.450 +0530] [INFO] [cadence.virtuoso.ade.simulationMonitor] - Notice from spectre at time = 29.4654 ps during transient analysis `tran'.
    Found trapezoidal ringing on node I8.C0.l1:1. {"history": "ExplorerRun.0", "point": 1, "testname": "mem_lib_m_array_v1_1", "cornername": "Nominal"}
[2026-01-15 23:44:00.450 +0530] [INFO] [cadence.virtuoso.ade.simulationMonitor] - Notice from spectre at time = 30.3657 ps during transient analysis `tran'.
    Found trapezoidal ringing on node I8.C0.l1:1. {"history": "ExplorerRun.0", "point": 1, "testname": "mem_lib_m_array_v1_1", "cornername": "Nominal"}
[2026-01-15 23:44:00.451 +0530] [INFO] [cadence.virtuoso.ade.simulationMonitor] - Notice from spectre at time = 33.1966 ps during transient analysis `tran'.
    Found trapezoidal ringing on node I8.C0.l1:1.
        Further occurrences of this notice will be suppressed. {"history": "ExplorerRun.0", "point": 1, "testname": "mem_lib_m_array_v1_1", "cornername": "Nominal"}
[2026-01-15 23:44:43.217 +0530] [PROCESS] [cadence.virtuoso.ade.simulationMonitor] - Simulation cancelled {"hostname": "ece.nitk.edu.in", "processid": 793370, "history": "ExplorerRun.0", "testname": "mem_lib_m_array_v1_1", "cornername": "Nominal", "point": 1, "logfile": "/home/rohit/project/logs_rohit/logs0/Job6.log"}
[2026-01-15 23:44:43.218 +0530] [INFO] [cadence.virtuoso.ade.simulationMonitor] - SimulationMonitor has terminated the spectre process '795797', reason: 'the simulation point gets cancelled by GUI' {"history": "ExplorerRun.0", "point": 1, "testname": "mem_lib_m_array_v1_1", "cornername": "Nominal"}
[2026-01-15 23:44:43.284 +0530] [PROCESS] [cadence.virtuoso.ade.simulationMonitor] - Finished simulating for one point {"hostname": "ece.nitk.edu.in", "processid": 793370, "history": "ExplorerRun.0", "testname": "mem_lib_m_array_v1_1", "cornername": "Nominal", "point": 1, "logfile": "/home/rohit/project/logs_rohit/logs0/Job6.log", "simid": "4"}
[2026-01-15 23:44:43.285 +0530] [PROCESS] [cadence.virtuoso.ade.simulationMonitor] - Simulator exited {"hostname": "ece.nitk.edu.in", "processid": 793370, "history": "ExplorerRun.0", "testname": "mem_lib_m_array_v1_1", "cornername": "Nominal", "point": 1, "logfile": "/home/rohit/project/logs_rohit/logs0/Job6.log", "exitStatus": "0"}
[2026-01-15 23:44:43.285 +0530] [PROCESS] [cadence.virtuoso.ade.simulationMonitor] - Finished Simulation {"hostname": "ece.nitk.edu.in", "processid": 793370, "history": "ExplorerRun.0", "testname": "mem_lib_m_array_v1_1", "cornername": "Nominal", "point": 1, "logfile": "/home/rohit/project/logs_rohit/logs0/Job6.log", "simid": "4"}
[2026-01-15 23:44:43.290 +0530] [PROCESS] [cadence.virtuoso.ade.simulationMonitor] - Point Finished {"hostname": "ece.nitk.edu.in", "processid": 793370, "history": "ExplorerRun.0", "testname": "mem_lib_m_array_v1_1", "cornername": "Nominal", "point": 1, "logfile": "/home/rohit/project/logs_rohit/logs0/Job6.log"}
[2026-01-15 23:44:48.145 +0530] [INFO] [cadence.virtuoso.ade.simulationMonitor] - SimulationMonitor has terminated the vds process '795798', reason: 'Force to stop the expression evalutor process because of new run' {"history": "ExplorerRun.0", "point": 1, "testname": "mem_lib_m_array_v1_1", "cornername": "Nominal"}
[2026-01-15 23:44:48.145 +0530] [PROCESS] [cadence.virtuoso.ade.simulationMonitor] - HostInfo:
Host name (type):	ece.nitk.edu.in (x86_64)
Operating system:	Linux 4.18.0-425.3.1.el8.x86_64 #1 SMP Fri Sep 30 11:45:06 EDT 2022 {"hostname": "ece.nitk.edu.in", "processid": 793370, "history": "ExplorerRun.0", "testname": "mem_lib_m_array_v1_1", "cornername": "Nominal", "point": 1, "logfile": "/home/rohit/project/logs_rohit/logs0/Job6.log", "nodename": "ece.nitk.edu.in", "domainname": "(none)", "machine": "x86_64", "sysname": "Linux", "release": "4.18.0-425.3.1.el8.x86_64", "version": "#1 SMP Fri Sep 30 11:45:06 EDT 2022"}
[2026-01-15 23:44:48.145 +0530] [PROCESS] [cadence.virtuoso.ade.simulationMonitor] - UsageInfo:
pid=793370
totalPhysicalMemory=93.835541GB,Used=11.756969GB,totalVirtualMemory=189.835537GB,Used=11.756969GB
Cpu: Cores=16, Load average:0.550000,0.250000,0.180000 {"hostname": "ece.nitk.edu.in", "processid": 793370, "history": "ExplorerRun.0", "testname": "mem_lib_m_array_v1_1", "cornername": "Nominal", "point": 1, "logfile": "/home/rohit/project/logs_rohit/logs0/Job6.log", "pid": "793370", "totalPhysicalMemory": "93.835541", "physicalMemoryUsed": "11.756969", "totalVirtualMemory": "189.835537", "virtualMemoryUsed": "11.756969", "cpuCores": "16", "processes": "693", "loadAverage1": "0.550000", "loadAverage5": "0.250000", "loadAverage15": "0.180000", "loadAverage1Percent": "0.034375"}
[2026-01-15 23:44:48.145 +0530] [EVENT] [cadence.virtuoso.ade.simulationMonitor] - NewPoint {"history": "ExplorerRun.0", "point": 1, "testname": "mem_lib_m_array_v1_1", "cornername": "Nominal", "event": "NewPoint", "EventSource": "Simulation Monitor", "HistoryName": "ExplorerRun.0", "logFile": "/home/rohit/project/logs_rohit/logs0/Job6.log", "logFileSize": "55175"}
[2026-01-15 23:44:48.246 +0530] [EVENT] [cadence.virtuoso.ade.simulationMonitor] - NewPoint {"history": "ExplorerRun.0", "point": 1, "testname": "mem_lib_m_array_v1_1", "cornername": "Nominal", "event": "NewPoint", "EventSource": "spectre", "HistoryName": "ExplorerRun.0", "logFile": "/home/rohit/simulation/mem_lib/m_array_v1_maestro/maestro/results/maestro/ExplorerRun.0/1/mem_lib_m_array_v1_1/psf/spectre.out", "logFileSize": "-1"}
[2026-01-15 23:44:48.250 +0530] [PROCESS] [cadence.virtuoso.ade.simulationMonitor] - Simulator launched {"hostname": "ece.nitk.edu.in", "processid": 793370, "history": "ExplorerRun.0", "testname": "mem_lib_m_array_v1_1", "cornername": "Nominal", "point": 1, "logfile": "/home/rohit/project/logs_rohit/logs0/Job6.log", "simid": "5"}
[2026-01-15 23:44:48.251 +0530] [PROCESS] [cadence.virtuoso.ade.simulationMonitor] - Expression evaluator launched {"hostname": "ece.nitk.edu.in", "processid": 793370, "history": "ExplorerRun.0", "testname": "mem_lib_m_array_v1_1", "cornername": "Nominal", "point": 1, "logfile": "/home/rohit/project/logs_rohit/logs0/Job6.log"}
[2026-01-15 23:44:48.256 +0530] [PROCESS] [cadence.virtuoso.ade.simulationMonitor] - Started Simulation {"hostname": "ece.nitk.edu.in", "processid": 793370, "history": "ExplorerRun.0", "testname": "mem_lib_m_array_v1_1", "cornername": "Nominal", "point": 1, "logfile": "/home/rohit/project/logs_rohit/logs0/Job6.log", "event": "started", "task": "simulation"}
[2026-01-15 23:44:50.256 +0530] [INFO] [cadence.virtuoso.ade.simulationMonitor] - Peak resident memory used = 156 Mbytes. {"history": "ExplorerRun.0", "point": 1, "testname": "mem_lib_m_array_v1_1", "cornername": "Nominal"}
[2026-01-15 23:44:50.256 +0530] [INFO] [cadence.virtuoso.ade.simulationMonitor] - Peak resident memory used = 167 Mbytes. {"history": "ExplorerRun.0", "point": 1, "testname": "mem_lib_m_array_v1_1", "cornername": "Nominal"}
[2026-01-15 23:44:50.256 +0530] [INFO] [cadence.virtuoso.ade.simulationMonitor] - Notice from spectre during hierarchy flattening.
    The value 'psf' specified for the 'checklimitdest' option will no longer be supported in future releases. Use 'spectre -h' to see other recommended values for the 'checklimitdest' option. {"history": "ExplorerRun.0", "point": 1, "testname": "mem_lib_m_array_v1_1", "cornername": "Nominal"}
[2026-01-15 23:44:50.257 +0530] [INFO] [cadence.virtuoso.ade.simulationMonitor] - Peak resident memory used = 168 Mbytes. {"history": "ExplorerRun.0", "point": 1, "testname": "mem_lib_m_array_v1_1", "cornername": "Nominal"}
[2026-01-15 23:44:50.257 +0530] [INFO] [cadence.virtuoso.ade.simulationMonitor] - Notice from spectre during topology check.
    No DC path from node `I8.M2.n1' to ground, Gmin installed to provide path. {"history": "ExplorerRun.0", "point": 1, "testname": "mem_lib_m_array_v1_1", "cornername": "Nominal"}
[2026-01-15 23:44:50.257 +0530] [WARN] [cadence.virtuoso.ade.simulationMonitor] -     WARNING (SPECTRE-7): No DC path from node `gndd' to ground. {"history": "ExplorerRun.0", "point": 1, "testname": "mem_lib_m_array_v1_1", "cornername": "Nominal"}
[2026-01-15 23:44:50.257 +0530] [INFO] [cadence.virtuoso.ade.simulationMonitor] - Notice from spectre during initial setup.
    Multithreading is disabled due to the size of the design being too small. {"history": "ExplorerRun.0", "point": 1, "testname": "mem_lib_m_array_v1_1", "cornername": "Nominal"}
[2026-01-15 23:44:50.257 +0530] [INFO] [cadence.virtuoso.ade.simulationMonitor] -               nodes 41 {"history": "ExplorerRun.0", "point": 1, "testname": "mem_lib_m_array_v1_1", "cornername": "Nominal"}
[2026-01-15 23:44:50.257 +0530] [INFO] [cadence.virtuoso.ade.simulationMonitor] - Notice from spectre during initial setup.
    APS enabled. {"history": "ExplorerRun.0", "point": 1, "testname": "mem_lib_m_array_v1_1", "cornername": "Nominal"}
[2026-01-15 23:44:50.257 +0530] [INFO] [cadence.virtuoso.ade.simulationMonitor] - Peak resident memory used = 171 Mbytes. {"history": "ExplorerRun.0", "point": 1, "testname": "mem_lib_m_array_v1_1", "cornername": "Nominal"}
[2026-01-15 23:44:50.257 +0530] [INFO] [cadence.virtuoso.ade.simulationMonitor] -    -   (APS) Multi-threading. The recommended number of threads is 1, consider adding +mt=1 on command line. {"history": "ExplorerRun.0", "point": 1, "testname": "mem_lib_m_array_v1_1", "cornername": "Nominal"}
[2026-01-15 23:44:50.257 +0530] [INFO] [cadence.virtuoso.ade.simulationMonitor] - Notice from spectre during IC analysis, during transient analysis `tran'.
    GminDC = 1 pS is large enough to noticeably affect the DC solution.
        dV(I7.net1) = -23.1396 mV
        Use the `gmin_check' option to eliminate or expand this report. {"history": "ExplorerRun.0", "point": 1, "testname": "mem_lib_m_array_v1_1", "cornername": "Nominal"}
[2026-01-15 23:44:50.257 +0530] [INFO] [cadence.virtuoso.ade.simulationMonitor] - Notice from spectre during transient analysis `tran'.
    Multithreading is disabled due to the size of the design being too small. {"history": "ExplorerRun.0", "point": 1, "testname": "mem_lib_m_array_v1_1", "cornername": "Nominal"}
[2026-01-15 23:44:50.257 +0530] [INFO] [cadence.virtuoso.ade.simulationMonitor] - Notice from spectre at time = 16.3566 ps during transient analysis `tran'.
    Found trapezoidal ringing on node I8.C0.l1:1. {"history": "ExplorerRun.0", "point": 1, "testname": "mem_lib_m_array_v1_1", "cornername": "Nominal"}
[2026-01-15 23:44:50.257 +0530] [INFO] [cadence.virtuoso.ade.simulationMonitor] - Notice from spectre at time = 28.5462 ps during transient analysis `tran'.
    Found trapezoidal ringing on node I8.C0.l1:1. {"history": "ExplorerRun.0", "point": 1, "testname": "mem_lib_m_array_v1_1", "cornername": "Nominal"}
[2026-01-15 23:44:50.257 +0530] [INFO] [cadence.virtuoso.ade.simulationMonitor] - Notice from spectre at time = 29.4654 ps during transient analysis `tran'.
    Found trapezoidal ringing on node I8.C0.l1:1. {"history": "ExplorerRun.0", "point": 1, "testname": "mem_lib_m_array_v1_1", "cornername": "Nominal"}
[2026-01-15 23:44:50.257 +0530] [INFO] [cadence.virtuoso.ade.simulationMonitor] - Notice from spectre at time = 30.3657 ps during transient analysis `tran'.
    Found trapezoidal ringing on node I8.C0.l1:1. {"history": "ExplorerRun.0", "point": 1, "testname": "mem_lib_m_array_v1_1", "cornername": "Nominal"}
[2026-01-15 23:44:50.257 +0530] [INFO] [cadence.virtuoso.ade.simulationMonitor] - Notice from spectre at time = 33.1966 ps during transient analysis `tran'.
    Found trapezoidal ringing on node I8.C0.l1:1.
        Further occurrences of this notice will be suppressed. {"history": "ExplorerRun.0", "point": 1, "testname": "mem_lib_m_array_v1_1", "cornername": "Nominal"}
[2026-01-15 23:44:54.791 +0530] [INFO] [cadence.virtuoso.ade.simulationMonitor] - Notice from spectre during transient analysis `tran'.
    Trapezoidal ringing is detected during tran analysis.
        Please use method=trap for better results and performance. {"history": "ExplorerRun.0", "point": 1, "testname": "mem_lib_m_array_v1_1", "cornername": "Nominal"}
[2026-01-15 23:44:54.791 +0530] [INFO] [cadence.virtuoso.ade.simulationMonitor] - Total time required for tran analysis `tran': CPU = 4.73547 s, elapsed = 4.74686 s, util. = 99.8%. {"history": "ExplorerRun.0", "point": 1, "testname": "mem_lib_m_array_v1_1", "cornername": "Nominal"}
[2026-01-15 23:44:54.792 +0530] [INFO] [cadence.virtuoso.ade.simulationMonitor] - Peak resident memory used = 286 Mbytes. {"history": "ExplorerRun.0", "point": 1, "testname": "mem_lib_m_array_v1_1", "cornername": "Nominal"}
[2026-01-15 23:44:54.792 +0530] [INFO] [cadence.virtuoso.ade.simulationMonitor] - Notice from spectre.
    57277 notices suppressed. {"history": "ExplorerRun.0", "point": 1, "testname": "mem_lib_m_array_v1_1", "cornername": "Nominal"}
[2026-01-15 23:44:54.792 +0530] [INFO] [cadence.virtuoso.ade.simulationMonitor] - Time used: CPU = 5.23 s, elapsed = 6.2 s, util. = 84.4%. {"history": "ExplorerRun.0", "point": 1, "testname": "mem_lib_m_array_v1_1", "cornername": "Nominal"}
[2026-01-15 23:44:54.792 +0530] [INFO] [cadence.virtuoso.ade.simulationMonitor] - Time spent in licensing: elapsed = 863 ms, percentage of total = 13.9%. {"history": "ExplorerRun.0", "point": 1, "testname": "mem_lib_m_array_v1_1", "cornername": "Nominal"}
[2026-01-15 23:44:54.792 +0530] [INFO] [cadence.virtuoso.ade.simulationMonitor] - Peak memory used = 287 Mbytes. {"history": "ExplorerRun.0", "point": 1, "testname": "mem_lib_m_array_v1_1", "cornername": "Nominal"}
[2026-01-15 23:44:54.792 +0530] [PROCESS] [cadence.virtuoso.ade.simulationMonitor] - Simulation started at: 11:44:48 PM, Thur Jan 15, 2026, ended at: 11:44:54 PM, Thur Jan 15, 2026, with elapsed time (wall clock): 6.2 s. {"history": "ExplorerRun.0", "point": 1, "testname": "mem_lib_m_array_v1_1", "cornername": "Nominal"}
[2026-01-15 23:44:54.792 +0530] [PROCESS] [cadence.virtuoso.ade.simulationMonitor] - spectre completes with 0 errors, 1 warning, and 14 notices. {"history": "ExplorerRun.0", "point": 1, "testname": "mem_lib_m_array_v1_1", "cornername": "Nominal"}
[2026-01-15 23:44:54.792 +0530] [PROCESS] [cadence.virtuoso.ade.simulationMonitor] - Finished simulating for one point {"hostname": "ece.nitk.edu.in", "processid": 793370, "history": "ExplorerRun.0", "testname": "mem_lib_m_array_v1_1", "cornername": "Nominal", "point": 1, "logfile": "/home/rohit/project/logs_rohit/logs0/Job6.log", "simid": "5"}
[2026-01-15 23:44:54.792 +0530] [PROCESS] [cadence.virtuoso.ade.simulationMonitor] - Simulator exited {"hostname": "ece.nitk.edu.in", "processid": 793370, "history": "ExplorerRun.0", "testname": "mem_lib_m_array_v1_1", "cornername": "Nominal", "point": 1, "logfile": "/home/rohit/project/logs_rohit/logs0/Job6.log", "exitStatus": "0"}
[2026-01-15 23:44:54.792 +0530] [PROCESS] [cadence.virtuoso.ade.simulationMonitor] - Finished Simulation {"hostname": "ece.nitk.edu.in", "processid": 793370, "history": "ExplorerRun.0", "testname": "mem_lib_m_array_v1_1", "cornername": "Nominal", "point": 1, "logfile": "/home/rohit/project/logs_rohit/logs0/Job6.log", "simid": "5"}
[2026-01-15 23:44:55.798 +0530] [PROCESS] [cadence.virtuoso.ade.simulationMonitor] - Point Finished {"hostname": "ece.nitk.edu.in", "processid": 793370, "history": "ExplorerRun.0", "testname": "mem_lib_m_array_v1_1", "cornername": "Nominal", "point": 1, "logfile": "/home/rohit/project/logs_rohit/logs0/Job6.log"}
[2026-01-15 23:44:56.852 +0530] [PROCESS] [cadence.virtuoso.ade.simulationMonitor] - Stay with the runId '12', Linger time '300', currentRunSyn '25', currentTestSyn '25' {"hostname": "ece.nitk.edu.in", "processid": 793370, "history": "ExplorerRun.0", "testname": "mem_lib_m_array_v1_1", "cornername": "Nominal", "point": 1, "logfile": "/home/rohit/project/logs_rohit/logs0/Job6.log"}
[2026-01-15 23:44:57.854 +0530] [PROCESS] [cadence.virtuoso.ade.simulationMonitor] - Stay with the runId '12', Linger time '300', currentRunSyn '25', currentTestSyn '25' {"hostname": "ece.nitk.edu.in", "processid": 793370, "history": "ExplorerRun.0", "testname": "mem_lib_m_array_v1_1", "cornername": "Nominal", "point": 1, "logfile": "/home/rohit/project/logs_rohit/logs0/Job6.log"}
[2026-01-15 23:44:58.856 +0530] [PROCESS] [cadence.virtuoso.ade.simulationMonitor] - Stay with the runId '12', Linger time '300', currentRunSyn '25', currentTestSyn '25' {"hostname": "ece.nitk.edu.in", "processid": 793370, "history": "ExplorerRun.0", "testname": "mem_lib_m_array_v1_1", "cornername": "Nominal", "point": 1, "logfile": "/home/rohit/project/logs_rohit/logs0/Job6.log"}
[2026-01-15 23:49:56.004 +0530] [PROCESS] [cadence.virtuoso.ade.simulationMonitor] - Current memory used: 55.6992 MBytes, peak memory used: 55.6992 MBytes {"hostname": "ece.nitk.edu.in", "processid": 793370, "history": "ExplorerRun.0", "testname": "mem_lib_m_array_v1_1", "cornername": "Nominal", "point": 1, "logfile": "/home/rohit/project/logs_rohit/logs0/Job6.log"}
[2026-01-15 23:49:56.004 +0530] [PROCESS] [cadence.virtuoso.ade.simulationMonitor] - Simulation Monitor process exit. {"hostname": "ece.nitk.edu.in", "processid": 793370, "history": "ExplorerRun.0", "testname": "mem_lib_m_array_v1_1", "cornername": "Nominal", "point": 1, "logfile": "/home/rohit/project/logs_rohit/logs0/Job6.log"}
