[Simulation Monitor: 7]
[2026-01-17 11:35:29.663 +0530] [PROCESS] [cadence.virtuoso.ade.simulationMonitor] - Simulation Monitor has successfully started up. Trying to set up communication channels to other components ... {"hostname": "ece.nitk.edu.in", "processid": 1048112, "logfile": "/home/rohit/project/logs_rohit/logs0/Job7.log"}
[2026-01-17 11:35:29.664 +0530] [PROCESS] [cadence.virtuoso.ade.simulationMonitor] - Communication channels have been successfully set up. Start processing events ... {"hostname": "ece.nitk.edu.in", "processid": 1048112, "logfile": "/home/rohit/project/logs_rohit/logs0/Job7.log"}
[2026-01-17 11:35:29.664 +0530] [PROCESS] [cadence.virtuoso.ade.simulationMonitor] - Considering to start history {"hostname": "ece.nitk.edu.in", "processid": 1048112, "history": "ExplorerRun.0", "logfile": "/home/rohit/project/logs_rohit/logs0/Job7.log"}
[2026-01-17 11:35:29.665 +0530] [PROCESS] [cadence.virtuoso.ade.simulationMonitor] - HostInfo:
Host name (type):	ece.nitk.edu.in (x86_64)
Operating system:	Linux 4.18.0-425.3.1.el8.x86_64 #1 SMP Fri Sep 30 11:45:06 EDT 2022 {"hostname": "ece.nitk.edu.in", "processid": 1048112, "history": "ExplorerRun.0", "logfile": "/home/rohit/project/logs_rohit/logs0/Job7.log", "nodename": "ece.nitk.edu.in", "domainname": "(none)", "machine": "x86_64", "sysname": "Linux", "release": "4.18.0-425.3.1.el8.x86_64", "version": "#1 SMP Fri Sep 30 11:45:06 EDT 2022"}
[2026-01-17 11:35:29.665 +0530] [PROCESS] [cadence.virtuoso.ade.simulationMonitor] - UsageInfo:
pid=1048112
totalPhysicalMemory=93.835541GB,Used=15.671375GB,totalVirtualMemory=189.835537GB,Used=15.671375GB
Cpu: Cores=16, Load average:0.120000,0.040000,0.010000 {"hostname": "ece.nitk.edu.in", "processid": 1048112, "history": "ExplorerRun.0", "logfile": "/home/rohit/project/logs_rohit/logs0/Job7.log", "pid": "1048112", "totalPhysicalMemory": "93.835541", "physicalMemoryUsed": "15.671375", "totalVirtualMemory": "189.835537", "virtualMemoryUsed": "15.671375", "cpuCores": "16", "processes": "593", "loadAverage1": "0.120000", "loadAverage5": "0.040000", "loadAverage15": "0.010000", "loadAverage1Percent": "0.007500"}
[2026-01-17 11:35:29.666 +0530] [EVENT] [cadence.virtuoso.ade.simulationMonitor] - NewPoint {"history": "ExplorerRun.0", "point": 1, "testname": "mem_lib_m_array_v1_1", "cornername": "Nominal", "event": "NewPoint", "EventSource": "Simulation Monitor", "HistoryName": "ExplorerRun.0", "logFile": "/home/rohit/project/logs_rohit/logs0/Job7.log", "logFileSize": "2144"}
[2026-01-17 11:35:29.766 +0530] [EVENT] [cadence.virtuoso.ade.simulationMonitor] - NewPoint {"history": "ExplorerRun.0", "point": 1, "testname": "mem_lib_m_array_v1_1", "cornername": "Nominal", "event": "NewPoint", "EventSource": "spectre", "HistoryName": "ExplorerRun.0", "logFile": "/home/rohit/simulation/mem_lib/m_array_v1_maestro/maestro/results/maestro/ExplorerRun.0/1/mem_lib_m_array_v1_1/psf/spectre.out", "logFileSize": "-1"}
[2026-01-17 11:35:29.770 +0530] [PROCESS] [cadence.virtuoso.ade.simulationMonitor] - Simulator launched {"hostname": "ece.nitk.edu.in", "processid": 1048112, "history": "ExplorerRun.0", "testname": "mem_lib_m_array_v1_1", "cornername": "Nominal", "point": 1, "logfile": "/home/rohit/project/logs_rohit/logs0/Job7.log", "simid": "1"}
[2026-01-17 11:35:29.771 +0530] [PROCESS] [cadence.virtuoso.ade.simulationMonitor] - Expression evaluator launched {"hostname": "ece.nitk.edu.in", "processid": 1048112, "history": "ExplorerRun.0", "testname": "mem_lib_m_array_v1_1", "cornername": "Nominal", "point": 1, "logfile": "/home/rohit/project/logs_rohit/logs0/Job7.log"}
[2026-01-17 11:35:29.775 +0530] [PROCESS] [cadence.virtuoso.ade.simulationMonitor] - Started Simulation {"hostname": "ece.nitk.edu.in", "processid": 1048112, "history": "ExplorerRun.0", "testname": "mem_lib_m_array_v1_1", "cornername": "Nominal", "point": 1, "logfile": "/home/rohit/project/logs_rohit/logs0/Job7.log", "event": "started", "task": "simulation"}
[2026-01-17 11:35:52.403 +0530] [INFO] [cadence.virtuoso.ade.simulationMonitor] - Peak resident memory used = 156 Mbytes. {"history": "ExplorerRun.0", "point": 1, "testname": "mem_lib_m_array_v1_1", "cornername": "Nominal"}
[2026-01-17 11:35:52.403 +0530] [INFO] [cadence.virtuoso.ade.simulationMonitor] - Peak resident memory used = 167 Mbytes. {"history": "ExplorerRun.0", "point": 1, "testname": "mem_lib_m_array_v1_1", "cornername": "Nominal"}
[2026-01-17 11:35:52.403 +0530] [INFO] [cadence.virtuoso.ade.simulationMonitor] - Notice from spectre during hierarchy flattening.
    The value 'psf' specified for the 'checklimitdest' option will no longer be supported in future releases. Use 'spectre -h' to see other recommended values for the 'checklimitdest' option. {"history": "ExplorerRun.0", "point": 1, "testname": "mem_lib_m_array_v1_1", "cornername": "Nominal"}
[2026-01-17 11:35:52.403 +0530] [INFO] [cadence.virtuoso.ade.simulationMonitor] - Peak resident memory used = 168 Mbytes. {"history": "ExplorerRun.0", "point": 1, "testname": "mem_lib_m_array_v1_1", "cornername": "Nominal"}
[2026-01-17 11:35:52.404 +0530] [INFO] [cadence.virtuoso.ade.simulationMonitor] - Notice from spectre during initial setup.
    Multithreading is disabled due to the size of the design being too small. {"history": "ExplorerRun.0", "point": 1, "testname": "mem_lib_m_array_v1_1", "cornername": "Nominal"}
[2026-01-17 11:35:52.404 +0530] [INFO] [cadence.virtuoso.ade.simulationMonitor] -               nodes 41 {"history": "ExplorerRun.0", "point": 1, "testname": "mem_lib_m_array_v1_1", "cornername": "Nominal"}
[2026-01-17 11:35:52.404 +0530] [INFO] [cadence.virtuoso.ade.simulationMonitor] - Notice from spectre during initial setup.
    APS enabled. {"history": "ExplorerRun.0", "point": 1, "testname": "mem_lib_m_array_v1_1", "cornername": "Nominal"}
[2026-01-17 11:35:52.404 +0530] [INFO] [cadence.virtuoso.ade.simulationMonitor] - Peak resident memory used = 168 Mbytes. {"history": "ExplorerRun.0", "point": 1, "testname": "mem_lib_m_array_v1_1", "cornername": "Nominal"}
[2026-01-17 11:35:52.404 +0530] [INFO] [cadence.virtuoso.ade.simulationMonitor] -    -   (APS) Multi-threading. The recommended number of threads is 1, consider adding +mt=1 on command line. {"history": "ExplorerRun.0", "point": 1, "testname": "mem_lib_m_array_v1_1", "cornername": "Nominal"}
[2026-01-17 11:35:52.404 +0530] [INFO] [cadence.virtuoso.ade.simulationMonitor] - Notice from spectre during IC analysis, during transient analysis `tran'.
    GminDC = 1 pS is large enough to noticeably affect the DC solution.
        dV(net6) = 160.968 mV
        Use the `gmin_check' option to eliminate or expand this report.
    Bad pivoting is found during DC analysis. Option dc_pivot_check=yes is recommended for possible improvement of convergence. {"history": "ExplorerRun.0", "point": 1, "testname": "mem_lib_m_array_v1_1", "cornername": "Nominal"}
[2026-01-17 11:35:52.404 +0530] [INFO] [cadence.virtuoso.ade.simulationMonitor] - Notice from spectre during transient analysis `tran'.
    Multithreading is disabled due to the size of the design being too small. {"history": "ExplorerRun.0", "point": 1, "testname": "mem_lib_m_array_v1_1", "cornername": "Nominal"}
[2026-01-17 11:35:52.404 +0530] [INFO] [cadence.virtuoso.ade.simulationMonitor] - Notice from spectre at time = 8.41335 ns during transient analysis `tran'.
    Found trapezoidal ringing on node I8.M4.n1. {"history": "ExplorerRun.0", "point": 1, "testname": "mem_lib_m_array_v1_1", "cornername": "Nominal"}
[2026-01-17 11:35:52.404 +0530] [INFO] [cadence.virtuoso.ade.simulationMonitor] - Notice from spectre at time = 8.41528 ns during transient analysis `tran'.
    Found trapezoidal ringing on node I8.M4.n1. {"history": "ExplorerRun.0", "point": 1, "testname": "mem_lib_m_array_v1_1", "cornername": "Nominal"}
[2026-01-17 11:35:52.404 +0530] [INFO] [cadence.virtuoso.ade.simulationMonitor] - Notice from spectre at time = 9.5848 ns during transient analysis `tran'.
    Found trapezoidal ringing on node I8:3. {"history": "ExplorerRun.0", "point": 1, "testname": "mem_lib_m_array_v1_1", "cornername": "Nominal"}
[2026-01-17 11:35:52.404 +0530] [INFO] [cadence.virtuoso.ade.simulationMonitor] - Notice from spectre at time = 9.6911 ns during transient analysis `tran'.
    Found trapezoidal ringing on node I8:3. {"history": "ExplorerRun.0", "point": 1, "testname": "mem_lib_m_array_v1_1", "cornername": "Nominal"}
[2026-01-17 11:35:52.404 +0530] [INFO] [cadence.virtuoso.ade.simulationMonitor] - Notice from spectre at time = 9.85055 ns during transient analysis `tran'.
    Found trapezoidal ringing on node I8:3.
        Further occurrences of this notice will be suppressed. {"history": "ExplorerRun.0", "point": 1, "testname": "mem_lib_m_array_v1_1", "cornername": "Nominal"}
[2026-01-17 11:35:52.404 +0530] [INFO] [cadence.virtuoso.ade.simulationMonitor] - Notice from spectre during transient analysis `tran'.
    Trapezoidal ringing is detected during tran analysis.
        Please use method=trap for better results and performance. {"history": "ExplorerRun.0", "point": 1, "testname": "mem_lib_m_array_v1_1", "cornername": "Nominal"}
[2026-01-17 11:35:52.404 +0530] [INFO] [cadence.virtuoso.ade.simulationMonitor] - Total time required for tran analysis `tran': CPU = 82.474 ms, elapsed = 82.406 ms, util. = 100%. {"history": "ExplorerRun.0", "point": 1, "testname": "mem_lib_m_array_v1_1", "cornername": "Nominal"}
[2026-01-17 11:35:52.404 +0530] [INFO] [cadence.virtuoso.ade.simulationMonitor] - Peak resident memory used = 178 Mbytes. {"history": "ExplorerRun.0", "point": 1, "testname": "mem_lib_m_array_v1_1", "cornername": "Nominal"}
[2026-01-17 11:35:52.404 +0530] [INFO] [cadence.virtuoso.ade.simulationMonitor] - Notice from spectre.
    35 notices suppressed. {"history": "ExplorerRun.0", "point": 1, "testname": "mem_lib_m_array_v1_1", "cornername": "Nominal"}
[2026-01-17 11:35:52.404 +0530] [INFO] [cadence.virtuoso.ade.simulationMonitor] - Time used: CPU = 473 ms, elapsed = 22.4 s, util. = 2.11%. {"history": "ExplorerRun.0", "point": 1, "testname": "mem_lib_m_array_v1_1", "cornername": "Nominal"}
[2026-01-17 11:35:52.405 +0530] [INFO] [cadence.virtuoso.ade.simulationMonitor] - Time spent in licensing: elapsed = 21.9 s, percentage of total = 97.8%. {"history": "ExplorerRun.0", "point": 1, "testname": "mem_lib_m_array_v1_1", "cornername": "Nominal"}
[2026-01-17 11:35:52.405 +0530] [INFO] [cadence.virtuoso.ade.simulationMonitor] - Peak memory used = 180 Mbytes. {"history": "ExplorerRun.0", "point": 1, "testname": "mem_lib_m_array_v1_1", "cornername": "Nominal"}
[2026-01-17 11:35:52.405 +0530] [PROCESS] [cadence.virtuoso.ade.simulationMonitor] - Simulation started at: 11:35:29 AM, Sat Jan 17, 2026, ended at: 11:35:52 AM, Sat Jan 17, 2026, with elapsed time (wall clock): 22.4 s. {"history": "ExplorerRun.0", "point": 1, "testname": "mem_lib_m_array_v1_1", "cornername": "Nominal"}
[2026-01-17 11:35:52.405 +0530] [PROCESS] [cadence.virtuoso.ade.simulationMonitor] - spectre completes with 0 errors, 0 warnings, and 14 notices. {"history": "ExplorerRun.0", "point": 1, "testname": "mem_lib_m_array_v1_1", "cornername": "Nominal"}
[2026-01-17 11:35:52.405 +0530] [PROCESS] [cadence.virtuoso.ade.simulationMonitor] - Finished simulating for one point {"hostname": "ece.nitk.edu.in", "processid": 1048112, "history": "ExplorerRun.0", "testname": "mem_lib_m_array_v1_1", "cornername": "Nominal", "point": 1, "logfile": "/home/rohit/project/logs_rohit/logs0/Job7.log", "simid": "1"}
[2026-01-17 11:35:52.405 +0530] [PROCESS] [cadence.virtuoso.ade.simulationMonitor] - Simulator exited {"hostname": "ece.nitk.edu.in", "processid": 1048112, "history": "ExplorerRun.0", "testname": "mem_lib_m_array_v1_1", "cornername": "Nominal", "point": 1, "logfile": "/home/rohit/project/logs_rohit/logs0/Job7.log", "exitStatus": "0"}
[2026-01-17 11:35:52.405 +0530] [PROCESS] [cadence.virtuoso.ade.simulationMonitor] - Finished Simulation {"hostname": "ece.nitk.edu.in", "processid": 1048112, "history": "ExplorerRun.0", "testname": "mem_lib_m_array_v1_1", "cornername": "Nominal", "point": 1, "logfile": "/home/rohit/project/logs_rohit/logs0/Job7.log", "simid": "1"}
[2026-01-17 11:35:52.910 +0530] [PROCESS] [cadence.virtuoso.ade.simulationMonitor] - Point Finished {"hostname": "ece.nitk.edu.in", "processid": 1048112, "history": "ExplorerRun.0", "testname": "mem_lib_m_array_v1_1", "cornername": "Nominal", "point": 1, "logfile": "/home/rohit/project/logs_rohit/logs0/Job7.log"}
[2026-01-17 11:35:52.959 +0530] [PROCESS] [cadence.virtuoso.ade.simulationMonitor] - Padding test token found for runId '9', Linger time '300', currentRunSyn '17', currentTestSyn '17' {"hostname": "ece.nitk.edu.in", "processid": 1048112, "history": "ExplorerRun.0", "testname": "mem_lib_m_array_v1_1", "cornername": "Nominal", "point": 1, "logfile": "/home/rohit/project/logs_rohit/logs0/Job7.log"}
[2026-01-17 11:35:53.962 +0530] [PROCESS] [cadence.virtuoso.ade.simulationMonitor] - Padding test token found for runId '9', Linger time '300', currentRunSyn '17', currentTestSyn '17' {"hostname": "ece.nitk.edu.in", "processid": 1048112, "history": "ExplorerRun.0", "testname": "mem_lib_m_array_v1_1", "cornername": "Nominal", "point": 1, "logfile": "/home/rohit/project/logs_rohit/logs0/Job7.log"}
[2026-01-17 11:35:53.963 +0530] [PROCESS] [cadence.virtuoso.ade.simulationMonitor] - Stay with the runId '9', Linger time '300', currentRunSyn '17', currentTestSyn '17' {"hostname": "ece.nitk.edu.in", "processid": 1048112, "history": "ExplorerRun.0", "testname": "mem_lib_m_array_v1_1", "cornername": "Nominal", "point": 1, "logfile": "/home/rohit/project/logs_rohit/logs0/Job7.log"}
[2026-01-17 11:35:54.964 +0530] [PROCESS] [cadence.virtuoso.ade.simulationMonitor] - Padding test token found for runId '9', Linger time '300', currentRunSyn '17', currentTestSyn '17' {"hostname": "ece.nitk.edu.in", "processid": 1048112, "history": "ExplorerRun.0", "testname": "mem_lib_m_array_v1_1", "cornername": "Nominal", "point": 1, "logfile": "/home/rohit/project/logs_rohit/logs0/Job7.log"}
[2026-01-17 11:35:54.965 +0530] [PROCESS] [cadence.virtuoso.ade.simulationMonitor] - Stay with the runId '9', Linger time '300', currentRunSyn '17', currentTestSyn '17' {"hostname": "ece.nitk.edu.in", "processid": 1048112, "history": "ExplorerRun.0", "testname": "mem_lib_m_array_v1_1", "cornername": "Nominal", "point": 1, "logfile": "/home/rohit/project/logs_rohit/logs0/Job7.log"}
[2026-01-17 11:35:55.967 +0530] [PROCESS] [cadence.virtuoso.ade.simulationMonitor] - Padding test token found for runId '9', Linger time '300', currentRunSyn '17', currentTestSyn '17' {"hostname": "ece.nitk.edu.in", "processid": 1048112, "history": "ExplorerRun.0", "testname": "mem_lib_m_array_v1_1", "cornername": "Nominal", "point": 1, "logfile": "/home/rohit/project/logs_rohit/logs0/Job7.log"}
[2026-01-17 11:35:55.968 +0530] [PROCESS] [cadence.virtuoso.ade.simulationMonitor] - Stay with the runId '9', Linger time '300', currentRunSyn '17', currentTestSyn '17' {"hostname": "ece.nitk.edu.in", "processid": 1048112, "history": "ExplorerRun.0", "testname": "mem_lib_m_array_v1_1", "cornername": "Nominal", "point": 1, "logfile": "/home/rohit/project/logs_rohit/logs0/Job7.log"}
[2026-01-17 11:40:53.621 +0530] [PROCESS] [cadence.virtuoso.ade.simulationMonitor] - Current memory used: 54.1875 MBytes, peak memory used: 54.1875 MBytes {"hostname": "ece.nitk.edu.in", "processid": 1048112, "history": "ExplorerRun.0", "testname": "mem_lib_m_array_v1_1", "cornername": "Nominal", "point": 1, "logfile": "/home/rohit/project/logs_rohit/logs0/Job7.log"}
[2026-01-17 11:40:53.622 +0530] [PROCESS] [cadence.virtuoso.ade.simulationMonitor] - Simulation Monitor process exit. {"hostname": "ece.nitk.edu.in", "processid": 1048112, "history": "ExplorerRun.0", "testname": "mem_lib_m_array_v1_1", "cornername": "Nominal", "point": 1, "logfile": "/home/rohit/project/logs_rohit/logs0/Job7.log"}
