[Simulation Monitor: 9]
[2026-01-17 11:50:25.560 +0530] [PROCESS] [cadence.virtuoso.ade.simulationMonitor] - Simulation Monitor has successfully started up. Trying to set up communication channels to other components ... {"hostname": "ece.nitk.edu.in", "processid": 1051006, "logfile": "/home/rohit/project/logs_rohit/logs0/Job9.log"}
[2026-01-17 11:50:25.561 +0530] [PROCESS] [cadence.virtuoso.ade.simulationMonitor] - Communication channels have been successfully set up. Start processing events ... {"hostname": "ece.nitk.edu.in", "processid": 1051006, "logfile": "/home/rohit/project/logs_rohit/logs0/Job9.log"}
[2026-01-17 11:50:25.561 +0530] [PROCESS] [cadence.virtuoso.ade.simulationMonitor] - Considering to start history {"hostname": "ece.nitk.edu.in", "processid": 1051006, "history": "ExplorerRun.0", "logfile": "/home/rohit/project/logs_rohit/logs0/Job9.log"}
[2026-01-17 11:50:25.562 +0530] [PROCESS] [cadence.virtuoso.ade.simulationMonitor] - HostInfo:
Host name (type):	ece.nitk.edu.in (x86_64)
Operating system:	Linux 4.18.0-425.3.1.el8.x86_64 #1 SMP Fri Sep 30 11:45:06 EDT 2022 {"hostname": "ece.nitk.edu.in", "processid": 1051006, "history": "ExplorerRun.0", "logfile": "/home/rohit/project/logs_rohit/logs0/Job9.log", "nodename": "ece.nitk.edu.in", "domainname": "(none)", "machine": "x86_64", "sysname": "Linux", "release": "4.18.0-425.3.1.el8.x86_64", "version": "#1 SMP Fri Sep 30 11:45:06 EDT 2022"}
[2026-01-17 11:50:25.562 +0530] [PROCESS] [cadence.virtuoso.ade.simulationMonitor] - UsageInfo:
pid=1051006
totalPhysicalMemory=93.835541GB,Used=15.696609GB,totalVirtualMemory=189.835537GB,Used=15.696609GB
Cpu: Cores=16, Load average:0.200000,0.050000,0.020000 {"hostname": "ece.nitk.edu.in", "processid": 1051006, "history": "ExplorerRun.0", "logfile": "/home/rohit/project/logs_rohit/logs0/Job9.log", "pid": "1051006", "totalPhysicalMemory": "93.835541", "physicalMemoryUsed": "15.696609", "totalVirtualMemory": "189.835537", "virtualMemoryUsed": "15.696609", "cpuCores": "16", "processes": "595", "loadAverage1": "0.200000", "loadAverage5": "0.050000", "loadAverage15": "0.020000", "loadAverage1Percent": "0.012500"}
[2026-01-17 11:50:25.562 +0530] [EVENT] [cadence.virtuoso.ade.simulationMonitor] - NewPoint {"history": "ExplorerRun.0", "point": 1, "testname": "mem_lib_m_array_v1_1", "cornername": "Nominal", "event": "NewPoint", "EventSource": "Simulation Monitor", "HistoryName": "ExplorerRun.0", "logFile": "/home/rohit/project/logs_rohit/logs0/Job9.log", "logFileSize": "2144"}
[2026-01-17 11:50:25.663 +0530] [EVENT] [cadence.virtuoso.ade.simulationMonitor] - NewPoint {"history": "ExplorerRun.0", "point": 1, "testname": "mem_lib_m_array_v1_1", "cornername": "Nominal", "event": "NewPoint", "EventSource": "spectre", "HistoryName": "ExplorerRun.0", "logFile": "/home/rohit/simulation/mem_lib/m_array_v1_maestro/maestro/results/maestro/ExplorerRun.0/1/mem_lib_m_array_v1_1/psf/spectre.out", "logFileSize": "-1"}
[2026-01-17 11:50:25.667 +0530] [PROCESS] [cadence.virtuoso.ade.simulationMonitor] - Simulator launched {"hostname": "ece.nitk.edu.in", "processid": 1051006, "history": "ExplorerRun.0", "testname": "mem_lib_m_array_v1_1", "cornername": "Nominal", "point": 1, "logfile": "/home/rohit/project/logs_rohit/logs0/Job9.log", "simid": "1"}
[2026-01-17 11:50:25.668 +0530] [PROCESS] [cadence.virtuoso.ade.simulationMonitor] - Expression evaluator launched {"hostname": "ece.nitk.edu.in", "processid": 1051006, "history": "ExplorerRun.0", "testname": "mem_lib_m_array_v1_1", "cornername": "Nominal", "point": 1, "logfile": "/home/rohit/project/logs_rohit/logs0/Job9.log"}
[2026-01-17 11:50:25.673 +0530] [PROCESS] [cadence.virtuoso.ade.simulationMonitor] - Started Simulation {"hostname": "ece.nitk.edu.in", "processid": 1051006, "history": "ExplorerRun.0", "testname": "mem_lib_m_array_v1_1", "cornername": "Nominal", "point": 1, "logfile": "/home/rohit/project/logs_rohit/logs0/Job9.log", "event": "started", "task": "simulation"}
[2026-01-17 11:50:49.300 +0530] [INFO] [cadence.virtuoso.ade.simulationMonitor] - Peak resident memory used = 156 Mbytes. {"history": "ExplorerRun.0", "point": 1, "testname": "mem_lib_m_array_v1_1", "cornername": "Nominal"}
[2026-01-17 11:50:49.300 +0530] [INFO] [cadence.virtuoso.ade.simulationMonitor] - Peak resident memory used = 167 Mbytes. {"history": "ExplorerRun.0", "point": 1, "testname": "mem_lib_m_array_v1_1", "cornername": "Nominal"}
[2026-01-17 11:50:49.301 +0530] [INFO] [cadence.virtuoso.ade.simulationMonitor] - Notice from spectre during hierarchy flattening.
    The value 'psf' specified for the 'checklimitdest' option will no longer be supported in future releases. Use 'spectre -h' to see other recommended values for the 'checklimitdest' option. {"history": "ExplorerRun.0", "point": 1, "testname": "mem_lib_m_array_v1_1", "cornername": "Nominal"}
[2026-01-17 11:50:49.301 +0530] [INFO] [cadence.virtuoso.ade.simulationMonitor] - Peak resident memory used = 168 Mbytes. {"history": "ExplorerRun.0", "point": 1, "testname": "mem_lib_m_array_v1_1", "cornername": "Nominal"}
[2026-01-17 11:50:49.301 +0530] [INFO] [cadence.virtuoso.ade.simulationMonitor] - Notice from spectre during initial setup.
    Multithreading is disabled due to the size of the design being too small. {"history": "ExplorerRun.0", "point": 1, "testname": "mem_lib_m_array_v1_1", "cornername": "Nominal"}
[2026-01-17 11:50:49.301 +0530] [INFO] [cadence.virtuoso.ade.simulationMonitor] -               nodes 41 {"history": "ExplorerRun.0", "point": 1, "testname": "mem_lib_m_array_v1_1", "cornername": "Nominal"}
[2026-01-17 11:50:49.301 +0530] [INFO] [cadence.virtuoso.ade.simulationMonitor] - Notice from spectre during initial setup.
    APS enabled. {"history": "ExplorerRun.0", "point": 1, "testname": "mem_lib_m_array_v1_1", "cornername": "Nominal"}
[2026-01-17 11:50:49.301 +0530] [INFO] [cadence.virtuoso.ade.simulationMonitor] - Peak resident memory used = 168 Mbytes. {"history": "ExplorerRun.0", "point": 1, "testname": "mem_lib_m_array_v1_1", "cornername": "Nominal"}
[2026-01-17 11:50:49.301 +0530] [INFO] [cadence.virtuoso.ade.simulationMonitor] -    -   (APS) Multi-threading. The recommended number of threads is 1, consider adding +mt=1 on command line. {"history": "ExplorerRun.0", "point": 1, "testname": "mem_lib_m_array_v1_1", "cornername": "Nominal"}
[2026-01-17 11:50:49.301 +0530] [INFO] [cadence.virtuoso.ade.simulationMonitor] - Notice from spectre during IC analysis, during transient analysis `tran'.
    GminDC = 1 pS is large enough to noticeably affect the DC solution.
        dV(net6) = 160.968 mV
        Use the `gmin_check' option to eliminate or expand this report.
    Bad pivoting is found during DC analysis. Option dc_pivot_check=yes is recommended for possible improvement of convergence. {"history": "ExplorerRun.0", "point": 1, "testname": "mem_lib_m_array_v1_1", "cornername": "Nominal"}
[2026-01-17 11:50:49.301 +0530] [INFO] [cadence.virtuoso.ade.simulationMonitor] - Notice from spectre during transient analysis `tran'.
    Multithreading is disabled due to the size of the design being too small. {"history": "ExplorerRun.0", "point": 1, "testname": "mem_lib_m_array_v1_1", "cornername": "Nominal"}
[2026-01-17 11:50:49.301 +0530] [INFO] [cadence.virtuoso.ade.simulationMonitor] - Notice from spectre at time = 5.01927 ns during transient analysis `tran'.
    Found trapezoidal ringing on node M1.n1. {"history": "ExplorerRun.0", "point": 1, "testname": "mem_lib_m_array_v1_1", "cornername": "Nominal"}
[2026-01-17 11:50:49.301 +0530] [INFO] [cadence.virtuoso.ade.simulationMonitor] - Notice from spectre at time = 5.01974 ns during transient analysis `tran'.
    Found trapezoidal ringing on node M1.n1. {"history": "ExplorerRun.0", "point": 1, "testname": "mem_lib_m_array_v1_1", "cornername": "Nominal"}
[2026-01-17 11:50:49.301 +0530] [INFO] [cadence.virtuoso.ade.simulationMonitor] - Notice from spectre at time = 5.02 ns during transient analysis `tran'.
    Found trapezoidal ringing on node M1.n1. {"history": "ExplorerRun.0", "point": 1, "testname": "mem_lib_m_array_v1_1", "cornername": "Nominal"}
[2026-01-17 11:50:49.301 +0530] [INFO] [cadence.virtuoso.ade.simulationMonitor] - Notice from spectre at time = 18.009 ns during transient analysis `tran'.
    Found trapezoidal ringing on node M1.n1. {"history": "ExplorerRun.0", "point": 1, "testname": "mem_lib_m_array_v1_1", "cornername": "Nominal"}
[2026-01-17 11:50:49.302 +0530] [INFO] [cadence.virtuoso.ade.simulationMonitor] - Notice from spectre at time = 18.009 ns during transient analysis `tran'.
    Found trapezoidal ringing on node M1.n1.
        Further occurrences of this notice will be suppressed. {"history": "ExplorerRun.0", "point": 1, "testname": "mem_lib_m_array_v1_1", "cornername": "Nominal"}
[2026-01-17 11:50:49.302 +0530] [INFO] [cadence.virtuoso.ade.simulationMonitor] - Notice from spectre during transient analysis `tran'.
    Trapezoidal ringing is detected during tran analysis.
        Please use method=trap for better results and performance. {"history": "ExplorerRun.0", "point": 1, "testname": "mem_lib_m_array_v1_1", "cornername": "Nominal"}
[2026-01-17 11:50:49.302 +0530] [INFO] [cadence.virtuoso.ade.simulationMonitor] - Total time required for tran analysis `tran': CPU = 179.622 ms, elapsed = 179.769 ms, util. = 99.9%. {"history": "ExplorerRun.0", "point": 1, "testname": "mem_lib_m_array_v1_1", "cornername": "Nominal"}
[2026-01-17 11:50:49.302 +0530] [INFO] [cadence.virtuoso.ade.simulationMonitor] - Peak resident memory used = 180 Mbytes. {"history": "ExplorerRun.0", "point": 1, "testname": "mem_lib_m_array_v1_1", "cornername": "Nominal"}
[2026-01-17 11:50:49.302 +0530] [INFO] [cadence.virtuoso.ade.simulationMonitor] - Notice from spectre.
    17 notices suppressed. {"history": "ExplorerRun.0", "point": 1, "testname": "mem_lib_m_array_v1_1", "cornername": "Nominal"}
[2026-01-17 11:50:49.302 +0530] [INFO] [cadence.virtuoso.ade.simulationMonitor] - Time used: CPU = 565 ms, elapsed = 23.1 s, util. = 2.44%. {"history": "ExplorerRun.0", "point": 1, "testname": "mem_lib_m_array_v1_1", "cornername": "Nominal"}
[2026-01-17 11:50:49.302 +0530] [INFO] [cadence.virtuoso.ade.simulationMonitor] - Time spent in licensing: elapsed = 22.6 s, percentage of total = 97.6%. {"history": "ExplorerRun.0", "point": 1, "testname": "mem_lib_m_array_v1_1", "cornername": "Nominal"}
[2026-01-17 11:50:49.302 +0530] [INFO] [cadence.virtuoso.ade.simulationMonitor] - Peak memory used = 182 Mbytes. {"history": "ExplorerRun.0", "point": 1, "testname": "mem_lib_m_array_v1_1", "cornername": "Nominal"}
[2026-01-17 11:50:49.302 +0530] [PROCESS] [cadence.virtuoso.ade.simulationMonitor] - Simulation started at: 11:50:25 AM, Sat Jan 17, 2026, ended at: 11:50:48 AM, Sat Jan 17, 2026, with elapsed time (wall clock): 23.1 s. {"history": "ExplorerRun.0", "point": 1, "testname": "mem_lib_m_array_v1_1", "cornername": "Nominal"}
[2026-01-17 11:50:49.302 +0530] [PROCESS] [cadence.virtuoso.ade.simulationMonitor] - spectre completes with 0 errors, 0 warnings, and 14 notices. {"history": "ExplorerRun.0", "point": 1, "testname": "mem_lib_m_array_v1_1", "cornername": "Nominal"}
[2026-01-17 11:50:59.362 +0530] [PROCESS] [cadence.virtuoso.ade.simulationMonitor] - Finished simulating for one point {"hostname": "ece.nitk.edu.in", "processid": 1051006, "history": "ExplorerRun.0", "testname": "mem_lib_m_array_v1_1", "cornername": "Nominal", "point": 1, "logfile": "/home/rohit/project/logs_rohit/logs0/Job9.log", "simid": "1"}
[2026-01-17 11:50:59.362 +0530] [PROCESS] [cadence.virtuoso.ade.simulationMonitor] - Simulator exited {"hostname": "ece.nitk.edu.in", "processid": 1051006, "history": "ExplorerRun.0", "testname": "mem_lib_m_array_v1_1", "cornername": "Nominal", "point": 1, "logfile": "/home/rohit/project/logs_rohit/logs0/Job9.log", "exitStatus": "0"}
[2026-01-17 11:50:59.362 +0530] [PROCESS] [cadence.virtuoso.ade.simulationMonitor] - Finished Simulation {"hostname": "ece.nitk.edu.in", "processid": 1051006, "history": "ExplorerRun.0", "testname": "mem_lib_m_array_v1_1", "cornername": "Nominal", "point": 1, "logfile": "/home/rohit/project/logs_rohit/logs0/Job9.log", "simid": "1"}
[2026-01-17 11:51:00.368 +0530] [PROCESS] [cadence.virtuoso.ade.simulationMonitor] - Point Finished {"hostname": "ece.nitk.edu.in", "processid": 1051006, "history": "ExplorerRun.0", "testname": "mem_lib_m_array_v1_1", "cornername": "Nominal", "point": 1, "logfile": "/home/rohit/project/logs_rohit/logs0/Job9.log"}
[2026-01-17 11:51:00.416 +0530] [PROCESS] [cadence.virtuoso.ade.simulationMonitor] - Padding test token found for runId '11', Linger time '300', currentRunSyn '21', currentTestSyn '21' {"hostname": "ece.nitk.edu.in", "processid": 1051006, "history": "ExplorerRun.0", "testname": "mem_lib_m_array_v1_1", "cornername": "Nominal", "point": 1, "logfile": "/home/rohit/project/logs_rohit/logs0/Job9.log"}
[2026-01-17 11:51:01.418 +0530] [PROCESS] [cadence.virtuoso.ade.simulationMonitor] - Padding test token found for runId '11', Linger time '300', currentRunSyn '21', currentTestSyn '21' {"hostname": "ece.nitk.edu.in", "processid": 1051006, "history": "ExplorerRun.0", "testname": "mem_lib_m_array_v1_1", "cornername": "Nominal", "point": 1, "logfile": "/home/rohit/project/logs_rohit/logs0/Job9.log"}
[2026-01-17 11:51:01.418 +0530] [PROCESS] [cadence.virtuoso.ade.simulationMonitor] - Stay with the runId '11', Linger time '300', currentRunSyn '21', currentTestSyn '21' {"hostname": "ece.nitk.edu.in", "processid": 1051006, "history": "ExplorerRun.0", "testname": "mem_lib_m_array_v1_1", "cornername": "Nominal", "point": 1, "logfile": "/home/rohit/project/logs_rohit/logs0/Job9.log"}
[2026-01-17 11:51:02.420 +0530] [PROCESS] [cadence.virtuoso.ade.simulationMonitor] - Padding test token found for runId '11', Linger time '300', currentRunSyn '21', currentTestSyn '21' {"hostname": "ece.nitk.edu.in", "processid": 1051006, "history": "ExplorerRun.0", "testname": "mem_lib_m_array_v1_1", "cornername": "Nominal", "point": 1, "logfile": "/home/rohit/project/logs_rohit/logs0/Job9.log"}
[2026-01-17 11:51:02.421 +0530] [PROCESS] [cadence.virtuoso.ade.simulationMonitor] - Stay with the runId '11', Linger time '300', currentRunSyn '21', currentTestSyn '21' {"hostname": "ece.nitk.edu.in", "processid": 1051006, "history": "ExplorerRun.0", "testname": "mem_lib_m_array_v1_1", "cornername": "Nominal", "point": 1, "logfile": "/home/rohit/project/logs_rohit/logs0/Job9.log"}
[2026-01-17 11:51:03.423 +0530] [PROCESS] [cadence.virtuoso.ade.simulationMonitor] - Padding test token found for runId '11', Linger time '300', currentRunSyn '21', currentTestSyn '21' {"hostname": "ece.nitk.edu.in", "processid": 1051006, "history": "ExplorerRun.0", "testname": "mem_lib_m_array_v1_1", "cornername": "Nominal", "point": 1, "logfile": "/home/rohit/project/logs_rohit/logs0/Job9.log"}
[2026-01-17 11:51:03.424 +0530] [PROCESS] [cadence.virtuoso.ade.simulationMonitor] - Stay with the runId '11', Linger time '300', currentRunSyn '21', currentTestSyn '21' {"hostname": "ece.nitk.edu.in", "processid": 1051006, "history": "ExplorerRun.0", "testname": "mem_lib_m_array_v1_1", "cornername": "Nominal", "point": 1, "logfile": "/home/rohit/project/logs_rohit/logs0/Job9.log"}
[2026-01-17 11:51:34.251 +0530] [INFO] [cadence.virtuoso.ade.simulationMonitor] - SimulationMonitor has terminated the vds process '1051093', reason: 'Force to stop the expression evalutor process because of new run' {"history": "ExplorerRun.0", "point": 1, "testname": "mem_lib_m_array_v1_1", "cornername": "Nominal"}
[2026-01-17 11:51:34.251 +0530] [PROCESS] [cadence.virtuoso.ade.simulationMonitor] - HostInfo:
Host name (type):	ece.nitk.edu.in (x86_64)
Operating system:	Linux 4.18.0-425.3.1.el8.x86_64 #1 SMP Fri Sep 30 11:45:06 EDT 2022 {"hostname": "ece.nitk.edu.in", "processid": 1051006, "history": "ExplorerRun.0", "testname": "mem_lib_m_array_v1_1", "cornername": "Nominal", "point": 1, "logfile": "/home/rohit/project/logs_rohit/logs0/Job9.log", "nodename": "ece.nitk.edu.in", "domainname": "(none)", "machine": "x86_64", "sysname": "Linux", "release": "4.18.0-425.3.1.el8.x86_64", "version": "#1 SMP Fri Sep 30 11:45:06 EDT 2022"}
[2026-01-17 11:51:34.252 +0530] [PROCESS] [cadence.virtuoso.ade.simulationMonitor] - UsageInfo:
pid=1051006
totalPhysicalMemory=93.835541GB,Used=15.704288GB,totalVirtualMemory=189.835537GB,Used=15.704288GB
Cpu: Cores=16, Load average:0.100000,0.050000,0.010000 {"hostname": "ece.nitk.edu.in", "processid": 1051006, "history": "ExplorerRun.0", "testname": "mem_lib_m_array_v1_1", "cornername": "Nominal", "point": 1, "logfile": "/home/rohit/project/logs_rohit/logs0/Job9.log", "pid": "1051006", "totalPhysicalMemory": "93.835541", "physicalMemoryUsed": "15.704288", "totalVirtualMemory": "189.835537", "virtualMemoryUsed": "15.704288", "cpuCores": "16", "processes": "612", "loadAverage1": "0.100000", "loadAverage5": "0.050000", "loadAverage15": "0.010000", "loadAverage1Percent": "0.006250"}
[2026-01-17 11:51:34.252 +0530] [EVENT] [cadence.virtuoso.ade.simulationMonitor] - NewPoint {"history": "ExplorerRun.0", "point": 1, "testname": "mem_lib_m_array_v1_1", "cornername": "Nominal", "event": "NewPoint", "EventSource": "Simulation Monitor", "HistoryName": "ExplorerRun.0", "logFile": "/home/rohit/project/logs_rohit/logs0/Job9.log", "logFileSize": "17004"}
[2026-01-17 11:51:34.352 +0530] [EVENT] [cadence.virtuoso.ade.simulationMonitor] - NewPoint {"history": "ExplorerRun.0", "point": 1, "testname": "mem_lib_m_array_v1_1", "cornername": "Nominal", "event": "NewPoint", "EventSource": "spectre", "HistoryName": "ExplorerRun.0", "logFile": "/home/rohit/simulation/mem_lib/m_array_v1_maestro/maestro/results/maestro/ExplorerRun.0/1/mem_lib_m_array_v1_1/psf/spectre.out", "logFileSize": "-1"}
[2026-01-17 11:51:34.356 +0530] [PROCESS] [cadence.virtuoso.ade.simulationMonitor] - Simulator launched {"hostname": "ece.nitk.edu.in", "processid": 1051006, "history": "ExplorerRun.0", "testname": "mem_lib_m_array_v1_1", "cornername": "Nominal", "point": 1, "logfile": "/home/rohit/project/logs_rohit/logs0/Job9.log", "simid": "2"}
[2026-01-17 11:51:34.357 +0530] [PROCESS] [cadence.virtuoso.ade.simulationMonitor] - Expression evaluator launched {"hostname": "ece.nitk.edu.in", "processid": 1051006, "history": "ExplorerRun.0", "testname": "mem_lib_m_array_v1_1", "cornername": "Nominal", "point": 1, "logfile": "/home/rohit/project/logs_rohit/logs0/Job9.log"}
[2026-01-17 11:51:34.362 +0530] [PROCESS] [cadence.virtuoso.ade.simulationMonitor] - Started Simulation {"hostname": "ece.nitk.edu.in", "processid": 1051006, "history": "ExplorerRun.0", "testname": "mem_lib_m_array_v1_1", "cornername": "Nominal", "point": 1, "logfile": "/home/rohit/project/logs_rohit/logs0/Job9.log", "event": "started", "task": "simulation"}
[2026-01-17 11:51:40.399 +0530] [INFO] [cadence.virtuoso.ade.simulationMonitor] - Peak resident memory used = 159 Mbytes. {"history": "ExplorerRun.0", "point": 1, "testname": "mem_lib_m_array_v1_1", "cornername": "Nominal"}
[2026-01-17 11:51:40.400 +0530] [INFO] [cadence.virtuoso.ade.simulationMonitor] - Peak resident memory used = 169 Mbytes. {"history": "ExplorerRun.0", "point": 1, "testname": "mem_lib_m_array_v1_1", "cornername": "Nominal"}
[2026-01-17 11:51:40.400 +0530] [INFO] [cadence.virtuoso.ade.simulationMonitor] - Notice from spectre during hierarchy flattening.
    The value 'psf' specified for the 'checklimitdest' option will no longer be supported in future releases. Use 'spectre -h' to see other recommended values for the 'checklimitdest' option. {"history": "ExplorerRun.0", "point": 1, "testname": "mem_lib_m_array_v1_1", "cornername": "Nominal"}
[2026-01-17 11:51:40.400 +0530] [INFO] [cadence.virtuoso.ade.simulationMonitor] - Peak resident memory used = 171 Mbytes. {"history": "ExplorerRun.0", "point": 1, "testname": "mem_lib_m_array_v1_1", "cornername": "Nominal"}
[2026-01-17 11:51:40.400 +0530] [INFO] [cadence.virtuoso.ade.simulationMonitor] - Notice from spectre during initial setup.
    Multithreading is disabled due to the size of the design being too small. {"history": "ExplorerRun.0", "point": 1, "testname": "mem_lib_m_array_v1_1", "cornername": "Nominal"}
[2026-01-17 11:51:40.400 +0530] [INFO] [cadence.virtuoso.ade.simulationMonitor] -               nodes 41 {"history": "ExplorerRun.0", "point": 1, "testname": "mem_lib_m_array_v1_1", "cornername": "Nominal"}
[2026-01-17 11:51:40.400 +0530] [INFO] [cadence.virtuoso.ade.simulationMonitor] - Notice from spectre during initial setup.
    APS enabled. {"history": "ExplorerRun.0", "point": 1, "testname": "mem_lib_m_array_v1_1", "cornername": "Nominal"}
[2026-01-17 11:51:40.400 +0530] [INFO] [cadence.virtuoso.ade.simulationMonitor] - Peak resident memory used = 171 Mbytes. {"history": "ExplorerRun.0", "point": 1, "testname": "mem_lib_m_array_v1_1", "cornername": "Nominal"}
[2026-01-17 11:51:40.400 +0530] [INFO] [cadence.virtuoso.ade.simulationMonitor] -    -   (APS) Multi-threading. The recommended number of threads is 1, consider adding +mt=1 on command line. {"history": "ExplorerRun.0", "point": 1, "testname": "mem_lib_m_array_v1_1", "cornername": "Nominal"}
[2026-01-17 11:51:40.400 +0530] [INFO] [cadence.virtuoso.ade.simulationMonitor] - Notice from spectre during IC analysis, during transient analysis `tran'.
    GminDC = 1 pS is large enough to noticeably affect the DC solution.
        dV(net6) = 160.968 mV
        Use the `gmin_check' option to eliminate or expand this report.
    Bad pivoting is found during DC analysis. Option dc_pivot_check=yes is recommended for possible improvement of convergence. {"history": "ExplorerRun.0", "point": 1, "testname": "mem_lib_m_array_v1_1", "cornername": "Nominal"}
[2026-01-17 11:51:40.400 +0530] [INFO] [cadence.virtuoso.ade.simulationMonitor] - Notice from spectre during transient analysis `tran'.
    Multithreading is disabled due to the size of the design being too small. {"history": "ExplorerRun.0", "point": 1, "testname": "mem_lib_m_array_v1_1", "cornername": "Nominal"}
[2026-01-17 11:51:40.400 +0530] [INFO] [cadence.virtuoso.ade.simulationMonitor] - Notice from spectre at time = 5.01927 ns during transient analysis `tran'.
    Found trapezoidal ringing on node M1.n1. {"history": "ExplorerRun.0", "point": 1, "testname": "mem_lib_m_array_v1_1", "cornername": "Nominal"}
[2026-01-17 11:51:40.400 +0530] [INFO] [cadence.virtuoso.ade.simulationMonitor] - Notice from spectre at time = 5.01974 ns during transient analysis `tran'.
    Found trapezoidal ringing on node M1.n1. {"history": "ExplorerRun.0", "point": 1, "testname": "mem_lib_m_array_v1_1", "cornername": "Nominal"}
[2026-01-17 11:51:40.400 +0530] [INFO] [cadence.virtuoso.ade.simulationMonitor] - Notice from spectre at time = 5.02 ns during transient analysis `tran'.
    Found trapezoidal ringing on node M1.n1. {"history": "ExplorerRun.0", "point": 1, "testname": "mem_lib_m_array_v1_1", "cornername": "Nominal"}
[2026-01-17 11:51:40.400 +0530] [INFO] [cadence.virtuoso.ade.simulationMonitor] - Notice from spectre at time = 18.009 ns during transient analysis `tran'.
    Found trapezoidal ringing on node M1.n1. {"history": "ExplorerRun.0", "point": 1, "testname": "mem_lib_m_array_v1_1", "cornername": "Nominal"}
[2026-01-17 11:51:40.400 +0530] [INFO] [cadence.virtuoso.ade.simulationMonitor] - Notice from spectre at time = 18.009 ns during transient analysis `tran'.
    Found trapezoidal ringing on node M1.n1.
        Further occurrences of this notice will be suppressed. {"history": "ExplorerRun.0", "point": 1, "testname": "mem_lib_m_array_v1_1", "cornername": "Nominal"}
[2026-01-17 11:51:40.901 +0530] [INFO] [cadence.virtuoso.ade.simulationMonitor] - Notice from spectre during transient analysis `tran'.
    Trapezoidal ringing is detected during tran analysis.
        Please use method=trap for better results and performance. {"history": "ExplorerRun.0", "point": 1, "testname": "mem_lib_m_array_v1_1", "cornername": "Nominal"}
[2026-01-17 11:51:40.901 +0530] [INFO] [cadence.virtuoso.ade.simulationMonitor] - Total time required for tran analysis `tran': CPU = 180.923 ms, elapsed = 181.202 ms, util. = 99.8%. {"history": "ExplorerRun.0", "point": 1, "testname": "mem_lib_m_array_v1_1", "cornername": "Nominal"}
[2026-01-17 11:51:40.901 +0530] [INFO] [cadence.virtuoso.ade.simulationMonitor] - Peak resident memory used = 182 Mbytes. {"history": "ExplorerRun.0", "point": 1, "testname": "mem_lib_m_array_v1_1", "cornername": "Nominal"}
[2026-01-17 11:51:40.901 +0530] [INFO] [cadence.virtuoso.ade.simulationMonitor] - Notice from spectre.
    17 notices suppressed. {"history": "ExplorerRun.0", "point": 1, "testname": "mem_lib_m_array_v1_1", "cornername": "Nominal"}
[2026-01-17 11:51:40.901 +0530] [INFO] [cadence.virtuoso.ade.simulationMonitor] - Time used: CPU = 570 ms, elapsed = 5.93 s, util. = 9.62%. {"history": "ExplorerRun.0", "point": 1, "testname": "mem_lib_m_array_v1_1", "cornername": "Nominal"}
[2026-01-17 11:51:40.901 +0530] [INFO] [cadence.virtuoso.ade.simulationMonitor] - Time spent in licensing: elapsed = 5.3 s, percentage of total = 89.4%. {"history": "ExplorerRun.0", "point": 1, "testname": "mem_lib_m_array_v1_1", "cornername": "Nominal"}
[2026-01-17 11:51:40.901 +0530] [INFO] [cadence.virtuoso.ade.simulationMonitor] - Peak memory used = 184 Mbytes. {"history": "ExplorerRun.0", "point": 1, "testname": "mem_lib_m_array_v1_1", "cornername": "Nominal"}
[2026-01-17 11:51:40.901 +0530] [PROCESS] [cadence.virtuoso.ade.simulationMonitor] - Simulation started at: 11:51:34 AM, Sat Jan 17, 2026, ended at: 11:51:40 AM, Sat Jan 17, 2026, with elapsed time (wall clock): 5.93 s. {"history": "ExplorerRun.0", "point": 1, "testname": "mem_lib_m_array_v1_1", "cornername": "Nominal"}
[2026-01-17 11:51:40.901 +0530] [PROCESS] [cadence.virtuoso.ade.simulationMonitor] - spectre completes with 0 errors, 0 warnings, and 14 notices. {"history": "ExplorerRun.0", "point": 1, "testname": "mem_lib_m_array_v1_1", "cornername": "Nominal"}
[2026-01-17 11:51:40.902 +0530] [PROCESS] [cadence.virtuoso.ade.simulationMonitor] - Finished simulating for one point {"hostname": "ece.nitk.edu.in", "processid": 1051006, "history": "ExplorerRun.0", "testname": "mem_lib_m_array_v1_1", "cornername": "Nominal", "point": 1, "logfile": "/home/rohit/project/logs_rohit/logs0/Job9.log", "simid": "2"}
[2026-01-17 11:51:40.902 +0530] [PROCESS] [cadence.virtuoso.ade.simulationMonitor] - Simulator exited {"hostname": "ece.nitk.edu.in", "processid": 1051006, "history": "ExplorerRun.0", "testname": "mem_lib_m_array_v1_1", "cornername": "Nominal", "point": 1, "logfile": "/home/rohit/project/logs_rohit/logs0/Job9.log", "exitStatus": "0"}
[2026-01-17 11:51:40.902 +0530] [PROCESS] [cadence.virtuoso.ade.simulationMonitor] - Finished Simulation {"hostname": "ece.nitk.edu.in", "processid": 1051006, "history": "ExplorerRun.0", "testname": "mem_lib_m_array_v1_1", "cornername": "Nominal", "point": 1, "logfile": "/home/rohit/project/logs_rohit/logs0/Job9.log", "simid": "2"}
[2026-01-17 11:51:41.407 +0530] [PROCESS] [cadence.virtuoso.ade.simulationMonitor] - Point Finished {"hostname": "ece.nitk.edu.in", "processid": 1051006, "history": "ExplorerRun.0", "testname": "mem_lib_m_array_v1_1", "cornername": "Nominal", "point": 1, "logfile": "/home/rohit/project/logs_rohit/logs0/Job9.log"}
[2026-01-17 11:51:41.456 +0530] [PROCESS] [cadence.virtuoso.ade.simulationMonitor] - Padding test token found for runId '12', Linger time '300', currentRunSyn '23', currentTestSyn '23' {"hostname": "ece.nitk.edu.in", "processid": 1051006, "history": "ExplorerRun.0", "testname": "mem_lib_m_array_v1_1", "cornername": "Nominal", "point": 1, "logfile": "/home/rohit/project/logs_rohit/logs0/Job9.log"}
[2026-01-17 11:51:42.459 +0530] [PROCESS] [cadence.virtuoso.ade.simulationMonitor] - Padding test token found for runId '12', Linger time '300', currentRunSyn '23', currentTestSyn '23' {"hostname": "ece.nitk.edu.in", "processid": 1051006, "history": "ExplorerRun.0", "testname": "mem_lib_m_array_v1_1", "cornername": "Nominal", "point": 1, "logfile": "/home/rohit/project/logs_rohit/logs0/Job9.log"}
[2026-01-17 11:51:42.460 +0530] [PROCESS] [cadence.virtuoso.ade.simulationMonitor] - Stay with the runId '12', Linger time '300', currentRunSyn '23', currentTestSyn '23' {"hostname": "ece.nitk.edu.in", "processid": 1051006, "history": "ExplorerRun.0", "testname": "mem_lib_m_array_v1_1", "cornername": "Nominal", "point": 1, "logfile": "/home/rohit/project/logs_rohit/logs0/Job9.log"}
[2026-01-17 11:51:43.462 +0530] [PROCESS] [cadence.virtuoso.ade.simulationMonitor] - Padding test token found for runId '12', Linger time '300', currentRunSyn '23', currentTestSyn '23' {"hostname": "ece.nitk.edu.in", "processid": 1051006, "history": "ExplorerRun.0", "testname": "mem_lib_m_array_v1_1", "cornername": "Nominal", "point": 1, "logfile": "/home/rohit/project/logs_rohit/logs0/Job9.log"}
[2026-01-17 11:51:43.462 +0530] [PROCESS] [cadence.virtuoso.ade.simulationMonitor] - Stay with the runId '12', Linger time '300', currentRunSyn '23', currentTestSyn '23' {"hostname": "ece.nitk.edu.in", "processid": 1051006, "history": "ExplorerRun.0", "testname": "mem_lib_m_array_v1_1", "cornername": "Nominal", "point": 1, "logfile": "/home/rohit/project/logs_rohit/logs0/Job9.log"}
[2026-01-17 11:51:44.464 +0530] [PROCESS] [cadence.virtuoso.ade.simulationMonitor] - Padding test token found for runId '12', Linger time '300', currentRunSyn '23', currentTestSyn '23' {"hostname": "ece.nitk.edu.in", "processid": 1051006, "history": "ExplorerRun.0", "testname": "mem_lib_m_array_v1_1", "cornername": "Nominal", "point": 1, "logfile": "/home/rohit/project/logs_rohit/logs0/Job9.log"}
[2026-01-17 11:51:44.465 +0530] [PROCESS] [cadence.virtuoso.ade.simulationMonitor] - Stay with the runId '12', Linger time '300', currentRunSyn '23', currentTestSyn '23' {"hostname": "ece.nitk.edu.in", "processid": 1051006, "history": "ExplorerRun.0", "testname": "mem_lib_m_array_v1_1", "cornername": "Nominal", "point": 1, "logfile": "/home/rohit/project/logs_rohit/logs0/Job9.log"}
[2026-01-17 11:51:45.467 +0530] [PROCESS] [cadence.virtuoso.ade.simulationMonitor] - Padding test token found for runId '12', Linger time '300', currentRunSyn '23', currentTestSyn '23' {"hostname": "ece.nitk.edu.in", "processid": 1051006, "history": "ExplorerRun.0", "testname": "mem_lib_m_array_v1_1", "cornername": "Nominal", "point": 1, "logfile": "/home/rohit/project/logs_rohit/logs0/Job9.log"}
[2026-01-17 11:51:45.467 +0530] [PROCESS] [cadence.virtuoso.ade.simulationMonitor] - Stay with the runId '12', Linger time '300', currentRunSyn '23', currentTestSyn '23' {"hostname": "ece.nitk.edu.in", "processid": 1051006, "history": "ExplorerRun.0", "testname": "mem_lib_m_array_v1_1", "cornername": "Nominal", "point": 1, "logfile": "/home/rohit/project/logs_rohit/logs0/Job9.log"}
[2026-01-17 11:53:43.071 +0530] [INFO] [cadence.virtuoso.ade.simulationMonitor] - SimulationMonitor has terminated the vds process '1051752', reason: 'Force to stop the expression evalutor process because of new run' {"history": "ExplorerRun.0", "point": 1, "testname": "mem_lib_m_array_v1_1", "cornername": "Nominal"}
[2026-01-17 11:53:43.072 +0530] [PROCESS] [cadence.virtuoso.ade.simulationMonitor] - HostInfo:
Host name (type):	ece.nitk.edu.in (x86_64)
Operating system:	Linux 4.18.0-425.3.1.el8.x86_64 #1 SMP Fri Sep 30 11:45:06 EDT 2022 {"hostname": "ece.nitk.edu.in", "processid": 1051006, "history": "ExplorerRun.0", "testname": "mem_lib_m_array_v1_1", "cornername": "Nominal", "point": 1, "logfile": "/home/rohit/project/logs_rohit/logs0/Job9.log", "nodename": "ece.nitk.edu.in", "domainname": "(none)", "machine": "x86_64", "sysname": "Linux", "release": "4.18.0-425.3.1.el8.x86_64", "version": "#1 SMP Fri Sep 30 11:45:06 EDT 2022"}
[2026-01-17 11:53:43.072 +0530] [PROCESS] [cadence.virtuoso.ade.simulationMonitor] - UsageInfo:
pid=1051006
totalPhysicalMemory=93.835541GB,Used=15.705193GB,totalVirtualMemory=189.835537GB,Used=15.705193GB
Cpu: Cores=16, Load average:0.030000,0.050000,0.010000 {"hostname": "ece.nitk.edu.in", "processid": 1051006, "history": "ExplorerRun.0", "testname": "mem_lib_m_array_v1_1", "cornername": "Nominal", "point": 1, "logfile": "/home/rohit/project/logs_rohit/logs0/Job9.log", "pid": "1051006", "totalPhysicalMemory": "93.835541", "physicalMemoryUsed": "15.705193", "totalVirtualMemory": "189.835537", "virtualMemoryUsed": "15.705193", "cpuCores": "16", "processes": "599", "loadAverage1": "0.030000", "loadAverage5": "0.050000", "loadAverage15": "0.010000", "loadAverage1Percent": "0.001875"}
[2026-01-17 11:53:43.072 +0530] [EVENT] [cadence.virtuoso.ade.simulationMonitor] - NewPoint {"history": "ExplorerRun.0", "point": 1, "testname": "mem_lib_m_array_v1_1", "cornername": "Nominal", "event": "NewPoint", "EventSource": "Simulation Monitor", "HistoryName": "ExplorerRun.0", "logFile": "/home/rohit/project/logs_rohit/logs0/Job9.log", "logFileSize": "32649"}
[2026-01-17 11:53:43.173 +0530] [EVENT] [cadence.virtuoso.ade.simulationMonitor] - NewPoint {"history": "ExplorerRun.0", "point": 1, "testname": "mem_lib_m_array_v1_1", "cornername": "Nominal", "event": "NewPoint", "EventSource": "spectre", "HistoryName": "ExplorerRun.0", "logFile": "/home/rohit/simulation/mem_lib/m_array_v1_maestro/maestro/results/maestro/ExplorerRun.0/1/mem_lib_m_array_v1_1/psf/spectre.out", "logFileSize": "-1"}
[2026-01-17 11:53:43.176 +0530] [PROCESS] [cadence.virtuoso.ade.simulationMonitor] - Simulator launched {"hostname": "ece.nitk.edu.in", "processid": 1051006, "history": "ExplorerRun.0", "testname": "mem_lib_m_array_v1_1", "cornername": "Nominal", "point": 1, "logfile": "/home/rohit/project/logs_rohit/logs0/Job9.log", "simid": "3"}
[2026-01-17 11:53:43.177 +0530] [PROCESS] [cadence.virtuoso.ade.simulationMonitor] - Expression evaluator launched {"hostname": "ece.nitk.edu.in", "processid": 1051006, "history": "ExplorerRun.0", "testname": "mem_lib_m_array_v1_1", "cornername": "Nominal", "point": 1, "logfile": "/home/rohit/project/logs_rohit/logs0/Job9.log"}
[2026-01-17 11:53:43.182 +0530] [PROCESS] [cadence.virtuoso.ade.simulationMonitor] - Started Simulation {"hostname": "ece.nitk.edu.in", "processid": 1051006, "history": "ExplorerRun.0", "testname": "mem_lib_m_array_v1_1", "cornername": "Nominal", "point": 1, "logfile": "/home/rohit/project/logs_rohit/logs0/Job9.log", "event": "started", "task": "simulation"}
[2026-01-17 11:53:55.252 +0530] [INFO] [cadence.virtuoso.ade.simulationMonitor] - Peak resident memory used = 158 Mbytes. {"history": "ExplorerRun.0", "point": 1, "testname": "mem_lib_m_array_v1_1", "cornername": "Nominal"}
[2026-01-17 11:53:55.252 +0530] [INFO] [cadence.virtuoso.ade.simulationMonitor] - Peak resident memory used = 169 Mbytes. {"history": "ExplorerRun.0", "point": 1, "testname": "mem_lib_m_array_v1_1", "cornername": "Nominal"}
[2026-01-17 11:53:55.253 +0530] [INFO] [cadence.virtuoso.ade.simulationMonitor] - Notice from spectre during hierarchy flattening.
    The value 'psf' specified for the 'checklimitdest' option will no longer be supported in future releases. Use 'spectre -h' to see other recommended values for the 'checklimitdest' option. {"history": "ExplorerRun.0", "point": 1, "testname": "mem_lib_m_array_v1_1", "cornername": "Nominal"}
[2026-01-17 11:53:55.253 +0530] [INFO] [cadence.virtuoso.ade.simulationMonitor] - Peak resident memory used = 170 Mbytes. {"history": "ExplorerRun.0", "point": 1, "testname": "mem_lib_m_array_v1_1", "cornername": "Nominal"}
[2026-01-17 11:53:55.253 +0530] [INFO] [cadence.virtuoso.ade.simulationMonitor] - Notice from spectre during initial setup.
    Multithreading is disabled due to the size of the design being too small. {"history": "ExplorerRun.0", "point": 1, "testname": "mem_lib_m_array_v1_1", "cornername": "Nominal"}
[2026-01-17 11:53:55.253 +0530] [INFO] [cadence.virtuoso.ade.simulationMonitor] -               nodes 41 {"history": "ExplorerRun.0", "point": 1, "testname": "mem_lib_m_array_v1_1", "cornername": "Nominal"}
[2026-01-17 11:53:55.253 +0530] [INFO] [cadence.virtuoso.ade.simulationMonitor] - Notice from spectre during initial setup.
    APS enabled. {"history": "ExplorerRun.0", "point": 1, "testname": "mem_lib_m_array_v1_1", "cornername": "Nominal"}
[2026-01-17 11:53:55.253 +0530] [INFO] [cadence.virtuoso.ade.simulationMonitor] - Peak resident memory used = 170 Mbytes. {"history": "ExplorerRun.0", "point": 1, "testname": "mem_lib_m_array_v1_1", "cornername": "Nominal"}
[2026-01-17 11:53:55.253 +0530] [INFO] [cadence.virtuoso.ade.simulationMonitor] -    -   (APS) Multi-threading. The recommended number of threads is 1, consider adding +mt=1 on command line. {"history": "ExplorerRun.0", "point": 1, "testname": "mem_lib_m_array_v1_1", "cornername": "Nominal"}
[2026-01-17 11:53:55.253 +0530] [INFO] [cadence.virtuoso.ade.simulationMonitor] - Notice from spectre during IC analysis, during transient analysis `tran'.
    GminDC = 1 pS is large enough to noticeably affect the DC solution.
        dV(net10) = -98.0711 mV
        Use the `gmin_check' option to eliminate or expand this report.
    Bad pivoting is found during DC analysis. Option dc_pivot_check=yes is recommended for possible improvement of convergence. {"history": "ExplorerRun.0", "point": 1, "testname": "mem_lib_m_array_v1_1", "cornername": "Nominal"}
[2026-01-17 11:53:55.253 +0530] [INFO] [cadence.virtuoso.ade.simulationMonitor] - Notice from spectre during transient analysis `tran'.
    Multithreading is disabled due to the size of the design being too small. {"history": "ExplorerRun.0", "point": 1, "testname": "mem_lib_m_array_v1_1", "cornername": "Nominal"}
[2026-01-17 11:53:55.253 +0530] [INFO] [cadence.virtuoso.ade.simulationMonitor] - Notice from spectre at time = 5.01536 ns during transient analysis `tran'.
    Found trapezoidal ringing on node M1.n1. {"history": "ExplorerRun.0", "point": 1, "testname": "mem_lib_m_array_v1_1", "cornername": "Nominal"}
[2026-01-17 11:53:55.253 +0530] [INFO] [cadence.virtuoso.ade.simulationMonitor] - Notice from spectre at time = 5.01557 ns during transient analysis `tran'.
    Found trapezoidal ringing on node M1.n1. {"history": "ExplorerRun.0", "point": 1, "testname": "mem_lib_m_array_v1_1", "cornername": "Nominal"}
[2026-01-17 11:53:55.253 +0530] [INFO] [cadence.virtuoso.ade.simulationMonitor] - Notice from spectre at time = 6.02072 ns during transient analysis `tran'.
    Found trapezoidal ringing on node M1.n1. {"history": "ExplorerRun.0", "point": 1, "testname": "mem_lib_m_array_v1_1", "cornername": "Nominal"}
[2026-01-17 11:53:55.253 +0530] [INFO] [cadence.virtuoso.ade.simulationMonitor] - Notice from spectre at time = 6.02112 ns during transient analysis `tran'.
    Found trapezoidal ringing on node M1.n1. {"history": "ExplorerRun.0", "point": 1, "testname": "mem_lib_m_array_v1_1", "cornername": "Nominal"}
[2026-01-17 11:53:55.253 +0530] [INFO] [cadence.virtuoso.ade.simulationMonitor] - Notice from spectre at time = 6.02139 ns during transient analysis `tran'.
    Found trapezoidal ringing on node M1.n1.
        Further occurrences of this notice will be suppressed. {"history": "ExplorerRun.0", "point": 1, "testname": "mem_lib_m_array_v1_1", "cornername": "Nominal"}
[2026-01-17 11:53:55.754 +0530] [INFO] [cadence.virtuoso.ade.simulationMonitor] - Notice from spectre during transient analysis `tran'.
    Trapezoidal ringing is detected during tran analysis.
        Please use method=trap for better results and performance. {"history": "ExplorerRun.0", "point": 1, "testname": "mem_lib_m_array_v1_1", "cornername": "Nominal"}
[2026-01-17 11:53:55.755 +0530] [INFO] [cadence.virtuoso.ade.simulationMonitor] - Total time required for tran analysis `tran': CPU = 194.131 ms, elapsed = 194.532 ms, util. = 99.8%. {"history": "ExplorerRun.0", "point": 1, "testname": "mem_lib_m_array_v1_1", "cornername": "Nominal"}
[2026-01-17 11:53:55.755 +0530] [INFO] [cadence.virtuoso.ade.simulationMonitor] - Peak resident memory used = 181 Mbytes. {"history": "ExplorerRun.0", "point": 1, "testname": "mem_lib_m_array_v1_1", "cornername": "Nominal"}
[2026-01-17 11:53:55.755 +0530] [INFO] [cadence.virtuoso.ade.simulationMonitor] - Notice from spectre.
    20 notices suppressed. {"history": "ExplorerRun.0", "point": 1, "testname": "mem_lib_m_array_v1_1", "cornername": "Nominal"}
[2026-01-17 11:53:55.755 +0530] [INFO] [cadence.virtuoso.ade.simulationMonitor] - Time used: CPU = 581 ms, elapsed = 11.9 s, util. = 4.86%. {"history": "ExplorerRun.0", "point": 1, "testname": "mem_lib_m_array_v1_1", "cornername": "Nominal"}
[2026-01-17 11:53:55.755 +0530] [INFO] [cadence.virtuoso.ade.simulationMonitor] - Time spent in licensing: elapsed = 11.3 s, percentage of total = 94.6%. {"history": "ExplorerRun.0", "point": 1, "testname": "mem_lib_m_array_v1_1", "cornername": "Nominal"}
[2026-01-17 11:53:55.755 +0530] [INFO] [cadence.virtuoso.ade.simulationMonitor] - Peak memory used = 184 Mbytes. {"history": "ExplorerRun.0", "point": 1, "testname": "mem_lib_m_array_v1_1", "cornername": "Nominal"}
[2026-01-17 11:53:55.755 +0530] [PROCESS] [cadence.virtuoso.ade.simulationMonitor] - Simulation started at: 11:53:43 AM, Sat Jan 17, 2026, ended at: 11:53:55 AM, Sat Jan 17, 2026, with elapsed time (wall clock): 11.9 s. {"history": "ExplorerRun.0", "point": 1, "testname": "mem_lib_m_array_v1_1", "cornername": "Nominal"}
[2026-01-17 11:53:55.755 +0530] [PROCESS] [cadence.virtuoso.ade.simulationMonitor] - spectre completes with 0 errors, 0 warnings, and 14 notices. {"history": "ExplorerRun.0", "point": 1, "testname": "mem_lib_m_array_v1_1", "cornername": "Nominal"}
[2026-01-17 11:53:55.755 +0530] [PROCESS] [cadence.virtuoso.ade.simulationMonitor] - Finished simulating for one point {"hostname": "ece.nitk.edu.in", "processid": 1051006, "history": "ExplorerRun.0", "testname": "mem_lib_m_array_v1_1", "cornername": "Nominal", "point": 1, "logfile": "/home/rohit/project/logs_rohit/logs0/Job9.log", "simid": "3"}
[2026-01-17 11:53:55.755 +0530] [PROCESS] [cadence.virtuoso.ade.simulationMonitor] - Simulator exited {"hostname": "ece.nitk.edu.in", "processid": 1051006, "history": "ExplorerRun.0", "testname": "mem_lib_m_array_v1_1", "cornername": "Nominal", "point": 1, "logfile": "/home/rohit/project/logs_rohit/logs0/Job9.log", "exitStatus": "0"}
[2026-01-17 11:53:55.755 +0530] [PROCESS] [cadence.virtuoso.ade.simulationMonitor] - Finished Simulation {"hostname": "ece.nitk.edu.in", "processid": 1051006, "history": "ExplorerRun.0", "testname": "mem_lib_m_array_v1_1", "cornername": "Nominal", "point": 1, "logfile": "/home/rohit/project/logs_rohit/logs0/Job9.log", "simid": "3"}
[2026-01-17 11:53:56.261 +0530] [PROCESS] [cadence.virtuoso.ade.simulationMonitor] - Point Finished {"hostname": "ece.nitk.edu.in", "processid": 1051006, "history": "ExplorerRun.0", "testname": "mem_lib_m_array_v1_1", "cornername": "Nominal", "point": 1, "logfile": "/home/rohit/project/logs_rohit/logs0/Job9.log"}
[2026-01-17 11:53:56.309 +0530] [PROCESS] [cadence.virtuoso.ade.simulationMonitor] - Padding test token found for runId '13', Linger time '300', currentRunSyn '25', currentTestSyn '25' {"hostname": "ece.nitk.edu.in", "processid": 1051006, "history": "ExplorerRun.0", "testname": "mem_lib_m_array_v1_1", "cornername": "Nominal", "point": 1, "logfile": "/home/rohit/project/logs_rohit/logs0/Job9.log"}
[2026-01-17 11:53:57.312 +0530] [PROCESS] [cadence.virtuoso.ade.simulationMonitor] - Padding test token found for runId '13', Linger time '300', currentRunSyn '25', currentTestSyn '25' {"hostname": "ece.nitk.edu.in", "processid": 1051006, "history": "ExplorerRun.0", "testname": "mem_lib_m_array_v1_1", "cornername": "Nominal", "point": 1, "logfile": "/home/rohit/project/logs_rohit/logs0/Job9.log"}
[2026-01-17 11:53:57.313 +0530] [PROCESS] [cadence.virtuoso.ade.simulationMonitor] - Stay with the runId '13', Linger time '300', currentRunSyn '25', currentTestSyn '25' {"hostname": "ece.nitk.edu.in", "processid": 1051006, "history": "ExplorerRun.0", "testname": "mem_lib_m_array_v1_1", "cornername": "Nominal", "point": 1, "logfile": "/home/rohit/project/logs_rohit/logs0/Job9.log"}
[2026-01-17 11:53:58.315 +0530] [PROCESS] [cadence.virtuoso.ade.simulationMonitor] - Padding test token found for runId '13', Linger time '300', currentRunSyn '25', currentTestSyn '25' {"hostname": "ece.nitk.edu.in", "processid": 1051006, "history": "ExplorerRun.0", "testname": "mem_lib_m_array_v1_1", "cornername": "Nominal", "point": 1, "logfile": "/home/rohit/project/logs_rohit/logs0/Job9.log"}
[2026-01-17 11:53:58.315 +0530] [PROCESS] [cadence.virtuoso.ade.simulationMonitor] - Stay with the runId '13', Linger time '300', currentRunSyn '25', currentTestSyn '25' {"hostname": "ece.nitk.edu.in", "processid": 1051006, "history": "ExplorerRun.0", "testname": "mem_lib_m_array_v1_1", "cornername": "Nominal", "point": 1, "logfile": "/home/rohit/project/logs_rohit/logs0/Job9.log"}
[2026-01-17 11:53:59.317 +0530] [PROCESS] [cadence.virtuoso.ade.simulationMonitor] - Padding test token found for runId '13', Linger time '300', currentRunSyn '25', currentTestSyn '25' {"hostname": "ece.nitk.edu.in", "processid": 1051006, "history": "ExplorerRun.0", "testname": "mem_lib_m_array_v1_1", "cornername": "Nominal", "point": 1, "logfile": "/home/rohit/project/logs_rohit/logs0/Job9.log"}
[2026-01-17 11:53:59.318 +0530] [PROCESS] [cadence.virtuoso.ade.simulationMonitor] - Stay with the runId '13', Linger time '300', currentRunSyn '25', currentTestSyn '25' {"hostname": "ece.nitk.edu.in", "processid": 1051006, "history": "ExplorerRun.0", "testname": "mem_lib_m_array_v1_1", "cornername": "Nominal", "point": 1, "logfile": "/home/rohit/project/logs_rohit/logs0/Job9.log"}
[2026-01-17 11:54:00.320 +0530] [PROCESS] [cadence.virtuoso.ade.simulationMonitor] - Padding test token found for runId '13', Linger time '300', currentRunSyn '25', currentTestSyn '25' {"hostname": "ece.nitk.edu.in", "processid": 1051006, "history": "ExplorerRun.0", "testname": "mem_lib_m_array_v1_1", "cornername": "Nominal", "point": 1, "logfile": "/home/rohit/project/logs_rohit/logs0/Job9.log"}
[2026-01-17 11:54:00.321 +0530] [PROCESS] [cadence.virtuoso.ade.simulationMonitor] - Stay with the runId '13', Linger time '300', currentRunSyn '25', currentTestSyn '25' {"hostname": "ece.nitk.edu.in", "processid": 1051006, "history": "ExplorerRun.0", "testname": "mem_lib_m_array_v1_1", "cornername": "Nominal", "point": 1, "logfile": "/home/rohit/project/logs_rohit/logs0/Job9.log"}
[2026-01-17 11:55:48.335 +0530] [INFO] [cadence.virtuoso.ade.simulationMonitor] - SimulationMonitor has terminated the vds process '1052497', reason: 'Force to stop the expression evalutor process because of new run' {"history": "ExplorerRun.0", "point": 1, "testname": "mem_lib_m_array_v1_1", "cornername": "Nominal"}
[2026-01-17 11:55:48.335 +0530] [PROCESS] [cadence.virtuoso.ade.simulationMonitor] - HostInfo:
Host name (type):	ece.nitk.edu.in (x86_64)
Operating system:	Linux 4.18.0-425.3.1.el8.x86_64 #1 SMP Fri Sep 30 11:45:06 EDT 2022 {"hostname": "ece.nitk.edu.in", "processid": 1051006, "history": "ExplorerRun.0", "testname": "mem_lib_m_array_v1_1", "cornername": "Nominal", "point": 1, "logfile": "/home/rohit/project/logs_rohit/logs0/Job9.log", "nodename": "ece.nitk.edu.in", "domainname": "(none)", "machine": "x86_64", "sysname": "Linux", "release": "4.18.0-425.3.1.el8.x86_64", "version": "#1 SMP Fri Sep 30 11:45:06 EDT 2022"}
[2026-01-17 11:55:48.335 +0530] [PROCESS] [cadence.virtuoso.ade.simulationMonitor] - UsageInfo:
pid=1051006
totalPhysicalMemory=93.835541GB,Used=15.713165GB,totalVirtualMemory=189.835537GB,Used=15.713165GB
Cpu: Cores=16, Load average:0.020000,0.040000,0.010000 {"hostname": "ece.nitk.edu.in", "processid": 1051006, "history": "ExplorerRun.0", "testname": "mem_lib_m_array_v1_1", "cornername": "Nominal", "point": 1, "logfile": "/home/rohit/project/logs_rohit/logs0/Job9.log", "pid": "1051006", "totalPhysicalMemory": "93.835541", "physicalMemoryUsed": "15.713165", "totalVirtualMemory": "189.835537", "virtualMemoryUsed": "15.713165", "cpuCores": "16", "processes": "600", "loadAverage1": "0.020000", "loadAverage5": "0.040000", "loadAverage15": "0.010000", "loadAverage1Percent": "0.001250"}
[2026-01-17 11:55:48.335 +0530] [EVENT] [cadence.virtuoso.ade.simulationMonitor] - NewPoint {"history": "ExplorerRun.0", "point": 1, "testname": "mem_lib_m_array_v1_1", "cornername": "Nominal", "event": "NewPoint", "EventSource": "Simulation Monitor", "HistoryName": "ExplorerRun.0", "logFile": "/home/rohit/project/logs_rohit/logs0/Job9.log", "logFileSize": "48302"}
[2026-01-17 11:55:48.436 +0530] [EVENT] [cadence.virtuoso.ade.simulationMonitor] - NewPoint {"history": "ExplorerRun.0", "point": 1, "testname": "mem_lib_m_array_v1_1", "cornername": "Nominal", "event": "NewPoint", "EventSource": "spectre", "HistoryName": "ExplorerRun.0", "logFile": "/home/rohit/simulation/mem_lib/m_array_v1_maestro/maestro/results/maestro/ExplorerRun.0/1/mem_lib_m_array_v1_1/psf/spectre.out", "logFileSize": "-1"}
[2026-01-17 11:55:48.440 +0530] [PROCESS] [cadence.virtuoso.ade.simulationMonitor] - Simulator launched {"hostname": "ece.nitk.edu.in", "processid": 1051006, "history": "ExplorerRun.0", "testname": "mem_lib_m_array_v1_1", "cornername": "Nominal", "point": 1, "logfile": "/home/rohit/project/logs_rohit/logs0/Job9.log", "simid": "4"}
[2026-01-17 11:55:48.441 +0530] [PROCESS] [cadence.virtuoso.ade.simulationMonitor] - Expression evaluator launched {"hostname": "ece.nitk.edu.in", "processid": 1051006, "history": "ExplorerRun.0", "testname": "mem_lib_m_array_v1_1", "cornername": "Nominal", "point": 1, "logfile": "/home/rohit/project/logs_rohit/logs0/Job9.log"}
[2026-01-17 11:55:48.446 +0530] [PROCESS] [cadence.virtuoso.ade.simulationMonitor] - Started Simulation {"hostname": "ece.nitk.edu.in", "processid": 1051006, "history": "ExplorerRun.0", "testname": "mem_lib_m_array_v1_1", "cornername": "Nominal", "point": 1, "logfile": "/home/rohit/project/logs_rohit/logs0/Job9.log", "event": "started", "task": "simulation"}
[2026-01-17 11:55:49.946 +0530] [INFO] [cadence.virtuoso.ade.simulationMonitor] - Peak resident memory used = 158 Mbytes. {"history": "ExplorerRun.0", "point": 1, "testname": "mem_lib_m_array_v1_1", "cornername": "Nominal"}
[2026-01-17 11:55:49.946 +0530] [INFO] [cadence.virtuoso.ade.simulationMonitor] - Peak resident memory used = 169 Mbytes. {"history": "ExplorerRun.0", "point": 1, "testname": "mem_lib_m_array_v1_1", "cornername": "Nominal"}
[2026-01-17 11:55:49.946 +0530] [INFO] [cadence.virtuoso.ade.simulationMonitor] - Notice from spectre during hierarchy flattening.
    The value 'psf' specified for the 'checklimitdest' option will no longer be supported in future releases. Use 'spectre -h' to see other recommended values for the 'checklimitdest' option. {"history": "ExplorerRun.0", "point": 1, "testname": "mem_lib_m_array_v1_1", "cornername": "Nominal"}
[2026-01-17 11:55:49.946 +0530] [INFO] [cadence.virtuoso.ade.simulationMonitor] - Peak resident memory used = 171 Mbytes. {"history": "ExplorerRun.0", "point": 1, "testname": "mem_lib_m_array_v1_1", "cornername": "Nominal"}
[2026-01-17 11:55:49.946 +0530] [INFO] [cadence.virtuoso.ade.simulationMonitor] - Notice from spectre during initial setup.
    Multithreading is disabled due to the size of the design being too small. {"history": "ExplorerRun.0", "point": 1, "testname": "mem_lib_m_array_v1_1", "cornername": "Nominal"}
[2026-01-17 11:55:49.947 +0530] [INFO] [cadence.virtuoso.ade.simulationMonitor] -               nodes 41 {"history": "ExplorerRun.0", "point": 1, "testname": "mem_lib_m_array_v1_1", "cornername": "Nominal"}
[2026-01-17 11:55:49.947 +0530] [INFO] [cadence.virtuoso.ade.simulationMonitor] - Notice from spectre during initial setup.
    APS enabled. {"history": "ExplorerRun.0", "point": 1, "testname": "mem_lib_m_array_v1_1", "cornername": "Nominal"}
[2026-01-17 11:55:49.947 +0530] [INFO] [cadence.virtuoso.ade.simulationMonitor] - Peak resident memory used = 171 Mbytes. {"history": "ExplorerRun.0", "point": 1, "testname": "mem_lib_m_array_v1_1", "cornername": "Nominal"}
[2026-01-17 11:55:49.947 +0530] [INFO] [cadence.virtuoso.ade.simulationMonitor] -    -   (APS) Multi-threading. The recommended number of threads is 1, consider adding +mt=1 on command line. {"history": "ExplorerRun.0", "point": 1, "testname": "mem_lib_m_array_v1_1", "cornername": "Nominal"}
[2026-01-17 11:55:49.947 +0530] [INFO] [cadence.virtuoso.ade.simulationMonitor] - Notice from spectre during IC analysis, during transient analysis `tran'.
    GminDC = 1 pS is large enough to noticeably affect the DC solution.
        dV(net10) = -98.0711 mV
        Use the `gmin_check' option to eliminate or expand this report.
    Bad pivoting is found during DC analysis. Option dc_pivot_check=yes is recommended for possible improvement of convergence. {"history": "ExplorerRun.0", "point": 1, "testname": "mem_lib_m_array_v1_1", "cornername": "Nominal"}
[2026-01-17 11:55:49.947 +0530] [INFO] [cadence.virtuoso.ade.simulationMonitor] - Notice from spectre during transient analysis `tran'.
    Multithreading is disabled due to the size of the design being too small. {"history": "ExplorerRun.0", "point": 1, "testname": "mem_lib_m_array_v1_1", "cornername": "Nominal"}
[2026-01-17 11:55:49.947 +0530] [INFO] [cadence.virtuoso.ade.simulationMonitor] - Notice from spectre at time = 6.01113 ns during transient analysis `tran'.
    Found trapezoidal ringing on node M3.n1. {"history": "ExplorerRun.0", "point": 1, "testname": "mem_lib_m_array_v1_1", "cornername": "Nominal"}
[2026-01-17 11:55:49.947 +0530] [INFO] [cadence.virtuoso.ade.simulationMonitor] - Notice from spectre at time = 6.02108 ns during transient analysis `tran'.
    Found trapezoidal ringing on node M1.n1. {"history": "ExplorerRun.0", "point": 1, "testname": "mem_lib_m_array_v1_1", "cornername": "Nominal"}
[2026-01-17 11:55:49.947 +0530] [INFO] [cadence.virtuoso.ade.simulationMonitor] - Notice from spectre at time = 6.0213 ns during transient analysis `tran'.
    Found trapezoidal ringing on node M1.n1. {"history": "ExplorerRun.0", "point": 1, "testname": "mem_lib_m_array_v1_1", "cornername": "Nominal"}
[2026-01-17 11:55:49.947 +0530] [INFO] [cadence.virtuoso.ade.simulationMonitor] - Notice from spectre at time = 6.02174 ns during transient analysis `tran'.
    Found trapezoidal ringing on node M1.n1. {"history": "ExplorerRun.0", "point": 1, "testname": "mem_lib_m_array_v1_1", "cornername": "Nominal"}
[2026-01-17 11:55:49.947 +0530] [INFO] [cadence.virtuoso.ade.simulationMonitor] - Notice from spectre at time = 6.02262 ns during transient analysis `tran'.
    Found trapezoidal ringing on node M1.n1.
        Further occurrences of this notice will be suppressed. {"history": "ExplorerRun.0", "point": 1, "testname": "mem_lib_m_array_v1_1", "cornername": "Nominal"}
[2026-01-17 11:55:50.448 +0530] [INFO] [cadence.virtuoso.ade.simulationMonitor] - Notice from spectre during transient analysis `tran'.
    Trapezoidal ringing is detected during tran analysis.
        Please use method=trap for better results and performance. {"history": "ExplorerRun.0", "point": 1, "testname": "mem_lib_m_array_v1_1", "cornername": "Nominal"}
[2026-01-17 11:55:50.448 +0530] [INFO] [cadence.virtuoso.ade.simulationMonitor] - Total time required for tran analysis `tran': CPU = 245.259 ms, elapsed = 246.017 ms, util. = 99.7%. {"history": "ExplorerRun.0", "point": 1, "testname": "mem_lib_m_array_v1_1", "cornername": "Nominal"}
[2026-01-17 11:55:50.448 +0530] [INFO] [cadence.virtuoso.ade.simulationMonitor] - Peak resident memory used = 184 Mbytes. {"history": "ExplorerRun.0", "point": 1, "testname": "mem_lib_m_array_v1_1", "cornername": "Nominal"}
[2026-01-17 11:55:50.448 +0530] [INFO] [cadence.virtuoso.ade.simulationMonitor] - Notice from spectre.
    54 notices suppressed. {"history": "ExplorerRun.0", "point": 1, "testname": "mem_lib_m_array_v1_1", "cornername": "Nominal"}
[2026-01-17 11:55:50.448 +0530] [INFO] [cadence.virtuoso.ade.simulationMonitor] - Time used: CPU = 641 ms, elapsed = 1.31 s, util. = 48.9%. {"history": "ExplorerRun.0", "point": 1, "testname": "mem_lib_m_array_v1_1", "cornername": "Nominal"}
[2026-01-17 11:55:50.448 +0530] [INFO] [cadence.virtuoso.ade.simulationMonitor] - Time spent in licensing: elapsed = 660 ms, percentage of total = 50.4%. {"history": "ExplorerRun.0", "point": 1, "testname": "mem_lib_m_array_v1_1", "cornername": "Nominal"}
[2026-01-17 11:55:50.448 +0530] [INFO] [cadence.virtuoso.ade.simulationMonitor] - Peak memory used = 186 Mbytes. {"history": "ExplorerRun.0", "point": 1, "testname": "mem_lib_m_array_v1_1", "cornername": "Nominal"}
[2026-01-17 11:55:50.448 +0530] [PROCESS] [cadence.virtuoso.ade.simulationMonitor] - Simulation started at: 11:55:48 AM, Sat Jan 17, 2026, ended at: 11:55:49 AM, Sat Jan 17, 2026, with elapsed time (wall clock): 1.31 s. {"history": "ExplorerRun.0", "point": 1, "testname": "mem_lib_m_array_v1_1", "cornername": "Nominal"}
[2026-01-17 11:55:50.448 +0530] [PROCESS] [cadence.virtuoso.ade.simulationMonitor] - spectre completes with 0 errors, 0 warnings, and 14 notices. {"history": "ExplorerRun.0", "point": 1, "testname": "mem_lib_m_array_v1_1", "cornername": "Nominal"}
[2026-01-17 11:55:50.448 +0530] [PROCESS] [cadence.virtuoso.ade.simulationMonitor] - Finished simulating for one point {"hostname": "ece.nitk.edu.in", "processid": 1051006, "history": "ExplorerRun.0", "testname": "mem_lib_m_array_v1_1", "cornername": "Nominal", "point": 1, "logfile": "/home/rohit/project/logs_rohit/logs0/Job9.log", "simid": "4"}
[2026-01-17 11:55:50.448 +0530] [PROCESS] [cadence.virtuoso.ade.simulationMonitor] - Simulator exited {"hostname": "ece.nitk.edu.in", "processid": 1051006, "history": "ExplorerRun.0", "testname": "mem_lib_m_array_v1_1", "cornername": "Nominal", "point": 1, "logfile": "/home/rohit/project/logs_rohit/logs0/Job9.log", "exitStatus": "0"}
[2026-01-17 11:55:50.448 +0530] [PROCESS] [cadence.virtuoso.ade.simulationMonitor] - Finished Simulation {"hostname": "ece.nitk.edu.in", "processid": 1051006, "history": "ExplorerRun.0", "testname": "mem_lib_m_array_v1_1", "cornername": "Nominal", "point": 1, "logfile": "/home/rohit/project/logs_rohit/logs0/Job9.log", "simid": "4"}
[2026-01-17 11:55:51.954 +0530] [PROCESS] [cadence.virtuoso.ade.simulationMonitor] - Point Finished {"hostname": "ece.nitk.edu.in", "processid": 1051006, "history": "ExplorerRun.0", "testname": "mem_lib_m_array_v1_1", "cornername": "Nominal", "point": 1, "logfile": "/home/rohit/project/logs_rohit/logs0/Job9.log"}
[2026-01-17 11:55:52.010 +0530] [PROCESS] [cadence.virtuoso.ade.simulationMonitor] - Padding test token found for runId '14', Linger time '300', currentRunSyn '27', currentTestSyn '27' {"hostname": "ece.nitk.edu.in", "processid": 1051006, "history": "ExplorerRun.0", "testname": "mem_lib_m_array_v1_1", "cornername": "Nominal", "point": 1, "logfile": "/home/rohit/project/logs_rohit/logs0/Job9.log"}
[2026-01-17 11:55:53.012 +0530] [PROCESS] [cadence.virtuoso.ade.simulationMonitor] - Padding test token found for runId '14', Linger time '300', currentRunSyn '27', currentTestSyn '27' {"hostname": "ece.nitk.edu.in", "processid": 1051006, "history": "ExplorerRun.0", "testname": "mem_lib_m_array_v1_1", "cornername": "Nominal", "point": 1, "logfile": "/home/rohit/project/logs_rohit/logs0/Job9.log"}
[2026-01-17 11:55:53.013 +0530] [PROCESS] [cadence.virtuoso.ade.simulationMonitor] - Stay with the runId '14', Linger time '300', currentRunSyn '27', currentTestSyn '27' {"hostname": "ece.nitk.edu.in", "processid": 1051006, "history": "ExplorerRun.0", "testname": "mem_lib_m_array_v1_1", "cornername": "Nominal", "point": 1, "logfile": "/home/rohit/project/logs_rohit/logs0/Job9.log"}
[2026-01-17 11:55:54.015 +0530] [PROCESS] [cadence.virtuoso.ade.simulationMonitor] - Padding test token found for runId '14', Linger time '300', currentRunSyn '27', currentTestSyn '27' {"hostname": "ece.nitk.edu.in", "processid": 1051006, "history": "ExplorerRun.0", "testname": "mem_lib_m_array_v1_1", "cornername": "Nominal", "point": 1, "logfile": "/home/rohit/project/logs_rohit/logs0/Job9.log"}
[2026-01-17 11:55:54.016 +0530] [PROCESS] [cadence.virtuoso.ade.simulationMonitor] - Stay with the runId '14', Linger time '300', currentRunSyn '27', currentTestSyn '27' {"hostname": "ece.nitk.edu.in", "processid": 1051006, "history": "ExplorerRun.0", "testname": "mem_lib_m_array_v1_1", "cornername": "Nominal", "point": 1, "logfile": "/home/rohit/project/logs_rohit/logs0/Job9.log"}
[2026-01-17 11:55:55.017 +0530] [PROCESS] [cadence.virtuoso.ade.simulationMonitor] - Padding test token found for runId '14', Linger time '300', currentRunSyn '27', currentTestSyn '27' {"hostname": "ece.nitk.edu.in", "processid": 1051006, "history": "ExplorerRun.0", "testname": "mem_lib_m_array_v1_1", "cornername": "Nominal", "point": 1, "logfile": "/home/rohit/project/logs_rohit/logs0/Job9.log"}
[2026-01-17 11:55:55.018 +0530] [PROCESS] [cadence.virtuoso.ade.simulationMonitor] - Stay with the runId '14', Linger time '300', currentRunSyn '27', currentTestSyn '27' {"hostname": "ece.nitk.edu.in", "processid": 1051006, "history": "ExplorerRun.0", "testname": "mem_lib_m_array_v1_1", "cornername": "Nominal", "point": 1, "logfile": "/home/rohit/project/logs_rohit/logs0/Job9.log"}
[2026-01-17 11:56:30.068 +0530] [INFO] [cadence.virtuoso.ade.simulationMonitor] - SimulationMonitor has terminated the vds process '1053699', reason: 'Force to stop the expression evalutor process because of new run' {"history": "ExplorerRun.0", "point": 1, "testname": "mem_lib_m_array_v1_1", "cornername": "Nominal"}
[2026-01-17 11:56:30.068 +0530] [PROCESS] [cadence.virtuoso.ade.simulationMonitor] - HostInfo:
Host name (type):	ece.nitk.edu.in (x86_64)
Operating system:	Linux 4.18.0-425.3.1.el8.x86_64 #1 SMP Fri Sep 30 11:45:06 EDT 2022 {"hostname": "ece.nitk.edu.in", "processid": 1051006, "history": "ExplorerRun.0", "testname": "mem_lib_m_array_v1_1", "cornername": "Nominal", "point": 1, "logfile": "/home/rohit/project/logs_rohit/logs0/Job9.log", "nodename": "ece.nitk.edu.in", "domainname": "(none)", "machine": "x86_64", "sysname": "Linux", "release": "4.18.0-425.3.1.el8.x86_64", "version": "#1 SMP Fri Sep 30 11:45:06 EDT 2022"}
[2026-01-17 11:56:30.068 +0530] [PROCESS] [cadence.virtuoso.ade.simulationMonitor] - UsageInfo:
pid=1051006
totalPhysicalMemory=93.835541GB,Used=15.717514GB,totalVirtualMemory=189.835537GB,Used=15.717514GB
Cpu: Cores=16, Load average:0.100000,0.070000,0.020000 {"hostname": "ece.nitk.edu.in", "processid": 1051006, "history": "ExplorerRun.0", "testname": "mem_lib_m_array_v1_1", "cornername": "Nominal", "point": 1, "logfile": "/home/rohit/project/logs_rohit/logs0/Job9.log", "pid": "1051006", "totalPhysicalMemory": "93.835541", "physicalMemoryUsed": "15.717514", "totalVirtualMemory": "189.835537", "virtualMemoryUsed": "15.717514", "cpuCores": "16", "processes": "613", "loadAverage1": "0.100000", "loadAverage5": "0.070000", "loadAverage15": "0.020000", "loadAverage1Percent": "0.006250"}
[2026-01-17 11:56:30.068 +0530] [EVENT] [cadence.virtuoso.ade.simulationMonitor] - NewPoint {"history": "ExplorerRun.0", "point": 1, "testname": "mem_lib_m_array_v1_1", "cornername": "Nominal", "event": "NewPoint", "EventSource": "Simulation Monitor", "HistoryName": "ExplorerRun.0", "logFile": "/home/rohit/project/logs_rohit/logs0/Job9.log", "logFileSize": "63169"}
[2026-01-17 11:56:30.169 +0530] [EVENT] [cadence.virtuoso.ade.simulationMonitor] - NewPoint {"history": "ExplorerRun.0", "point": 1, "testname": "mem_lib_m_array_v1_1", "cornername": "Nominal", "event": "NewPoint", "EventSource": "spectre", "HistoryName": "ExplorerRun.0", "logFile": "/home/rohit/simulation/mem_lib/m_array_v1_maestro/maestro/results/maestro/ExplorerRun.0/1/mem_lib_m_array_v1_1/psf/spectre.out", "logFileSize": "-1"}
[2026-01-17 11:56:30.173 +0530] [PROCESS] [cadence.virtuoso.ade.simulationMonitor] - Simulator launched {"hostname": "ece.nitk.edu.in", "processid": 1051006, "history": "ExplorerRun.0", "testname": "mem_lib_m_array_v1_1", "cornername": "Nominal", "point": 1, "logfile": "/home/rohit/project/logs_rohit/logs0/Job9.log", "simid": "5"}
[2026-01-17 11:56:30.173 +0530] [PROCESS] [cadence.virtuoso.ade.simulationMonitor] - Expression evaluator launched {"hostname": "ece.nitk.edu.in", "processid": 1051006, "history": "ExplorerRun.0", "testname": "mem_lib_m_array_v1_1", "cornername": "Nominal", "point": 1, "logfile": "/home/rohit/project/logs_rohit/logs0/Job9.log"}
[2026-01-17 11:56:30.179 +0530] [PROCESS] [cadence.virtuoso.ade.simulationMonitor] - Started Simulation {"hostname": "ece.nitk.edu.in", "processid": 1051006, "history": "ExplorerRun.0", "testname": "mem_lib_m_array_v1_1", "cornername": "Nominal", "point": 1, "logfile": "/home/rohit/project/logs_rohit/logs0/Job9.log", "event": "started", "task": "simulation"}
[2026-01-17 11:56:53.304 +0530] [INFO] [cadence.virtuoso.ade.simulationMonitor] - Peak resident memory used = 156 Mbytes. {"history": "ExplorerRun.0", "point": 1, "testname": "mem_lib_m_array_v1_1", "cornername": "Nominal"}
[2026-01-17 11:56:53.305 +0530] [INFO] [cadence.virtuoso.ade.simulationMonitor] - Peak resident memory used = 167 Mbytes. {"history": "ExplorerRun.0", "point": 1, "testname": "mem_lib_m_array_v1_1", "cornername": "Nominal"}
[2026-01-17 11:56:53.305 +0530] [INFO] [cadence.virtuoso.ade.simulationMonitor] - Notice from spectre during hierarchy flattening.
    The value 'psf' specified for the 'checklimitdest' option will no longer be supported in future releases. Use 'spectre -h' to see other recommended values for the 'checklimitdest' option. {"history": "ExplorerRun.0", "point": 1, "testname": "mem_lib_m_array_v1_1", "cornername": "Nominal"}
[2026-01-17 11:56:53.305 +0530] [INFO] [cadence.virtuoso.ade.simulationMonitor] - Peak resident memory used = 168 Mbytes. {"history": "ExplorerRun.0", "point": 1, "testname": "mem_lib_m_array_v1_1", "cornername": "Nominal"}
[2026-01-17 11:56:53.305 +0530] [INFO] [cadence.virtuoso.ade.simulationMonitor] - Notice from spectre during initial setup.
    Multithreading is disabled due to the size of the design being too small. {"history": "ExplorerRun.0", "point": 1, "testname": "mem_lib_m_array_v1_1", "cornername": "Nominal"}
[2026-01-17 11:56:53.305 +0530] [INFO] [cadence.virtuoso.ade.simulationMonitor] -               nodes 41 {"history": "ExplorerRun.0", "point": 1, "testname": "mem_lib_m_array_v1_1", "cornername": "Nominal"}
[2026-01-17 11:56:53.305 +0530] [INFO] [cadence.virtuoso.ade.simulationMonitor] - Notice from spectre during initial setup.
    APS enabled. {"history": "ExplorerRun.0", "point": 1, "testname": "mem_lib_m_array_v1_1", "cornername": "Nominal"}
[2026-01-17 11:56:53.305 +0530] [INFO] [cadence.virtuoso.ade.simulationMonitor] - Peak resident memory used = 168 Mbytes. {"history": "ExplorerRun.0", "point": 1, "testname": "mem_lib_m_array_v1_1", "cornername": "Nominal"}
[2026-01-17 11:56:53.305 +0530] [INFO] [cadence.virtuoso.ade.simulationMonitor] -    -   (APS) Multi-threading. The recommended number of threads is 1, consider adding +mt=1 on command line. {"history": "ExplorerRun.0", "point": 1, "testname": "mem_lib_m_array_v1_1", "cornername": "Nominal"}
[2026-01-17 11:56:53.305 +0530] [INFO] [cadence.virtuoso.ade.simulationMonitor] - Notice from spectre during IC analysis, during transient analysis `tran'.
    GminDC = 1 pS is large enough to noticeably affect the DC solution.
        dV(net10) = -98.0711 mV
        Use the `gmin_check' option to eliminate or expand this report.
    Bad pivoting is found during DC analysis. Option dc_pivot_check=yes is recommended for possible improvement of convergence. {"history": "ExplorerRun.0", "point": 1, "testname": "mem_lib_m_array_v1_1", "cornername": "Nominal"}
[2026-01-17 11:56:53.305 +0530] [INFO] [cadence.virtuoso.ade.simulationMonitor] - Notice from spectre during transient analysis `tran'.
    Multithreading is disabled due to the size of the design being too small. {"history": "ExplorerRun.0", "point": 1, "testname": "mem_lib_m_array_v1_1", "cornername": "Nominal"}
[2026-01-17 11:56:53.305 +0530] [INFO] [cadence.virtuoso.ade.simulationMonitor] - Notice from spectre at time = 6.01113 ns during transient analysis `tran'.
    Found trapezoidal ringing on node M3.n1. {"history": "ExplorerRun.0", "point": 1, "testname": "mem_lib_m_array_v1_1", "cornername": "Nominal"}
[2026-01-17 11:56:53.305 +0530] [INFO] [cadence.virtuoso.ade.simulationMonitor] - Notice from spectre at time = 6.02109 ns during transient analysis `tran'.
    Found trapezoidal ringing on node M1.n1. {"history": "ExplorerRun.0", "point": 1, "testname": "mem_lib_m_array_v1_1", "cornername": "Nominal"}
[2026-01-17 11:56:53.305 +0530] [INFO] [cadence.virtuoso.ade.simulationMonitor] - Notice from spectre at time = 6.02131 ns during transient analysis `tran'.
    Found trapezoidal ringing on node M1.n1. {"history": "ExplorerRun.0", "point": 1, "testname": "mem_lib_m_array_v1_1", "cornername": "Nominal"}
[2026-01-17 11:56:53.305 +0530] [INFO] [cadence.virtuoso.ade.simulationMonitor] - Notice from spectre at time = 6.02176 ns during transient analysis `tran'.
    Found trapezoidal ringing on node M1.n1. {"history": "ExplorerRun.0", "point": 1, "testname": "mem_lib_m_array_v1_1", "cornername": "Nominal"}
[2026-01-17 11:56:53.305 +0530] [INFO] [cadence.virtuoso.ade.simulationMonitor] - Notice from spectre at time = 6.02266 ns during transient analysis `tran'.
    Found trapezoidal ringing on node M1.n1.
        Further occurrences of this notice will be suppressed. {"history": "ExplorerRun.0", "point": 1, "testname": "mem_lib_m_array_v1_1", "cornername": "Nominal"}
[2026-01-17 11:56:53.806 +0530] [INFO] [cadence.virtuoso.ade.simulationMonitor] - Notice from spectre during transient analysis `tran'.
    Trapezoidal ringing is detected during tran analysis.
        Please use method=trap for better results and performance. {"history": "ExplorerRun.0", "point": 1, "testname": "mem_lib_m_array_v1_1", "cornername": "Nominal"}
[2026-01-17 11:56:53.806 +0530] [INFO] [cadence.virtuoso.ade.simulationMonitor] - Total time required for tran analysis `tran': CPU = 690.021 ms, elapsed = 691.346 ms, util. = 99.8%. {"history": "ExplorerRun.0", "point": 1, "testname": "mem_lib_m_array_v1_1", "cornername": "Nominal"}
[2026-01-17 11:56:53.806 +0530] [INFO] [cadence.virtuoso.ade.simulationMonitor] - Peak resident memory used = 187 Mbytes. {"history": "ExplorerRun.0", "point": 1, "testname": "mem_lib_m_array_v1_1", "cornername": "Nominal"}
[2026-01-17 11:56:53.807 +0530] [INFO] [cadence.virtuoso.ade.simulationMonitor] - Notice from spectre.
    127 notices suppressed. {"history": "ExplorerRun.0", "point": 1, "testname": "mem_lib_m_array_v1_1", "cornername": "Nominal"}
[2026-01-17 11:56:53.807 +0530] [INFO] [cadence.virtuoso.ade.simulationMonitor] - Time used: CPU = 1.09 s, elapsed = 23.3 s, util. = 4.67%. {"history": "ExplorerRun.0", "point": 1, "testname": "mem_lib_m_array_v1_1", "cornername": "Nominal"}
[2026-01-17 11:56:53.807 +0530] [INFO] [cadence.virtuoso.ade.simulationMonitor] - Time spent in licensing: elapsed = 22.2 s, percentage of total = 95.3%. {"history": "ExplorerRun.0", "point": 1, "testname": "mem_lib_m_array_v1_1", "cornername": "Nominal"}
[2026-01-17 11:56:53.807 +0530] [INFO] [cadence.virtuoso.ade.simulationMonitor] - Peak memory used = 189 Mbytes. {"history": "ExplorerRun.0", "point": 1, "testname": "mem_lib_m_array_v1_1", "cornername": "Nominal"}
[2026-01-17 11:56:53.807 +0530] [PROCESS] [cadence.virtuoso.ade.simulationMonitor] - Simulation started at: 11:56:30 AM, Sat Jan 17, 2026, ended at: 11:56:53 AM, Sat Jan 17, 2026, with elapsed time (wall clock): 23.3 s. {"history": "ExplorerRun.0", "point": 1, "testname": "mem_lib_m_array_v1_1", "cornername": "Nominal"}
[2026-01-17 11:56:53.807 +0530] [PROCESS] [cadence.virtuoso.ade.simulationMonitor] - spectre completes with 0 errors, 0 warnings, and 14 notices. {"history": "ExplorerRun.0", "point": 1, "testname": "mem_lib_m_array_v1_1", "cornername": "Nominal"}
[2026-01-17 11:57:03.867 +0530] [PROCESS] [cadence.virtuoso.ade.simulationMonitor] - Finished simulating for one point {"hostname": "ece.nitk.edu.in", "processid": 1051006, "history": "ExplorerRun.0", "testname": "mem_lib_m_array_v1_1", "cornername": "Nominal", "point": 1, "logfile": "/home/rohit/project/logs_rohit/logs0/Job9.log", "simid": "5"}
[2026-01-17 11:57:03.867 +0530] [PROCESS] [cadence.virtuoso.ade.simulationMonitor] - Simulator exited {"hostname": "ece.nitk.edu.in", "processid": 1051006, "history": "ExplorerRun.0", "testname": "mem_lib_m_array_v1_1", "cornername": "Nominal", "point": 1, "logfile": "/home/rohit/project/logs_rohit/logs0/Job9.log", "exitStatus": "0"}
[2026-01-17 11:57:03.867 +0530] [PROCESS] [cadence.virtuoso.ade.simulationMonitor] - Finished Simulation {"hostname": "ece.nitk.edu.in", "processid": 1051006, "history": "ExplorerRun.0", "testname": "mem_lib_m_array_v1_1", "cornername": "Nominal", "point": 1, "logfile": "/home/rohit/project/logs_rohit/logs0/Job9.log", "simid": "5"}
[2026-01-17 11:57:04.873 +0530] [PROCESS] [cadence.virtuoso.ade.simulationMonitor] - Point Finished {"hostname": "ece.nitk.edu.in", "processid": 1051006, "history": "ExplorerRun.0", "testname": "mem_lib_m_array_v1_1", "cornername": "Nominal", "point": 1, "logfile": "/home/rohit/project/logs_rohit/logs0/Job9.log"}
[2026-01-17 11:57:04.926 +0530] [PROCESS] [cadence.virtuoso.ade.simulationMonitor] - Padding test token found for runId '15', Linger time '300', currentRunSyn '29', currentTestSyn '29' {"hostname": "ece.nitk.edu.in", "processid": 1051006, "history": "ExplorerRun.0", "testname": "mem_lib_m_array_v1_1", "cornername": "Nominal", "point": 1, "logfile": "/home/rohit/project/logs_rohit/logs0/Job9.log"}
[2026-01-17 11:57:05.928 +0530] [PROCESS] [cadence.virtuoso.ade.simulationMonitor] - Padding test token found for runId '15', Linger time '300', currentRunSyn '29', currentTestSyn '29' {"hostname": "ece.nitk.edu.in", "processid": 1051006, "history": "ExplorerRun.0", "testname": "mem_lib_m_array_v1_1", "cornername": "Nominal", "point": 1, "logfile": "/home/rohit/project/logs_rohit/logs0/Job9.log"}
[2026-01-17 11:57:05.929 +0530] [PROCESS] [cadence.virtuoso.ade.simulationMonitor] - Stay with the runId '15', Linger time '300', currentRunSyn '29', currentTestSyn '29' {"hostname": "ece.nitk.edu.in", "processid": 1051006, "history": "ExplorerRun.0", "testname": "mem_lib_m_array_v1_1", "cornername": "Nominal", "point": 1, "logfile": "/home/rohit/project/logs_rohit/logs0/Job9.log"}
[2026-01-17 11:57:06.931 +0530] [PROCESS] [cadence.virtuoso.ade.simulationMonitor] - Padding test token found for runId '15', Linger time '300', currentRunSyn '29', currentTestSyn '29' {"hostname": "ece.nitk.edu.in", "processid": 1051006, "history": "ExplorerRun.0", "testname": "mem_lib_m_array_v1_1", "cornername": "Nominal", "point": 1, "logfile": "/home/rohit/project/logs_rohit/logs0/Job9.log"}
[2026-01-17 11:57:06.932 +0530] [PROCESS] [cadence.virtuoso.ade.simulationMonitor] - Stay with the runId '15', Linger time '300', currentRunSyn '29', currentTestSyn '29' {"hostname": "ece.nitk.edu.in", "processid": 1051006, "history": "ExplorerRun.0", "testname": "mem_lib_m_array_v1_1", "cornername": "Nominal", "point": 1, "logfile": "/home/rohit/project/logs_rohit/logs0/Job9.log"}
[2026-01-17 11:57:07.934 +0530] [PROCESS] [cadence.virtuoso.ade.simulationMonitor] - Padding test token found for runId '15', Linger time '300', currentRunSyn '29', currentTestSyn '29' {"hostname": "ece.nitk.edu.in", "processid": 1051006, "history": "ExplorerRun.0", "testname": "mem_lib_m_array_v1_1", "cornername": "Nominal", "point": 1, "logfile": "/home/rohit/project/logs_rohit/logs0/Job9.log"}
[2026-01-17 11:57:07.935 +0530] [PROCESS] [cadence.virtuoso.ade.simulationMonitor] - Stay with the runId '15', Linger time '300', currentRunSyn '29', currentTestSyn '29' {"hostname": "ece.nitk.edu.in", "processid": 1051006, "history": "ExplorerRun.0", "testname": "mem_lib_m_array_v1_1", "cornername": "Nominal", "point": 1, "logfile": "/home/rohit/project/logs_rohit/logs0/Job9.log"}
[2026-01-17 12:02:05.068 +0530] [PROCESS] [cadence.virtuoso.ade.simulationMonitor] - Current memory used: 53.9219 MBytes, peak memory used: 55.8945 MBytes {"hostname": "ece.nitk.edu.in", "processid": 1051006, "history": "ExplorerRun.0", "testname": "mem_lib_m_array_v1_1", "cornername": "Nominal", "point": 1, "logfile": "/home/rohit/project/logs_rohit/logs0/Job9.log"}
[2026-01-17 12:02:05.068 +0530] [PROCESS] [cadence.virtuoso.ade.simulationMonitor] - Simulation Monitor process exit. {"hostname": "ece.nitk.edu.in", "processid": 1051006, "history": "ExplorerRun.0", "testname": "mem_lib_m_array_v1_1", "cornername": "Nominal", "point": 1, "logfile": "/home/rohit/project/logs_rohit/logs0/Job9.log"}
