\# Program start time:     UTC 2026.01.20 17:43:44.297
\# Local time: IST (UTC+05:30) 2026.01.20 23:13:44.297
\o Program:		@(#)$CDS: virtuoso version 6.1.8-64b 11/15/2022 19:45 (cpgbld01) $
\o Hierarchy:		/home/install/IC618/tools.lnx86/dfII/
\o Sub version:		sub-version  IC6.1.8-64b.500.29  (64-bit addresses)
\# Command line:	/home/install/IC618/tools.lnx86/dfII/bin/64bit/virtuoso -beanhost ece.nitk.edu.in -beanport 11300 -beanbinlog  -beanLogFile /home/rohit/project/logs_rohit/logs0/amps_Service11.log -mpssession virtuoso1445693 -mpshost ece.nitk.edu.in -davinciService DaVinciService_1445693_1768924277 -axlSession fnxSession1 -axlServiceIdFlag 11 -uuid df4b31bc-5ceb-4873-b33e-6ba1c40719ea -heartbeat /dev/shm/swift-heartbeat.xVEHT1sXxD -log /home/rohit/project/logs_rohit/logs0/Service11.log -noautostart -nographE -lscs 000175E1894CBE06FF0966E38F1FFC06BC4D7A8AFD70FC06C84D6DA49E17886DD2246EF9C21B9F67D0227DAAD246CD37C87766E3A12FFC06BC4D0F8C31D142C8D52200001E30 -interactive -offlineExprEval -fenixMode explorer -heartbeatTimeout  -lingerTimeout 300 -pointlifetime -1
\# Host name (type):	ece.nitk.edu.in (x86_64)
\# Operating system:	Linux 4.18.0-425.3.1.el8.x86_64 #1 SMP Fri Sep 30 11:45:06 EDT 2022
\# Linux /etc/issue:	\S
\# Linux /etc/issue:	Kernel \r on an \m
\# X display name (WxH):	:6728 (1024x868)
\# Available geometry:			TL(0:0) BR(1023:867)
\# X server:			The X.Org Foundation
\# Depth of Visual (Root):	24 (24)
\# Number of Planes Used:	24
\# X version:		11.0 (vendor release 12011000)
\# X resource pool:	base 0x400000, mask 0x1fffff (2097151), shift 0
\# 			current id 0x0, current max 0x1ffffa (2097146)
\# Max data seg size:	     unlimited
\# Max process size:	     unlimited
\# Initial sbrk value:	        630 MB
\# Available memory:	    185,250 MB
\# System memory:	    194,392 MB
\# Maximum memory size:	    193,882 MB
\# Max mem available:	    185,370 MB
\# Initial memory used:	        120 MB
\#        process size:	      1,831 MB
\# Thread usage limits (effective/default):	maxthreads 384112/384112 maxload 16.00/16.00
\# Qt version:		5.9.1
\# Window Manager:	other
\# User Name:		rohit
\o Working Directory:	ece.nitk.edu.in:/home/rohit/project
\# Process Id:		1464413
\o 
\o COPYRIGHT (C) 1992-2022  CADENCE DESIGN SYSTEMS INC.  ALL RIGHTS RESERVED.
\o           (C) 1992-2022  UNIX SYSTEMS Laboratories INC.,
\o                          Reproduced with permission.
\o 
\o This Cadence Design Systems program and online documentation are
\o proprietary/confidential information and may be disclosed/used only
\o as authorized in a license agreement controlling such use and disclosure.
\o 
\o           RESTRICTED RIGHTS NOTICE (SHORT FORM)
\o Use/reproduction/disclosure is subject to restriction
\o set forth at FAR 1252.227-19 or its equivalent.
\o Loading geView.cxt 
\o Loading menuBuilder.cxt 
\o Loading schView.cxt 
\o Loading selectSv.cxt 
\o Loading pvsui.cxt
\o Loading wireEdit.cxt 
\o Loading pte2.cxt 
\o Loading xlUI.cxt 
\o Loading auCore.cxt 
\o Loading vhdl.cxt 
\o Loading seismic.cxt 
\o Loading ci.cxt 
\o Loading ams.cxt 
\o Loading oasis.cxt 
\o Loading analog.cxt 
\o Loading asimenv.cxt 
\o Loading dal.cxt 
\o Loading awv.cxt 
\o Loading socket.cxt 
\o Loading par.cxt 
\o Loading alvs.cxt 
\o Loading caa.cxt 
\o Loading amps.cxt 
\o Loading adexlCore.cxt 
\o Loading adexl.cxt 
\o *Info*    Exporting services from client ... 
\o 
\o Loading adexlDM.cxt 
\o Loading cpf.cxt 
\o Loading cli.cxt 
\o Loading lp.cxt 
\o INFO (ELI-00302) Connecting to parent process (session=virtuoso1445693, host=ece.nitk.edu.in). Connection mode is LSCS. Total timeout is 180 seconds. Connection timeout is 90 seconds.
\o INFO (ELI-00303) Step 1: Connecting to parent. Time spent is 0 seconds.
\o INFO (ELI-00304) The registration of the child 1464413 within 90 seconds is being processed...
\o INFO (ELI-00305) The result of registration is true. Time spent is 1 seconds.
\o INFO (ELI-00308) The connection has ended. Result is true. Total time spent is 5 seconds.
\# [23:13:49.175537] Configured Lic search path (22.01-s002): 5280@14.139.1.126
\w *WARNING* The directory: '/home/rohit/project/memristor_array' does not exist
\w 	but was defined in libFile '/home/rohit/project/cds.lib' for Lib 'memristor_array'.
\# Memory report: using         290 MB, process size 2,152 MB at UTC 2026.01.20 17:43:51.172
\w *WARNING* The directory: '/home/rohit/project/something' does not exist
\w 	but was defined in libFile '/home/rohit/project/cds.lib' for Lib 'something'.
\w *WARNING* envSetVal: Can't set the value of variable 'autoSave',
\w 	in tool[.partition] 'schematic' - it has not been registered.
\w *WARNING* envSetVal: Can't set the value of variable 'autoSaveInterval',
\w 	in tool[.partition] 'schematic' - it has not been registered.
\p > 
\# Loading perfDiag...
\# (PerfDiag): Set GDB path to environment variable 'gdbPath' (gdb).
\# Performance Diagnostic tool is installed. You can access PerfDiag from CIW Tools or use the shell command 'cdsPerfDiag -p 1464413' to open it when Virtuoso freezes.
\# (PerfDiag): Use backtrace from GLIBC.
\i _axlRunServices()
\# [23:13:51.423176] Periodic Lic check successful
\# [23:13:51.423177] Feature usage summary:
\o Loading simui.cxt 
\o [2026-01-20 23:13:51.436 +0530] [PROCESS] [cadence.virtuoso.ade.services] - Netlist Service has successfully started. Waiting for incoming messages ... {"hostname": "ece.nitk.edu.in", "processid": 1464413, "logfile": "/home/rohit/project/logs_rohit/logs0/Service11.log"}
\# Available memory:        185,248 MB at UTC 2026.01.20 17:44:01.481
\# Memory report: Maximum memory size now 185,568 MB at UTC 2026.01.20 17:44:01.481
\# Thread usage report: 22 active threads, active load 1.40 at UTC 2026.01.20 17:44:01.481
\o Loading vdsil.cxt 
\# Lic Summary:
\# [23:18:54.093769] Cdslmd servers:5280@14.139.1.126
\# [23:18:54.093776] Feature usage summary:
\# Memory report: on exit            321 MB, process size 2,249 MB at UTC 2026.01.20 17:48:54.618
\# Memory report: peak usage         321 MB, process size 2,249 MB
