[ADE GUI: 03194a6c-3d53-4904-9a26-71e211ee47d3]
[2026-01-18 14:23:46.317 +0530] [PROCESS] [cadence.virtuoso.ade.gui] - /home/rohit/project/.tmp_rohit/.cmddir0/swiftLoggingService0 is starting {"logfile": "/home/rohit/project/logs_rohit/logs0/LoggingService0.log"}
[2026-01-18 14:23:46.423 +0530] [PROCESS] [cadence.virtuoso.ade.gui] - /home/rohit/project/.tmp_rohit/.cmddir0/swiftNetlistService1 is starting {"logfile": "/home/rohit/project/logs_rohit/logs0/Service1.log"}
[2026-01-18 14:23:46.423 +0530] [PROCESS] [cadence.virtuoso.ade.gui] - Logging Service '1197600' is starting up on host 'ece.nitk.edu.in' {"logfile": "/home/rohit/project/logs_rohit/logs0/LoggingService0.log"}
[2026-01-18 14:23:52.102 +0530] [PROCESS] [cadence.virtuoso.ade.gui] - Netlist Service '1197664' is starting up on host 'ece.nitk.edu.in' {"logfile": "/home/rohit/project/logs_rohit/logs0/Service1.log"}
[2026-01-18 14:24:39.278 +0530] [EVENT] [cadence.virtuoso.ade.gui] - NewHistoryCreated {"history": "ExplorerRun.0", "event": "NewHistoryCreated", "EventSource": "ADE GUI", "HistoryName": "ExplorerRun.0", "WorkDir": "/home/rohit/project", "HistorySimDir": "/home/rohit/simulation/mem_lib/m_array_v1_maestro/maestro/results/maestro/ExplorerRun.0", "HistoryResultsDir": "/home/rohit/project/mem_lib/m_array_v1_maestro/maestro/results/maestro"}
[2026-01-18 14:24:39.279 +0530] [PROCESS] [cadence.virtuoso.ade.gui] - History Setup {"hostname": "ece.nitk.edu.in", "processid": 1196005, "history": "ExplorerRun.0", "logfile": "/home/rohit/project/logs_rohit/logs0/virtuoso_ade_debug.log", "jobmode": "LSCS", "runmode": "Single Run, Sweeps and Corners", "lib": "mem_lib", "cell": "m_array_v1_maestro", "view": "maestro", "icversion": "sub-version  IC6.1.8-64b.500.29 ", "runstart": "Sun Jan 18 14:24:39 2026\n", "timezonelocal": "+000", "spectreversion": "unknown", "jobpolicyname": "", "maxjobs": "unknown", "ncjobpolicyname": "", "ncmaxjobs": "unknown", "numtests": "1", "runfinished": "unknown", "runelapsed": "-1", "numcorners": "1"}
[2026-01-18 14:24:39.570 +0530] [WARN] [cadence.virtuoso.ade.gui] - Could not find log file for Same Process Job 0. Log message for this job will be printed in the CDS log file. {"history": "ExplorerRun.0", "testname": "mem_lib_m_array_v1_1", "detailed_message": "", "message_id": "EXPLORER-5028"}
[2026-01-18 14:24:40.002 +0530] [INFO] [cadence.virtuoso.ade.gui] - Simulation will use spectre batch mode because the GCC version used by Spectre and Virtuoso are not compatible. {"history": "ExplorerRun.0", "testname": "mem_lib_m_array_v1_1", "detailed_message": "", "message_id": "EXPLORER-5024"}
[2026-01-18 14:24:40.033 +0530] [EVENT] [cadence.virtuoso.ade.pointevaluator] - NewPoint {"history": "ExplorerRun.0", "point": 1, "testname": "mem_lib_m_array_v1_1", "event": "NewPoint", "EventSource": "ADE GUI", "HistoryName": "ExplorerRun.0", "logFile": "/home/rohit/project/logs_rohit/logs0/virtuoso_ade_debug.log", "logFileSize": "2614"}
[2026-01-18 14:24:40.034 +0530] [INFO] [cadence.virtuoso.ade.pointevaluator] - Started netlisting {"history": "ExplorerRun.0", "point": 1, "testname": "mem_lib_m_array_v1_1"}
[2026-01-18 14:24:40.350 +0530] [INFO] [cadence.virtuoso.ade.pointevaluator] - Finished netlisting {"history": "ExplorerRun.0", "point": 1, "testname": "mem_lib_m_array_v1_1"}
[2026-01-18 14:24:40.350 +0530] [INFO] [cadence.virtuoso.ade.pointevaluator] - Submitted {"history": "ExplorerRun.0", "point": 1, "testname": "mem_lib_m_array_v1_1"}
[2026-01-18 14:24:44.411 +0530] [PROCESS] [cadence.virtuoso.ade.gui] - /home/rohit/project/.tmp_rohit/.cmddir0/swiftJob2 is starting {"logfile": "/home/rohit/project/logs_rohit/logs0/Job2.log"}
[2026-01-18 14:24:44.514 +0530] [PROCESS] [cadence.virtuoso.ade.gui] - Simulation Monitor process '1198388' is starting up on host 'ece.nitk.edu.in' {"logfile": "/home/rohit/project/logs_rohit/logs0/Job2.log"}
[2026-01-18 14:24:46.679 +0530] [PROCESS] [cadence.virtuoso.ade.gui] - ln: failed to create symbolic link '/home/rohit/simulation/mem_lib/m_array_v1_maestro/maestro/results/maestro/ExplorerRun.0/1/mem_lib_m_array_v1_1/netlist/exprOutputs.log': File exists
 {"logfile": "/home/rohit/project/logs_rohit/logs0/Job2.log"}
[2026-01-18 14:24:46.682 +0530] [PROCESS] [cadence.virtuoso.ade.gui] - ln: failed to create symbolic link '/home/rohit/simulation/mem_lib/m_array_v1_maestro/maestro/results/maestro/ExplorerRun.0/1/mem_lib_m_array_v1_1/netlist/amps_evaluator.log': File exists
 {"logfile": "/home/rohit/project/logs_rohit/logs0/Job2.log"}
[2026-01-18 14:24:49.410 +0530] [INFO] [cadence.virtuoso.ade.gui] - Point completed {"history": "ExplorerRun.0", "point": 1, "testname": "mem_lib_m_array_v1_1"}
[2026-01-18 14:24:49.424 +0530] [EVENT] [cadence.virtuoso.ade.gui] - HistoryFinished {"history": "ExplorerRun.0", "point": 1, "testname": "mem_lib_m_array_v1_1", "event": "HistoryFinished", "EventSource": "ADE GUI", "HistoryName": "ExplorerRun.0"}
[2026-01-18 14:28:56.952 +0530] [PROCESS] [cadence.virtuoso.ade.gui] - Netlist Service '1197664' stopped with exit code '0' {"logfile": "/home/rohit/project/logs_rohit/logs0/Service1.log"}
[2026-01-18 14:31:43.375 +0530] [EVENT] [cadence.virtuoso.ade.gui] - NewHistoryCreated {"history": "ExplorerRun.0", "point": 1, "testname": "mem_lib_m_array_v1_1", "event": "NewHistoryCreated", "EventSource": "ADE GUI", "HistoryName": "ExplorerRun.0", "WorkDir": "/home/rohit/project", "HistorySimDir": "/home/rohit/simulation/mem_lib/m_array_v1_maestro/maestro/results/maestro/ExplorerRun.0", "HistoryResultsDir": "/home/rohit/project/mem_lib/m_array_v1_maestro/maestro/results/maestro"}
[2026-01-18 14:31:43.375 +0530] [PROCESS] [cadence.virtuoso.ade.gui] - History Setup {"hostname": "ece.nitk.edu.in", "processid": 1196005, "history": "ExplorerRun.0", "testname": "mem_lib_m_array_v1_1", "point": 1, "logfile": "/home/rohit/project/logs_rohit/logs0/virtuoso_ade_debug.log", "jobmode": "LSCS", "runmode": "Single Run, Sweeps and Corners", "lib": "mem_lib", "cell": "m_array_v1_maestro", "view": "maestro", "icversion": "sub-version  IC6.1.8-64b.500.29 ", "runstart": "Sun Jan 18 14:31:43 2026\n", "timezonelocal": "+000", "spectreversion": "unknown", "jobpolicyname": "", "maxjobs": "unknown", "ncjobpolicyname": "", "ncmaxjobs": "unknown", "numtests": "1", "runfinished": "unknown", "runelapsed": "-1", "numcorners": "1"}
[2026-01-18 14:31:44.000 +0530] [INFO] [cadence.virtuoso.ade.gui] - Simulation will use spectre batch mode because the GCC version used by Spectre and Virtuoso are not compatible. {"history": "ExplorerRun.0", "point": 1, "testname": "mem_lib_m_array_v1_1", "detailed_message": "", "message_id": "EXPLORER-5024"}
[2026-01-18 14:31:44.027 +0530] [EVENT] [cadence.virtuoso.ade.pointevaluator] - NewPoint {"history": "ExplorerRun.0", "point": 1, "testname": "mem_lib_m_array_v1_1", "event": "NewPoint", "EventSource": "ADE GUI", "HistoryName": "ExplorerRun.0", "logFile": "/home/rohit/project/logs_rohit/logs0/virtuoso_ade_debug.log", "logFileSize": "6652"}
[2026-01-18 14:31:44.027 +0530] [INFO] [cadence.virtuoso.ade.pointevaluator] - Started netlisting {"history": "ExplorerRun.0", "point": 1, "testname": "mem_lib_m_array_v1_1"}
[2026-01-18 14:31:44.325 +0530] [INFO] [cadence.virtuoso.ade.pointevaluator] - Finished netlisting {"history": "ExplorerRun.0", "point": 1, "testname": "mem_lib_m_array_v1_1"}
[2026-01-18 14:31:44.325 +0530] [INFO] [cadence.virtuoso.ade.pointevaluator] - Submitted {"history": "ExplorerRun.0", "point": 1, "testname": "mem_lib_m_array_v1_1"}
[2026-01-18 14:31:48.459 +0530] [PROCESS] [cadence.virtuoso.ade.gui] - /home/rohit/project/.tmp_rohit/.cmddir0/swiftJob3 is starting {"logfile": "/home/rohit/project/logs_rohit/logs0/Job3.log"}
[2026-01-18 14:31:48.562 +0530] [PROCESS] [cadence.virtuoso.ade.gui] - Simulation Monitor process '1200886' is starting up on host 'ece.nitk.edu.in' {"logfile": "/home/rohit/project/logs_rohit/logs0/Job3.log"}
[2026-01-18 14:31:50.729 +0530] [PROCESS] [cadence.virtuoso.ade.gui] - ln: failed to create symbolic link '/home/rohit/simulation/mem_lib/m_array_v1_maestro/maestro/results/maestro/ExplorerRun.0/1/mem_lib_m_array_v1_1/netlist/exprOutputs.log': File exists
 {"logfile": "/home/rohit/project/logs_rohit/logs0/Job3.log"}
[2026-01-18 14:31:50.731 +0530] [PROCESS] [cadence.virtuoso.ade.gui] - ln: failed to create symbolic link '/home/rohit/simulation/mem_lib/m_array_v1_maestro/maestro/results/maestro/ExplorerRun.0/1/mem_lib_m_array_v1_1/netlist/amps_evaluator.log': File exists
 {"logfile": "/home/rohit/project/logs_rohit/logs0/Job3.log"}
[2026-01-18 14:31:52.410 +0530] [INFO] [cadence.virtuoso.ade.gui] - Point completed {"history": "ExplorerRun.0", "point": 1, "testname": "mem_lib_m_array_v1_1"}
[2026-01-18 14:31:52.422 +0530] [EVENT] [cadence.virtuoso.ade.gui] - HistoryFinished {"history": "ExplorerRun.0", "point": 1, "testname": "mem_lib_m_array_v1_1", "event": "HistoryFinished", "EventSource": "ADE GUI", "HistoryName": "ExplorerRun.0"}
[2026-01-18 14:34:06.694 +0530] [EVENT] [cadence.virtuoso.ade.gui] - NewHistoryCreated {"history": "ExplorerRun.0", "point": 1, "testname": "mem_lib_m_array_v1_1", "event": "NewHistoryCreated", "EventSource": "ADE GUI", "HistoryName": "ExplorerRun.0", "WorkDir": "/home/rohit/project", "HistorySimDir": "/home/rohit/simulation/mem_lib/m_array_v1_maestro/maestro/results/maestro/ExplorerRun.0", "HistoryResultsDir": "/home/rohit/project/mem_lib/m_array_v1_maestro/maestro/results/maestro"}
[2026-01-18 14:34:06.695 +0530] [PROCESS] [cadence.virtuoso.ade.gui] - History Setup {"hostname": "ece.nitk.edu.in", "processid": 1196005, "history": "ExplorerRun.0", "testname": "mem_lib_m_array_v1_1", "point": 1, "logfile": "/home/rohit/project/logs_rohit/logs0/virtuoso_ade_debug.log", "jobmode": "LSCS", "runmode": "Single Run, Sweeps and Corners", "lib": "mem_lib", "cell": "m_array_v1_maestro", "view": "maestro", "icversion": "sub-version  IC6.1.8-64b.500.29 ", "runstart": "Sun Jan 18 14:34:06 2026\n", "timezonelocal": "+000", "spectreversion": "unknown", "jobpolicyname": "", "maxjobs": "unknown", "ncjobpolicyname": "", "ncmaxjobs": "unknown", "numtests": "1", "runfinished": "unknown", "runelapsed": "-1", "numcorners": "1"}
[2026-01-18 14:34:07.322 +0530] [INFO] [cadence.virtuoso.ade.gui] - Simulation will use spectre batch mode because the GCC version used by Spectre and Virtuoso are not compatible. {"history": "ExplorerRun.0", "point": 1, "testname": "mem_lib_m_array_v1_1", "detailed_message": "", "message_id": "EXPLORER-5024"}
[2026-01-18 14:34:07.349 +0530] [EVENT] [cadence.virtuoso.ade.pointevaluator] - NewPoint {"history": "ExplorerRun.0", "point": 1, "testname": "mem_lib_m_array_v1_1", "event": "NewPoint", "EventSource": "ADE GUI", "HistoryName": "ExplorerRun.0", "logFile": "/home/rohit/project/logs_rohit/logs0/virtuoso_ade_debug.log", "logFileSize": "10501"}
[2026-01-18 14:34:07.350 +0530] [INFO] [cadence.virtuoso.ade.pointevaluator] - Started netlisting {"history": "ExplorerRun.0", "point": 1, "testname": "mem_lib_m_array_v1_1"}
[2026-01-18 14:34:07.653 +0530] [INFO] [cadence.virtuoso.ade.pointevaluator] - Finished netlisting {"history": "ExplorerRun.0", "point": 1, "testname": "mem_lib_m_array_v1_1"}
[2026-01-18 14:34:07.653 +0530] [INFO] [cadence.virtuoso.ade.pointevaluator] - Submitted {"history": "ExplorerRun.0", "point": 1, "testname": "mem_lib_m_array_v1_1"}
[2026-01-18 14:34:10.369 +0530] [PROCESS] [cadence.virtuoso.ade.gui] - ln: failed to create symbolic link '/home/rohit/simulation/mem_lib/m_array_v1_maestro/maestro/results/maestro/ExplorerRun.0/1/mem_lib_m_array_v1_1/netlist/exprOutputs.log': File exists
 {"logfile": "/home/rohit/project/logs_rohit/logs0/Job3.log"}
[2026-01-18 14:34:10.372 +0530] [PROCESS] [cadence.virtuoso.ade.gui] - ln: failed to create symbolic link '/home/rohit/simulation/mem_lib/m_array_v1_maestro/maestro/results/maestro/ExplorerRun.0/1/mem_lib_m_array_v1_1/netlist/amps_evaluator.log': File exists
 {"logfile": "/home/rohit/project/logs_rohit/logs0/Job3.log"}
[2026-01-18 14:34:12.411 +0530] [INFO] [cadence.virtuoso.ade.gui] - Point completed {"history": "ExplorerRun.0", "point": 1, "testname": "mem_lib_m_array_v1_1"}
[2026-01-18 14:34:12.422 +0530] [EVENT] [cadence.virtuoso.ade.gui] - HistoryFinished {"history": "ExplorerRun.0", "point": 1, "testname": "mem_lib_m_array_v1_1", "event": "HistoryFinished", "EventSource": "ADE GUI", "HistoryName": "ExplorerRun.0"}
[2026-01-18 14:35:57.411 +0530] [EVENT] [cadence.virtuoso.ade.gui] - NewHistoryCreated {"history": "ExplorerRun.0", "point": 1, "testname": "mem_lib_m_array_v1_1", "event": "NewHistoryCreated", "EventSource": "ADE GUI", "HistoryName": "ExplorerRun.0", "WorkDir": "/home/rohit/project", "HistorySimDir": "/home/rohit/simulation/mem_lib/m_array_v1_maestro/maestro/results/maestro/ExplorerRun.0", "HistoryResultsDir": "/home/rohit/project/mem_lib/m_array_v1_maestro/maestro/results/maestro"}
[2026-01-18 14:35:57.411 +0530] [PROCESS] [cadence.virtuoso.ade.gui] - History Setup {"hostname": "ece.nitk.edu.in", "processid": 1196005, "history": "ExplorerRun.0", "testname": "mem_lib_m_array_v1_1", "point": 1, "logfile": "/home/rohit/project/logs_rohit/logs0/virtuoso_ade_debug.log", "jobmode": "LSCS", "runmode": "Single Run, Sweeps and Corners", "lib": "mem_lib", "cell": "m_array_v1_maestro", "view": "maestro", "icversion": "sub-version  IC6.1.8-64b.500.29 ", "runstart": "Sun Jan 18 14:35:57 2026\n", "timezonelocal": "+000", "spectreversion": "unknown", "jobpolicyname": "", "maxjobs": "unknown", "ncjobpolicyname": "", "ncmaxjobs": "unknown", "numtests": "1", "runfinished": "unknown", "runelapsed": "-1", "numcorners": "1"}
[2026-01-18 14:35:58.040 +0530] [INFO] [cadence.virtuoso.ade.gui] - Simulation will use spectre batch mode because the GCC version used by Spectre and Virtuoso are not compatible. {"history": "ExplorerRun.0", "point": 1, "testname": "mem_lib_m_array_v1_1", "detailed_message": "", "message_id": "EXPLORER-5024"}
[2026-01-18 14:35:58.067 +0530] [EVENT] [cadence.virtuoso.ade.pointevaluator] - NewPoint {"history": "ExplorerRun.0", "point": 1, "testname": "mem_lib_m_array_v1_1", "event": "NewPoint", "EventSource": "ADE GUI", "HistoryName": "ExplorerRun.0", "logFile": "/home/rohit/project/logs_rohit/logs0/virtuoso_ade_debug.log", "logFileSize": "13947"}
[2026-01-18 14:35:58.067 +0530] [INFO] [cadence.virtuoso.ade.pointevaluator] - Started netlisting {"history": "ExplorerRun.0", "point": 1, "testname": "mem_lib_m_array_v1_1"}
[2026-01-18 14:35:58.370 +0530] [INFO] [cadence.virtuoso.ade.pointevaluator] - Finished netlisting {"history": "ExplorerRun.0", "point": 1, "testname": "mem_lib_m_array_v1_1"}
[2026-01-18 14:35:58.370 +0530] [INFO] [cadence.virtuoso.ade.pointevaluator] - Submitted {"history": "ExplorerRun.0", "point": 1, "testname": "mem_lib_m_array_v1_1"}
[2026-01-18 14:36:00.587 +0530] [PROCESS] [cadence.virtuoso.ade.gui] - ln: failed to create symbolic link '/home/rohit/simulation/mem_lib/m_array_v1_maestro/maestro/results/maestro/ExplorerRun.0/1/mem_lib_m_array_v1_1/netlist/exprOutputs.log': File exists
 {"logfile": "/home/rohit/project/logs_rohit/logs0/Job3.log"}
[2026-01-18 14:36:00.590 +0530] [PROCESS] [cadence.virtuoso.ade.gui] - ln: failed to create symbolic link '/home/rohit/simulation/mem_lib/m_array_v1_maestro/maestro/results/maestro/ExplorerRun.0/1/mem_lib_m_array_v1_1/netlist/amps_evaluator.log': File exists {"logfile": "/home/rohit/project/logs_rohit/logs0/Job3.log"}
[2026-01-18 14:36:00.590 +0530] [PROCESS] [cadence.virtuoso.ade.gui] - 
 {"logfile": "/home/rohit/project/logs_rohit/logs0/Job3.log"}
[2026-01-18 14:36:03.414 +0530] [INFO] [cadence.virtuoso.ade.gui] - Point completed {"history": "ExplorerRun.0", "point": 1, "testname": "mem_lib_m_array_v1_1"}
[2026-01-18 14:36:03.425 +0530] [EVENT] [cadence.virtuoso.ade.gui] - HistoryFinished {"history": "ExplorerRun.0", "point": 1, "testname": "mem_lib_m_array_v1_1", "event": "HistoryFinished", "EventSource": "ADE GUI", "HistoryName": "ExplorerRun.0"}
[2026-01-18 14:37:42.720 +0530] [EVENT] [cadence.virtuoso.ade.gui] - NewHistoryCreated {"history": "ExplorerRun.0", "point": 1, "testname": "mem_lib_m_array_v1_1", "event": "NewHistoryCreated", "EventSource": "ADE GUI", "HistoryName": "ExplorerRun.0", "WorkDir": "/home/rohit/project", "HistorySimDir": "/home/rohit/simulation/mem_lib/m_array_v1_maestro/maestro/results/maestro/ExplorerRun.0", "HistoryResultsDir": "/home/rohit/project/mem_lib/m_array_v1_maestro/maestro/results/maestro"}
[2026-01-18 14:37:42.721 +0530] [PROCESS] [cadence.virtuoso.ade.gui] - History Setup {"hostname": "ece.nitk.edu.in", "processid": 1196005, "history": "ExplorerRun.0", "testname": "mem_lib_m_array_v1_1", "point": 1, "logfile": "/home/rohit/project/logs_rohit/logs0/virtuoso_ade_debug.log", "jobmode": "LSCS", "runmode": "Single Run, Sweeps and Corners", "lib": "mem_lib", "cell": "m_array_v1_maestro", "view": "maestro", "icversion": "sub-version  IC6.1.8-64b.500.29 ", "runstart": "Sun Jan 18 14:37:42 2026\n", "timezonelocal": "+000", "spectreversion": "unknown", "jobpolicyname": "", "maxjobs": "unknown", "ncjobpolicyname": "", "ncmaxjobs": "unknown", "numtests": "1", "runfinished": "unknown", "runelapsed": "-1", "numcorners": "1"}
[2026-01-18 14:37:43.355 +0530] [INFO] [cadence.virtuoso.ade.gui] - Simulation will use spectre batch mode because the GCC version used by Spectre and Virtuoso are not compatible. {"history": "ExplorerRun.0", "point": 1, "testname": "mem_lib_m_array_v1_1", "detailed_message": "", "message_id": "EXPLORER-5024"}
[2026-01-18 14:37:43.382 +0530] [EVENT] [cadence.virtuoso.ade.pointevaluator] - NewPoint {"history": "ExplorerRun.0", "point": 1, "testname": "mem_lib_m_array_v1_1", "event": "NewPoint", "EventSource": "ADE GUI", "HistoryName": "ExplorerRun.0", "logFile": "/home/rohit/project/logs_rohit/logs0/virtuoso_ade_debug.log", "logFileSize": "17526"}
[2026-01-18 14:37:43.382 +0530] [INFO] [cadence.virtuoso.ade.pointevaluator] - Started netlisting {"history": "ExplorerRun.0", "point": 1, "testname": "mem_lib_m_array_v1_1"}
[2026-01-18 14:37:43.679 +0530] [INFO] [cadence.virtuoso.ade.pointevaluator] - Finished netlisting {"history": "ExplorerRun.0", "point": 1, "testname": "mem_lib_m_array_v1_1"}
[2026-01-18 14:37:43.679 +0530] [INFO] [cadence.virtuoso.ade.pointevaluator] - Submitted {"history": "ExplorerRun.0", "point": 1, "testname": "mem_lib_m_array_v1_1"}
[2026-01-18 14:37:46.397 +0530] [PROCESS] [cadence.virtuoso.ade.gui] - ln: failed to create symbolic link '/home/rohit/simulation/mem_lib/m_array_v1_maestro/maestro/results/maestro/ExplorerRun.0/1/mem_lib_m_array_v1_1/netlist/exprOutputs.log': File exists
 {"logfile": "/home/rohit/project/logs_rohit/logs0/Job3.log"}
[2026-01-18 14:37:46.399 +0530] [PROCESS] [cadence.virtuoso.ade.gui] - ln: failed to create symbolic link '/home/rohit/simulation/mem_lib/m_array_v1_maestro/maestro/results/maestro/ExplorerRun.0/1/mem_lib_m_array_v1_1/netlist/amps_evaluator.log': File exists {"logfile": "/home/rohit/project/logs_rohit/logs0/Job3.log"}
[2026-01-18 14:37:46.399 +0530] [PROCESS] [cadence.virtuoso.ade.gui] - 
 {"logfile": "/home/rohit/project/logs_rohit/logs0/Job3.log"}
[2026-01-18 14:37:48.411 +0530] [INFO] [cadence.virtuoso.ade.gui] - Point completed {"history": "ExplorerRun.0", "point": 1, "testname": "mem_lib_m_array_v1_1"}
[2026-01-18 14:37:48.423 +0530] [EVENT] [cadence.virtuoso.ade.gui] - HistoryFinished {"history": "ExplorerRun.0", "point": 1, "testname": "mem_lib_m_array_v1_1", "event": "HistoryFinished", "EventSource": "ADE GUI", "HistoryName": "ExplorerRun.0"}
[2026-01-18 14:40:55.538 +0530] [EVENT] [cadence.virtuoso.ade.gui] - NewHistoryCreated {"history": "ExplorerRun.0", "point": 1, "testname": "mem_lib_m_array_v1_1", "event": "NewHistoryCreated", "EventSource": "ADE GUI", "HistoryName": "ExplorerRun.0", "WorkDir": "/home/rohit/project", "HistorySimDir": "/home/rohit/simulation/mem_lib/m_array_v1_maestro/maestro/results/maestro/ExplorerRun.0", "HistoryResultsDir": "/home/rohit/project/mem_lib/m_array_v1_maestro/maestro/results/maestro"}
[2026-01-18 14:40:55.538 +0530] [PROCESS] [cadence.virtuoso.ade.gui] - History Setup {"hostname": "ece.nitk.edu.in", "processid": 1196005, "history": "ExplorerRun.0", "testname": "mem_lib_m_array_v1_1", "point": 1, "logfile": "/home/rohit/project/logs_rohit/logs0/virtuoso_ade_debug.log", "jobmode": "LSCS", "runmode": "Single Run, Sweeps and Corners", "lib": "mem_lib", "cell": "m_array_v1_maestro", "view": "maestro", "icversion": "sub-version  IC6.1.8-64b.500.29 ", "runstart": "Sun Jan 18 14:40:55 2026\n", "timezonelocal": "+000", "spectreversion": "unknown", "jobpolicyname": "", "maxjobs": "unknown", "ncjobpolicyname": "", "ncmaxjobs": "unknown", "numtests": "1", "runfinished": "unknown", "runelapsed": "-1", "numcorners": "1"}
[2026-01-18 14:40:56.176 +0530] [INFO] [cadence.virtuoso.ade.gui] - Simulation will use spectre batch mode because the GCC version used by Spectre and Virtuoso are not compatible. {"history": "ExplorerRun.0", "point": 1, "testname": "mem_lib_m_array_v1_1", "detailed_message": "", "message_id": "EXPLORER-5024"}
[2026-01-18 14:40:56.204 +0530] [EVENT] [cadence.virtuoso.ade.pointevaluator] - NewPoint {"history": "ExplorerRun.0", "point": 1, "testname": "mem_lib_m_array_v1_1", "event": "NewPoint", "EventSource": "ADE GUI", "HistoryName": "ExplorerRun.0", "logFile": "/home/rohit/project/logs_rohit/logs0/virtuoso_ade_debug.log", "logFileSize": "21105"}
[2026-01-18 14:40:56.204 +0530] [INFO] [cadence.virtuoso.ade.pointevaluator] - Started netlisting {"history": "ExplorerRun.0", "point": 1, "testname": "mem_lib_m_array_v1_1"}
[2026-01-18 14:40:56.509 +0530] [INFO] [cadence.virtuoso.ade.pointevaluator] - Finished netlisting {"history": "ExplorerRun.0", "point": 1, "testname": "mem_lib_m_array_v1_1"}
[2026-01-18 14:40:56.509 +0530] [INFO] [cadence.virtuoso.ade.pointevaluator] - Submitted {"history": "ExplorerRun.0", "point": 1, "testname": "mem_lib_m_array_v1_1"}
[2026-01-18 14:41:03.763 +0530] [PROCESS] [cadence.virtuoso.ade.gui] - ln: failed to create symbolic link '/home/rohit/simulation/mem_lib/m_array_v1_maestro/maestro/results/maestro/ExplorerRun.0/1/mem_lib_m_array_v1_1/netlist/exprOutputs.log': File exists
 {"logfile": "/home/rohit/project/logs_rohit/logs0/Job3.log"}
[2026-01-18 14:41:03.765 +0530] [PROCESS] [cadence.virtuoso.ade.gui] - ln: failed to create symbolic link '/home/rohit/simulation/mem_lib/m_array_v1_maestro/maestro/results/maestro/ExplorerRun.0/1/mem_lib_m_array_v1_1/netlist/amps_evaluator.log': File exists
 {"logfile": "/home/rohit/project/logs_rohit/logs0/Job3.log"}
[2026-01-18 14:41:04.411 +0530] [INFO] [cadence.virtuoso.ade.gui] - Point completed {"history": "ExplorerRun.0", "point": 1, "testname": "mem_lib_m_array_v1_1"}
[2026-01-18 14:41:04.423 +0530] [EVENT] [cadence.virtuoso.ade.gui] - HistoryFinished {"history": "ExplorerRun.0", "point": 1, "testname": "mem_lib_m_array_v1_1", "event": "HistoryFinished", "EventSource": "ADE GUI", "HistoryName": "ExplorerRun.0"}
[2026-01-18 14:42:28.133 +0530] [EVENT] [cadence.virtuoso.ade.gui] - NewHistoryCreated {"history": "ExplorerRun.0", "point": 1, "testname": "mem_lib_m_array_v1_1", "event": "NewHistoryCreated", "EventSource": "ADE GUI", "HistoryName": "ExplorerRun.0", "WorkDir": "/home/rohit/project", "HistorySimDir": "/home/rohit/simulation/mem_lib/m_array_v1_maestro/maestro/results/maestro/ExplorerRun.0", "HistoryResultsDir": "/home/rohit/project/mem_lib/m_array_v1_maestro/maestro/results/maestro"}
[2026-01-18 14:42:28.133 +0530] [PROCESS] [cadence.virtuoso.ade.gui] - History Setup {"hostname": "ece.nitk.edu.in", "processid": 1196005, "history": "ExplorerRun.0", "testname": "mem_lib_m_array_v1_1", "point": 1, "logfile": "/home/rohit/project/logs_rohit/logs0/virtuoso_ade_debug.log", "jobmode": "LSCS", "runmode": "Single Run, Sweeps and Corners", "lib": "mem_lib", "cell": "m_array_v1_maestro", "view": "maestro", "icversion": "sub-version  IC6.1.8-64b.500.29 ", "runstart": "Sun Jan 18 14:42:28 2026\n", "timezonelocal": "+000", "spectreversion": "unknown", "jobpolicyname": "", "maxjobs": "unknown", "ncjobpolicyname": "", "ncmaxjobs": "unknown", "numtests": "1", "runfinished": "unknown", "runelapsed": "-1", "numcorners": "1"}
[2026-01-18 14:42:28.770 +0530] [INFO] [cadence.virtuoso.ade.gui] - Simulation will use spectre batch mode because the GCC version used by Spectre and Virtuoso are not compatible. {"history": "ExplorerRun.0", "point": 1, "testname": "mem_lib_m_array_v1_1", "detailed_message": "", "message_id": "EXPLORER-5024"}
[2026-01-18 14:42:28.797 +0530] [EVENT] [cadence.virtuoso.ade.pointevaluator] - NewPoint {"history": "ExplorerRun.0", "point": 1, "testname": "mem_lib_m_array_v1_1", "event": "NewPoint", "EventSource": "ADE GUI", "HistoryName": "ExplorerRun.0", "logFile": "/home/rohit/project/logs_rohit/logs0/virtuoso_ade_debug.log", "logFileSize": "24551"}
[2026-01-18 14:42:28.797 +0530] [INFO] [cadence.virtuoso.ade.pointevaluator] - Started netlisting {"history": "ExplorerRun.0", "point": 1, "testname": "mem_lib_m_array_v1_1"}
[2026-01-18 14:42:29.096 +0530] [INFO] [cadence.virtuoso.ade.pointevaluator] - Finished netlisting {"history": "ExplorerRun.0", "point": 1, "testname": "mem_lib_m_array_v1_1"}
[2026-01-18 14:42:29.097 +0530] [INFO] [cadence.virtuoso.ade.pointevaluator] - Submitted {"history": "ExplorerRun.0", "point": 1, "testname": "mem_lib_m_array_v1_1"}
[2026-01-18 14:42:34.852 +0530] [PROCESS] [cadence.virtuoso.ade.gui] - ln: failed to create symbolic link '/home/rohit/simulation/mem_lib/m_array_v1_maestro/maestro/results/maestro/ExplorerRun.0/1/mem_lib_m_array_v1_1/netlist/exprOutputs.log': File exists
 {"logfile": "/home/rohit/project/logs_rohit/logs0/Job3.log"}
[2026-01-18 14:42:34.855 +0530] [PROCESS] [cadence.virtuoso.ade.gui] - ln: failed to create symbolic link '/home/rohit/simulation/mem_lib/m_array_v1_maestro/maestro/results/maestro/ExplorerRun.0/1/mem_lib_m_array_v1_1/netlist/amps_evaluator.log': File exists
 {"logfile": "/home/rohit/project/logs_rohit/logs0/Job3.log"}
[2026-01-18 14:42:35.410 +0530] [INFO] [cadence.virtuoso.ade.gui] - Point completed {"history": "ExplorerRun.0", "point": 1, "testname": "mem_lib_m_array_v1_1"}
[2026-01-18 14:42:35.422 +0530] [EVENT] [cadence.virtuoso.ade.gui] - HistoryFinished {"history": "ExplorerRun.0", "point": 1, "testname": "mem_lib_m_array_v1_1", "event": "HistoryFinished", "EventSource": "ADE GUI", "HistoryName": "ExplorerRun.0"}
[2026-01-18 14:45:29.075 +0530] [EVENT] [cadence.virtuoso.ade.gui] - NewHistoryCreated {"history": "ExplorerRun.0", "point": 1, "testname": "mem_lib_m_array_v1_1", "event": "NewHistoryCreated", "EventSource": "ADE GUI", "HistoryName": "ExplorerRun.0", "WorkDir": "/home/rohit/project", "HistorySimDir": "/home/rohit/simulation/mem_lib/m_array_v1_maestro/maestro/results/maestro/ExplorerRun.0", "HistoryResultsDir": "/home/rohit/project/mem_lib/m_array_v1_maestro/maestro/results/maestro"}
[2026-01-18 14:45:29.075 +0530] [PROCESS] [cadence.virtuoso.ade.gui] - History Setup {"hostname": "ece.nitk.edu.in", "processid": 1196005, "history": "ExplorerRun.0", "testname": "mem_lib_m_array_v1_1", "point": 1, "logfile": "/home/rohit/project/logs_rohit/logs0/virtuoso_ade_debug.log", "jobmode": "LSCS", "runmode": "Single Run, Sweeps and Corners", "lib": "mem_lib", "cell": "m_array_v1_maestro", "view": "maestro", "icversion": "sub-version  IC6.1.8-64b.500.29 ", "runstart": "Sun Jan 18 14:45:29 2026\n", "timezonelocal": "+000", "spectreversion": "unknown", "jobpolicyname": "", "maxjobs": "unknown", "ncjobpolicyname": "", "ncmaxjobs": "unknown", "numtests": "1", "runfinished": "unknown", "runelapsed": "-1", "numcorners": "1"}
[2026-01-18 14:45:29.719 +0530] [INFO] [cadence.virtuoso.ade.gui] - Simulation will use spectre batch mode because the GCC version used by Spectre and Virtuoso are not compatible. {"history": "ExplorerRun.0", "point": 1, "testname": "mem_lib_m_array_v1_1", "detailed_message": "", "message_id": "EXPLORER-5024"}
[2026-01-18 14:45:29.747 +0530] [EVENT] [cadence.virtuoso.ade.pointevaluator] - NewPoint {"history": "ExplorerRun.0", "point": 1, "testname": "mem_lib_m_array_v1_1", "event": "NewPoint", "EventSource": "ADE GUI", "HistoryName": "ExplorerRun.0", "logFile": "/home/rohit/project/logs_rohit/logs0/virtuoso_ade_debug.log", "logFileSize": "27997"}
[2026-01-18 14:45:29.747 +0530] [INFO] [cadence.virtuoso.ade.pointevaluator] - Started netlisting {"history": "ExplorerRun.0", "point": 1, "testname": "mem_lib_m_array_v1_1"}
[2026-01-18 14:45:30.131 +0530] [INFO] [cadence.virtuoso.ade.pointevaluator] - Finished netlisting {"history": "ExplorerRun.0", "point": 1, "testname": "mem_lib_m_array_v1_1"}
[2026-01-18 14:45:30.131 +0530] [INFO] [cadence.virtuoso.ade.pointevaluator] - Submitted {"history": "ExplorerRun.0", "point": 1, "testname": "mem_lib_m_array_v1_1"}
[2026-01-18 14:45:32.346 +0530] [PROCESS] [cadence.virtuoso.ade.gui] - ln: failed to create symbolic link '/home/rohit/simulation/mem_lib/m_array_v1_maestro/maestro/results/maestro/ExplorerRun.0/1/mem_lib_m_array_v1_1/netlist/exprOutputs.log': File exists
 {"logfile": "/home/rohit/project/logs_rohit/logs0/Job3.log"}
[2026-01-18 14:45:32.349 +0530] [PROCESS] [cadence.virtuoso.ade.gui] - ln: failed to create symbolic link '/home/rohit/simulation/mem_lib/m_array_v1_maestro/maestro/results/maestro/ExplorerRun.0/1/mem_lib_m_array_v1_1/netlist/amps_evaluator.log': File exists
 {"logfile": "/home/rohit/project/logs_rohit/logs0/Job3.log"}
[2026-01-18 14:45:34.409 +0530] [INFO] [cadence.virtuoso.ade.gui] - Point completed {"history": "ExplorerRun.0", "point": 1, "testname": "mem_lib_m_array_v1_1"}
[2026-01-18 14:45:34.421 +0530] [EVENT] [cadence.virtuoso.ade.gui] - HistoryFinished {"history": "ExplorerRun.0", "point": 1, "testname": "mem_lib_m_array_v1_1", "event": "HistoryFinished", "EventSource": "ADE GUI", "HistoryName": "ExplorerRun.0"}
[2026-01-18 14:46:32.629 +0530] [EVENT] [cadence.virtuoso.ade.gui] - NewHistoryCreated {"history": "ExplorerRun.0", "point": 1, "testname": "mem_lib_m_array_v1_1", "event": "NewHistoryCreated", "EventSource": "ADE GUI", "HistoryName": "ExplorerRun.0", "WorkDir": "/home/rohit/project", "HistorySimDir": "/home/rohit/simulation/mem_lib/m_array_v1_maestro/maestro/results/maestro/ExplorerRun.0", "HistoryResultsDir": "/home/rohit/project/mem_lib/m_array_v1_maestro/maestro/results/maestro"}
[2026-01-18 14:46:32.629 +0530] [PROCESS] [cadence.virtuoso.ade.gui] - History Setup {"hostname": "ece.nitk.edu.in", "processid": 1196005, "history": "ExplorerRun.0", "testname": "mem_lib_m_array_v1_1", "point": 1, "logfile": "/home/rohit/project/logs_rohit/logs0/virtuoso_ade_debug.log", "jobmode": "LSCS", "runmode": "Single Run, Sweeps and Corners", "lib": "mem_lib", "cell": "m_array_v1_maestro", "view": "maestro", "icversion": "sub-version  IC6.1.8-64b.500.29 ", "runstart": "Sun Jan 18 14:46:32 2026\n", "timezonelocal": "+000", "spectreversion": "unknown", "jobpolicyname": "", "maxjobs": "unknown", "ncjobpolicyname": "", "ncmaxjobs": "unknown", "numtests": "1", "runfinished": "unknown", "runelapsed": "-1", "numcorners": "1"}
[2026-01-18 14:46:33.272 +0530] [INFO] [cadence.virtuoso.ade.gui] - Simulation will use spectre batch mode because the GCC version used by Spectre and Virtuoso are not compatible. {"history": "ExplorerRun.0", "point": 1, "testname": "mem_lib_m_array_v1_1", "detailed_message": "", "message_id": "EXPLORER-5024"}
[2026-01-18 14:46:33.298 +0530] [EVENT] [cadence.virtuoso.ade.pointevaluator] - NewPoint {"history": "ExplorerRun.0", "point": 1, "testname": "mem_lib_m_array_v1_1", "event": "NewPoint", "EventSource": "ADE GUI", "HistoryName": "ExplorerRun.0", "logFile": "/home/rohit/project/logs_rohit/logs0/virtuoso_ade_debug.log", "logFileSize": "31443"}
[2026-01-18 14:46:33.299 +0530] [INFO] [cadence.virtuoso.ade.pointevaluator] - Started netlisting {"history": "ExplorerRun.0", "point": 1, "testname": "mem_lib_m_array_v1_1"}
[2026-01-18 14:46:33.602 +0530] [INFO] [cadence.virtuoso.ade.pointevaluator] - Finished netlisting {"history": "ExplorerRun.0", "point": 1, "testname": "mem_lib_m_array_v1_1"}
[2026-01-18 14:46:33.602 +0530] [INFO] [cadence.virtuoso.ade.pointevaluator] - Submitted {"history": "ExplorerRun.0", "point": 1, "testname": "mem_lib_m_array_v1_1"}
[2026-01-18 14:46:36.320 +0530] [PROCESS] [cadence.virtuoso.ade.gui] - ln: failed to create symbolic link '/home/rohit/simulation/mem_lib/m_array_v1_maestro/maestro/results/maestro/ExplorerRun.0/1/mem_lib_m_array_v1_1/netlist/exprOutputs.log': File exists
 {"logfile": "/home/rohit/project/logs_rohit/logs0/Job3.log"}
[2026-01-18 14:46:36.322 +0530] [PROCESS] [cadence.virtuoso.ade.gui] - ln: failed to create symbolic link '/home/rohit/simulation/mem_lib/m_array_v1_maestro/maestro/results/maestro/ExplorerRun.0/1/mem_lib_m_array_v1_1/netlist/amps_evaluator.log': File exists {"logfile": "/home/rohit/project/logs_rohit/logs0/Job3.log"}
[2026-01-18 14:46:36.322 +0530] [PROCESS] [cadence.virtuoso.ade.gui] - 
 {"logfile": "/home/rohit/project/logs_rohit/logs0/Job3.log"}
[2026-01-18 14:46:38.414 +0530] [INFO] [cadence.virtuoso.ade.gui] - Point completed {"history": "ExplorerRun.0", "point": 1, "testname": "mem_lib_m_array_v1_1"}
[2026-01-18 14:46:38.426 +0530] [EVENT] [cadence.virtuoso.ade.gui] - HistoryFinished {"history": "ExplorerRun.0", "point": 1, "testname": "mem_lib_m_array_v1_1", "event": "HistoryFinished", "EventSource": "ADE GUI", "HistoryName": "ExplorerRun.0"}
[2026-01-18 14:50:58.453 +0530] [EVENT] [cadence.virtuoso.ade.gui] - NewHistoryCreated {"history": "ExplorerRun.0", "point": 1, "testname": "mem_lib_m_array_v1_1", "event": "NewHistoryCreated", "EventSource": "ADE GUI", "HistoryName": "ExplorerRun.0", "WorkDir": "/home/rohit/project", "HistorySimDir": "/home/rohit/simulation/mem_lib/m_array_v1_maestro/maestro/results/maestro/ExplorerRun.0", "HistoryResultsDir": "/home/rohit/project/mem_lib/m_array_v1_maestro/maestro/results/maestro"}
[2026-01-18 14:50:58.453 +0530] [PROCESS] [cadence.virtuoso.ade.gui] - History Setup {"hostname": "ece.nitk.edu.in", "processid": 1196005, "history": "ExplorerRun.0", "testname": "mem_lib_m_array_v1_1", "point": 1, "logfile": "/home/rohit/project/logs_rohit/logs0/virtuoso_ade_debug.log", "jobmode": "LSCS", "runmode": "Single Run, Sweeps and Corners", "lib": "mem_lib", "cell": "m_array_v1_maestro", "view": "maestro", "icversion": "sub-version  IC6.1.8-64b.500.29 ", "runstart": "Sun Jan 18 14:50:58 2026\n", "timezonelocal": "+000", "spectreversion": "unknown", "jobpolicyname": "", "maxjobs": "unknown", "ncjobpolicyname": "", "ncmaxjobs": "unknown", "numtests": "1", "runfinished": "unknown", "runelapsed": "-1", "numcorners": "1"}
[2026-01-18 14:50:59.100 +0530] [INFO] [cadence.virtuoso.ade.gui] - Simulation will use spectre batch mode because the GCC version used by Spectre and Virtuoso are not compatible. {"history": "ExplorerRun.0", "point": 1, "testname": "mem_lib_m_array_v1_1", "detailed_message": "", "message_id": "EXPLORER-5024"}
[2026-01-18 14:50:59.127 +0530] [EVENT] [cadence.virtuoso.ade.pointevaluator] - NewPoint {"history": "ExplorerRun.0", "point": 1, "testname": "mem_lib_m_array_v1_1", "event": "NewPoint", "EventSource": "ADE GUI", "HistoryName": "ExplorerRun.0", "logFile": "/home/rohit/project/logs_rohit/logs0/virtuoso_ade_debug.log", "logFileSize": "35022"}
[2026-01-18 14:50:59.127 +0530] [INFO] [cadence.virtuoso.ade.pointevaluator] - Started netlisting {"history": "ExplorerRun.0", "point": 1, "testname": "mem_lib_m_array_v1_1"}
[2026-01-18 14:50:59.430 +0530] [INFO] [cadence.virtuoso.ade.pointevaluator] - Finished netlisting {"history": "ExplorerRun.0", "point": 1, "testname": "mem_lib_m_array_v1_1"}
[2026-01-18 14:50:59.430 +0530] [INFO] [cadence.virtuoso.ade.pointevaluator] - Submitted {"history": "ExplorerRun.0", "point": 1, "testname": "mem_lib_m_array_v1_1"}
[2026-01-18 14:51:18.749 +0530] [PROCESS] [cadence.virtuoso.ade.gui] - ln: failed to create symbolic link '/home/rohit/simulation/mem_lib/m_array_v1_maestro/maestro/results/maestro/ExplorerRun.0/1/mem_lib_m_array_v1_1/netlist/exprOutputs.log': File exists
 {"logfile": "/home/rohit/project/logs_rohit/logs0/Job3.log"}
[2026-01-18 14:51:18.751 +0530] [PROCESS] [cadence.virtuoso.ade.gui] - ln: failed to create symbolic link '/home/rohit/simulation/mem_lib/m_array_v1_maestro/maestro/results/maestro/ExplorerRun.0/1/mem_lib_m_array_v1_1/netlist/amps_evaluator.log': File exists
 {"logfile": "/home/rohit/project/logs_rohit/logs0/Job3.log"}
[2026-01-18 14:51:19.410 +0530] [INFO] [cadence.virtuoso.ade.gui] - Point completed {"history": "ExplorerRun.0", "point": 1, "testname": "mem_lib_m_array_v1_1"}
[2026-01-18 14:51:19.422 +0530] [EVENT] [cadence.virtuoso.ade.gui] - HistoryFinished {"history": "ExplorerRun.0", "point": 1, "testname": "mem_lib_m_array_v1_1", "event": "HistoryFinished", "EventSource": "ADE GUI", "HistoryName": "ExplorerRun.0"}
[2026-01-18 15:02:51.902 +0530] [EVENT] [cadence.virtuoso.ade.gui] - NewHistoryCreated {"history": "ExplorerRun.0", "point": 1, "testname": "mem_lib_m_array_v1_1", "event": "NewHistoryCreated", "EventSource": "ADE GUI", "HistoryName": "ExplorerRun.0", "WorkDir": "/home/rohit/project", "HistorySimDir": "/home/rohit/simulation/mem_lib/m_array_v1_maestro/maestro/results/maestro/ExplorerRun.0", "HistoryResultsDir": "/home/rohit/project/mem_lib/m_array_v1_maestro/maestro/results/maestro"}
[2026-01-18 15:02:51.902 +0530] [PROCESS] [cadence.virtuoso.ade.gui] - History Setup {"hostname": "ece.nitk.edu.in", "processid": 1196005, "history": "ExplorerRun.0", "testname": "mem_lib_m_array_v1_1", "point": 1, "logfile": "/home/rohit/project/logs_rohit/logs0/virtuoso_ade_debug.log", "jobmode": "LSCS", "runmode": "Single Run, Sweeps and Corners", "lib": "mem_lib", "cell": "m_array_v1_maestro", "view": "maestro", "icversion": "sub-version  IC6.1.8-64b.500.29 ", "runstart": "Sun Jan 18 15:02:51 2026\n", "timezonelocal": "+000", "spectreversion": "unknown", "jobpolicyname": "", "maxjobs": "unknown", "ncjobpolicyname": "", "ncmaxjobs": "unknown", "numtests": "1", "runfinished": "unknown", "runelapsed": "-1", "numcorners": "1"}
[2026-01-18 15:02:52.557 +0530] [INFO] [cadence.virtuoso.ade.gui] - Simulation will use spectre batch mode because the GCC version used by Spectre and Virtuoso are not compatible. {"history": "ExplorerRun.0", "point": 1, "testname": "mem_lib_m_array_v1_1", "detailed_message": "", "message_id": "EXPLORER-5024"}
[2026-01-18 15:02:52.584 +0530] [EVENT] [cadence.virtuoso.ade.pointevaluator] - NewPoint {"history": "ExplorerRun.0", "point": 1, "testname": "mem_lib_m_array_v1_1", "event": "NewPoint", "EventSource": "ADE GUI", "HistoryName": "ExplorerRun.0", "logFile": "/home/rohit/project/logs_rohit/logs0/virtuoso_ade_debug.log", "logFileSize": "38468"}
[2026-01-18 15:02:52.584 +0530] [INFO] [cadence.virtuoso.ade.pointevaluator] - Started netlisting {"history": "ExplorerRun.0", "point": 1, "testname": "mem_lib_m_array_v1_1"}
[2026-01-18 15:02:52.876 +0530] [INFO] [cadence.virtuoso.ade.pointevaluator] - Finished netlisting {"history": "ExplorerRun.0", "point": 1, "testname": "mem_lib_m_array_v1_1"}
[2026-01-18 15:02:52.876 +0530] [INFO] [cadence.virtuoso.ade.pointevaluator] - Submitted {"history": "ExplorerRun.0", "point": 1, "testname": "mem_lib_m_array_v1_1"}
[2026-01-18 15:02:57.411 +0530] [PROCESS] [cadence.virtuoso.ade.gui] - /home/rohit/project/.tmp_rohit/.cmddir0/swiftJob4 is starting {"logfile": "/home/rohit/project/logs_rohit/logs0/Job4.log"}
[2026-01-18 15:02:57.515 +0530] [PROCESS] [cadence.virtuoso.ade.gui] - Simulation Monitor process '1209692' is starting up on host 'ece.nitk.edu.in' {"logfile": "/home/rohit/project/logs_rohit/logs0/Job4.log"}
[2026-01-18 15:02:59.680 +0530] [PROCESS] [cadence.virtuoso.ade.gui] - ln: failed to create symbolic link '/home/rohit/simulation/mem_lib/m_array_v1_maestro/maestro/results/maestro/ExplorerRun.0/1/mem_lib_m_array_v1_1/netlist/exprOutputs.log': File exists
 {"logfile": "/home/rohit/project/logs_rohit/logs0/Job4.log"}
[2026-01-18 15:02:59.683 +0530] [PROCESS] [cadence.virtuoso.ade.gui] - ln: failed to create symbolic link '/home/rohit/simulation/mem_lib/m_array_v1_maestro/maestro/results/maestro/ExplorerRun.0/1/mem_lib_m_array_v1_1/netlist/amps_evaluator.log': File exists
 {"logfile": "/home/rohit/project/logs_rohit/logs0/Job4.log"}
[2026-01-18 15:03:01.410 +0530] [INFO] [cadence.virtuoso.ade.gui] - Point completed {"history": "ExplorerRun.0", "point": 1, "testname": "mem_lib_m_array_v1_1"}
[2026-01-18 15:03:01.421 +0530] [EVENT] [cadence.virtuoso.ade.gui] - HistoryFinished {"history": "ExplorerRun.0", "point": 1, "testname": "mem_lib_m_array_v1_1", "event": "HistoryFinished", "EventSource": "ADE GUI", "HistoryName": "ExplorerRun.0"}
[2026-01-18 15:03:53.609 +0530] [EVENT] [cadence.virtuoso.ade.gui] - NewHistoryCreated {"history": "ExplorerRun.0", "point": 1, "testname": "mem_lib_m_array_v1_1", "event": "NewHistoryCreated", "EventSource": "ADE GUI", "HistoryName": "ExplorerRun.0", "WorkDir": "/home/rohit/project", "HistorySimDir": "/home/rohit/simulation/mem_lib/m_array_v1_maestro/maestro/results/maestro/ExplorerRun.0", "HistoryResultsDir": "/home/rohit/project/mem_lib/m_array_v1_maestro/maestro/results/maestro"}
[2026-01-18 15:03:53.609 +0530] [PROCESS] [cadence.virtuoso.ade.gui] - History Setup {"hostname": "ece.nitk.edu.in", "processid": 1196005, "history": "ExplorerRun.0", "testname": "mem_lib_m_array_v1_1", "point": 1, "logfile": "/home/rohit/project/logs_rohit/logs0/virtuoso_ade_debug.log", "jobmode": "LSCS", "runmode": "Single Run, Sweeps and Corners", "lib": "mem_lib", "cell": "m_array_v1_maestro", "view": "maestro", "icversion": "sub-version  IC6.1.8-64b.500.29 ", "runstart": "Sun Jan 18 15:03:53 2026\n", "timezonelocal": "+000", "spectreversion": "unknown", "jobpolicyname": "", "maxjobs": "unknown", "ncjobpolicyname": "", "ncmaxjobs": "unknown", "numtests": "1", "runfinished": "unknown", "runelapsed": "-1", "numcorners": "1"}
[2026-01-18 15:03:54.343 +0530] [INFO] [cadence.virtuoso.ade.gui] - Simulation will use spectre batch mode because the GCC version used by Spectre and Virtuoso are not compatible. {"history": "ExplorerRun.0", "point": 1, "testname": "mem_lib_m_array_v1_1", "detailed_message": "", "message_id": "EXPLORER-5024"}
[2026-01-18 15:03:54.370 +0530] [EVENT] [cadence.virtuoso.ade.pointevaluator] - NewPoint {"history": "ExplorerRun.0", "point": 1, "testname": "mem_lib_m_array_v1_1", "event": "NewPoint", "EventSource": "ADE GUI", "HistoryName": "ExplorerRun.0", "logFile": "/home/rohit/project/logs_rohit/logs0/virtuoso_ade_debug.log", "logFileSize": "42318"}
[2026-01-18 15:03:54.370 +0530] [INFO] [cadence.virtuoso.ade.pointevaluator] - Started netlisting {"history": "ExplorerRun.0", "point": 1, "testname": "mem_lib_m_array_v1_1"}
[2026-01-18 15:03:54.671 +0530] [INFO] [cadence.virtuoso.ade.pointevaluator] - Finished netlisting {"history": "ExplorerRun.0", "point": 1, "testname": "mem_lib_m_array_v1_1"}
[2026-01-18 15:03:54.671 +0530] [INFO] [cadence.virtuoso.ade.pointevaluator] - Submitted {"history": "ExplorerRun.0", "point": 1, "testname": "mem_lib_m_array_v1_1"}
[2026-01-18 15:03:57.389 +0530] [PROCESS] [cadence.virtuoso.ade.gui] - ln: failed to create symbolic link '/home/rohit/simulation/mem_lib/m_array_v1_maestro/maestro/results/maestro/ExplorerRun.0/1/mem_lib_m_array_v1_1/netlist/exprOutputs.log': File exists
 {"logfile": "/home/rohit/project/logs_rohit/logs0/Job4.log"}
[2026-01-18 15:03:57.391 +0530] [PROCESS] [cadence.virtuoso.ade.gui] - ln: failed to create symbolic link '/home/rohit/simulation/mem_lib/m_array_v1_maestro/maestro/results/maestro/ExplorerRun.0/1/mem_lib_m_array_v1_1/netlist/amps_evaluator.log': File exists
 {"logfile": "/home/rohit/project/logs_rohit/logs0/Job4.log"}
[2026-01-18 15:03:59.410 +0530] [INFO] [cadence.virtuoso.ade.gui] - Point completed {"history": "ExplorerRun.0", "point": 1, "testname": "mem_lib_m_array_v1_1"}
[2026-01-18 15:03:59.422 +0530] [EVENT] [cadence.virtuoso.ade.gui] - HistoryFinished {"history": "ExplorerRun.0", "point": 1, "testname": "mem_lib_m_array_v1_1", "event": "HistoryFinished", "EventSource": "ADE GUI", "HistoryName": "ExplorerRun.0"}
[2026-01-18 15:05:05.091 +0530] [EVENT] [cadence.virtuoso.ade.gui] - NewHistoryCreated {"history": "ExplorerRun.0", "point": 1, "testname": "mem_lib_m_array_v1_1", "event": "NewHistoryCreated", "EventSource": "ADE GUI", "HistoryName": "ExplorerRun.0", "WorkDir": "/home/rohit/project", "HistorySimDir": "/home/rohit/simulation/mem_lib/m_array_v1_maestro/maestro/results/maestro/ExplorerRun.0", "HistoryResultsDir": "/home/rohit/project/mem_lib/m_array_v1_maestro/maestro/results/maestro"}
[2026-01-18 15:05:05.091 +0530] [PROCESS] [cadence.virtuoso.ade.gui] - History Setup {"hostname": "ece.nitk.edu.in", "processid": 1196005, "history": "ExplorerRun.0", "testname": "mem_lib_m_array_v1_1", "point": 1, "logfile": "/home/rohit/project/logs_rohit/logs0/virtuoso_ade_debug.log", "jobmode": "LSCS", "runmode": "Single Run, Sweeps and Corners", "lib": "mem_lib", "cell": "m_array_v1_maestro", "view": "maestro", "icversion": "sub-version  IC6.1.8-64b.500.29 ", "runstart": "Sun Jan 18 15:05:05 2026\n", "timezonelocal": "+000", "spectreversion": "unknown", "jobpolicyname": "", "maxjobs": "unknown", "ncjobpolicyname": "", "ncmaxjobs": "unknown", "numtests": "1", "runfinished": "unknown", "runelapsed": "-1", "numcorners": "1"}
[2026-01-18 15:05:05.738 +0530] [INFO] [cadence.virtuoso.ade.gui] - Simulation will use spectre batch mode because the GCC version used by Spectre and Virtuoso are not compatible. {"history": "ExplorerRun.0", "point": 1, "testname": "mem_lib_m_array_v1_1", "detailed_message": "", "message_id": "EXPLORER-5024"}
[2026-01-18 15:05:05.764 +0530] [EVENT] [cadence.virtuoso.ade.pointevaluator] - NewPoint {"history": "ExplorerRun.0", "point": 1, "testname": "mem_lib_m_array_v1_1", "event": "NewPoint", "EventSource": "ADE GUI", "HistoryName": "ExplorerRun.0", "logFile": "/home/rohit/project/logs_rohit/logs0/virtuoso_ade_debug.log", "logFileSize": "45764"}
[2026-01-18 15:05:05.765 +0530] [INFO] [cadence.virtuoso.ade.pointevaluator] - Started netlisting {"history": "ExplorerRun.0", "point": 1, "testname": "mem_lib_m_array_v1_1"}
[2026-01-18 15:05:06.064 +0530] [INFO] [cadence.virtuoso.ade.pointevaluator] - Finished netlisting {"history": "ExplorerRun.0", "point": 1, "testname": "mem_lib_m_array_v1_1"}
[2026-01-18 15:05:06.064 +0530] [INFO] [cadence.virtuoso.ade.pointevaluator] - Submitted {"history": "ExplorerRun.0", "point": 1, "testname": "mem_lib_m_array_v1_1"}
[2026-01-18 15:05:08.281 +0530] [PROCESS] [cadence.virtuoso.ade.gui] - ln: failed to create symbolic link '/home/rohit/simulation/mem_lib/m_array_v1_maestro/maestro/results/maestro/ExplorerRun.0/1/mem_lib_m_array_v1_1/netlist/exprOutputs.log': File exists
 {"logfile": "/home/rohit/project/logs_rohit/logs0/Job4.log"}
[2026-01-18 15:05:08.283 +0530] [PROCESS] [cadence.virtuoso.ade.gui] - ln: failed to create symbolic link '/home/rohit/simulation/mem_lib/m_array_v1_maestro/maestro/results/maestro/ExplorerRun.0/1/mem_lib_m_array_v1_1/netlist/amps_evaluator.log' {"logfile": "/home/rohit/project/logs_rohit/logs0/Job4.log"}
[2026-01-18 15:05:08.284 +0530] [PROCESS] [cadence.virtuoso.ade.gui] - : File exists
 {"logfile": "/home/rohit/project/logs_rohit/logs0/Job4.log"}
[2026-01-18 15:05:10.410 +0530] [INFO] [cadence.virtuoso.ade.gui] - Point completed {"history": "ExplorerRun.0", "point": 1, "testname": "mem_lib_m_array_v1_1"}
[2026-01-18 15:05:10.421 +0530] [EVENT] [cadence.virtuoso.ade.gui] - HistoryFinished {"history": "ExplorerRun.0", "point": 1, "testname": "mem_lib_m_array_v1_1", "event": "HistoryFinished", "EventSource": "ADE GUI", "HistoryName": "ExplorerRun.0"}
[2026-01-18 15:13:35.898 +0530] [EVENT] [cadence.virtuoso.ade.gui] - NewHistoryCreated {"history": "ExplorerRun.0", "point": 1, "testname": "mem_lib_m_array_v1_1", "event": "NewHistoryCreated", "EventSource": "ADE GUI", "HistoryName": "ExplorerRun.0", "WorkDir": "/home/rohit/project", "HistorySimDir": "/home/rohit/simulation/mem_lib/m_array_v1_maestro/maestro/results/maestro/ExplorerRun.0", "HistoryResultsDir": "/home/rohit/project/mem_lib/m_array_v1_maestro/maestro/results/maestro"}
[2026-01-18 15:13:35.898 +0530] [PROCESS] [cadence.virtuoso.ade.gui] - History Setup {"hostname": "ece.nitk.edu.in", "processid": 1196005, "history": "ExplorerRun.0", "testname": "mem_lib_m_array_v1_1", "point": 1, "logfile": "/home/rohit/project/logs_rohit/logs0/virtuoso_ade_debug.log", "jobmode": "LSCS", "runmode": "Single Run, Sweeps and Corners", "lib": "mem_lib", "cell": "m_array_v1_maestro", "view": "maestro", "icversion": "sub-version  IC6.1.8-64b.500.29 ", "runstart": "Sun Jan 18 15:13:35 2026\n", "timezonelocal": "+000", "spectreversion": "unknown", "jobpolicyname": "", "maxjobs": "unknown", "ncjobpolicyname": "", "ncmaxjobs": "unknown", "numtests": "1", "runfinished": "unknown", "runelapsed": "-1", "numcorners": "1"}
[2026-01-18 15:13:36.549 +0530] [INFO] [cadence.virtuoso.ade.gui] - Simulation will use spectre batch mode because the GCC version used by Spectre and Virtuoso are not compatible. {"history": "ExplorerRun.0", "point": 1, "testname": "mem_lib_m_array_v1_1", "detailed_message": "", "message_id": "EXPLORER-5024"}
[2026-01-18 15:13:36.576 +0530] [EVENT] [cadence.virtuoso.ade.pointevaluator] - NewPoint {"history": "ExplorerRun.0", "point": 1, "testname": "mem_lib_m_array_v1_1", "event": "NewPoint", "EventSource": "ADE GUI", "HistoryName": "ExplorerRun.0", "logFile": "/home/rohit/project/logs_rohit/logs0/virtuoso_ade_debug.log", "logFileSize": "49343"}
[2026-01-18 15:13:36.577 +0530] [INFO] [cadence.virtuoso.ade.pointevaluator] - Started netlisting {"history": "ExplorerRun.0", "point": 1, "testname": "mem_lib_m_array_v1_1"}
[2026-01-18 15:13:36.882 +0530] [INFO] [cadence.virtuoso.ade.pointevaluator] - Finished netlisting {"history": "ExplorerRun.0", "point": 1, "testname": "mem_lib_m_array_v1_1"}
[2026-01-18 15:13:36.882 +0530] [INFO] [cadence.virtuoso.ade.pointevaluator] - Submitted {"history": "ExplorerRun.0", "point": 1, "testname": "mem_lib_m_array_v1_1"}
[2026-01-18 15:13:41.410 +0530] [PROCESS] [cadence.virtuoso.ade.gui] - /home/rohit/project/.tmp_rohit/.cmddir0/swiftJob5 is starting {"logfile": "/home/rohit/project/logs_rohit/logs0/Job5.log"}
[2026-01-18 15:13:41.513 +0530] [PROCESS] [cadence.virtuoso.ade.gui] - Simulation Monitor process '1212433' is starting up on host 'ece.nitk.edu.in' {"logfile": "/home/rohit/project/logs_rohit/logs0/Job5.log"}
[2026-01-18 15:13:43.677 +0530] [PROCESS] [cadence.virtuoso.ade.gui] - ln: failed to create symbolic link '/home/rohit/simulation/mem_lib/m_array_v1_maestro/maestro/results/maestro/ExplorerRun.0/1/mem_lib_m_array_v1_1/netlist/exprOutputs.log': File exists
 {"logfile": "/home/rohit/project/logs_rohit/logs0/Job5.log"}
[2026-01-18 15:13:43.679 +0530] [PROCESS] [cadence.virtuoso.ade.gui] - ln: failed to create symbolic link '/home/rohit/simulation/mem_lib/m_array_v1_maestro/maestro/results/maestro/ExplorerRun.0/1/mem_lib_m_array_v1_1/netlist/amps_evaluator.log' {"logfile": "/home/rohit/project/logs_rohit/logs0/Job5.log"}
[2026-01-18 15:13:43.679 +0530] [PROCESS] [cadence.virtuoso.ade.gui] - : File exists
 {"logfile": "/home/rohit/project/logs_rohit/logs0/Job5.log"}
[2026-01-18 15:13:45.410 +0530] [INFO] [cadence.virtuoso.ade.gui] - Point completed {"history": "ExplorerRun.0", "point": 1, "testname": "mem_lib_m_array_v1_1"}
[2026-01-18 15:13:45.422 +0530] [EVENT] [cadence.virtuoso.ade.gui] - HistoryFinished {"history": "ExplorerRun.0", "point": 1, "testname": "mem_lib_m_array_v1_1", "event": "HistoryFinished", "EventSource": "ADE GUI", "HistoryName": "ExplorerRun.0"}
[2026-01-18 15:15:43.900 +0530] [EVENT] [cadence.virtuoso.ade.gui] - NewHistoryCreated {"history": "ExplorerRun.0", "point": 1, "testname": "mem_lib_m_array_v1_1", "event": "NewHistoryCreated", "EventSource": "ADE GUI", "HistoryName": "ExplorerRun.0", "WorkDir": "/home/rohit/project", "HistorySimDir": "/home/rohit/simulation/mem_lib/m_array_v1_maestro/maestro/results/maestro/ExplorerRun.0", "HistoryResultsDir": "/home/rohit/project/mem_lib/m_array_v1_maestro/maestro/results/maestro"}
[2026-01-18 15:15:43.900 +0530] [PROCESS] [cadence.virtuoso.ade.gui] - History Setup {"hostname": "ece.nitk.edu.in", "processid": 1196005, "history": "ExplorerRun.0", "testname": "mem_lib_m_array_v1_1", "point": 1, "logfile": "/home/rohit/project/logs_rohit/logs0/virtuoso_ade_debug.log", "jobmode": "LSCS", "runmode": "Single Run, Sweeps and Corners", "lib": "mem_lib", "cell": "m_array_v1_maestro", "view": "maestro", "icversion": "sub-version  IC6.1.8-64b.500.29 ", "runstart": "Sun Jan 18 15:15:43 2026\n", "timezonelocal": "+000", "spectreversion": "unknown", "jobpolicyname": "", "maxjobs": "unknown", "ncjobpolicyname": "", "ncmaxjobs": "unknown", "numtests": "1", "runfinished": "unknown", "runelapsed": "-1", "numcorners": "1"}
[2026-01-18 15:15:44.551 +0530] [INFO] [cadence.virtuoso.ade.gui] - Simulation will use spectre batch mode because the GCC version used by Spectre and Virtuoso are not compatible. {"history": "ExplorerRun.0", "point": 1, "testname": "mem_lib_m_array_v1_1", "detailed_message": "", "message_id": "EXPLORER-5024"}
[2026-01-18 15:15:44.578 +0530] [EVENT] [cadence.virtuoso.ade.pointevaluator] - NewPoint {"history": "ExplorerRun.0", "point": 1, "testname": "mem_lib_m_array_v1_1", "event": "NewPoint", "EventSource": "ADE GUI", "HistoryName": "ExplorerRun.0", "logFile": "/home/rohit/project/logs_rohit/logs0/virtuoso_ade_debug.log", "logFileSize": "53326"}
[2026-01-18 15:15:44.578 +0530] [INFO] [cadence.virtuoso.ade.pointevaluator] - Started netlisting {"history": "ExplorerRun.0", "point": 1, "testname": "mem_lib_m_array_v1_1"}
[2026-01-18 15:15:44.879 +0530] [INFO] [cadence.virtuoso.ade.pointevaluator] - Finished netlisting {"history": "ExplorerRun.0", "point": 1, "testname": "mem_lib_m_array_v1_1"}
[2026-01-18 15:15:44.879 +0530] [INFO] [cadence.virtuoso.ade.pointevaluator] - Submitted {"history": "ExplorerRun.0", "point": 1, "testname": "mem_lib_m_array_v1_1"}
[2026-01-18 15:16:06.227 +0530] [PROCESS] [cadence.virtuoso.ade.gui] - ln: failed to create symbolic link '/home/rohit/simulation/mem_lib/m_array_v1_maestro/maestro/results/maestro/ExplorerRun.0/1/mem_lib_m_array_v1_1/netlist/exprOutputs.log': File exists
 {"logfile": "/home/rohit/project/logs_rohit/logs0/Job5.log"}
[2026-01-18 15:16:06.230 +0530] [PROCESS] [cadence.virtuoso.ade.gui] - ln: failed to create symbolic link '/home/rohit/simulation/mem_lib/m_array_v1_maestro/maestro/results/maestro/ExplorerRun.0/1/mem_lib_m_array_v1_1/netlist/amps_evaluator.log': File exists
 {"logfile": "/home/rohit/project/logs_rohit/logs0/Job5.log"}
[2026-01-18 15:16:07.411 +0530] [INFO] [cadence.virtuoso.ade.gui] - Point completed {"history": "ExplorerRun.0", "point": 1, "testname": "mem_lib_m_array_v1_1"}
[2026-01-18 15:16:07.423 +0530] [EVENT] [cadence.virtuoso.ade.gui] - HistoryFinished {"history": "ExplorerRun.0", "point": 1, "testname": "mem_lib_m_array_v1_1", "event": "HistoryFinished", "EventSource": "ADE GUI", "HistoryName": "ExplorerRun.0"}
[2026-01-18 15:20:52.381 +0530] [PROCESS] [cadence.virtuoso.ade.gui] - Logging Service '1197600' stopped with exit code '0' {"logfile": "/home/rohit/project/logs_rohit/logs0/LoggingService0.log"}
